f79071396aa1
*** Found local files:
***   * /opt/airflow/logs/dag_id=nyc_taxi_batch_pipeline/run_id=scheduled__2026-04-01T00:00:00+00:00/task_id=process__with_pyspark/attempt=3.log
[2026-05-23T00:15:10.579+0000] {local_task_job_runner.py:120} INFO - ::group::Pre task execution logs
[2026-05-23T00:15:10.601+0000] {taskinstance.py:2076} INFO - Dependencies all met for dep_context=non-requeueable deps ti=<TaskInstance: nyc_taxi_batch_pipeline.process__with_pyspark scheduled__2026-04-01T00:00:00+00:00 [queued]>
[2026-05-23T00:15:10.606+0000] {taskinstance.py:2076} INFO - Dependencies all met for dep_context=requeueable deps ti=<TaskInstance: nyc_taxi_batch_pipeline.process__with_pyspark scheduled__2026-04-01T00:00:00+00:00 [queued]>
[2026-05-23T00:15:10.607+0000] {taskinstance.py:2306} INFO - Starting attempt 3 of 4
[2026-05-23T00:15:10.615+0000] {taskinstance.py:2330} INFO - Executing <Task(BashOperator): process__with_pyspark> on 2026-04-01 00:00:00+00:00
[2026-05-23T00:15:10.623+0000] {warnings.py:110} WARNING - /home/***/.local/lib/python3.12/site-packages/***/task/task_runner/standard_task_runner.py:61: DeprecationWarning: This process (pid=100) is multi-threaded, use of fork() may lead to deadlocks in the child.
  pid = os.fork()
[2026-05-23T00:15:10.625+0000] {standard_task_runner.py:63} INFO - Started process 102 to run task
[2026-05-23T00:15:10.625+0000] {standard_task_runner.py:90} INFO - Running: ['***', 'tasks', 'run', 'nyc_taxi_batch_pipeline', 'process__with_pyspark', 'scheduled__2026-04-01T00:00:00+00:00', '--job-id', '15', '--raw', '--subdir', 'DAGS_FOLDER/taxi_pipeline_dag.py', '--cfg-path', '/tmp/tmpcnsdtfgn']
[2026-05-23T00:15:10.628+0000] {standard_task_runner.py:91} INFO - Job 15: Subtask process__with_pyspark
[2026-05-23T00:15:10.679+0000] {task_command.py:426} INFO - Running <TaskInstance: nyc_taxi_batch_pipeline.process__with_pyspark scheduled__2026-04-01T00:00:00+00:00 [running]> on host f79071396aa1
[2026-05-23T00:15:10.745+0000] {taskinstance.py:2648} INFO - Exporting env vars: AIRFLOW_CTX_DAG_OWNER='ojashvi' AIRFLOW_CTX_DAG_ID='nyc_taxi_batch_pipeline' AIRFLOW_CTX_TASK_ID='process__with_pyspark' AIRFLOW_CTX_EXECUTION_DATE='2026-04-01T00:00:00+00:00' AIRFLOW_CTX_TRY_NUMBER='3' AIRFLOW_CTX_DAG_RUN_ID='scheduled__2026-04-01T00:00:00+00:00'
[2026-05-23T00:15:10.747+0000] {taskinstance.py:430} INFO - ::endgroup::
[2026-05-23T00:15:10.747+0000] {subprocess.py:63} INFO - Tmp dir root location: /tmp
[2026-05-23T00:15:10.749+0000] {subprocess.py:75} INFO - Running command: ['/usr/bin/bash', '-c', 'python /opt/***/scripts/process_taxi_data.py 2026-04']
[2026-05-23T00:15:10.759+0000] {subprocess.py:86} INFO - Output:
[2026-05-23T00:15:11.307+0000] {subprocess.py:93} INFO - /home/***/.local/lib/python3.12/site-packages/pyspark/bin/load-spark-env.sh: line 68: ps: command not found
[2026-05-23T00:15:13.405+0000] {subprocess.py:93} INFO - Setting default log level to "WARN".
[2026-05-23T00:15:13.407+0000] {subprocess.py:93} INFO - To adjust logging level use sc.setLogLevel(newLevel). For SparkR, use setLogLevel(newLevel).
[2026-05-23T00:15:13.617+0000] {subprocess.py:93} INFO - 26/05/23 00:15:13 WARN NativeCodeLoader: Unable to load native-hadoop library for your platform... using builtin-java classes where applicable
[2026-05-23T00:15:26.570+0000] {subprocess.py:93} INFO - 
[Stage 4:========================================>                 (7 + 3) / 10]
                                                                                
[Stage 7:========================================>                 (7 + 3) / 10]
[Stage 7:==============================================>           (8 + 2) / 10]
                                                                                
Starting Spark Session...
[2026-05-23T00:15:26.575+0000] {subprocess.py:93} INFO - Reading data from /opt/***/data/raw/yellow_tripdata_2026-04.parquet...
[2026-05-23T00:15:26.577+0000] {subprocess.py:93} INFO - Original Row Count: 3800664
[2026-05-23T00:15:26.579+0000] {subprocess.py:93} INFO - Column Count: 20
[2026-05-23T00:15:26.582+0000] {subprocess.py:93} INFO - Cleaned Row Count: 2974874
[2026-05-23T00:15:26.585+0000] {subprocess.py:93} INFO - Total Amount by Vendor:
[2026-05-23T00:15:26.586+0000] {subprocess.py:93} INFO - +--------+--------------------+
[2026-05-23T00:15:26.586+0000] {subprocess.py:93} INFO - |VendorID|        total_amount|
[2026-05-23T00:15:26.590+0000] {subprocess.py:93} INFO - +--------+--------------------+
[2026-05-23T00:15:26.598+0000] {subprocess.py:93} INFO - |       1|1.8869606009998664E7|
[2026-05-23T00:15:26.602+0000] {subprocess.py:93} INFO - |       7|  485633.43999999727|
[2026-05-23T00:15:26.604+0000] {subprocess.py:93} INFO - |       2|   6.8858386429989E7|
[2026-05-23T00:15:26.610+0000] {subprocess.py:93} INFO - +--------+--------------------+
[2026-05-23T00:15:26.613+0000] {subprocess.py:93} INFO - 
[2026-05-23T00:15:27.213+0000] {subprocess.py:97} INFO - Command exited with return code 0
[2026-05-23T00:15:27.220+0000] {taskinstance.py:441} INFO - ::group::Post task execution logs
[2026-05-23T00:15:27.306+0000] {taskinstance.py:1206} INFO - Marking task as SUCCESS. dag_id=nyc_taxi_batch_pipeline, task_id=process__with_pyspark, run_id=scheduled__2026-04-01T00:00:00+00:00, execution_date=20260401T000000, start_date=20260523T001510, end_date=20260523T001527
[2026-05-23T00:15:27.366+0000] {local_task_job_runner.py:240} INFO - Task exited with return code 0
[2026-05-23T00:15:27.447+0000] {taskinstance.py:3498} INFO - 0 downstream tasks scheduled from follow-on schedule check
[2026-05-23T00:15:27.454+0000] {local_task_job_runner.py:222} INFO - ::endgroup::
