[2026-05-22T23:59:47.300+0000] {local_task_job_runner.py:120} INFO - ::group::Pre task execution logs
[2026-05-22T23:59:47.316+0000] {taskinstance.py:2076} INFO - Dependencies all met for dep_context=non-requeueable deps ti=<TaskInstance: nyc_taxi_batch_pipeline.process__with_pyspark scheduled__2026-04-01T00:00:00+00:00 [queued]>
[2026-05-22T23:59:47.320+0000] {taskinstance.py:2076} INFO - Dependencies all met for dep_context=requeueable deps ti=<TaskInstance: nyc_taxi_batch_pipeline.process__with_pyspark scheduled__2026-04-01T00:00:00+00:00 [queued]>
[2026-05-22T23:59:47.321+0000] {taskinstance.py:2306} INFO - Starting attempt 2 of 2
[2026-05-22T23:59:47.328+0000] {taskinstance.py:2330} INFO - Executing <Task(BashOperator): process__with_pyspark> on 2026-04-01 00:00:00+00:00
[2026-05-22T23:59:47.335+0000] {warnings.py:110} WARNING - /home/***/.local/lib/python3.12/site-packages/***/task/task_runner/standard_task_runner.py:61: DeprecationWarning: This process (pid=322) is multi-threaded, use of fork() may lead to deadlocks in the child.
  pid = os.fork()

[2026-05-22T23:59:47.336+0000] {standard_task_runner.py:63} INFO - Started process 324 to run task
[2026-05-22T23:59:47.337+0000] {standard_task_runner.py:90} INFO - Running: ['***', 'tasks', 'run', 'nyc_taxi_batch_pipeline', 'process__with_pyspark', 'scheduled__2026-04-01T00:00:00+00:00', '--job-id', '11', '--raw', '--subdir', 'DAGS_FOLDER/taxi_pipeline_dag.py', '--cfg-path', '/tmp/tmp_afsuyha']
[2026-05-22T23:59:47.340+0000] {standard_task_runner.py:91} INFO - Job 11: Subtask process__with_pyspark
[2026-05-22T23:59:47.377+0000] {task_command.py:426} INFO - Running <TaskInstance: nyc_taxi_batch_pipeline.process__with_pyspark scheduled__2026-04-01T00:00:00+00:00 [running]> on host 92224de17857
[2026-05-22T23:59:47.439+0000] {taskinstance.py:2648} INFO - Exporting env vars: AIRFLOW_CTX_DAG_OWNER='ojashvi' AIRFLOW_CTX_DAG_ID='nyc_taxi_batch_pipeline' AIRFLOW_CTX_TASK_ID='process__with_pyspark' AIRFLOW_CTX_EXECUTION_DATE='2026-04-01T00:00:00+00:00' AIRFLOW_CTX_TRY_NUMBER='2' AIRFLOW_CTX_DAG_RUN_ID='scheduled__2026-04-01T00:00:00+00:00'
[2026-05-22T23:59:47.441+0000] {taskinstance.py:430} INFO - ::endgroup::
[2026-05-22T23:59:47.442+0000] {subprocess.py:63} INFO - Tmp dir root location: /tmp
[2026-05-22T23:59:47.443+0000] {subprocess.py:75} INFO - Running command: ['/usr/bin/bash', '-c', 'python /opt/***/scripts/process_taxi_data.py 2026-04']
[2026-05-22T23:59:47.452+0000] {subprocess.py:86} INFO - Output:
[2026-05-22T23:59:47.514+0000] {subprocess.py:93} INFO - Traceback (most recent call last):
[2026-05-22T23:59:47.515+0000] {subprocess.py:93} INFO -   File "/opt/***/scripts/process_taxi_data.py", line 1, in <module>
[2026-05-22T23:59:47.515+0000] {subprocess.py:93} INFO -     from pyspark.sql import SparkSession
[2026-05-22T23:59:47.515+0000] {subprocess.py:93} INFO - ModuleNotFoundError: No module named 'pyspark'
[2026-05-22T23:59:47.519+0000] {subprocess.py:97} INFO - Command exited with return code 1
[2026-05-22T23:59:47.519+0000] {taskinstance.py:441} INFO - ::group::Post task execution logs
[2026-05-22T23:59:47.526+0000] {taskinstance.py:2905} ERROR - Task failed with exception
Traceback (most recent call last):
  File "/home/airflow/.local/lib/python3.12/site-packages/airflow/models/taskinstance.py", line 465, in _execute_task
    result = _execute_callable(context=context, **execute_callable_kwargs)
             ^^^^^^^^^^^^^^^^^^^^^^^^^^^^^^^^^^^^^^^^^^^^^^^^^^^^^^^^^^^^^
  File "/home/airflow/.local/lib/python3.12/site-packages/airflow/models/taskinstance.py", line 432, in _execute_callable
    return execute_callable(context=context, **execute_callable_kwargs)
           ^^^^^^^^^^^^^^^^^^^^^^^^^^^^^^^^^^^^^^^^^^^^^^^^^^^^^^^^^^^^
  File "/home/airflow/.local/lib/python3.12/site-packages/airflow/models/baseoperator.py", line 400, in wrapper
    return func(self, *args, **kwargs)
           ^^^^^^^^^^^^^^^^^^^^^^^^^^^
  File "/home/airflow/.local/lib/python3.12/site-packages/airflow/operators/bash.py", line 243, in execute
    raise AirflowException(
airflow.exceptions.AirflowException: Bash command failed. The command returned a non-zero exit code 1.
[2026-05-22T23:59:47.530+0000] {taskinstance.py:1206} INFO - Marking task as FAILED. dag_id=nyc_taxi_batch_pipeline, task_id=process__with_pyspark, run_id=scheduled__2026-04-01T00:00:00+00:00, execution_date=20260401T000000, start_date=20260522T235947, end_date=20260522T235947
[2026-05-22T23:59:47.537+0000] {standard_task_runner.py:110} ERROR - Failed to execute job 11 for task process__with_pyspark (Bash command failed. The command returned a non-zero exit code 1.; 324)
[2026-05-22T23:59:47.566+0000] {local_task_job_runner.py:240} INFO - Task exited with return code 1
[2026-05-22T23:59:47.577+0000] {taskinstance.py:3498} INFO - 0 downstream tasks scheduled from follow-on schedule check
[2026-05-22T23:59:47.578+0000] {local_task_job_runner.py:222} INFO - ::endgroup::
