[2026-05-22T23:55:04.551+0000] {local_task_job_runner.py:120} INFO - ::group::Pre task execution logs
[2026-05-22T23:55:04.567+0000] {taskinstance.py:2076} INFO - Dependencies all met for dep_context=non-requeueable deps ti=<TaskInstance: nyc_taxi_batch_pipeline.process__with_pyspark manual__2026-05-22T23:54:57.058689+00:00 [queued]>
[2026-05-22T23:55:04.572+0000] {taskinstance.py:2076} INFO - Dependencies all met for dep_context=requeueable deps ti=<TaskInstance: nyc_taxi_batch_pipeline.process__with_pyspark manual__2026-05-22T23:54:57.058689+00:00 [queued]>
[2026-05-22T23:55:04.572+0000] {taskinstance.py:2306} INFO - Starting attempt 1 of 2
[2026-05-22T23:55:04.580+0000] {taskinstance.py:2330} INFO - Executing <Task(BashOperator): process__with_pyspark> on 2026-05-22 23:54:57.058689+00:00
[2026-05-22T23:55:04.586+0000] {warnings.py:110} WARNING - /home/***/.local/lib/python3.12/site-packages/***/task/task_runner/standard_task_runner.py:61: DeprecationWarning: This process (pid=256) is multi-threaded, use of fork() may lead to deadlocks in the child.
  pid = os.fork()

[2026-05-22T23:55:04.590+0000] {standard_task_runner.py:63} INFO - Started process 258 to run task
[2026-05-22T23:55:04.588+0000] {standard_task_runner.py:90} INFO - Running: ['***', 'tasks', 'run', 'nyc_taxi_batch_pipeline', 'process__with_pyspark', 'manual__2026-05-22T23:54:57.058689+00:00', '--job-id', '10', '--raw', '--subdir', 'DAGS_FOLDER/taxi_pipeline_dag.py', '--cfg-path', '/tmp/tmp3ug91_if']
[2026-05-22T23:55:04.596+0000] {standard_task_runner.py:91} INFO - Job 10: Subtask process__with_pyspark
[2026-05-22T23:55:04.671+0000] {task_command.py:426} INFO - Running <TaskInstance: nyc_taxi_batch_pipeline.process__with_pyspark manual__2026-05-22T23:54:57.058689+00:00 [running]> on host 92224de17857
[2026-05-22T23:55:04.725+0000] {taskinstance.py:2648} INFO - Exporting env vars: AIRFLOW_CTX_DAG_OWNER='ojashvi' AIRFLOW_CTX_DAG_ID='nyc_taxi_batch_pipeline' AIRFLOW_CTX_TASK_ID='process__with_pyspark' AIRFLOW_CTX_EXECUTION_DATE='2026-05-22T23:54:57.058689+00:00' AIRFLOW_CTX_TRY_NUMBER='1' AIRFLOW_CTX_DAG_RUN_ID='manual__2026-05-22T23:54:57.058689+00:00'
[2026-05-22T23:55:04.726+0000] {taskinstance.py:430} INFO - ::endgroup::
[2026-05-22T23:55:04.727+0000] {subprocess.py:63} INFO - Tmp dir root location: /tmp
[2026-05-22T23:55:04.728+0000] {subprocess.py:75} INFO - Running command: ['/usr/bin/bash', '-c', 'python /opt/***/scripts/process_taxi_data.py 2026-04']
[2026-05-22T23:55:04.737+0000] {subprocess.py:86} INFO - Output:
[2026-05-22T23:55:04.796+0000] {subprocess.py:93} INFO - Traceback (most recent call last):
[2026-05-22T23:55:04.796+0000] {subprocess.py:93} INFO -   File "/opt/***/scripts/process_taxi_data.py", line 1, in <module>
[2026-05-22T23:55:04.796+0000] {subprocess.py:93} INFO -     from pyspark.sql import SparkSession
[2026-05-22T23:55:04.797+0000] {subprocess.py:93} INFO - ModuleNotFoundError: No module named 'pyspark'
[2026-05-22T23:55:04.800+0000] {subprocess.py:97} INFO - Command exited with return code 1
[2026-05-22T23:55:04.801+0000] {taskinstance.py:441} INFO - ::group::Post task execution logs
[2026-05-22T23:55:04.807+0000] {taskinstance.py:2905} ERROR - Task failed with exception
Traceback (most recent call last):
  File "/home/airflow/.local/lib/python3.12/site-packages/airflow/models/taskinstance.py", line 465, in _execute_task
    result = _execute_callable(context=context, **execute_callable_kwargs)
             ^^^^^^^^^^^^^^^^^^^^^^^^^^^^^^^^^^^^^^^^^^^^^^^^^^^^^^^^^^^^^
  File "/home/airflow/.local/lib/python3.12/site-packages/airflow/models/taskinstance.py", line 432, in _execute_callable
    return execute_callable(context=context, **execute_callable_kwargs)
           ^^^^^^^^^^^^^^^^^^^^^^^^^^^^^^^^^^^^^^^^^^^^^^^^^^^^^^^^^^^^
  File "/home/airflow/.local/lib/python3.12/site-packages/airflow/models/baseoperator.py", line 400, in wrapper
    return func(self, *args, **kwargs)
           ^^^^^^^^^^^^^^^^^^^^^^^^^^^
  File "/home/airflow/.local/lib/python3.12/site-packages/airflow/operators/bash.py", line 243, in execute
    raise AirflowException(
airflow.exceptions.AirflowException: Bash command failed. The command returned a non-zero exit code 1.
[2026-05-22T23:55:04.811+0000] {taskinstance.py:1206} INFO - Marking task as UP_FOR_RETRY. dag_id=nyc_taxi_batch_pipeline, task_id=process__with_pyspark, run_id=manual__2026-05-22T23:54:57.058689+00:00, execution_date=20260522T235457, start_date=20260522T235504, end_date=20260522T235504
[2026-05-22T23:55:04.818+0000] {standard_task_runner.py:110} ERROR - Failed to execute job 10 for task process__with_pyspark (Bash command failed. The command returned a non-zero exit code 1.; 258)
[2026-05-22T23:55:04.824+0000] {local_task_job_runner.py:240} INFO - Task exited with return code 1
[2026-05-22T23:55:04.834+0000] {taskinstance.py:3498} INFO - 0 downstream tasks scheduled from follow-on schedule check
[2026-05-22T23:55:04.835+0000] {local_task_job_runner.py:222} INFO - ::endgroup::
