[2026-05-22T23:54:40.737+0000] {local_task_job_runner.py:120} INFO - ::group::Pre task execution logs
[2026-05-22T23:54:40.751+0000] {taskinstance.py:2076} INFO - Dependencies all met for dep_context=non-requeueable deps ti=<TaskInstance: nyc_taxi_batch_pipeline.download_raw_data scheduled__2026-04-01T00:00:00+00:00 [queued]>
[2026-05-22T23:54:40.757+0000] {taskinstance.py:2076} INFO - Dependencies all met for dep_context=requeueable deps ti=<TaskInstance: nyc_taxi_batch_pipeline.download_raw_data scheduled__2026-04-01T00:00:00+00:00 [queued]>
[2026-05-22T23:54:40.757+0000] {taskinstance.py:2306} INFO - Starting attempt 1 of 2
[2026-05-22T23:54:40.765+0000] {taskinstance.py:2330} INFO - Executing <Task(BashOperator): download_raw_data> on 2026-04-01 00:00:00+00:00
[2026-05-22T23:54:40.773+0000] {warnings.py:110} WARNING - /home/***/.local/lib/python3.12/site-packages/***/task/task_runner/standard_task_runner.py:61: DeprecationWarning: This process (pid=242) is multi-threaded, use of fork() may lead to deadlocks in the child.
  pid = os.fork()

[2026-05-22T23:54:40.774+0000] {standard_task_runner.py:63} INFO - Started process 244 to run task
[2026-05-22T23:54:40.775+0000] {standard_task_runner.py:90} INFO - Running: ['***', 'tasks', 'run', 'nyc_taxi_batch_pipeline', 'download_raw_data', 'scheduled__2026-04-01T00:00:00+00:00', '--job-id', '7', '--raw', '--subdir', 'DAGS_FOLDER/taxi_pipeline_dag.py', '--cfg-path', '/tmp/tmp700ia26w']
[2026-05-22T23:54:40.777+0000] {standard_task_runner.py:91} INFO - Job 7: Subtask download_raw_data
[2026-05-22T23:54:40.813+0000] {task_command.py:426} INFO - Running <TaskInstance: nyc_taxi_batch_pipeline.download_raw_data scheduled__2026-04-01T00:00:00+00:00 [running]> on host 92224de17857
[2026-05-22T23:54:40.878+0000] {taskinstance.py:2648} INFO - Exporting env vars: AIRFLOW_CTX_DAG_OWNER='ojashvi' AIRFLOW_CTX_DAG_ID='nyc_taxi_batch_pipeline' AIRFLOW_CTX_TASK_ID='download_raw_data' AIRFLOW_CTX_EXECUTION_DATE='2026-04-01T00:00:00+00:00' AIRFLOW_CTX_TRY_NUMBER='1' AIRFLOW_CTX_DAG_RUN_ID='scheduled__2026-04-01T00:00:00+00:00'
[2026-05-22T23:54:40.882+0000] {taskinstance.py:430} INFO - ::endgroup::
[2026-05-22T23:54:40.883+0000] {subprocess.py:63} INFO - Tmp dir root location: /tmp
[2026-05-22T23:54:40.884+0000] {subprocess.py:75} INFO - Running command: ['/usr/bin/bash', '-c', 'curl -o /opt/***/data/raw/yellow_tripdata_2026-04.parquet https://d37ci6vzurychx.cloudfront.net/trip-data/yellow_tripdata_2026-04.parquet']
[2026-05-22T23:54:40.902+0000] {subprocess.py:86} INFO - Output:
[2026-05-22T23:54:40.915+0000] {subprocess.py:93} INFO -   % Total    % Received % Xferd  Average Speed   Time    Time     Time  Current
[2026-05-22T23:54:40.915+0000] {subprocess.py:93} INFO -                                  Dload  Upload   Total   Spent    Left  Speed
[2026-05-22T23:54:42.957+0000] {subprocess.py:93} INFO -   0     0    0     0    0     0      0      0 --:--:-- --:--:-- --:--:--     0 33 62.3M   33 21.0M    0     0  23.0M      0  0:00:02 --:--:--  0:00:02 23.0M 91 62.3M   91 57.0M    0     0  29.7M      0  0:00:02  0:00:01  0:00:01 29.8M100 62.3M  100 62.3M    0     0  30.5M      0  0:00:02  0:00:02 --:--:-- 30.5M
[2026-05-22T23:54:42.968+0000] {subprocess.py:97} INFO - Command exited with return code 0
[2026-05-22T23:54:42.970+0000] {taskinstance.py:441} INFO - ::group::Post task execution logs
[2026-05-22T23:54:42.993+0000] {taskinstance.py:1206} INFO - Marking task as SUCCESS. dag_id=nyc_taxi_batch_pipeline, task_id=download_raw_data, run_id=scheduled__2026-04-01T00:00:00+00:00, execution_date=20260401T000000, start_date=20260522T235440, end_date=20260522T235442
[2026-05-22T23:54:43.026+0000] {local_task_job_runner.py:240} INFO - Task exited with return code 0
[2026-05-22T23:54:43.049+0000] {taskinstance.py:3498} INFO - 1 downstream tasks scheduled from follow-on schedule check
[2026-05-22T23:54:43.050+0000] {local_task_job_runner.py:222} INFO - ::endgroup::
