[2026-05-22T23:38:45.823+0000] {processor.py:161} INFO - Started process (PID=3502) to work on /opt/airflow/dags/taxi_pipeline_dag.py
[2026-05-22T23:38:45.826+0000] {processor.py:830} INFO - Processing file /opt/airflow/dags/taxi_pipeline_dag.py for tasks to queue
[2026-05-22T23:38:45.833+0000] {logging_mixin.py:188} INFO - [2026-05-22T23:38:45.832+0000] {dagbag.py:545} INFO - Filling up the DagBag from /opt/airflow/dags/taxi_pipeline_dag.py
[2026-05-22T23:38:45.889+0000] {logging_mixin.py:188} INFO - [2026-05-22T23:38:45.881+0000] {dagbag.py:355} ERROR - Failed to import: /opt/airflow/dags/taxi_pipeline_dag.py
Traceback (most recent call last):
  File "/home/airflow/.local/lib/python3.12/site-packages/airflow/models/dagbag.py", line 351, in parse
    loader.exec_module(new_module)
  File "<frozen importlib._bootstrap_external>", line 995, in exec_module
  File "<frozen importlib._bootstrap>", line 488, in _call_with_frames_removed
  File "/opt/airflow/dags/taxi_pipeline_dag.py", line 2, in <module>
    from airfloe.oprators.bash import BashOperator
ModuleNotFoundError: No module named 'airfloe'
[2026-05-22T23:38:45.891+0000] {processor.py:842} WARNING - No viable dags retrieved from /opt/airflow/dags/taxi_pipeline_dag.py
[2026-05-22T23:38:46.076+0000] {processor.py:183} INFO - Processing /opt/airflow/dags/taxi_pipeline_dag.py took 0.283 seconds
[2026-05-22T23:39:16.896+0000] {processor.py:161} INFO - Started process (PID=3561) to work on /opt/airflow/dags/taxi_pipeline_dag.py
[2026-05-22T23:39:16.898+0000] {processor.py:830} INFO - Processing file /opt/airflow/dags/taxi_pipeline_dag.py for tasks to queue
[2026-05-22T23:39:16.900+0000] {logging_mixin.py:188} INFO - [2026-05-22T23:39:16.899+0000] {dagbag.py:545} INFO - Filling up the DagBag from /opt/airflow/dags/taxi_pipeline_dag.py
[2026-05-22T23:39:16.904+0000] {logging_mixin.py:188} INFO - [2026-05-22T23:39:16.903+0000] {dagbag.py:355} ERROR - Failed to import: /opt/airflow/dags/taxi_pipeline_dag.py
Traceback (most recent call last):
  File "/home/airflow/.local/lib/python3.12/site-packages/airflow/models/dagbag.py", line 351, in parse
    loader.exec_module(new_module)
  File "<frozen importlib._bootstrap_external>", line 995, in exec_module
  File "<frozen importlib._bootstrap>", line 488, in _call_with_frames_removed
  File "/opt/airflow/dags/taxi_pipeline_dag.py", line 2, in <module>
    from airfloe.oprators.bash import BashOperator
ModuleNotFoundError: No module named 'airfloe'
[2026-05-22T23:39:16.905+0000] {processor.py:842} WARNING - No viable dags retrieved from /opt/airflow/dags/taxi_pipeline_dag.py
[2026-05-22T23:39:16.923+0000] {processor.py:183} INFO - Processing /opt/airflow/dags/taxi_pipeline_dag.py took 0.034 seconds
[2026-05-22T23:39:46.996+0000] {processor.py:161} INFO - Started process (PID=3620) to work on /opt/airflow/dags/taxi_pipeline_dag.py
[2026-05-22T23:39:46.998+0000] {processor.py:830} INFO - Processing file /opt/airflow/dags/taxi_pipeline_dag.py for tasks to queue
[2026-05-22T23:39:47.000+0000] {logging_mixin.py:188} INFO - [2026-05-22T23:39:46.999+0000] {dagbag.py:545} INFO - Filling up the DagBag from /opt/airflow/dags/taxi_pipeline_dag.py
[2026-05-22T23:39:47.005+0000] {logging_mixin.py:188} INFO - [2026-05-22T23:39:47.003+0000] {dagbag.py:355} ERROR - Failed to import: /opt/airflow/dags/taxi_pipeline_dag.py
Traceback (most recent call last):
  File "/home/airflow/.local/lib/python3.12/site-packages/airflow/models/dagbag.py", line 351, in parse
    loader.exec_module(new_module)
  File "<frozen importlib._bootstrap_external>", line 995, in exec_module
  File "<frozen importlib._bootstrap>", line 488, in _call_with_frames_removed
  File "/opt/airflow/dags/taxi_pipeline_dag.py", line 2, in <module>
    from airfloe.oprators.bash import BashOperator
ModuleNotFoundError: No module named 'airfloe'
[2026-05-22T23:39:47.005+0000] {processor.py:842} WARNING - No viable dags retrieved from /opt/airflow/dags/taxi_pipeline_dag.py
[2026-05-22T23:39:47.021+0000] {processor.py:183} INFO - Processing /opt/airflow/dags/taxi_pipeline_dag.py took 0.033 seconds
[2026-05-22T23:41:03.350+0000] {processor.py:161} INFO - Started process (PID=57) to work on /opt/airflow/dags/taxi_pipeline_dag.py
[2026-05-22T23:41:03.352+0000] {processor.py:830} INFO - Processing file /opt/airflow/dags/taxi_pipeline_dag.py for tasks to queue
[2026-05-22T23:41:03.357+0000] {logging_mixin.py:188} INFO - [2026-05-22T23:41:03.357+0000] {dagbag.py:545} INFO - Filling up the DagBag from /opt/airflow/dags/taxi_pipeline_dag.py
[2026-05-22T23:41:03.372+0000] {logging_mixin.py:188} INFO - [2026-05-22T23:41:03.369+0000] {dagbag.py:355} ERROR - Failed to import: /opt/airflow/dags/taxi_pipeline_dag.py
Traceback (most recent call last):
  File "/home/airflow/.local/lib/python3.12/site-packages/airflow/models/dagbag.py", line 351, in parse
    loader.exec_module(new_module)
  File "<frozen importlib._bootstrap_external>", line 995, in exec_module
  File "<frozen importlib._bootstrap>", line 488, in _call_with_frames_removed
  File "/opt/airflow/dags/taxi_pipeline_dag.py", line 2, in <module>
    from airfloe.oprators.bash import BashOperator
ModuleNotFoundError: No module named 'airfloe'
[2026-05-22T23:41:03.373+0000] {processor.py:842} WARNING - No viable dags retrieved from /opt/airflow/dags/taxi_pipeline_dag.py
[2026-05-22T23:41:03.428+0000] {processor.py:183} INFO - Processing /opt/airflow/dags/taxi_pipeline_dag.py took 0.087 seconds
[2026-05-22T23:41:33.730+0000] {processor.py:161} INFO - Started process (PID=116) to work on /opt/airflow/dags/taxi_pipeline_dag.py
[2026-05-22T23:41:33.732+0000] {processor.py:830} INFO - Processing file /opt/airflow/dags/taxi_pipeline_dag.py for tasks to queue
[2026-05-22T23:41:33.736+0000] {logging_mixin.py:188} INFO - [2026-05-22T23:41:33.735+0000] {dagbag.py:545} INFO - Filling up the DagBag from /opt/airflow/dags/taxi_pipeline_dag.py
[2026-05-22T23:41:33.741+0000] {logging_mixin.py:188} INFO - [2026-05-22T23:41:33.740+0000] {dagbag.py:355} ERROR - Failed to import: /opt/airflow/dags/taxi_pipeline_dag.py
Traceback (most recent call last):
  File "/home/airflow/.local/lib/python3.12/site-packages/airflow/models/dagbag.py", line 351, in parse
    loader.exec_module(new_module)
  File "<frozen importlib._bootstrap_external>", line 995, in exec_module
  File "<frozen importlib._bootstrap>", line 488, in _call_with_frames_removed
  File "/opt/airflow/dags/taxi_pipeline_dag.py", line 2, in <module>
    from airfloe.oprators.bash import BashOperator
ModuleNotFoundError: No module named 'airfloe'
[2026-05-22T23:41:33.742+0000] {processor.py:842} WARNING - No viable dags retrieved from /opt/airflow/dags/taxi_pipeline_dag.py
[2026-05-22T23:41:33.770+0000] {processor.py:183} INFO - Processing /opt/airflow/dags/taxi_pipeline_dag.py took 0.049 seconds
[2026-05-22T23:42:04.402+0000] {processor.py:161} INFO - Started process (PID=175) to work on /opt/airflow/dags/taxi_pipeline_dag.py
[2026-05-22T23:42:04.404+0000] {processor.py:830} INFO - Processing file /opt/airflow/dags/taxi_pipeline_dag.py for tasks to queue
[2026-05-22T23:42:04.408+0000] {logging_mixin.py:188} INFO - [2026-05-22T23:42:04.408+0000] {dagbag.py:545} INFO - Filling up the DagBag from /opt/airflow/dags/taxi_pipeline_dag.py
[2026-05-22T23:42:04.414+0000] {logging_mixin.py:188} INFO - [2026-05-22T23:42:04.413+0000] {dagbag.py:355} ERROR - Failed to import: /opt/airflow/dags/taxi_pipeline_dag.py
Traceback (most recent call last):
  File "/home/airflow/.local/lib/python3.12/site-packages/airflow/models/dagbag.py", line 351, in parse
    loader.exec_module(new_module)
  File "<frozen importlib._bootstrap_external>", line 995, in exec_module
  File "<frozen importlib._bootstrap>", line 488, in _call_with_frames_removed
  File "/opt/airflow/dags/taxi_pipeline_dag.py", line 2, in <module>
    from airfloe.oprators.bash import BashOperator
ModuleNotFoundError: No module named 'airfloe'
[2026-05-22T23:42:04.415+0000] {processor.py:842} WARNING - No viable dags retrieved from /opt/airflow/dags/taxi_pipeline_dag.py
[2026-05-22T23:42:04.436+0000] {processor.py:183} INFO - Processing /opt/airflow/dags/taxi_pipeline_dag.py took 0.048 seconds
[2026-05-22T23:42:34.913+0000] {processor.py:161} INFO - Started process (PID=234) to work on /opt/airflow/dags/taxi_pipeline_dag.py
[2026-05-22T23:42:34.914+0000] {processor.py:830} INFO - Processing file /opt/airflow/dags/taxi_pipeline_dag.py for tasks to queue
[2026-05-22T23:42:34.921+0000] {logging_mixin.py:188} INFO - [2026-05-22T23:42:34.919+0000] {dagbag.py:545} INFO - Filling up the DagBag from /opt/airflow/dags/taxi_pipeline_dag.py
[2026-05-22T23:42:34.931+0000] {logging_mixin.py:188} INFO - [2026-05-22T23:42:34.928+0000] {dagbag.py:355} ERROR - Failed to import: /opt/airflow/dags/taxi_pipeline_dag.py
Traceback (most recent call last):
  File "/home/airflow/.local/lib/python3.12/site-packages/airflow/models/dagbag.py", line 351, in parse
    loader.exec_module(new_module)
  File "<frozen importlib._bootstrap_external>", line 995, in exec_module
  File "<frozen importlib._bootstrap>", line 488, in _call_with_frames_removed
  File "/opt/airflow/dags/taxi_pipeline_dag.py", line 2, in <module>
    from airfloe.oprators.bash import BashOperator
ModuleNotFoundError: No module named 'airfloe'
[2026-05-22T23:42:34.932+0000] {processor.py:842} WARNING - No viable dags retrieved from /opt/airflow/dags/taxi_pipeline_dag.py
[2026-05-22T23:42:34.977+0000] {processor.py:183} INFO - Processing /opt/airflow/dags/taxi_pipeline_dag.py took 0.073 seconds
[2026-05-22T23:43:05.230+0000] {processor.py:161} INFO - Started process (PID=293) to work on /opt/airflow/dags/taxi_pipeline_dag.py
[2026-05-22T23:43:05.232+0000] {processor.py:830} INFO - Processing file /opt/airflow/dags/taxi_pipeline_dag.py for tasks to queue
[2026-05-22T23:43:05.236+0000] {logging_mixin.py:188} INFO - [2026-05-22T23:43:05.235+0000] {dagbag.py:545} INFO - Filling up the DagBag from /opt/airflow/dags/taxi_pipeline_dag.py
[2026-05-22T23:43:05.249+0000] {logging_mixin.py:188} INFO - [2026-05-22T23:43:05.246+0000] {dagbag.py:355} ERROR - Failed to import: /opt/airflow/dags/taxi_pipeline_dag.py
Traceback (most recent call last):
  File "/home/airflow/.local/lib/python3.12/site-packages/airflow/models/dagbag.py", line 351, in parse
    loader.exec_module(new_module)
  File "<frozen importlib._bootstrap_external>", line 995, in exec_module
  File "<frozen importlib._bootstrap>", line 488, in _call_with_frames_removed
  File "/opt/airflow/dags/taxi_pipeline_dag.py", line 2, in <module>
    from airfloe.oprators.bash import BashOperator
ModuleNotFoundError: No module named 'airfloe'
[2026-05-22T23:43:05.250+0000] {processor.py:842} WARNING - No viable dags retrieved from /opt/airflow/dags/taxi_pipeline_dag.py
[2026-05-22T23:43:05.305+0000] {processor.py:183} INFO - Processing /opt/airflow/dags/taxi_pipeline_dag.py took 0.089 seconds
[2026-05-22T23:43:35.692+0000] {processor.py:161} INFO - Started process (PID=358) to work on /opt/airflow/dags/taxi_pipeline_dag.py
[2026-05-22T23:43:35.694+0000] {processor.py:830} INFO - Processing file /opt/airflow/dags/taxi_pipeline_dag.py for tasks to queue
[2026-05-22T23:43:35.706+0000] {logging_mixin.py:188} INFO - [2026-05-22T23:43:35.706+0000] {dagbag.py:545} INFO - Filling up the DagBag from /opt/airflow/dags/taxi_pipeline_dag.py
[2026-05-22T23:43:35.714+0000] {logging_mixin.py:188} INFO - [2026-05-22T23:43:35.712+0000] {dagbag.py:355} ERROR - Failed to import: /opt/airflow/dags/taxi_pipeline_dag.py
Traceback (most recent call last):
  File "/home/airflow/.local/lib/python3.12/site-packages/airflow/models/dagbag.py", line 351, in parse
    loader.exec_module(new_module)
  File "<frozen importlib._bootstrap_external>", line 995, in exec_module
  File "<frozen importlib._bootstrap>", line 488, in _call_with_frames_removed
  File "/opt/airflow/dags/taxi_pipeline_dag.py", line 2, in <module>
    from airfloe.oprators.bash import BashOperator
ModuleNotFoundError: No module named 'airfloe'
[2026-05-22T23:43:35.714+0000] {processor.py:842} WARNING - No viable dags retrieved from /opt/airflow/dags/taxi_pipeline_dag.py
[2026-05-22T23:43:35.746+0000] {processor.py:183} INFO - Processing /opt/airflow/dags/taxi_pipeline_dag.py took 0.065 seconds
[2026-05-22T23:44:06.096+0000] {processor.py:161} INFO - Started process (PID=417) to work on /opt/airflow/dags/taxi_pipeline_dag.py
[2026-05-22T23:44:06.099+0000] {processor.py:830} INFO - Processing file /opt/airflow/dags/taxi_pipeline_dag.py for tasks to queue
[2026-05-22T23:44:06.102+0000] {logging_mixin.py:188} INFO - [2026-05-22T23:44:06.102+0000] {dagbag.py:545} INFO - Filling up the DagBag from /opt/airflow/dags/taxi_pipeline_dag.py
[2026-05-22T23:44:06.109+0000] {logging_mixin.py:188} INFO - [2026-05-22T23:44:06.107+0000] {dagbag.py:355} ERROR - Failed to import: /opt/airflow/dags/taxi_pipeline_dag.py
Traceback (most recent call last):
  File "/home/airflow/.local/lib/python3.12/site-packages/airflow/models/dagbag.py", line 351, in parse
    loader.exec_module(new_module)
  File "<frozen importlib._bootstrap_external>", line 995, in exec_module
  File "<frozen importlib._bootstrap>", line 488, in _call_with_frames_removed
  File "/opt/airflow/dags/taxi_pipeline_dag.py", line 2, in <module>
    from airfloe.oprators.bash import BashOperator
ModuleNotFoundError: No module named 'airfloe'
[2026-05-22T23:44:06.110+0000] {processor.py:842} WARNING - No viable dags retrieved from /opt/airflow/dags/taxi_pipeline_dag.py
[2026-05-22T23:44:06.142+0000] {processor.py:183} INFO - Processing /opt/airflow/dags/taxi_pipeline_dag.py took 0.058 seconds
[2026-05-22T23:44:36.345+0000] {processor.py:161} INFO - Started process (PID=476) to work on /opt/airflow/dags/taxi_pipeline_dag.py
[2026-05-22T23:44:36.347+0000] {processor.py:830} INFO - Processing file /opt/airflow/dags/taxi_pipeline_dag.py for tasks to queue
[2026-05-22T23:44:36.351+0000] {logging_mixin.py:188} INFO - [2026-05-22T23:44:36.350+0000] {dagbag.py:545} INFO - Filling up the DagBag from /opt/airflow/dags/taxi_pipeline_dag.py
[2026-05-22T23:44:36.357+0000] {logging_mixin.py:188} INFO - [2026-05-22T23:44:36.356+0000] {dagbag.py:355} ERROR - Failed to import: /opt/airflow/dags/taxi_pipeline_dag.py
Traceback (most recent call last):
  File "/home/airflow/.local/lib/python3.12/site-packages/airflow/models/dagbag.py", line 351, in parse
    loader.exec_module(new_module)
  File "<frozen importlib._bootstrap_external>", line 995, in exec_module
  File "<frozen importlib._bootstrap>", line 488, in _call_with_frames_removed
  File "/opt/airflow/dags/taxi_pipeline_dag.py", line 2, in <module>
    from airfloe.oprators.bash import BashOperator
ModuleNotFoundError: No module named 'airfloe'
[2026-05-22T23:44:36.358+0000] {processor.py:842} WARNING - No viable dags retrieved from /opt/airflow/dags/taxi_pipeline_dag.py
[2026-05-22T23:44:36.405+0000] {processor.py:183} INFO - Processing /opt/airflow/dags/taxi_pipeline_dag.py took 0.069 seconds
[2026-05-22T23:45:07.100+0000] {processor.py:161} INFO - Started process (PID=535) to work on /opt/airflow/dags/taxi_pipeline_dag.py
[2026-05-22T23:45:07.103+0000] {processor.py:830} INFO - Processing file /opt/airflow/dags/taxi_pipeline_dag.py for tasks to queue
[2026-05-22T23:45:07.108+0000] {logging_mixin.py:188} INFO - [2026-05-22T23:45:07.107+0000] {dagbag.py:545} INFO - Filling up the DagBag from /opt/airflow/dags/taxi_pipeline_dag.py
[2026-05-22T23:45:07.116+0000] {logging_mixin.py:188} INFO - [2026-05-22T23:45:07.114+0000] {dagbag.py:355} ERROR - Failed to import: /opt/airflow/dags/taxi_pipeline_dag.py
Traceback (most recent call last):
  File "/home/airflow/.local/lib/python3.12/site-packages/airflow/models/dagbag.py", line 351, in parse
    loader.exec_module(new_module)
  File "<frozen importlib._bootstrap_external>", line 995, in exec_module
  File "<frozen importlib._bootstrap>", line 488, in _call_with_frames_removed
  File "/opt/airflow/dags/taxi_pipeline_dag.py", line 2, in <module>
    from airfloe.oprators.bash import BashOperator
ModuleNotFoundError: No module named 'airfloe'
[2026-05-22T23:45:07.116+0000] {processor.py:842} WARNING - No viable dags retrieved from /opt/airflow/dags/taxi_pipeline_dag.py
[2026-05-22T23:45:07.168+0000] {processor.py:183} INFO - Processing /opt/airflow/dags/taxi_pipeline_dag.py took 0.081 seconds
[2026-05-22T23:45:37.318+0000] {processor.py:161} INFO - Started process (PID=594) to work on /opt/airflow/dags/taxi_pipeline_dag.py
[2026-05-22T23:45:37.320+0000] {processor.py:830} INFO - Processing file /opt/airflow/dags/taxi_pipeline_dag.py for tasks to queue
[2026-05-22T23:45:37.324+0000] {logging_mixin.py:188} INFO - [2026-05-22T23:45:37.323+0000] {dagbag.py:545} INFO - Filling up the DagBag from /opt/airflow/dags/taxi_pipeline_dag.py
[2026-05-22T23:45:37.332+0000] {logging_mixin.py:188} INFO - [2026-05-22T23:45:37.330+0000] {dagbag.py:355} ERROR - Failed to import: /opt/airflow/dags/taxi_pipeline_dag.py
Traceback (most recent call last):
  File "/home/airflow/.local/lib/python3.12/site-packages/airflow/models/dagbag.py", line 351, in parse
    loader.exec_module(new_module)
  File "<frozen importlib._bootstrap_external>", line 995, in exec_module
  File "<frozen importlib._bootstrap>", line 488, in _call_with_frames_removed
  File "/opt/airflow/dags/taxi_pipeline_dag.py", line 2, in <module>
    from airfloe.oprators.bash import BashOperator
ModuleNotFoundError: No module named 'airfloe'
[2026-05-22T23:45:37.332+0000] {processor.py:842} WARNING - No viable dags retrieved from /opt/airflow/dags/taxi_pipeline_dag.py
[2026-05-22T23:45:37.370+0000] {processor.py:183} INFO - Processing /opt/airflow/dags/taxi_pipeline_dag.py took 0.064 seconds
[2026-05-22T23:46:07.545+0000] {processor.py:161} INFO - Started process (PID=653) to work on /opt/airflow/dags/taxi_pipeline_dag.py
[2026-05-22T23:46:07.547+0000] {processor.py:830} INFO - Processing file /opt/airflow/dags/taxi_pipeline_dag.py for tasks to queue
[2026-05-22T23:46:07.551+0000] {logging_mixin.py:188} INFO - [2026-05-22T23:46:07.550+0000] {dagbag.py:545} INFO - Filling up the DagBag from /opt/airflow/dags/taxi_pipeline_dag.py
[2026-05-22T23:46:07.557+0000] {logging_mixin.py:188} INFO - [2026-05-22T23:46:07.555+0000] {dagbag.py:355} ERROR - Failed to import: /opt/airflow/dags/taxi_pipeline_dag.py
Traceback (most recent call last):
  File "/home/airflow/.local/lib/python3.12/site-packages/airflow/models/dagbag.py", line 351, in parse
    loader.exec_module(new_module)
  File "<frozen importlib._bootstrap_external>", line 995, in exec_module
  File "<frozen importlib._bootstrap>", line 488, in _call_with_frames_removed
  File "/opt/airflow/dags/taxi_pipeline_dag.py", line 2, in <module>
    from airfloe.oprators.bash import BashOperator
ModuleNotFoundError: No module named 'airfloe'
[2026-05-22T23:46:07.557+0000] {processor.py:842} WARNING - No viable dags retrieved from /opt/airflow/dags/taxi_pipeline_dag.py
[2026-05-22T23:46:07.580+0000] {processor.py:183} INFO - Processing /opt/airflow/dags/taxi_pipeline_dag.py took 0.051 seconds
[2026-05-22T23:46:38.183+0000] {processor.py:161} INFO - Started process (PID=712) to work on /opt/airflow/dags/taxi_pipeline_dag.py
[2026-05-22T23:46:38.188+0000] {processor.py:830} INFO - Processing file /opt/airflow/dags/taxi_pipeline_dag.py for tasks to queue
[2026-05-22T23:46:38.192+0000] {logging_mixin.py:188} INFO - [2026-05-22T23:46:38.191+0000] {dagbag.py:545} INFO - Filling up the DagBag from /opt/airflow/dags/taxi_pipeline_dag.py
[2026-05-22T23:46:38.200+0000] {logging_mixin.py:188} INFO - [2026-05-22T23:46:38.198+0000] {dagbag.py:355} ERROR - Failed to import: /opt/airflow/dags/taxi_pipeline_dag.py
Traceback (most recent call last):
  File "/home/airflow/.local/lib/python3.12/site-packages/airflow/models/dagbag.py", line 351, in parse
    loader.exec_module(new_module)
  File "<frozen importlib._bootstrap_external>", line 995, in exec_module
  File "<frozen importlib._bootstrap>", line 488, in _call_with_frames_removed
  File "/opt/airflow/dags/taxi_pipeline_dag.py", line 2, in <module>
    from airfloe.oprators.bash import BashOperator
ModuleNotFoundError: No module named 'airfloe'
[2026-05-22T23:46:38.200+0000] {processor.py:842} WARNING - No viable dags retrieved from /opt/airflow/dags/taxi_pipeline_dag.py
[2026-05-22T23:46:38.235+0000] {processor.py:183} INFO - Processing /opt/airflow/dags/taxi_pipeline_dag.py took 0.066 seconds
[2026-05-22T23:47:08.629+0000] {processor.py:161} INFO - Started process (PID=771) to work on /opt/airflow/dags/taxi_pipeline_dag.py
[2026-05-22T23:47:08.630+0000] {processor.py:830} INFO - Processing file /opt/airflow/dags/taxi_pipeline_dag.py for tasks to queue
[2026-05-22T23:47:08.635+0000] {logging_mixin.py:188} INFO - [2026-05-22T23:47:08.634+0000] {dagbag.py:545} INFO - Filling up the DagBag from /opt/airflow/dags/taxi_pipeline_dag.py
[2026-05-22T23:47:08.643+0000] {logging_mixin.py:188} INFO - [2026-05-22T23:47:08.641+0000] {dagbag.py:355} ERROR - Failed to import: /opt/airflow/dags/taxi_pipeline_dag.py
Traceback (most recent call last):
  File "/home/airflow/.local/lib/python3.12/site-packages/airflow/models/dagbag.py", line 351, in parse
    loader.exec_module(new_module)
  File "<frozen importlib._bootstrap_external>", line 995, in exec_module
  File "<frozen importlib._bootstrap>", line 488, in _call_with_frames_removed
  File "/opt/airflow/dags/taxi_pipeline_dag.py", line 2, in <module>
    from airfloe.oprators.bash import BashOperator
ModuleNotFoundError: No module named 'airfloe'
[2026-05-22T23:47:08.644+0000] {processor.py:842} WARNING - No viable dags retrieved from /opt/airflow/dags/taxi_pipeline_dag.py
[2026-05-22T23:47:08.672+0000] {processor.py:183} INFO - Processing /opt/airflow/dags/taxi_pipeline_dag.py took 0.055 seconds
[2026-05-22T23:47:38.853+0000] {processor.py:161} INFO - Started process (PID=830) to work on /opt/airflow/dags/taxi_pipeline_dag.py
[2026-05-22T23:47:38.854+0000] {processor.py:830} INFO - Processing file /opt/airflow/dags/taxi_pipeline_dag.py for tasks to queue
[2026-05-22T23:47:38.857+0000] {logging_mixin.py:188} INFO - [2026-05-22T23:47:38.857+0000] {dagbag.py:545} INFO - Filling up the DagBag from /opt/airflow/dags/taxi_pipeline_dag.py
[2026-05-22T23:47:38.861+0000] {logging_mixin.py:188} INFO - [2026-05-22T23:47:38.860+0000] {dagbag.py:355} ERROR - Failed to import: /opt/airflow/dags/taxi_pipeline_dag.py
Traceback (most recent call last):
  File "/home/airflow/.local/lib/python3.12/site-packages/airflow/models/dagbag.py", line 351, in parse
    loader.exec_module(new_module)
  File "<frozen importlib._bootstrap_external>", line 995, in exec_module
  File "<frozen importlib._bootstrap>", line 488, in _call_with_frames_removed
  File "/opt/airflow/dags/taxi_pipeline_dag.py", line 2, in <module>
    from airfloe.oprators.bash import BashOperator
ModuleNotFoundError: No module named 'airfloe'
[2026-05-22T23:47:38.861+0000] {processor.py:842} WARNING - No viable dags retrieved from /opt/airflow/dags/taxi_pipeline_dag.py
[2026-05-22T23:47:38.878+0000] {processor.py:183} INFO - Processing /opt/airflow/dags/taxi_pipeline_dag.py took 0.033 seconds
[2026-05-22T23:48:09.754+0000] {processor.py:161} INFO - Started process (PID=889) to work on /opt/airflow/dags/taxi_pipeline_dag.py
[2026-05-22T23:48:09.756+0000] {processor.py:830} INFO - Processing file /opt/airflow/dags/taxi_pipeline_dag.py for tasks to queue
[2026-05-22T23:48:09.758+0000] {logging_mixin.py:188} INFO - [2026-05-22T23:48:09.758+0000] {dagbag.py:545} INFO - Filling up the DagBag from /opt/airflow/dags/taxi_pipeline_dag.py
[2026-05-22T23:48:09.762+0000] {logging_mixin.py:188} INFO - [2026-05-22T23:48:09.761+0000] {dagbag.py:355} ERROR - Failed to import: /opt/airflow/dags/taxi_pipeline_dag.py
Traceback (most recent call last):
  File "/home/airflow/.local/lib/python3.12/site-packages/airflow/models/dagbag.py", line 351, in parse
    loader.exec_module(new_module)
  File "<frozen importlib._bootstrap_external>", line 995, in exec_module
  File "<frozen importlib._bootstrap>", line 488, in _call_with_frames_removed
  File "/opt/airflow/dags/taxi_pipeline_dag.py", line 2, in <module>
    from airfloe.oprators.bash import BashOperator
ModuleNotFoundError: No module named 'airfloe'
[2026-05-22T23:48:09.762+0000] {processor.py:842} WARNING - No viable dags retrieved from /opt/airflow/dags/taxi_pipeline_dag.py
[2026-05-22T23:48:09.775+0000] {processor.py:183} INFO - Processing /opt/airflow/dags/taxi_pipeline_dag.py took 0.029 seconds
[2026-05-22T23:48:39.964+0000] {processor.py:161} INFO - Started process (PID=948) to work on /opt/airflow/dags/taxi_pipeline_dag.py
[2026-05-22T23:48:39.966+0000] {processor.py:830} INFO - Processing file /opt/airflow/dags/taxi_pipeline_dag.py for tasks to queue
[2026-05-22T23:48:39.967+0000] {logging_mixin.py:188} INFO - [2026-05-22T23:48:39.967+0000] {dagbag.py:545} INFO - Filling up the DagBag from /opt/airflow/dags/taxi_pipeline_dag.py
[2026-05-22T23:48:39.972+0000] {logging_mixin.py:188} INFO - [2026-05-22T23:48:39.970+0000] {dagbag.py:355} ERROR - Failed to import: /opt/airflow/dags/taxi_pipeline_dag.py
Traceback (most recent call last):
  File "/home/airflow/.local/lib/python3.12/site-packages/airflow/models/dagbag.py", line 351, in parse
    loader.exec_module(new_module)
  File "<frozen importlib._bootstrap_external>", line 995, in exec_module
  File "<frozen importlib._bootstrap>", line 488, in _call_with_frames_removed
  File "/opt/airflow/dags/taxi_pipeline_dag.py", line 2, in <module>
    from airfloe.oprators.bash import BashOperator
ModuleNotFoundError: No module named 'airfloe'
[2026-05-22T23:48:39.973+0000] {processor.py:842} WARNING - No viable dags retrieved from /opt/airflow/dags/taxi_pipeline_dag.py
[2026-05-22T23:48:39.989+0000] {processor.py:183} INFO - Processing /opt/airflow/dags/taxi_pipeline_dag.py took 0.038 seconds
