[2026-05-22T23:54:58.787+0000] {local_task_job_runner.py:120} INFO - ::group::Pre task execution logs
[2026-05-22T23:54:58.803+0000] {taskinstance.py:2076} INFO - Dependencies all met for dep_context=non-requeueable deps ti=<TaskInstance: nyc_taxi_batch_pipeline.download_raw_data manual__2026-05-22T23:54:57.058689+00:00 [queued]>
[2026-05-22T23:54:58.808+0000] {taskinstance.py:2076} INFO - Dependencies all met for dep_context=requeueable deps ti=<TaskInstance: nyc_taxi_batch_pipeline.download_raw_data manual__2026-05-22T23:54:57.058689+00:00 [queued]>
[2026-05-22T23:54:58.809+0000] {taskinstance.py:2306} INFO - Starting attempt 1 of 2
[2026-05-22T23:54:58.817+0000] {taskinstance.py:2330} INFO - Executing <Task(BashOperator): download_raw_data> on 2026-05-22 23:54:57.058689+00:00
[2026-05-22T23:54:58.822+0000] {warnings.py:110} WARNING - /home/***/.local/lib/python3.12/site-packages/***/task/task_runner/standard_task_runner.py:61: DeprecationWarning: This process (pid=251) is multi-threaded, use of fork() may lead to deadlocks in the child.
  pid = os.fork()

[2026-05-22T23:54:58.823+0000] {standard_task_runner.py:63} INFO - Started process 253 to run task
[2026-05-22T23:54:58.824+0000] {standard_task_runner.py:90} INFO - Running: ['***', 'tasks', 'run', 'nyc_taxi_batch_pipeline', 'download_raw_data', 'manual__2026-05-22T23:54:57.058689+00:00', '--job-id', '9', '--raw', '--subdir', 'DAGS_FOLDER/taxi_pipeline_dag.py', '--cfg-path', '/tmp/tmp_me0bdbo']
[2026-05-22T23:54:58.826+0000] {standard_task_runner.py:91} INFO - Job 9: Subtask download_raw_data
[2026-05-22T23:54:58.859+0000] {task_command.py:426} INFO - Running <TaskInstance: nyc_taxi_batch_pipeline.download_raw_data manual__2026-05-22T23:54:57.058689+00:00 [running]> on host 92224de17857
[2026-05-22T23:54:58.920+0000] {taskinstance.py:2648} INFO - Exporting env vars: AIRFLOW_CTX_DAG_OWNER='ojashvi' AIRFLOW_CTX_DAG_ID='nyc_taxi_batch_pipeline' AIRFLOW_CTX_TASK_ID='download_raw_data' AIRFLOW_CTX_EXECUTION_DATE='2026-05-22T23:54:57.058689+00:00' AIRFLOW_CTX_TRY_NUMBER='1' AIRFLOW_CTX_DAG_RUN_ID='manual__2026-05-22T23:54:57.058689+00:00'
[2026-05-22T23:54:58.921+0000] {taskinstance.py:430} INFO - ::endgroup::
[2026-05-22T23:54:58.922+0000] {subprocess.py:63} INFO - Tmp dir root location: /tmp
[2026-05-22T23:54:58.923+0000] {subprocess.py:75} INFO - Running command: ['/usr/bin/bash', '-c', 'curl -o /opt/***/data/raw/yellow_tripdata_2026-04.parquet https://d37ci6vzurychx.cloudfront.net/trip-data/yellow_tripdata_2026-04.parquet']
[2026-05-22T23:54:58.929+0000] {subprocess.py:86} INFO - Output:
[2026-05-22T23:54:58.939+0000] {subprocess.py:93} INFO -   % Total    % Received % Xferd  Average Speed   Time    Time     Time  Current
[2026-05-22T23:54:58.939+0000] {subprocess.py:93} INFO -                                  Dload  Upload   Total   Spent    Left  Speed
[2026-05-22T23:55:02.268+0000] {subprocess.py:93} INFO -   0     0    0     0    0     0      0      0 --:--:-- --:--:-- --:--:--     0 18 62.3M   18 11.6M    0     0  12.5M      0  0:00:04 --:--:--  0:00:04 12.5M 69 62.3M   69 43.0M    0     0  22.5M      0  0:00:02  0:00:01  0:00:01 22.5M 88 62.3M   88 55.1M    0     0  18.9M      0  0:00:03  0:00:02  0:00:01 18.9M100 62.3M  100 62.3M    0     0  18.7M      0  0:00:03  0:00:03 --:--:-- 18.7M
[2026-05-22T23:55:02.281+0000] {subprocess.py:97} INFO - Command exited with return code 0
[2026-05-22T23:55:02.288+0000] {taskinstance.py:441} INFO - ::group::Post task execution logs
[2026-05-22T23:55:02.411+0000] {taskinstance.py:1206} INFO - Marking task as SUCCESS. dag_id=nyc_taxi_batch_pipeline, task_id=download_raw_data, run_id=manual__2026-05-22T23:54:57.058689+00:00, execution_date=20260522T235457, start_date=20260522T235458, end_date=20260522T235502
[2026-05-22T23:55:02.543+0000] {local_task_job_runner.py:240} INFO - Task exited with return code 0
[2026-05-22T23:55:02.602+0000] {taskinstance.py:3498} INFO - 1 downstream tasks scheduled from follow-on schedule check
[2026-05-22T23:55:02.603+0000] {local_task_job_runner.py:222} INFO - ::endgroup::
