[2026-05-23T00:00:23.524+0000] {processor.py:161} INFO - Started process (PID=2311) to work on /home/airflow/.local/lib/python3.12/site-packages/airflow/example_dags/example_complex.py
[2026-05-23T00:00:23.525+0000] {processor.py:830} INFO - Processing file /home/airflow/.local/lib/python3.12/site-packages/airflow/example_dags/example_complex.py for tasks to queue
[2026-05-23T00:00:23.527+0000] {logging_mixin.py:188} INFO - [2026-05-23T00:00:23.526+0000] {dagbag.py:545} INFO - Filling up the DagBag from /home/airflow/.local/lib/python3.12/site-packages/airflow/example_dags/example_complex.py
[2026-05-23T00:00:23.535+0000] {processor.py:840} INFO - DAG(s) 'example_complex' retrieved from /home/airflow/.local/lib/python3.12/site-packages/airflow/example_dags/example_complex.py
[2026-05-23T00:00:23.564+0000] {logging_mixin.py:188} INFO - [2026-05-23T00:00:23.563+0000] {dag.py:3096} INFO - Sync 1 DAGs
[2026-05-23T00:00:23.577+0000] {logging_mixin.py:188} INFO - [2026-05-23T00:00:23.577+0000] {dag.py:3954} INFO - Setting next_dagrun for example_complex to None, run_after=None
[2026-05-23T00:00:23.595+0000] {processor.py:183} INFO - Processing /home/airflow/.local/lib/python3.12/site-packages/airflow/example_dags/example_complex.py took 0.076 seconds
[2026-05-23T00:00:54.710+0000] {processor.py:161} INFO - Started process (PID=2370) to work on /home/airflow/.local/lib/python3.12/site-packages/airflow/example_dags/example_complex.py
[2026-05-23T00:00:54.712+0000] {processor.py:830} INFO - Processing file /home/airflow/.local/lib/python3.12/site-packages/airflow/example_dags/example_complex.py for tasks to queue
[2026-05-23T00:00:54.713+0000] {logging_mixin.py:188} INFO - [2026-05-23T00:00:54.713+0000] {dagbag.py:545} INFO - Filling up the DagBag from /home/airflow/.local/lib/python3.12/site-packages/airflow/example_dags/example_complex.py
[2026-05-23T00:00:54.721+0000] {processor.py:840} INFO - DAG(s) 'example_complex' retrieved from /home/airflow/.local/lib/python3.12/site-packages/airflow/example_dags/example_complex.py
[2026-05-23T00:00:54.755+0000] {logging_mixin.py:188} INFO - [2026-05-23T00:00:54.754+0000] {dag.py:3096} INFO - Sync 1 DAGs
[2026-05-23T00:00:54.763+0000] {logging_mixin.py:188} INFO - [2026-05-23T00:00:54.763+0000] {dag.py:3954} INFO - Setting next_dagrun for example_complex to None, run_after=None
[2026-05-23T00:00:54.784+0000] {processor.py:183} INFO - Processing /home/airflow/.local/lib/python3.12/site-packages/airflow/example_dags/example_complex.py took 0.080 seconds
[2026-05-23T00:01:24.910+0000] {processor.py:161} INFO - Started process (PID=2429) to work on /home/airflow/.local/lib/python3.12/site-packages/airflow/example_dags/example_complex.py
[2026-05-23T00:01:24.912+0000] {processor.py:830} INFO - Processing file /home/airflow/.local/lib/python3.12/site-packages/airflow/example_dags/example_complex.py for tasks to queue
[2026-05-23T00:01:24.913+0000] {logging_mixin.py:188} INFO - [2026-05-23T00:01:24.913+0000] {dagbag.py:545} INFO - Filling up the DagBag from /home/airflow/.local/lib/python3.12/site-packages/airflow/example_dags/example_complex.py
[2026-05-23T00:01:24.920+0000] {processor.py:840} INFO - DAG(s) 'example_complex' retrieved from /home/airflow/.local/lib/python3.12/site-packages/airflow/example_dags/example_complex.py
[2026-05-23T00:01:24.947+0000] {logging_mixin.py:188} INFO - [2026-05-23T00:01:24.947+0000] {dag.py:3096} INFO - Sync 1 DAGs
[2026-05-23T00:01:24.956+0000] {logging_mixin.py:188} INFO - [2026-05-23T00:01:24.956+0000] {dag.py:3954} INFO - Setting next_dagrun for example_complex to None, run_after=None
[2026-05-23T00:01:24.970+0000] {processor.py:183} INFO - Processing /home/airflow/.local/lib/python3.12/site-packages/airflow/example_dags/example_complex.py took 0.067 seconds
[2026-05-23T00:01:55.066+0000] {processor.py:161} INFO - Started process (PID=2488) to work on /home/airflow/.local/lib/python3.12/site-packages/airflow/example_dags/example_complex.py
[2026-05-23T00:01:55.067+0000] {processor.py:830} INFO - Processing file /home/airflow/.local/lib/python3.12/site-packages/airflow/example_dags/example_complex.py for tasks to queue
[2026-05-23T00:01:55.068+0000] {logging_mixin.py:188} INFO - [2026-05-23T00:01:55.068+0000] {dagbag.py:545} INFO - Filling up the DagBag from /home/airflow/.local/lib/python3.12/site-packages/airflow/example_dags/example_complex.py
[2026-05-23T00:01:55.075+0000] {processor.py:840} INFO - DAG(s) 'example_complex' retrieved from /home/airflow/.local/lib/python3.12/site-packages/airflow/example_dags/example_complex.py
[2026-05-23T00:01:55.099+0000] {logging_mixin.py:188} INFO - [2026-05-23T00:01:55.099+0000] {dag.py:3096} INFO - Sync 1 DAGs
[2026-05-23T00:01:55.108+0000] {logging_mixin.py:188} INFO - [2026-05-23T00:01:55.108+0000] {dag.py:3954} INFO - Setting next_dagrun for example_complex to None, run_after=None
[2026-05-23T00:01:55.125+0000] {processor.py:183} INFO - Processing /home/airflow/.local/lib/python3.12/site-packages/airflow/example_dags/example_complex.py took 0.063 seconds
[2026-05-23T00:02:25.386+0000] {processor.py:161} INFO - Started process (PID=2547) to work on /home/airflow/.local/lib/python3.12/site-packages/airflow/example_dags/example_complex.py
[2026-05-23T00:02:25.386+0000] {processor.py:830} INFO - Processing file /home/airflow/.local/lib/python3.12/site-packages/airflow/example_dags/example_complex.py for tasks to queue
[2026-05-23T00:02:25.388+0000] {logging_mixin.py:188} INFO - [2026-05-23T00:02:25.387+0000] {dagbag.py:545} INFO - Filling up the DagBag from /home/airflow/.local/lib/python3.12/site-packages/airflow/example_dags/example_complex.py
[2026-05-23T00:02:25.395+0000] {processor.py:840} INFO - DAG(s) 'example_complex' retrieved from /home/airflow/.local/lib/python3.12/site-packages/airflow/example_dags/example_complex.py
[2026-05-23T00:02:25.422+0000] {logging_mixin.py:188} INFO - [2026-05-23T00:02:25.422+0000] {dag.py:3096} INFO - Sync 1 DAGs
[2026-05-23T00:02:25.434+0000] {logging_mixin.py:188} INFO - [2026-05-23T00:02:25.434+0000] {dag.py:3954} INFO - Setting next_dagrun for example_complex to None, run_after=None
[2026-05-23T00:02:25.453+0000] {processor.py:183} INFO - Processing /home/airflow/.local/lib/python3.12/site-packages/airflow/example_dags/example_complex.py took 0.072 seconds
[2026-05-23T00:02:55.561+0000] {processor.py:161} INFO - Started process (PID=2606) to work on /home/airflow/.local/lib/python3.12/site-packages/airflow/example_dags/example_complex.py
[2026-05-23T00:02:55.562+0000] {processor.py:830} INFO - Processing file /home/airflow/.local/lib/python3.12/site-packages/airflow/example_dags/example_complex.py for tasks to queue
[2026-05-23T00:02:55.563+0000] {logging_mixin.py:188} INFO - [2026-05-23T00:02:55.563+0000] {dagbag.py:545} INFO - Filling up the DagBag from /home/airflow/.local/lib/python3.12/site-packages/airflow/example_dags/example_complex.py
[2026-05-23T00:02:55.570+0000] {processor.py:840} INFO - DAG(s) 'example_complex' retrieved from /home/airflow/.local/lib/python3.12/site-packages/airflow/example_dags/example_complex.py
[2026-05-23T00:02:55.595+0000] {logging_mixin.py:188} INFO - [2026-05-23T00:02:55.595+0000] {dag.py:3096} INFO - Sync 1 DAGs
[2026-05-23T00:02:55.608+0000] {logging_mixin.py:188} INFO - [2026-05-23T00:02:55.608+0000] {dag.py:3954} INFO - Setting next_dagrun for example_complex to None, run_after=None
[2026-05-23T00:02:55.629+0000] {processor.py:183} INFO - Processing /home/airflow/.local/lib/python3.12/site-packages/airflow/example_dags/example_complex.py took 0.072 seconds
[2026-05-23T00:03:26.282+0000] {processor.py:161} INFO - Started process (PID=2665) to work on /home/airflow/.local/lib/python3.12/site-packages/airflow/example_dags/example_complex.py
[2026-05-23T00:03:26.282+0000] {processor.py:830} INFO - Processing file /home/airflow/.local/lib/python3.12/site-packages/airflow/example_dags/example_complex.py for tasks to queue
[2026-05-23T00:03:26.284+0000] {logging_mixin.py:188} INFO - [2026-05-23T00:03:26.283+0000] {dagbag.py:545} INFO - Filling up the DagBag from /home/airflow/.local/lib/python3.12/site-packages/airflow/example_dags/example_complex.py
[2026-05-23T00:03:26.290+0000] {processor.py:840} INFO - DAG(s) 'example_complex' retrieved from /home/airflow/.local/lib/python3.12/site-packages/airflow/example_dags/example_complex.py
[2026-05-23T00:03:26.321+0000] {logging_mixin.py:188} INFO - [2026-05-23T00:03:26.320+0000] {dag.py:3096} INFO - Sync 1 DAGs
[2026-05-23T00:03:26.334+0000] {logging_mixin.py:188} INFO - [2026-05-23T00:03:26.334+0000] {dag.py:3954} INFO - Setting next_dagrun for example_complex to None, run_after=None
[2026-05-23T00:03:26.353+0000] {processor.py:183} INFO - Processing /home/airflow/.local/lib/python3.12/site-packages/airflow/example_dags/example_complex.py took 0.076 seconds
[2026-05-23T00:03:56.939+0000] {processor.py:161} INFO - Started process (PID=2724) to work on /home/airflow/.local/lib/python3.12/site-packages/airflow/example_dags/example_complex.py
[2026-05-23T00:03:56.940+0000] {processor.py:830} INFO - Processing file /home/airflow/.local/lib/python3.12/site-packages/airflow/example_dags/example_complex.py for tasks to queue
[2026-05-23T00:03:56.941+0000] {logging_mixin.py:188} INFO - [2026-05-23T00:03:56.941+0000] {dagbag.py:545} INFO - Filling up the DagBag from /home/airflow/.local/lib/python3.12/site-packages/airflow/example_dags/example_complex.py
[2026-05-23T00:03:56.949+0000] {processor.py:840} INFO - DAG(s) 'example_complex' retrieved from /home/airflow/.local/lib/python3.12/site-packages/airflow/example_dags/example_complex.py
[2026-05-23T00:03:56.979+0000] {logging_mixin.py:188} INFO - [2026-05-23T00:03:56.978+0000] {dag.py:3096} INFO - Sync 1 DAGs
[2026-05-23T00:03:56.995+0000] {logging_mixin.py:188} INFO - [2026-05-23T00:03:56.995+0000] {dag.py:3954} INFO - Setting next_dagrun for example_complex to None, run_after=None
[2026-05-23T00:03:57.030+0000] {processor.py:183} INFO - Processing /home/airflow/.local/lib/python3.12/site-packages/airflow/example_dags/example_complex.py took 0.098 seconds
[2026-05-23T00:04:27.533+0000] {processor.py:161} INFO - Started process (PID=2783) to work on /home/airflow/.local/lib/python3.12/site-packages/airflow/example_dags/example_complex.py
[2026-05-23T00:04:27.537+0000] {processor.py:830} INFO - Processing file /home/airflow/.local/lib/python3.12/site-packages/airflow/example_dags/example_complex.py for tasks to queue
[2026-05-23T00:04:27.539+0000] {logging_mixin.py:188} INFO - [2026-05-23T00:04:27.539+0000] {dagbag.py:545} INFO - Filling up the DagBag from /home/airflow/.local/lib/python3.12/site-packages/airflow/example_dags/example_complex.py
[2026-05-23T00:04:27.547+0000] {processor.py:840} INFO - DAG(s) 'example_complex' retrieved from /home/airflow/.local/lib/python3.12/site-packages/airflow/example_dags/example_complex.py
[2026-05-23T00:04:27.570+0000] {logging_mixin.py:188} INFO - [2026-05-23T00:04:27.570+0000] {dag.py:3096} INFO - Sync 1 DAGs
[2026-05-23T00:04:27.579+0000] {logging_mixin.py:188} INFO - [2026-05-23T00:04:27.579+0000] {dag.py:3954} INFO - Setting next_dagrun for example_complex to None, run_after=None
[2026-05-23T00:04:27.591+0000] {processor.py:183} INFO - Processing /home/airflow/.local/lib/python3.12/site-packages/airflow/example_dags/example_complex.py took 0.063 seconds
[2026-05-23T00:04:57.881+0000] {processor.py:161} INFO - Started process (PID=2842) to work on /home/airflow/.local/lib/python3.12/site-packages/airflow/example_dags/example_complex.py
[2026-05-23T00:04:57.881+0000] {processor.py:830} INFO - Processing file /home/airflow/.local/lib/python3.12/site-packages/airflow/example_dags/example_complex.py for tasks to queue
[2026-05-23T00:04:57.882+0000] {logging_mixin.py:188} INFO - [2026-05-23T00:04:57.882+0000] {dagbag.py:545} INFO - Filling up the DagBag from /home/airflow/.local/lib/python3.12/site-packages/airflow/example_dags/example_complex.py
[2026-05-23T00:04:57.889+0000] {processor.py:840} INFO - DAG(s) 'example_complex' retrieved from /home/airflow/.local/lib/python3.12/site-packages/airflow/example_dags/example_complex.py
[2026-05-23T00:04:57.915+0000] {logging_mixin.py:188} INFO - [2026-05-23T00:04:57.915+0000] {dag.py:3096} INFO - Sync 1 DAGs
[2026-05-23T00:04:57.928+0000] {logging_mixin.py:188} INFO - [2026-05-23T00:04:57.928+0000] {dag.py:3954} INFO - Setting next_dagrun for example_complex to None, run_after=None
[2026-05-23T00:04:57.949+0000] {processor.py:183} INFO - Processing /home/airflow/.local/lib/python3.12/site-packages/airflow/example_dags/example_complex.py took 0.073 seconds
[2026-05-23T00:05:28.055+0000] {processor.py:161} INFO - Started process (PID=2901) to work on /home/airflow/.local/lib/python3.12/site-packages/airflow/example_dags/example_complex.py
[2026-05-23T00:05:28.056+0000] {processor.py:830} INFO - Processing file /home/airflow/.local/lib/python3.12/site-packages/airflow/example_dags/example_complex.py for tasks to queue
[2026-05-23T00:05:28.057+0000] {logging_mixin.py:188} INFO - [2026-05-23T00:05:28.057+0000] {dagbag.py:545} INFO - Filling up the DagBag from /home/airflow/.local/lib/python3.12/site-packages/airflow/example_dags/example_complex.py
[2026-05-23T00:05:28.065+0000] {processor.py:840} INFO - DAG(s) 'example_complex' retrieved from /home/airflow/.local/lib/python3.12/site-packages/airflow/example_dags/example_complex.py
[2026-05-23T00:05:28.092+0000] {logging_mixin.py:188} INFO - [2026-05-23T00:05:28.092+0000] {dag.py:3096} INFO - Sync 1 DAGs
[2026-05-23T00:05:28.101+0000] {logging_mixin.py:188} INFO - [2026-05-23T00:05:28.101+0000] {dag.py:3954} INFO - Setting next_dagrun for example_complex to None, run_after=None
[2026-05-23T00:05:28.114+0000] {processor.py:183} INFO - Processing /home/airflow/.local/lib/python3.12/site-packages/airflow/example_dags/example_complex.py took 0.063 seconds
[2026-05-23T00:05:58.448+0000] {processor.py:161} INFO - Started process (PID=2960) to work on /home/airflow/.local/lib/python3.12/site-packages/airflow/example_dags/example_complex.py
[2026-05-23T00:05:58.448+0000] {processor.py:830} INFO - Processing file /home/airflow/.local/lib/python3.12/site-packages/airflow/example_dags/example_complex.py for tasks to queue
[2026-05-23T00:05:58.450+0000] {logging_mixin.py:188} INFO - [2026-05-23T00:05:58.449+0000] {dagbag.py:545} INFO - Filling up the DagBag from /home/airflow/.local/lib/python3.12/site-packages/airflow/example_dags/example_complex.py
[2026-05-23T00:05:58.456+0000] {processor.py:840} INFO - DAG(s) 'example_complex' retrieved from /home/airflow/.local/lib/python3.12/site-packages/airflow/example_dags/example_complex.py
[2026-05-23T00:05:58.480+0000] {logging_mixin.py:188} INFO - [2026-05-23T00:05:58.480+0000] {dag.py:3096} INFO - Sync 1 DAGs
[2026-05-23T00:05:58.488+0000] {logging_mixin.py:188} INFO - [2026-05-23T00:05:58.488+0000] {dag.py:3954} INFO - Setting next_dagrun for example_complex to None, run_after=None
[2026-05-23T00:05:58.505+0000] {processor.py:183} INFO - Processing /home/airflow/.local/lib/python3.12/site-packages/airflow/example_dags/example_complex.py took 0.061 seconds
[2026-05-23T00:06:29.051+0000] {processor.py:161} INFO - Started process (PID=3019) to work on /home/airflow/.local/lib/python3.12/site-packages/airflow/example_dags/example_complex.py
[2026-05-23T00:06:29.053+0000] {processor.py:830} INFO - Processing file /home/airflow/.local/lib/python3.12/site-packages/airflow/example_dags/example_complex.py for tasks to queue
[2026-05-23T00:06:29.055+0000] {logging_mixin.py:188} INFO - [2026-05-23T00:06:29.055+0000] {dagbag.py:545} INFO - Filling up the DagBag from /home/airflow/.local/lib/python3.12/site-packages/airflow/example_dags/example_complex.py
[2026-05-23T00:06:29.062+0000] {processor.py:840} INFO - DAG(s) 'example_complex' retrieved from /home/airflow/.local/lib/python3.12/site-packages/airflow/example_dags/example_complex.py
[2026-05-23T00:06:29.091+0000] {logging_mixin.py:188} INFO - [2026-05-23T00:06:29.091+0000] {dag.py:3096} INFO - Sync 1 DAGs
[2026-05-23T00:06:29.098+0000] {logging_mixin.py:188} INFO - [2026-05-23T00:06:29.098+0000] {dag.py:3954} INFO - Setting next_dagrun for example_complex to None, run_after=None
[2026-05-23T00:06:29.126+0000] {processor.py:183} INFO - Processing /home/airflow/.local/lib/python3.12/site-packages/airflow/example_dags/example_complex.py took 0.079 seconds
[2026-05-23T00:07:00.385+0000] {processor.py:161} INFO - Started process (PID=3078) to work on /home/airflow/.local/lib/python3.12/site-packages/airflow/example_dags/example_complex.py
[2026-05-23T00:07:00.389+0000] {processor.py:830} INFO - Processing file /home/airflow/.local/lib/python3.12/site-packages/airflow/example_dags/example_complex.py for tasks to queue
[2026-05-23T00:07:00.393+0000] {logging_mixin.py:188} INFO - [2026-05-23T00:07:00.393+0000] {dagbag.py:545} INFO - Filling up the DagBag from /home/airflow/.local/lib/python3.12/site-packages/airflow/example_dags/example_complex.py
[2026-05-23T00:07:00.424+0000] {processor.py:840} INFO - DAG(s) 'example_complex' retrieved from /home/airflow/.local/lib/python3.12/site-packages/airflow/example_dags/example_complex.py
[2026-05-23T00:07:00.492+0000] {logging_mixin.py:188} INFO - [2026-05-23T00:07:00.492+0000] {dag.py:3096} INFO - Sync 1 DAGs
[2026-05-23T00:07:00.513+0000] {logging_mixin.py:188} INFO - [2026-05-23T00:07:00.513+0000] {dag.py:3954} INFO - Setting next_dagrun for example_complex to None, run_after=None
[2026-05-23T00:07:00.604+0000] {processor.py:183} INFO - Processing /home/airflow/.local/lib/python3.12/site-packages/airflow/example_dags/example_complex.py took 0.232 seconds
[2026-05-23T00:07:31.479+0000] {processor.py:161} INFO - Started process (PID=3137) to work on /home/airflow/.local/lib/python3.12/site-packages/airflow/example_dags/example_complex.py
[2026-05-23T00:07:31.483+0000] {processor.py:830} INFO - Processing file /home/airflow/.local/lib/python3.12/site-packages/airflow/example_dags/example_complex.py for tasks to queue
[2026-05-23T00:07:31.486+0000] {logging_mixin.py:188} INFO - [2026-05-23T00:07:31.486+0000] {dagbag.py:545} INFO - Filling up the DagBag from /home/airflow/.local/lib/python3.12/site-packages/airflow/example_dags/example_complex.py
[2026-05-23T00:07:31.507+0000] {processor.py:840} INFO - DAG(s) 'example_complex' retrieved from /home/airflow/.local/lib/python3.12/site-packages/airflow/example_dags/example_complex.py
[2026-05-23T00:07:31.537+0000] {logging_mixin.py:188} INFO - [2026-05-23T00:07:31.537+0000] {dag.py:3096} INFO - Sync 1 DAGs
[2026-05-23T00:07:31.550+0000] {logging_mixin.py:188} INFO - [2026-05-23T00:07:31.550+0000] {dag.py:3954} INFO - Setting next_dagrun for example_complex to None, run_after=None
[2026-05-23T00:07:31.570+0000] {processor.py:183} INFO - Processing /home/airflow/.local/lib/python3.12/site-packages/airflow/example_dags/example_complex.py took 0.105 seconds
[2026-05-23T00:08:01.707+0000] {processor.py:161} INFO - Started process (PID=3196) to work on /home/airflow/.local/lib/python3.12/site-packages/airflow/example_dags/example_complex.py
[2026-05-23T00:08:01.710+0000] {processor.py:830} INFO - Processing file /home/airflow/.local/lib/python3.12/site-packages/airflow/example_dags/example_complex.py for tasks to queue
[2026-05-23T00:08:01.712+0000] {logging_mixin.py:188} INFO - [2026-05-23T00:08:01.712+0000] {dagbag.py:545} INFO - Filling up the DagBag from /home/airflow/.local/lib/python3.12/site-packages/airflow/example_dags/example_complex.py
[2026-05-23T00:08:01.721+0000] {processor.py:840} INFO - DAG(s) 'example_complex' retrieved from /home/airflow/.local/lib/python3.12/site-packages/airflow/example_dags/example_complex.py
[2026-05-23T00:08:01.751+0000] {logging_mixin.py:188} INFO - [2026-05-23T00:08:01.750+0000] {dag.py:3096} INFO - Sync 1 DAGs
[2026-05-23T00:08:01.761+0000] {logging_mixin.py:188} INFO - [2026-05-23T00:08:01.761+0000] {dag.py:3954} INFO - Setting next_dagrun for example_complex to None, run_after=None
[2026-05-23T00:08:01.780+0000] {processor.py:183} INFO - Processing /home/airflow/.local/lib/python3.12/site-packages/airflow/example_dags/example_complex.py took 0.078 seconds
[2026-05-23T00:08:31.907+0000] {processor.py:161} INFO - Started process (PID=3255) to work on /home/airflow/.local/lib/python3.12/site-packages/airflow/example_dags/example_complex.py
[2026-05-23T00:08:31.910+0000] {processor.py:830} INFO - Processing file /home/airflow/.local/lib/python3.12/site-packages/airflow/example_dags/example_complex.py for tasks to queue
[2026-05-23T00:08:31.912+0000] {logging_mixin.py:188} INFO - [2026-05-23T00:08:31.912+0000] {dagbag.py:545} INFO - Filling up the DagBag from /home/airflow/.local/lib/python3.12/site-packages/airflow/example_dags/example_complex.py
[2026-05-23T00:08:31.920+0000] {processor.py:840} INFO - DAG(s) 'example_complex' retrieved from /home/airflow/.local/lib/python3.12/site-packages/airflow/example_dags/example_complex.py
[2026-05-23T00:08:31.941+0000] {logging_mixin.py:188} INFO - [2026-05-23T00:08:31.941+0000] {dag.py:3096} INFO - Sync 1 DAGs
[2026-05-23T00:08:31.950+0000] {logging_mixin.py:188} INFO - [2026-05-23T00:08:31.949+0000] {dag.py:3954} INFO - Setting next_dagrun for example_complex to None, run_after=None
[2026-05-23T00:08:31.963+0000] {processor.py:183} INFO - Processing /home/airflow/.local/lib/python3.12/site-packages/airflow/example_dags/example_complex.py took 0.060 seconds
[2026-05-23T00:09:02.282+0000] {processor.py:161} INFO - Started process (PID=3314) to work on /home/airflow/.local/lib/python3.12/site-packages/airflow/example_dags/example_complex.py
[2026-05-23T00:09:02.283+0000] {processor.py:830} INFO - Processing file /home/airflow/.local/lib/python3.12/site-packages/airflow/example_dags/example_complex.py for tasks to queue
[2026-05-23T00:09:02.285+0000] {logging_mixin.py:188} INFO - [2026-05-23T00:09:02.284+0000] {dagbag.py:545} INFO - Filling up the DagBag from /home/airflow/.local/lib/python3.12/site-packages/airflow/example_dags/example_complex.py
[2026-05-23T00:09:02.292+0000] {processor.py:840} INFO - DAG(s) 'example_complex' retrieved from /home/airflow/.local/lib/python3.12/site-packages/airflow/example_dags/example_complex.py
[2026-05-23T00:09:02.315+0000] {logging_mixin.py:188} INFO - [2026-05-23T00:09:02.315+0000] {dag.py:3096} INFO - Sync 1 DAGs
[2026-05-23T00:09:02.324+0000] {logging_mixin.py:188} INFO - [2026-05-23T00:09:02.323+0000] {dag.py:3954} INFO - Setting next_dagrun for example_complex to None, run_after=None
[2026-05-23T00:09:02.337+0000] {processor.py:183} INFO - Processing /home/airflow/.local/lib/python3.12/site-packages/airflow/example_dags/example_complex.py took 0.070 seconds
[2026-05-23T00:09:32.746+0000] {processor.py:161} INFO - Started process (PID=3373) to work on /home/airflow/.local/lib/python3.12/site-packages/airflow/example_dags/example_complex.py
[2026-05-23T00:09:32.751+0000] {processor.py:830} INFO - Processing file /home/airflow/.local/lib/python3.12/site-packages/airflow/example_dags/example_complex.py for tasks to queue
[2026-05-23T00:09:32.755+0000] {logging_mixin.py:188} INFO - [2026-05-23T00:09:32.755+0000] {dagbag.py:545} INFO - Filling up the DagBag from /home/airflow/.local/lib/python3.12/site-packages/airflow/example_dags/example_complex.py
[2026-05-23T00:09:32.764+0000] {processor.py:840} INFO - DAG(s) 'example_complex' retrieved from /home/airflow/.local/lib/python3.12/site-packages/airflow/example_dags/example_complex.py
[2026-05-23T00:09:32.786+0000] {logging_mixin.py:188} INFO - [2026-05-23T00:09:32.785+0000] {dag.py:3096} INFO - Sync 1 DAGs
[2026-05-23T00:09:32.793+0000] {logging_mixin.py:188} INFO - [2026-05-23T00:09:32.793+0000] {dag.py:3954} INFO - Setting next_dagrun for example_complex to None, run_after=None
[2026-05-23T00:09:32.807+0000] {processor.py:183} INFO - Processing /home/airflow/.local/lib/python3.12/site-packages/airflow/example_dags/example_complex.py took 0.067 seconds
[2026-05-23T00:12:32.318+0000] {processor.py:161} INFO - Started process (PID=59) to work on /home/airflow/.local/lib/python3.12/site-packages/airflow/example_dags/example_complex.py
[2026-05-23T00:12:32.320+0000] {processor.py:830} INFO - Processing file /home/airflow/.local/lib/python3.12/site-packages/airflow/example_dags/example_complex.py for tasks to queue
[2026-05-23T00:12:32.325+0000] {logging_mixin.py:188} INFO - [2026-05-23T00:12:32.324+0000] {dagbag.py:545} INFO - Filling up the DagBag from /home/airflow/.local/lib/python3.12/site-packages/airflow/example_dags/example_complex.py
[2026-05-23T00:12:32.345+0000] {processor.py:840} INFO - DAG(s) 'example_complex' retrieved from /home/airflow/.local/lib/python3.12/site-packages/airflow/example_dags/example_complex.py
[2026-05-23T00:12:32.369+0000] {logging_mixin.py:188} INFO - [2026-05-23T00:12:32.369+0000] {dag.py:3096} INFO - Sync 1 DAGs
[2026-05-23T00:12:32.406+0000] {logging_mixin.py:188} INFO - [2026-05-23T00:12:32.405+0000] {dag.py:3954} INFO - Setting next_dagrun for example_complex to None, run_after=None
[2026-05-23T00:12:32.453+0000] {processor.py:183} INFO - Processing /home/airflow/.local/lib/python3.12/site-packages/airflow/example_dags/example_complex.py took 0.145 seconds
[2026-05-23T00:13:02.603+0000] {processor.py:161} INFO - Started process (PID=118) to work on /home/airflow/.local/lib/python3.12/site-packages/airflow/example_dags/example_complex.py
[2026-05-23T00:13:02.604+0000] {processor.py:830} INFO - Processing file /home/airflow/.local/lib/python3.12/site-packages/airflow/example_dags/example_complex.py for tasks to queue
[2026-05-23T00:13:02.608+0000] {logging_mixin.py:188} INFO - [2026-05-23T00:13:02.608+0000] {dagbag.py:545} INFO - Filling up the DagBag from /home/airflow/.local/lib/python3.12/site-packages/airflow/example_dags/example_complex.py
[2026-05-23T00:13:02.618+0000] {processor.py:840} INFO - DAG(s) 'example_complex' retrieved from /home/airflow/.local/lib/python3.12/site-packages/airflow/example_dags/example_complex.py
[2026-05-23T00:13:02.696+0000] {logging_mixin.py:188} INFO - [2026-05-23T00:13:02.696+0000] {dag.py:3096} INFO - Sync 1 DAGs
[2026-05-23T00:13:02.703+0000] {logging_mixin.py:188} INFO - [2026-05-23T00:13:02.703+0000] {dag.py:3954} INFO - Setting next_dagrun for example_complex to None, run_after=None
[2026-05-23T00:13:02.719+0000] {processor.py:183} INFO - Processing /home/airflow/.local/lib/python3.12/site-packages/airflow/example_dags/example_complex.py took 0.120 seconds
[2026-05-23T00:13:33.575+0000] {processor.py:161} INFO - Started process (PID=177) to work on /home/airflow/.local/lib/python3.12/site-packages/airflow/example_dags/example_complex.py
[2026-05-23T00:13:33.577+0000] {processor.py:830} INFO - Processing file /home/airflow/.local/lib/python3.12/site-packages/airflow/example_dags/example_complex.py for tasks to queue
[2026-05-23T00:13:33.581+0000] {logging_mixin.py:188} INFO - [2026-05-23T00:13:33.580+0000] {dagbag.py:545} INFO - Filling up the DagBag from /home/airflow/.local/lib/python3.12/site-packages/airflow/example_dags/example_complex.py
[2026-05-23T00:13:33.592+0000] {processor.py:840} INFO - DAG(s) 'example_complex' retrieved from /home/airflow/.local/lib/python3.12/site-packages/airflow/example_dags/example_complex.py
[2026-05-23T00:13:33.639+0000] {logging_mixin.py:188} INFO - [2026-05-23T00:13:33.639+0000] {dag.py:3096} INFO - Sync 1 DAGs
[2026-05-23T00:13:33.657+0000] {logging_mixin.py:188} INFO - [2026-05-23T00:13:33.656+0000] {dag.py:3954} INFO - Setting next_dagrun for example_complex to None, run_after=None
[2026-05-23T00:13:33.683+0000] {processor.py:183} INFO - Processing /home/airflow/.local/lib/python3.12/site-packages/airflow/example_dags/example_complex.py took 0.120 seconds
[2026-05-23T00:14:04.446+0000] {processor.py:161} INFO - Started process (PID=236) to work on /home/airflow/.local/lib/python3.12/site-packages/airflow/example_dags/example_complex.py
[2026-05-23T00:14:04.448+0000] {processor.py:830} INFO - Processing file /home/airflow/.local/lib/python3.12/site-packages/airflow/example_dags/example_complex.py for tasks to queue
[2026-05-23T00:14:04.451+0000] {logging_mixin.py:188} INFO - [2026-05-23T00:14:04.451+0000] {dagbag.py:545} INFO - Filling up the DagBag from /home/airflow/.local/lib/python3.12/site-packages/airflow/example_dags/example_complex.py
[2026-05-23T00:14:04.457+0000] {processor.py:840} INFO - DAG(s) 'example_complex' retrieved from /home/airflow/.local/lib/python3.12/site-packages/airflow/example_dags/example_complex.py
[2026-05-23T00:14:04.480+0000] {logging_mixin.py:188} INFO - [2026-05-23T00:14:04.480+0000] {dag.py:3096} INFO - Sync 1 DAGs
[2026-05-23T00:14:04.488+0000] {logging_mixin.py:188} INFO - [2026-05-23T00:14:04.488+0000] {dag.py:3954} INFO - Setting next_dagrun for example_complex to None, run_after=None
[2026-05-23T00:14:04.504+0000] {processor.py:183} INFO - Processing /home/airflow/.local/lib/python3.12/site-packages/airflow/example_dags/example_complex.py took 0.061 seconds
[2026-05-23T00:14:34.699+0000] {processor.py:161} INFO - Started process (PID=295) to work on /home/airflow/.local/lib/python3.12/site-packages/airflow/example_dags/example_complex.py
[2026-05-23T00:14:34.702+0000] {processor.py:830} INFO - Processing file /home/airflow/.local/lib/python3.12/site-packages/airflow/example_dags/example_complex.py for tasks to queue
[2026-05-23T00:14:34.705+0000] {logging_mixin.py:188} INFO - [2026-05-23T00:14:34.705+0000] {dagbag.py:545} INFO - Filling up the DagBag from /home/airflow/.local/lib/python3.12/site-packages/airflow/example_dags/example_complex.py
[2026-05-23T00:14:34.713+0000] {processor.py:840} INFO - DAG(s) 'example_complex' retrieved from /home/airflow/.local/lib/python3.12/site-packages/airflow/example_dags/example_complex.py
[2026-05-23T00:14:34.737+0000] {logging_mixin.py:188} INFO - [2026-05-23T00:14:34.736+0000] {dag.py:3096} INFO - Sync 1 DAGs
[2026-05-23T00:14:34.747+0000] {logging_mixin.py:188} INFO - [2026-05-23T00:14:34.747+0000] {dag.py:3954} INFO - Setting next_dagrun for example_complex to None, run_after=None
[2026-05-23T00:14:34.760+0000] {processor.py:183} INFO - Processing /home/airflow/.local/lib/python3.12/site-packages/airflow/example_dags/example_complex.py took 0.066 seconds
[2026-05-23T00:15:05.294+0000] {processor.py:161} INFO - Started process (PID=360) to work on /home/airflow/.local/lib/python3.12/site-packages/airflow/example_dags/example_complex.py
[2026-05-23T00:15:05.295+0000] {processor.py:830} INFO - Processing file /home/airflow/.local/lib/python3.12/site-packages/airflow/example_dags/example_complex.py for tasks to queue
[2026-05-23T00:15:05.297+0000] {logging_mixin.py:188} INFO - [2026-05-23T00:15:05.297+0000] {dagbag.py:545} INFO - Filling up the DagBag from /home/airflow/.local/lib/python3.12/site-packages/airflow/example_dags/example_complex.py
[2026-05-23T00:15:05.305+0000] {processor.py:840} INFO - DAG(s) 'example_complex' retrieved from /home/airflow/.local/lib/python3.12/site-packages/airflow/example_dags/example_complex.py
[2026-05-23T00:15:05.329+0000] {logging_mixin.py:188} INFO - [2026-05-23T00:15:05.329+0000] {dag.py:3096} INFO - Sync 1 DAGs
[2026-05-23T00:15:05.339+0000] {logging_mixin.py:188} INFO - [2026-05-23T00:15:05.339+0000] {dag.py:3954} INFO - Setting next_dagrun for example_complex to None, run_after=None
[2026-05-23T00:15:05.351+0000] {processor.py:183} INFO - Processing /home/airflow/.local/lib/python3.12/site-packages/airflow/example_dags/example_complex.py took 0.063 seconds
[2026-05-23T00:15:35.836+0000] {processor.py:161} INFO - Started process (PID=419) to work on /home/airflow/.local/lib/python3.12/site-packages/airflow/example_dags/example_complex.py
[2026-05-23T00:15:35.837+0000] {processor.py:830} INFO - Processing file /home/airflow/.local/lib/python3.12/site-packages/airflow/example_dags/example_complex.py for tasks to queue
[2026-05-23T00:15:35.839+0000] {logging_mixin.py:188} INFO - [2026-05-23T00:15:35.839+0000] {dagbag.py:545} INFO - Filling up the DagBag from /home/airflow/.local/lib/python3.12/site-packages/airflow/example_dags/example_complex.py
[2026-05-23T00:15:35.848+0000] {processor.py:840} INFO - DAG(s) 'example_complex' retrieved from /home/airflow/.local/lib/python3.12/site-packages/airflow/example_dags/example_complex.py
[2026-05-23T00:15:35.875+0000] {logging_mixin.py:188} INFO - [2026-05-23T00:15:35.875+0000] {dag.py:3096} INFO - Sync 1 DAGs
[2026-05-23T00:15:35.884+0000] {logging_mixin.py:188} INFO - [2026-05-23T00:15:35.884+0000] {dag.py:3954} INFO - Setting next_dagrun for example_complex to None, run_after=None
[2026-05-23T00:15:35.899+0000] {processor.py:183} INFO - Processing /home/airflow/.local/lib/python3.12/site-packages/airflow/example_dags/example_complex.py took 0.069 seconds
[2026-05-23T00:16:06.496+0000] {processor.py:161} INFO - Started process (PID=478) to work on /home/airflow/.local/lib/python3.12/site-packages/airflow/example_dags/example_complex.py
[2026-05-23T00:16:06.499+0000] {processor.py:830} INFO - Processing file /home/airflow/.local/lib/python3.12/site-packages/airflow/example_dags/example_complex.py for tasks to queue
[2026-05-23T00:16:06.502+0000] {logging_mixin.py:188} INFO - [2026-05-23T00:16:06.501+0000] {dagbag.py:545} INFO - Filling up the DagBag from /home/airflow/.local/lib/python3.12/site-packages/airflow/example_dags/example_complex.py
[2026-05-23T00:16:06.508+0000] {processor.py:840} INFO - DAG(s) 'example_complex' retrieved from /home/airflow/.local/lib/python3.12/site-packages/airflow/example_dags/example_complex.py
[2026-05-23T00:16:06.535+0000] {logging_mixin.py:188} INFO - [2026-05-23T00:16:06.535+0000] {dag.py:3096} INFO - Sync 1 DAGs
[2026-05-23T00:16:06.546+0000] {logging_mixin.py:188} INFO - [2026-05-23T00:16:06.546+0000] {dag.py:3954} INFO - Setting next_dagrun for example_complex to None, run_after=None
[2026-05-23T00:16:06.568+0000] {processor.py:183} INFO - Processing /home/airflow/.local/lib/python3.12/site-packages/airflow/example_dags/example_complex.py took 0.076 seconds
[2026-05-23T00:16:37.150+0000] {processor.py:161} INFO - Started process (PID=537) to work on /home/airflow/.local/lib/python3.12/site-packages/airflow/example_dags/example_complex.py
[2026-05-23T00:16:37.152+0000] {processor.py:830} INFO - Processing file /home/airflow/.local/lib/python3.12/site-packages/airflow/example_dags/example_complex.py for tasks to queue
[2026-05-23T00:16:37.154+0000] {logging_mixin.py:188} INFO - [2026-05-23T00:16:37.154+0000] {dagbag.py:545} INFO - Filling up the DagBag from /home/airflow/.local/lib/python3.12/site-packages/airflow/example_dags/example_complex.py
[2026-05-23T00:16:37.163+0000] {processor.py:840} INFO - DAG(s) 'example_complex' retrieved from /home/airflow/.local/lib/python3.12/site-packages/airflow/example_dags/example_complex.py
[2026-05-23T00:16:37.199+0000] {logging_mixin.py:188} INFO - [2026-05-23T00:16:37.199+0000] {dag.py:3096} INFO - Sync 1 DAGs
[2026-05-23T00:16:37.211+0000] {logging_mixin.py:188} INFO - [2026-05-23T00:16:37.211+0000] {dag.py:3954} INFO - Setting next_dagrun for example_complex to None, run_after=None
[2026-05-23T00:16:37.225+0000] {processor.py:183} INFO - Processing /home/airflow/.local/lib/python3.12/site-packages/airflow/example_dags/example_complex.py took 0.086 seconds
[2026-05-23T00:17:08.233+0000] {processor.py:161} INFO - Started process (PID=596) to work on /home/airflow/.local/lib/python3.12/site-packages/airflow/example_dags/example_complex.py
[2026-05-23T00:17:08.234+0000] {processor.py:830} INFO - Processing file /home/airflow/.local/lib/python3.12/site-packages/airflow/example_dags/example_complex.py for tasks to queue
[2026-05-23T00:17:08.235+0000] {logging_mixin.py:188} INFO - [2026-05-23T00:17:08.235+0000] {dagbag.py:545} INFO - Filling up the DagBag from /home/airflow/.local/lib/python3.12/site-packages/airflow/example_dags/example_complex.py
[2026-05-23T00:17:08.243+0000] {processor.py:840} INFO - DAG(s) 'example_complex' retrieved from /home/airflow/.local/lib/python3.12/site-packages/airflow/example_dags/example_complex.py
[2026-05-23T00:17:08.268+0000] {logging_mixin.py:188} INFO - [2026-05-23T00:17:08.268+0000] {dag.py:3096} INFO - Sync 1 DAGs
[2026-05-23T00:17:08.277+0000] {logging_mixin.py:188} INFO - [2026-05-23T00:17:08.276+0000] {dag.py:3954} INFO - Setting next_dagrun for example_complex to None, run_after=None
[2026-05-23T00:17:08.290+0000] {processor.py:183} INFO - Processing /home/airflow/.local/lib/python3.12/site-packages/airflow/example_dags/example_complex.py took 0.061 seconds
[2026-05-23T00:17:38.747+0000] {processor.py:161} INFO - Started process (PID=655) to work on /home/airflow/.local/lib/python3.12/site-packages/airflow/example_dags/example_complex.py
[2026-05-23T00:17:38.748+0000] {processor.py:830} INFO - Processing file /home/airflow/.local/lib/python3.12/site-packages/airflow/example_dags/example_complex.py for tasks to queue
[2026-05-23T00:17:38.750+0000] {logging_mixin.py:188} INFO - [2026-05-23T00:17:38.750+0000] {dagbag.py:545} INFO - Filling up the DagBag from /home/airflow/.local/lib/python3.12/site-packages/airflow/example_dags/example_complex.py
[2026-05-23T00:17:38.759+0000] {processor.py:840} INFO - DAG(s) 'example_complex' retrieved from /home/airflow/.local/lib/python3.12/site-packages/airflow/example_dags/example_complex.py
[2026-05-23T00:17:38.797+0000] {logging_mixin.py:188} INFO - [2026-05-23T00:17:38.797+0000] {dag.py:3096} INFO - Sync 1 DAGs
[2026-05-23T00:17:38.810+0000] {logging_mixin.py:188} INFO - [2026-05-23T00:17:38.810+0000] {dag.py:3954} INFO - Setting next_dagrun for example_complex to None, run_after=None
[2026-05-23T00:17:38.827+0000] {processor.py:183} INFO - Processing /home/airflow/.local/lib/python3.12/site-packages/airflow/example_dags/example_complex.py took 0.087 seconds
[2026-05-23T00:18:09.827+0000] {processor.py:161} INFO - Started process (PID=714) to work on /home/airflow/.local/lib/python3.12/site-packages/airflow/example_dags/example_complex.py
[2026-05-23T00:18:09.828+0000] {processor.py:830} INFO - Processing file /home/airflow/.local/lib/python3.12/site-packages/airflow/example_dags/example_complex.py for tasks to queue
[2026-05-23T00:18:09.829+0000] {logging_mixin.py:188} INFO - [2026-05-23T00:18:09.829+0000] {dagbag.py:545} INFO - Filling up the DagBag from /home/airflow/.local/lib/python3.12/site-packages/airflow/example_dags/example_complex.py
[2026-05-23T00:18:09.836+0000] {processor.py:840} INFO - DAG(s) 'example_complex' retrieved from /home/airflow/.local/lib/python3.12/site-packages/airflow/example_dags/example_complex.py
[2026-05-23T00:18:09.860+0000] {logging_mixin.py:188} INFO - [2026-05-23T00:18:09.860+0000] {dag.py:3096} INFO - Sync 1 DAGs
[2026-05-23T00:18:09.870+0000] {logging_mixin.py:188} INFO - [2026-05-23T00:18:09.870+0000] {dag.py:3954} INFO - Setting next_dagrun for example_complex to None, run_after=None
[2026-05-23T00:18:09.890+0000] {processor.py:183} INFO - Processing /home/airflow/.local/lib/python3.12/site-packages/airflow/example_dags/example_complex.py took 0.069 seconds
[2026-05-23T00:18:40.756+0000] {processor.py:161} INFO - Started process (PID=773) to work on /home/airflow/.local/lib/python3.12/site-packages/airflow/example_dags/example_complex.py
[2026-05-23T00:18:40.758+0000] {processor.py:830} INFO - Processing file /home/airflow/.local/lib/python3.12/site-packages/airflow/example_dags/example_complex.py for tasks to queue
[2026-05-23T00:18:40.764+0000] {logging_mixin.py:188} INFO - [2026-05-23T00:18:40.763+0000] {dagbag.py:545} INFO - Filling up the DagBag from /home/airflow/.local/lib/python3.12/site-packages/airflow/example_dags/example_complex.py
[2026-05-23T00:18:40.793+0000] {processor.py:840} INFO - DAG(s) 'example_complex' retrieved from /home/airflow/.local/lib/python3.12/site-packages/airflow/example_dags/example_complex.py
[2026-05-23T00:18:40.907+0000] {logging_mixin.py:188} INFO - [2026-05-23T00:18:40.906+0000] {dag.py:3096} INFO - Sync 1 DAGs
[2026-05-23T00:18:40.929+0000] {logging_mixin.py:188} INFO - [2026-05-23T00:18:40.929+0000] {dag.py:3954} INFO - Setting next_dagrun for example_complex to None, run_after=None
[2026-05-23T00:18:40.956+0000] {processor.py:183} INFO - Processing /home/airflow/.local/lib/python3.12/site-packages/airflow/example_dags/example_complex.py took 0.218 seconds
[2026-05-23T00:19:11.301+0000] {processor.py:161} INFO - Started process (PID=832) to work on /home/airflow/.local/lib/python3.12/site-packages/airflow/example_dags/example_complex.py
[2026-05-23T00:19:11.302+0000] {processor.py:830} INFO - Processing file /home/airflow/.local/lib/python3.12/site-packages/airflow/example_dags/example_complex.py for tasks to queue
[2026-05-23T00:19:11.303+0000] {logging_mixin.py:188} INFO - [2026-05-23T00:19:11.303+0000] {dagbag.py:545} INFO - Filling up the DagBag from /home/airflow/.local/lib/python3.12/site-packages/airflow/example_dags/example_complex.py
[2026-05-23T00:19:11.309+0000] {processor.py:840} INFO - DAG(s) 'example_complex' retrieved from /home/airflow/.local/lib/python3.12/site-packages/airflow/example_dags/example_complex.py
[2026-05-23T00:19:11.329+0000] {logging_mixin.py:188} INFO - [2026-05-23T00:19:11.328+0000] {dag.py:3096} INFO - Sync 1 DAGs
[2026-05-23T00:19:11.336+0000] {logging_mixin.py:188} INFO - [2026-05-23T00:19:11.336+0000] {dag.py:3954} INFO - Setting next_dagrun for example_complex to None, run_after=None
[2026-05-23T00:19:11.346+0000] {processor.py:183} INFO - Processing /home/airflow/.local/lib/python3.12/site-packages/airflow/example_dags/example_complex.py took 0.049 seconds
[2026-05-23T00:19:42.009+0000] {processor.py:161} INFO - Started process (PID=891) to work on /home/airflow/.local/lib/python3.12/site-packages/airflow/example_dags/example_complex.py
[2026-05-23T00:19:42.011+0000] {processor.py:830} INFO - Processing file /home/airflow/.local/lib/python3.12/site-packages/airflow/example_dags/example_complex.py for tasks to queue
[2026-05-23T00:19:42.012+0000] {logging_mixin.py:188} INFO - [2026-05-23T00:19:42.012+0000] {dagbag.py:545} INFO - Filling up the DagBag from /home/airflow/.local/lib/python3.12/site-packages/airflow/example_dags/example_complex.py
[2026-05-23T00:19:42.021+0000] {processor.py:840} INFO - DAG(s) 'example_complex' retrieved from /home/airflow/.local/lib/python3.12/site-packages/airflow/example_dags/example_complex.py
[2026-05-23T00:19:42.083+0000] {logging_mixin.py:188} INFO - [2026-05-23T00:19:42.082+0000] {dag.py:3096} INFO - Sync 1 DAGs
[2026-05-23T00:19:42.115+0000] {logging_mixin.py:188} INFO - [2026-05-23T00:19:42.115+0000] {dag.py:3954} INFO - Setting next_dagrun for example_complex to None, run_after=None
[2026-05-23T00:19:42.158+0000] {processor.py:183} INFO - Processing /home/airflow/.local/lib/python3.12/site-packages/airflow/example_dags/example_complex.py took 0.159 seconds
[2026-05-23T00:20:12.548+0000] {processor.py:161} INFO - Started process (PID=950) to work on /home/airflow/.local/lib/python3.12/site-packages/airflow/example_dags/example_complex.py
[2026-05-23T00:20:12.550+0000] {processor.py:830} INFO - Processing file /home/airflow/.local/lib/python3.12/site-packages/airflow/example_dags/example_complex.py for tasks to queue
[2026-05-23T00:20:12.552+0000] {logging_mixin.py:188} INFO - [2026-05-23T00:20:12.552+0000] {dagbag.py:545} INFO - Filling up the DagBag from /home/airflow/.local/lib/python3.12/site-packages/airflow/example_dags/example_complex.py
[2026-05-23T00:20:12.560+0000] {processor.py:840} INFO - DAG(s) 'example_complex' retrieved from /home/airflow/.local/lib/python3.12/site-packages/airflow/example_dags/example_complex.py
[2026-05-23T00:20:12.588+0000] {logging_mixin.py:188} INFO - [2026-05-23T00:20:12.588+0000] {dag.py:3096} INFO - Sync 1 DAGs
[2026-05-23T00:20:12.598+0000] {logging_mixin.py:188} INFO - [2026-05-23T00:20:12.597+0000] {dag.py:3954} INFO - Setting next_dagrun for example_complex to None, run_after=None
[2026-05-23T00:20:12.610+0000] {processor.py:183} INFO - Processing /home/airflow/.local/lib/python3.12/site-packages/airflow/example_dags/example_complex.py took 0.066 seconds
[2026-05-23T00:20:43.311+0000] {processor.py:161} INFO - Started process (PID=1009) to work on /home/airflow/.local/lib/python3.12/site-packages/airflow/example_dags/example_complex.py
[2026-05-23T00:20:43.314+0000] {processor.py:830} INFO - Processing file /home/airflow/.local/lib/python3.12/site-packages/airflow/example_dags/example_complex.py for tasks to queue
[2026-05-23T00:20:43.315+0000] {logging_mixin.py:188} INFO - [2026-05-23T00:20:43.315+0000] {dagbag.py:545} INFO - Filling up the DagBag from /home/airflow/.local/lib/python3.12/site-packages/airflow/example_dags/example_complex.py
[2026-05-23T00:20:43.325+0000] {processor.py:840} INFO - DAG(s) 'example_complex' retrieved from /home/airflow/.local/lib/python3.12/site-packages/airflow/example_dags/example_complex.py
[2026-05-23T00:20:43.352+0000] {logging_mixin.py:188} INFO - [2026-05-23T00:20:43.352+0000] {dag.py:3096} INFO - Sync 1 DAGs
[2026-05-23T00:20:43.360+0000] {logging_mixin.py:188} INFO - [2026-05-23T00:20:43.360+0000] {dag.py:3954} INFO - Setting next_dagrun for example_complex to None, run_after=None
[2026-05-23T00:20:43.372+0000] {processor.py:183} INFO - Processing /home/airflow/.local/lib/python3.12/site-packages/airflow/example_dags/example_complex.py took 0.069 seconds
[2026-05-23T00:21:14.093+0000] {processor.py:161} INFO - Started process (PID=1068) to work on /home/airflow/.local/lib/python3.12/site-packages/airflow/example_dags/example_complex.py
[2026-05-23T00:21:14.095+0000] {processor.py:830} INFO - Processing file /home/airflow/.local/lib/python3.12/site-packages/airflow/example_dags/example_complex.py for tasks to queue
[2026-05-23T00:21:14.100+0000] {logging_mixin.py:188} INFO - [2026-05-23T00:21:14.099+0000] {dagbag.py:545} INFO - Filling up the DagBag from /home/airflow/.local/lib/python3.12/site-packages/airflow/example_dags/example_complex.py
[2026-05-23T00:21:14.114+0000] {processor.py:840} INFO - DAG(s) 'example_complex' retrieved from /home/airflow/.local/lib/python3.12/site-packages/airflow/example_dags/example_complex.py
[2026-05-23T00:21:14.161+0000] {logging_mixin.py:188} INFO - [2026-05-23T00:21:14.161+0000] {dag.py:3096} INFO - Sync 1 DAGs
[2026-05-23T00:21:14.175+0000] {logging_mixin.py:188} INFO - [2026-05-23T00:21:14.174+0000] {dag.py:3954} INFO - Setting next_dagrun for example_complex to None, run_after=None
[2026-05-23T00:21:14.210+0000] {processor.py:183} INFO - Processing /home/airflow/.local/lib/python3.12/site-packages/airflow/example_dags/example_complex.py took 0.127 seconds
[2026-05-23T00:21:44.589+0000] {processor.py:161} INFO - Started process (PID=1127) to work on /home/airflow/.local/lib/python3.12/site-packages/airflow/example_dags/example_complex.py
[2026-05-23T00:21:44.591+0000] {processor.py:830} INFO - Processing file /home/airflow/.local/lib/python3.12/site-packages/airflow/example_dags/example_complex.py for tasks to queue
[2026-05-23T00:21:44.592+0000] {logging_mixin.py:188} INFO - [2026-05-23T00:21:44.592+0000] {dagbag.py:545} INFO - Filling up the DagBag from /home/airflow/.local/lib/python3.12/site-packages/airflow/example_dags/example_complex.py
[2026-05-23T00:21:44.598+0000] {processor.py:840} INFO - DAG(s) 'example_complex' retrieved from /home/airflow/.local/lib/python3.12/site-packages/airflow/example_dags/example_complex.py
[2026-05-23T00:21:44.620+0000] {logging_mixin.py:188} INFO - [2026-05-23T00:21:44.619+0000] {dag.py:3096} INFO - Sync 1 DAGs
[2026-05-23T00:21:44.628+0000] {logging_mixin.py:188} INFO - [2026-05-23T00:21:44.628+0000] {dag.py:3954} INFO - Setting next_dagrun for example_complex to None, run_after=None
[2026-05-23T00:21:44.639+0000] {processor.py:183} INFO - Processing /home/airflow/.local/lib/python3.12/site-packages/airflow/example_dags/example_complex.py took 0.058 seconds
[2026-05-23T00:22:16.081+0000] {processor.py:161} INFO - Started process (PID=1186) to work on /home/airflow/.local/lib/python3.12/site-packages/airflow/example_dags/example_complex.py
[2026-05-23T00:22:16.083+0000] {processor.py:830} INFO - Processing file /home/airflow/.local/lib/python3.12/site-packages/airflow/example_dags/example_complex.py for tasks to queue
[2026-05-23T00:22:16.084+0000] {logging_mixin.py:188} INFO - [2026-05-23T00:22:16.084+0000] {dagbag.py:545} INFO - Filling up the DagBag from /home/airflow/.local/lib/python3.12/site-packages/airflow/example_dags/example_complex.py
[2026-05-23T00:22:16.100+0000] {processor.py:840} INFO - DAG(s) 'example_complex' retrieved from /home/airflow/.local/lib/python3.12/site-packages/airflow/example_dags/example_complex.py
[2026-05-23T00:22:16.141+0000] {logging_mixin.py:188} INFO - [2026-05-23T00:22:16.141+0000] {dag.py:3096} INFO - Sync 1 DAGs
[2026-05-23T00:22:16.157+0000] {logging_mixin.py:188} INFO - [2026-05-23T00:22:16.156+0000] {dag.py:3954} INFO - Setting next_dagrun for example_complex to None, run_after=None
[2026-05-23T00:22:16.220+0000] {processor.py:183} INFO - Processing /home/airflow/.local/lib/python3.12/site-packages/airflow/example_dags/example_complex.py took 0.163 seconds
