[2026-05-23T00:00:28.661+0000] {processor.py:161} INFO - Started process (PID=2335) to work on /home/airflow/.local/lib/python3.12/site-packages/airflow/example_dags/example_setup_teardown.py
[2026-05-23T00:00:28.662+0000] {processor.py:830} INFO - Processing file /home/airflow/.local/lib/python3.12/site-packages/airflow/example_dags/example_setup_teardown.py for tasks to queue
[2026-05-23T00:00:28.663+0000] {logging_mixin.py:188} INFO - [2026-05-23T00:00:28.663+0000] {dagbag.py:545} INFO - Filling up the DagBag from /home/airflow/.local/lib/python3.12/site-packages/airflow/example_dags/example_setup_teardown.py
[2026-05-23T00:00:28.668+0000] {processor.py:840} INFO - DAG(s) 'example_setup_teardown' retrieved from /home/airflow/.local/lib/python3.12/site-packages/airflow/example_dags/example_setup_teardown.py
[2026-05-23T00:00:28.686+0000] {logging_mixin.py:188} INFO - [2026-05-23T00:00:28.686+0000] {dag.py:3096} INFO - Sync 1 DAGs
[2026-05-23T00:00:28.700+0000] {logging_mixin.py:188} INFO - [2026-05-23T00:00:28.700+0000] {dag.py:3954} INFO - Setting next_dagrun for example_setup_teardown to 2026-05-22 00:00:00+00:00, run_after=2026-05-23 00:00:00+00:00
[2026-05-23T00:00:28.717+0000] {processor.py:183} INFO - Processing /home/airflow/.local/lib/python3.12/site-packages/airflow/example_dags/example_setup_teardown.py took 0.060 seconds
[2026-05-23T00:00:58.910+0000] {processor.py:161} INFO - Started process (PID=2394) to work on /home/airflow/.local/lib/python3.12/site-packages/airflow/example_dags/example_setup_teardown.py
[2026-05-23T00:00:58.912+0000] {processor.py:830} INFO - Processing file /home/airflow/.local/lib/python3.12/site-packages/airflow/example_dags/example_setup_teardown.py for tasks to queue
[2026-05-23T00:00:58.913+0000] {logging_mixin.py:188} INFO - [2026-05-23T00:00:58.913+0000] {dagbag.py:545} INFO - Filling up the DagBag from /home/airflow/.local/lib/python3.12/site-packages/airflow/example_dags/example_setup_teardown.py
[2026-05-23T00:00:58.918+0000] {processor.py:840} INFO - DAG(s) 'example_setup_teardown' retrieved from /home/airflow/.local/lib/python3.12/site-packages/airflow/example_dags/example_setup_teardown.py
[2026-05-23T00:00:58.932+0000] {logging_mixin.py:188} INFO - [2026-05-23T00:00:58.932+0000] {dag.py:3096} INFO - Sync 1 DAGs
[2026-05-23T00:00:58.950+0000] {logging_mixin.py:188} INFO - [2026-05-23T00:00:58.950+0000] {dag.py:3954} INFO - Setting next_dagrun for example_setup_teardown to 2026-05-22 00:00:00+00:00, run_after=2026-05-23 00:00:00+00:00
[2026-05-23T00:00:58.970+0000] {processor.py:183} INFO - Processing /home/airflow/.local/lib/python3.12/site-packages/airflow/example_dags/example_setup_teardown.py took 0.064 seconds
[2026-05-23T00:01:29.226+0000] {processor.py:161} INFO - Started process (PID=2453) to work on /home/airflow/.local/lib/python3.12/site-packages/airflow/example_dags/example_setup_teardown.py
[2026-05-23T00:01:29.230+0000] {processor.py:830} INFO - Processing file /home/airflow/.local/lib/python3.12/site-packages/airflow/example_dags/example_setup_teardown.py for tasks to queue
[2026-05-23T00:01:29.231+0000] {logging_mixin.py:188} INFO - [2026-05-23T00:01:29.231+0000] {dagbag.py:545} INFO - Filling up the DagBag from /home/airflow/.local/lib/python3.12/site-packages/airflow/example_dags/example_setup_teardown.py
[2026-05-23T00:01:29.235+0000] {processor.py:840} INFO - DAG(s) 'example_setup_teardown' retrieved from /home/airflow/.local/lib/python3.12/site-packages/airflow/example_dags/example_setup_teardown.py
[2026-05-23T00:01:29.250+0000] {logging_mixin.py:188} INFO - [2026-05-23T00:01:29.250+0000] {dag.py:3096} INFO - Sync 1 DAGs
[2026-05-23T00:01:29.265+0000] {logging_mixin.py:188} INFO - [2026-05-23T00:01:29.265+0000] {dag.py:3954} INFO - Setting next_dagrun for example_setup_teardown to 2026-05-22 00:00:00+00:00, run_after=2026-05-23 00:00:00+00:00
[2026-05-23T00:01:29.284+0000] {processor.py:183} INFO - Processing /home/airflow/.local/lib/python3.12/site-packages/airflow/example_dags/example_setup_teardown.py took 0.061 seconds
[2026-05-23T00:02:02.202+0000] {processor.py:161} INFO - Started process (PID=2512) to work on /home/airflow/.local/lib/python3.12/site-packages/airflow/example_dags/example_setup_teardown.py
[2026-05-23T00:02:02.207+0000] {processor.py:830} INFO - Processing file /home/airflow/.local/lib/python3.12/site-packages/airflow/example_dags/example_setup_teardown.py for tasks to queue
[2026-05-23T00:02:02.211+0000] {logging_mixin.py:188} INFO - [2026-05-23T00:02:02.210+0000] {dagbag.py:545} INFO - Filling up the DagBag from /home/airflow/.local/lib/python3.12/site-packages/airflow/example_dags/example_setup_teardown.py
[2026-05-23T00:02:02.221+0000] {processor.py:840} INFO - DAG(s) 'example_setup_teardown' retrieved from /home/airflow/.local/lib/python3.12/site-packages/airflow/example_dags/example_setup_teardown.py
[2026-05-23T00:02:02.277+0000] {logging_mixin.py:188} INFO - [2026-05-23T00:02:02.276+0000] {dag.py:3096} INFO - Sync 1 DAGs
[2026-05-23T00:02:02.343+0000] {logging_mixin.py:188} INFO - [2026-05-23T00:02:02.343+0000] {dag.py:3954} INFO - Setting next_dagrun for example_setup_teardown to 2026-05-22 00:00:00+00:00, run_after=2026-05-23 00:00:00+00:00
[2026-05-23T00:02:02.358+0000] {processor.py:183} INFO - Processing /home/airflow/.local/lib/python3.12/site-packages/airflow/example_dags/example_setup_teardown.py took 0.170 seconds
[2026-05-23T00:02:33.126+0000] {processor.py:161} INFO - Started process (PID=2571) to work on /home/airflow/.local/lib/python3.12/site-packages/airflow/example_dags/example_setup_teardown.py
[2026-05-23T00:02:33.127+0000] {processor.py:830} INFO - Processing file /home/airflow/.local/lib/python3.12/site-packages/airflow/example_dags/example_setup_teardown.py for tasks to queue
[2026-05-23T00:02:33.128+0000] {logging_mixin.py:188} INFO - [2026-05-23T00:02:33.128+0000] {dagbag.py:545} INFO - Filling up the DagBag from /home/airflow/.local/lib/python3.12/site-packages/airflow/example_dags/example_setup_teardown.py
[2026-05-23T00:02:33.134+0000] {processor.py:840} INFO - DAG(s) 'example_setup_teardown' retrieved from /home/airflow/.local/lib/python3.12/site-packages/airflow/example_dags/example_setup_teardown.py
[2026-05-23T00:02:33.148+0000] {logging_mixin.py:188} INFO - [2026-05-23T00:02:33.148+0000] {dag.py:3096} INFO - Sync 1 DAGs
[2026-05-23T00:02:33.162+0000] {logging_mixin.py:188} INFO - [2026-05-23T00:02:33.162+0000] {dag.py:3954} INFO - Setting next_dagrun for example_setup_teardown to 2026-05-22 00:00:00+00:00, run_after=2026-05-23 00:00:00+00:00
[2026-05-23T00:02:33.173+0000] {processor.py:183} INFO - Processing /home/airflow/.local/lib/python3.12/site-packages/airflow/example_dags/example_setup_teardown.py took 0.052 seconds
[2026-05-23T00:03:03.919+0000] {processor.py:161} INFO - Started process (PID=2630) to work on /home/airflow/.local/lib/python3.12/site-packages/airflow/example_dags/example_setup_teardown.py
[2026-05-23T00:03:03.920+0000] {processor.py:830} INFO - Processing file /home/airflow/.local/lib/python3.12/site-packages/airflow/example_dags/example_setup_teardown.py for tasks to queue
[2026-05-23T00:03:03.921+0000] {logging_mixin.py:188} INFO - [2026-05-23T00:03:03.921+0000] {dagbag.py:545} INFO - Filling up the DagBag from /home/airflow/.local/lib/python3.12/site-packages/airflow/example_dags/example_setup_teardown.py
[2026-05-23T00:03:03.926+0000] {processor.py:840} INFO - DAG(s) 'example_setup_teardown' retrieved from /home/airflow/.local/lib/python3.12/site-packages/airflow/example_dags/example_setup_teardown.py
[2026-05-23T00:03:03.941+0000] {logging_mixin.py:188} INFO - [2026-05-23T00:03:03.940+0000] {dag.py:3096} INFO - Sync 1 DAGs
[2026-05-23T00:03:03.956+0000] {logging_mixin.py:188} INFO - [2026-05-23T00:03:03.956+0000] {dag.py:3954} INFO - Setting next_dagrun for example_setup_teardown to 2026-05-22 00:00:00+00:00, run_after=2026-05-23 00:00:00+00:00
[2026-05-23T00:03:03.968+0000] {processor.py:183} INFO - Processing /home/airflow/.local/lib/python3.12/site-packages/airflow/example_dags/example_setup_teardown.py took 0.055 seconds
[2026-05-23T00:03:34.735+0000] {processor.py:161} INFO - Started process (PID=2689) to work on /home/airflow/.local/lib/python3.12/site-packages/airflow/example_dags/example_setup_teardown.py
[2026-05-23T00:03:34.736+0000] {processor.py:830} INFO - Processing file /home/airflow/.local/lib/python3.12/site-packages/airflow/example_dags/example_setup_teardown.py for tasks to queue
[2026-05-23T00:03:34.739+0000] {logging_mixin.py:188} INFO - [2026-05-23T00:03:34.739+0000] {dagbag.py:545} INFO - Filling up the DagBag from /home/airflow/.local/lib/python3.12/site-packages/airflow/example_dags/example_setup_teardown.py
[2026-05-23T00:03:34.745+0000] {processor.py:840} INFO - DAG(s) 'example_setup_teardown' retrieved from /home/airflow/.local/lib/python3.12/site-packages/airflow/example_dags/example_setup_teardown.py
[2026-05-23T00:03:34.763+0000] {logging_mixin.py:188} INFO - [2026-05-23T00:03:34.763+0000] {dag.py:3096} INFO - Sync 1 DAGs
[2026-05-23T00:03:34.778+0000] {logging_mixin.py:188} INFO - [2026-05-23T00:03:34.778+0000] {dag.py:3954} INFO - Setting next_dagrun for example_setup_teardown to 2026-05-22 00:00:00+00:00, run_after=2026-05-23 00:00:00+00:00
[2026-05-23T00:03:34.790+0000] {processor.py:183} INFO - Processing /home/airflow/.local/lib/python3.12/site-packages/airflow/example_dags/example_setup_teardown.py took 0.059 seconds
[2026-05-23T00:04:04.922+0000] {processor.py:161} INFO - Started process (PID=2748) to work on /home/airflow/.local/lib/python3.12/site-packages/airflow/example_dags/example_setup_teardown.py
[2026-05-23T00:04:04.923+0000] {processor.py:830} INFO - Processing file /home/airflow/.local/lib/python3.12/site-packages/airflow/example_dags/example_setup_teardown.py for tasks to queue
[2026-05-23T00:04:04.925+0000] {logging_mixin.py:188} INFO - [2026-05-23T00:04:04.925+0000] {dagbag.py:545} INFO - Filling up the DagBag from /home/airflow/.local/lib/python3.12/site-packages/airflow/example_dags/example_setup_teardown.py
[2026-05-23T00:04:04.930+0000] {processor.py:840} INFO - DAG(s) 'example_setup_teardown' retrieved from /home/airflow/.local/lib/python3.12/site-packages/airflow/example_dags/example_setup_teardown.py
[2026-05-23T00:04:04.945+0000] {logging_mixin.py:188} INFO - [2026-05-23T00:04:04.945+0000] {dag.py:3096} INFO - Sync 1 DAGs
[2026-05-23T00:04:04.962+0000] {logging_mixin.py:188} INFO - [2026-05-23T00:04:04.962+0000] {dag.py:3954} INFO - Setting next_dagrun for example_setup_teardown to 2026-05-22 00:00:00+00:00, run_after=2026-05-23 00:00:00+00:00
[2026-05-23T00:04:04.990+0000] {processor.py:183} INFO - Processing /home/airflow/.local/lib/python3.12/site-packages/airflow/example_dags/example_setup_teardown.py took 0.072 seconds
[2026-05-23T00:04:35.665+0000] {processor.py:161} INFO - Started process (PID=2807) to work on /home/airflow/.local/lib/python3.12/site-packages/airflow/example_dags/example_setup_teardown.py
[2026-05-23T00:04:35.668+0000] {processor.py:830} INFO - Processing file /home/airflow/.local/lib/python3.12/site-packages/airflow/example_dags/example_setup_teardown.py for tasks to queue
[2026-05-23T00:04:35.669+0000] {logging_mixin.py:188} INFO - [2026-05-23T00:04:35.669+0000] {dagbag.py:545} INFO - Filling up the DagBag from /home/airflow/.local/lib/python3.12/site-packages/airflow/example_dags/example_setup_teardown.py
[2026-05-23T00:04:35.674+0000] {processor.py:840} INFO - DAG(s) 'example_setup_teardown' retrieved from /home/airflow/.local/lib/python3.12/site-packages/airflow/example_dags/example_setup_teardown.py
[2026-05-23T00:04:35.692+0000] {logging_mixin.py:188} INFO - [2026-05-23T00:04:35.692+0000] {dag.py:3096} INFO - Sync 1 DAGs
[2026-05-23T00:04:35.706+0000] {logging_mixin.py:188} INFO - [2026-05-23T00:04:35.706+0000] {dag.py:3954} INFO - Setting next_dagrun for example_setup_teardown to 2026-05-22 00:00:00+00:00, run_after=2026-05-23 00:00:00+00:00
[2026-05-23T00:04:35.725+0000] {processor.py:183} INFO - Processing /home/airflow/.local/lib/python3.12/site-packages/airflow/example_dags/example_setup_teardown.py took 0.064 seconds
[2026-05-23T00:05:06.473+0000] {processor.py:161} INFO - Started process (PID=2866) to work on /home/airflow/.local/lib/python3.12/site-packages/airflow/example_dags/example_setup_teardown.py
[2026-05-23T00:05:06.474+0000] {processor.py:830} INFO - Processing file /home/airflow/.local/lib/python3.12/site-packages/airflow/example_dags/example_setup_teardown.py for tasks to queue
[2026-05-23T00:05:06.475+0000] {logging_mixin.py:188} INFO - [2026-05-23T00:05:06.475+0000] {dagbag.py:545} INFO - Filling up the DagBag from /home/airflow/.local/lib/python3.12/site-packages/airflow/example_dags/example_setup_teardown.py
[2026-05-23T00:05:06.481+0000] {processor.py:840} INFO - DAG(s) 'example_setup_teardown' retrieved from /home/airflow/.local/lib/python3.12/site-packages/airflow/example_dags/example_setup_teardown.py
[2026-05-23T00:05:06.495+0000] {logging_mixin.py:188} INFO - [2026-05-23T00:05:06.495+0000] {dag.py:3096} INFO - Sync 1 DAGs
[2026-05-23T00:05:06.509+0000] {logging_mixin.py:188} INFO - [2026-05-23T00:05:06.509+0000] {dag.py:3954} INFO - Setting next_dagrun for example_setup_teardown to 2026-05-22 00:00:00+00:00, run_after=2026-05-23 00:00:00+00:00
[2026-05-23T00:05:06.520+0000] {processor.py:183} INFO - Processing /home/airflow/.local/lib/python3.12/site-packages/airflow/example_dags/example_setup_teardown.py took 0.054 seconds
[2026-05-23T00:05:37.170+0000] {processor.py:161} INFO - Started process (PID=2925) to work on /home/airflow/.local/lib/python3.12/site-packages/airflow/example_dags/example_setup_teardown.py
[2026-05-23T00:05:37.172+0000] {processor.py:830} INFO - Processing file /home/airflow/.local/lib/python3.12/site-packages/airflow/example_dags/example_setup_teardown.py for tasks to queue
[2026-05-23T00:05:37.173+0000] {logging_mixin.py:188} INFO - [2026-05-23T00:05:37.173+0000] {dagbag.py:545} INFO - Filling up the DagBag from /home/airflow/.local/lib/python3.12/site-packages/airflow/example_dags/example_setup_teardown.py
[2026-05-23T00:05:37.177+0000] {processor.py:840} INFO - DAG(s) 'example_setup_teardown' retrieved from /home/airflow/.local/lib/python3.12/site-packages/airflow/example_dags/example_setup_teardown.py
[2026-05-23T00:05:37.196+0000] {logging_mixin.py:188} INFO - [2026-05-23T00:05:37.196+0000] {dag.py:3096} INFO - Sync 1 DAGs
[2026-05-23T00:05:37.214+0000] {logging_mixin.py:188} INFO - [2026-05-23T00:05:37.214+0000] {dag.py:3954} INFO - Setting next_dagrun for example_setup_teardown to 2026-05-22 00:00:00+00:00, run_after=2026-05-23 00:00:00+00:00
[2026-05-23T00:05:37.230+0000] {processor.py:183} INFO - Processing /home/airflow/.local/lib/python3.12/site-packages/airflow/example_dags/example_setup_teardown.py took 0.064 seconds
[2026-05-23T00:06:07.769+0000] {processor.py:161} INFO - Started process (PID=2984) to work on /home/airflow/.local/lib/python3.12/site-packages/airflow/example_dags/example_setup_teardown.py
[2026-05-23T00:06:07.770+0000] {processor.py:830} INFO - Processing file /home/airflow/.local/lib/python3.12/site-packages/airflow/example_dags/example_setup_teardown.py for tasks to queue
[2026-05-23T00:06:07.771+0000] {logging_mixin.py:188} INFO - [2026-05-23T00:06:07.771+0000] {dagbag.py:545} INFO - Filling up the DagBag from /home/airflow/.local/lib/python3.12/site-packages/airflow/example_dags/example_setup_teardown.py
[2026-05-23T00:06:07.775+0000] {processor.py:840} INFO - DAG(s) 'example_setup_teardown' retrieved from /home/airflow/.local/lib/python3.12/site-packages/airflow/example_dags/example_setup_teardown.py
[2026-05-23T00:06:07.788+0000] {logging_mixin.py:188} INFO - [2026-05-23T00:06:07.788+0000] {dag.py:3096} INFO - Sync 1 DAGs
[2026-05-23T00:06:07.800+0000] {logging_mixin.py:188} INFO - [2026-05-23T00:06:07.800+0000] {dag.py:3954} INFO - Setting next_dagrun for example_setup_teardown to 2026-05-22 00:00:00+00:00, run_after=2026-05-23 00:00:00+00:00
[2026-05-23T00:06:07.811+0000] {processor.py:183} INFO - Processing /home/airflow/.local/lib/python3.12/site-packages/airflow/example_dags/example_setup_teardown.py took 0.045 seconds
[2026-05-23T00:06:38.212+0000] {processor.py:161} INFO - Started process (PID=3043) to work on /home/airflow/.local/lib/python3.12/site-packages/airflow/example_dags/example_setup_teardown.py
[2026-05-23T00:06:38.214+0000] {processor.py:830} INFO - Processing file /home/airflow/.local/lib/python3.12/site-packages/airflow/example_dags/example_setup_teardown.py for tasks to queue
[2026-05-23T00:06:38.215+0000] {logging_mixin.py:188} INFO - [2026-05-23T00:06:38.215+0000] {dagbag.py:545} INFO - Filling up the DagBag from /home/airflow/.local/lib/python3.12/site-packages/airflow/example_dags/example_setup_teardown.py
[2026-05-23T00:06:38.221+0000] {processor.py:840} INFO - DAG(s) 'example_setup_teardown' retrieved from /home/airflow/.local/lib/python3.12/site-packages/airflow/example_dags/example_setup_teardown.py
[2026-05-23T00:06:38.244+0000] {logging_mixin.py:188} INFO - [2026-05-23T00:06:38.243+0000] {dag.py:3096} INFO - Sync 1 DAGs
[2026-05-23T00:06:38.260+0000] {logging_mixin.py:188} INFO - [2026-05-23T00:06:38.260+0000] {dag.py:3954} INFO - Setting next_dagrun for example_setup_teardown to 2026-05-22 00:00:00+00:00, run_after=2026-05-23 00:00:00+00:00
[2026-05-23T00:06:38.271+0000] {processor.py:183} INFO - Processing /home/airflow/.local/lib/python3.12/site-packages/airflow/example_dags/example_setup_teardown.py took 0.065 seconds
[2026-05-23T00:07:09.074+0000] {processor.py:161} INFO - Started process (PID=3102) to work on /home/airflow/.local/lib/python3.12/site-packages/airflow/example_dags/example_setup_teardown.py
[2026-05-23T00:07:09.075+0000] {processor.py:830} INFO - Processing file /home/airflow/.local/lib/python3.12/site-packages/airflow/example_dags/example_setup_teardown.py for tasks to queue
[2026-05-23T00:07:09.076+0000] {logging_mixin.py:188} INFO - [2026-05-23T00:07:09.076+0000] {dagbag.py:545} INFO - Filling up the DagBag from /home/airflow/.local/lib/python3.12/site-packages/airflow/example_dags/example_setup_teardown.py
[2026-05-23T00:07:09.080+0000] {processor.py:840} INFO - DAG(s) 'example_setup_teardown' retrieved from /home/airflow/.local/lib/python3.12/site-packages/airflow/example_dags/example_setup_teardown.py
[2026-05-23T00:07:09.103+0000] {logging_mixin.py:188} INFO - [2026-05-23T00:07:09.103+0000] {dag.py:3096} INFO - Sync 1 DAGs
[2026-05-23T00:07:09.120+0000] {logging_mixin.py:188} INFO - [2026-05-23T00:07:09.119+0000] {dag.py:3954} INFO - Setting next_dagrun for example_setup_teardown to 2026-05-22 00:00:00+00:00, run_after=2026-05-23 00:00:00+00:00
[2026-05-23T00:07:09.131+0000] {processor.py:183} INFO - Processing /home/airflow/.local/lib/python3.12/site-packages/airflow/example_dags/example_setup_teardown.py took 0.062 seconds
[2026-05-23T00:07:39.373+0000] {processor.py:161} INFO - Started process (PID=3161) to work on /home/airflow/.local/lib/python3.12/site-packages/airflow/example_dags/example_setup_teardown.py
[2026-05-23T00:07:39.374+0000] {processor.py:830} INFO - Processing file /home/airflow/.local/lib/python3.12/site-packages/airflow/example_dags/example_setup_teardown.py for tasks to queue
[2026-05-23T00:07:39.376+0000] {logging_mixin.py:188} INFO - [2026-05-23T00:07:39.376+0000] {dagbag.py:545} INFO - Filling up the DagBag from /home/airflow/.local/lib/python3.12/site-packages/airflow/example_dags/example_setup_teardown.py
[2026-05-23T00:07:39.382+0000] {processor.py:840} INFO - DAG(s) 'example_setup_teardown' retrieved from /home/airflow/.local/lib/python3.12/site-packages/airflow/example_dags/example_setup_teardown.py
[2026-05-23T00:07:39.400+0000] {logging_mixin.py:188} INFO - [2026-05-23T00:07:39.400+0000] {dag.py:3096} INFO - Sync 1 DAGs
[2026-05-23T00:07:39.415+0000] {logging_mixin.py:188} INFO - [2026-05-23T00:07:39.415+0000] {dag.py:3954} INFO - Setting next_dagrun for example_setup_teardown to 2026-05-22 00:00:00+00:00, run_after=2026-05-23 00:00:00+00:00
[2026-05-23T00:07:39.426+0000] {processor.py:183} INFO - Processing /home/airflow/.local/lib/python3.12/site-packages/airflow/example_dags/example_setup_teardown.py took 0.057 seconds
[2026-05-23T00:08:10.350+0000] {processor.py:161} INFO - Started process (PID=3220) to work on /home/airflow/.local/lib/python3.12/site-packages/airflow/example_dags/example_setup_teardown.py
[2026-05-23T00:08:10.352+0000] {processor.py:830} INFO - Processing file /home/airflow/.local/lib/python3.12/site-packages/airflow/example_dags/example_setup_teardown.py for tasks to queue
[2026-05-23T00:08:10.353+0000] {logging_mixin.py:188} INFO - [2026-05-23T00:08:10.353+0000] {dagbag.py:545} INFO - Filling up the DagBag from /home/airflow/.local/lib/python3.12/site-packages/airflow/example_dags/example_setup_teardown.py
[2026-05-23T00:08:10.358+0000] {processor.py:840} INFO - DAG(s) 'example_setup_teardown' retrieved from /home/airflow/.local/lib/python3.12/site-packages/airflow/example_dags/example_setup_teardown.py
[2026-05-23T00:08:10.386+0000] {logging_mixin.py:188} INFO - [2026-05-23T00:08:10.385+0000] {dag.py:3096} INFO - Sync 1 DAGs
[2026-05-23T00:08:10.422+0000] {logging_mixin.py:188} INFO - [2026-05-23T00:08:10.422+0000] {dag.py:3954} INFO - Setting next_dagrun for example_setup_teardown to 2026-05-22 00:00:00+00:00, run_after=2026-05-23 00:00:00+00:00
[2026-05-23T00:08:10.439+0000] {processor.py:183} INFO - Processing /home/airflow/.local/lib/python3.12/site-packages/airflow/example_dags/example_setup_teardown.py took 0.094 seconds
[2026-05-23T00:08:41.950+0000] {processor.py:161} INFO - Started process (PID=3285) to work on /home/airflow/.local/lib/python3.12/site-packages/airflow/example_dags/example_setup_teardown.py
[2026-05-23T00:08:41.951+0000] {processor.py:830} INFO - Processing file /home/airflow/.local/lib/python3.12/site-packages/airflow/example_dags/example_setup_teardown.py for tasks to queue
[2026-05-23T00:08:41.952+0000] {logging_mixin.py:188} INFO - [2026-05-23T00:08:41.952+0000] {dagbag.py:545} INFO - Filling up the DagBag from /home/airflow/.local/lib/python3.12/site-packages/airflow/example_dags/example_setup_teardown.py
[2026-05-23T00:08:41.958+0000] {processor.py:840} INFO - DAG(s) 'example_setup_teardown' retrieved from /home/airflow/.local/lib/python3.12/site-packages/airflow/example_dags/example_setup_teardown.py
[2026-05-23T00:08:41.979+0000] {logging_mixin.py:188} INFO - [2026-05-23T00:08:41.979+0000] {dag.py:3096} INFO - Sync 1 DAGs
[2026-05-23T00:08:42.001+0000] {logging_mixin.py:188} INFO - [2026-05-23T00:08:42.000+0000] {dag.py:3954} INFO - Setting next_dagrun for example_setup_teardown to 2026-05-22 00:00:00+00:00, run_after=2026-05-23 00:00:00+00:00
[2026-05-23T00:08:42.040+0000] {processor.py:183} INFO - Processing /home/airflow/.local/lib/python3.12/site-packages/airflow/example_dags/example_setup_teardown.py took 0.097 seconds
[2026-05-23T00:09:12.364+0000] {processor.py:161} INFO - Started process (PID=3344) to work on /home/airflow/.local/lib/python3.12/site-packages/airflow/example_dags/example_setup_teardown.py
[2026-05-23T00:09:12.366+0000] {processor.py:830} INFO - Processing file /home/airflow/.local/lib/python3.12/site-packages/airflow/example_dags/example_setup_teardown.py for tasks to queue
[2026-05-23T00:09:12.368+0000] {logging_mixin.py:188} INFO - [2026-05-23T00:09:12.367+0000] {dagbag.py:545} INFO - Filling up the DagBag from /home/airflow/.local/lib/python3.12/site-packages/airflow/example_dags/example_setup_teardown.py
[2026-05-23T00:09:12.372+0000] {processor.py:840} INFO - DAG(s) 'example_setup_teardown' retrieved from /home/airflow/.local/lib/python3.12/site-packages/airflow/example_dags/example_setup_teardown.py
[2026-05-23T00:09:12.387+0000] {logging_mixin.py:188} INFO - [2026-05-23T00:09:12.387+0000] {dag.py:3096} INFO - Sync 1 DAGs
[2026-05-23T00:09:12.400+0000] {logging_mixin.py:188} INFO - [2026-05-23T00:09:12.400+0000] {dag.py:3954} INFO - Setting next_dagrun for example_setup_teardown to 2026-05-22 00:00:00+00:00, run_after=2026-05-23 00:00:00+00:00
[2026-05-23T00:09:12.418+0000] {processor.py:183} INFO - Processing /home/airflow/.local/lib/python3.12/site-packages/airflow/example_dags/example_setup_teardown.py took 0.058 seconds
[2026-05-23T00:09:43.747+0000] {processor.py:161} INFO - Started process (PID=3403) to work on /home/airflow/.local/lib/python3.12/site-packages/airflow/example_dags/example_setup_teardown.py
[2026-05-23T00:09:43.748+0000] {processor.py:830} INFO - Processing file /home/airflow/.local/lib/python3.12/site-packages/airflow/example_dags/example_setup_teardown.py for tasks to queue
[2026-05-23T00:09:43.749+0000] {logging_mixin.py:188} INFO - [2026-05-23T00:09:43.749+0000] {dagbag.py:545} INFO - Filling up the DagBag from /home/airflow/.local/lib/python3.12/site-packages/airflow/example_dags/example_setup_teardown.py
[2026-05-23T00:09:43.755+0000] {processor.py:840} INFO - DAG(s) 'example_setup_teardown' retrieved from /home/airflow/.local/lib/python3.12/site-packages/airflow/example_dags/example_setup_teardown.py
[2026-05-23T00:09:43.776+0000] {logging_mixin.py:188} INFO - [2026-05-23T00:09:43.775+0000] {dag.py:3096} INFO - Sync 1 DAGs
[2026-05-23T00:09:43.793+0000] {logging_mixin.py:188} INFO - [2026-05-23T00:09:43.793+0000] {dag.py:3954} INFO - Setting next_dagrun for example_setup_teardown to 2026-05-22 00:00:00+00:00, run_after=2026-05-23 00:00:00+00:00
[2026-05-23T00:09:43.808+0000] {processor.py:183} INFO - Processing /home/airflow/.local/lib/python3.12/site-packages/airflow/example_dags/example_setup_teardown.py took 0.066 seconds
[2026-05-23T00:12:36.398+0000] {processor.py:161} INFO - Started process (PID=90) to work on /home/airflow/.local/lib/python3.12/site-packages/airflow/example_dags/example_setup_teardown.py
[2026-05-23T00:12:36.399+0000] {processor.py:830} INFO - Processing file /home/airflow/.local/lib/python3.12/site-packages/airflow/example_dags/example_setup_teardown.py for tasks to queue
[2026-05-23T00:12:36.401+0000] {logging_mixin.py:188} INFO - [2026-05-23T00:12:36.401+0000] {dagbag.py:545} INFO - Filling up the DagBag from /home/airflow/.local/lib/python3.12/site-packages/airflow/example_dags/example_setup_teardown.py
[2026-05-23T00:12:36.419+0000] {processor.py:840} INFO - DAG(s) 'example_setup_teardown' retrieved from /home/airflow/.local/lib/python3.12/site-packages/airflow/example_dags/example_setup_teardown.py
[2026-05-23T00:12:36.518+0000] {logging_mixin.py:188} INFO - [2026-05-23T00:12:36.518+0000] {dag.py:3096} INFO - Sync 1 DAGs
[2026-05-23T00:12:36.539+0000] {logging_mixin.py:188} INFO - [2026-05-23T00:12:36.539+0000] {dag.py:3954} INFO - Setting next_dagrun for example_setup_teardown to 2026-05-22 00:00:00+00:00, run_after=2026-05-23 00:00:00+00:00
[2026-05-23T00:12:36.568+0000] {processor.py:183} INFO - Processing /home/airflow/.local/lib/python3.12/site-packages/airflow/example_dags/example_setup_teardown.py took 0.175 seconds
[2026-05-23T00:13:07.295+0000] {processor.py:161} INFO - Started process (PID=149) to work on /home/airflow/.local/lib/python3.12/site-packages/airflow/example_dags/example_setup_teardown.py
[2026-05-23T00:13:07.296+0000] {processor.py:830} INFO - Processing file /home/airflow/.local/lib/python3.12/site-packages/airflow/example_dags/example_setup_teardown.py for tasks to queue
[2026-05-23T00:13:07.297+0000] {logging_mixin.py:188} INFO - [2026-05-23T00:13:07.297+0000] {dagbag.py:545} INFO - Filling up the DagBag from /home/airflow/.local/lib/python3.12/site-packages/airflow/example_dags/example_setup_teardown.py
[2026-05-23T00:13:07.302+0000] {processor.py:840} INFO - DAG(s) 'example_setup_teardown' retrieved from /home/airflow/.local/lib/python3.12/site-packages/airflow/example_dags/example_setup_teardown.py
[2026-05-23T00:13:07.321+0000] {logging_mixin.py:188} INFO - [2026-05-23T00:13:07.321+0000] {dag.py:3096} INFO - Sync 1 DAGs
[2026-05-23T00:13:07.338+0000] {logging_mixin.py:188} INFO - [2026-05-23T00:13:07.337+0000] {dag.py:3954} INFO - Setting next_dagrun for example_setup_teardown to 2026-05-22 00:00:00+00:00, run_after=2026-05-23 00:00:00+00:00
[2026-05-23T00:13:07.355+0000] {processor.py:183} INFO - Processing /home/airflow/.local/lib/python3.12/site-packages/airflow/example_dags/example_setup_teardown.py took 0.064 seconds
[2026-05-23T00:13:37.757+0000] {processor.py:161} INFO - Started process (PID=208) to work on /home/airflow/.local/lib/python3.12/site-packages/airflow/example_dags/example_setup_teardown.py
[2026-05-23T00:13:37.758+0000] {processor.py:830} INFO - Processing file /home/airflow/.local/lib/python3.12/site-packages/airflow/example_dags/example_setup_teardown.py for tasks to queue
[2026-05-23T00:13:37.759+0000] {logging_mixin.py:188} INFO - [2026-05-23T00:13:37.759+0000] {dagbag.py:545} INFO - Filling up the DagBag from /home/airflow/.local/lib/python3.12/site-packages/airflow/example_dags/example_setup_teardown.py
[2026-05-23T00:13:37.765+0000] {processor.py:840} INFO - DAG(s) 'example_setup_teardown' retrieved from /home/airflow/.local/lib/python3.12/site-packages/airflow/example_dags/example_setup_teardown.py
[2026-05-23T00:13:37.783+0000] {logging_mixin.py:188} INFO - [2026-05-23T00:13:37.783+0000] {dag.py:3096} INFO - Sync 1 DAGs
[2026-05-23T00:13:37.797+0000] {logging_mixin.py:188} INFO - [2026-05-23T00:13:37.797+0000] {dag.py:3954} INFO - Setting next_dagrun for example_setup_teardown to 2026-05-22 00:00:00+00:00, run_after=2026-05-23 00:00:00+00:00
[2026-05-23T00:13:37.815+0000] {processor.py:183} INFO - Processing /home/airflow/.local/lib/python3.12/site-packages/airflow/example_dags/example_setup_teardown.py took 0.061 seconds
[2026-05-23T00:14:08.233+0000] {processor.py:161} INFO - Started process (PID=267) to work on /home/airflow/.local/lib/python3.12/site-packages/airflow/example_dags/example_setup_teardown.py
[2026-05-23T00:14:08.234+0000] {processor.py:830} INFO - Processing file /home/airflow/.local/lib/python3.12/site-packages/airflow/example_dags/example_setup_teardown.py for tasks to queue
[2026-05-23T00:14:08.236+0000] {logging_mixin.py:188} INFO - [2026-05-23T00:14:08.236+0000] {dagbag.py:545} INFO - Filling up the DagBag from /home/airflow/.local/lib/python3.12/site-packages/airflow/example_dags/example_setup_teardown.py
[2026-05-23T00:14:08.241+0000] {processor.py:840} INFO - DAG(s) 'example_setup_teardown' retrieved from /home/airflow/.local/lib/python3.12/site-packages/airflow/example_dags/example_setup_teardown.py
[2026-05-23T00:14:08.261+0000] {logging_mixin.py:188} INFO - [2026-05-23T00:14:08.261+0000] {dag.py:3096} INFO - Sync 1 DAGs
[2026-05-23T00:14:08.328+0000] {logging_mixin.py:188} INFO - [2026-05-23T00:14:08.327+0000] {dag.py:3954} INFO - Setting next_dagrun for example_setup_teardown to 2026-05-22 00:00:00+00:00, run_after=2026-05-23 00:00:00+00:00
[2026-05-23T00:14:08.344+0000] {processor.py:183} INFO - Processing /home/airflow/.local/lib/python3.12/site-packages/airflow/example_dags/example_setup_teardown.py took 0.115 seconds
[2026-05-23T00:14:38.709+0000] {processor.py:161} INFO - Started process (PID=326) to work on /home/airflow/.local/lib/python3.12/site-packages/airflow/example_dags/example_setup_teardown.py
[2026-05-23T00:14:38.710+0000] {processor.py:830} INFO - Processing file /home/airflow/.local/lib/python3.12/site-packages/airflow/example_dags/example_setup_teardown.py for tasks to queue
[2026-05-23T00:14:38.711+0000] {logging_mixin.py:188} INFO - [2026-05-23T00:14:38.711+0000] {dagbag.py:545} INFO - Filling up the DagBag from /home/airflow/.local/lib/python3.12/site-packages/airflow/example_dags/example_setup_teardown.py
[2026-05-23T00:14:38.716+0000] {processor.py:840} INFO - DAG(s) 'example_setup_teardown' retrieved from /home/airflow/.local/lib/python3.12/site-packages/airflow/example_dags/example_setup_teardown.py
[2026-05-23T00:14:38.733+0000] {logging_mixin.py:188} INFO - [2026-05-23T00:14:38.733+0000] {dag.py:3096} INFO - Sync 1 DAGs
[2026-05-23T00:14:38.748+0000] {logging_mixin.py:188} INFO - [2026-05-23T00:14:38.747+0000] {dag.py:3954} INFO - Setting next_dagrun for example_setup_teardown to 2026-05-22 00:00:00+00:00, run_after=2026-05-23 00:00:00+00:00
[2026-05-23T00:14:38.809+0000] {processor.py:183} INFO - Processing /home/airflow/.local/lib/python3.12/site-packages/airflow/example_dags/example_setup_teardown.py took 0.104 seconds
[2026-05-23T00:15:09.429+0000] {processor.py:161} INFO - Started process (PID=385) to work on /home/airflow/.local/lib/python3.12/site-packages/airflow/example_dags/example_setup_teardown.py
[2026-05-23T00:15:09.430+0000] {processor.py:830} INFO - Processing file /home/airflow/.local/lib/python3.12/site-packages/airflow/example_dags/example_setup_teardown.py for tasks to queue
[2026-05-23T00:15:09.434+0000] {logging_mixin.py:188} INFO - [2026-05-23T00:15:09.434+0000] {dagbag.py:545} INFO - Filling up the DagBag from /home/airflow/.local/lib/python3.12/site-packages/airflow/example_dags/example_setup_teardown.py
[2026-05-23T00:15:09.447+0000] {processor.py:840} INFO - DAG(s) 'example_setup_teardown' retrieved from /home/airflow/.local/lib/python3.12/site-packages/airflow/example_dags/example_setup_teardown.py
[2026-05-23T00:15:09.473+0000] {logging_mixin.py:188} INFO - [2026-05-23T00:15:09.472+0000] {dag.py:3096} INFO - Sync 1 DAGs
[2026-05-23T00:15:09.489+0000] {logging_mixin.py:188} INFO - [2026-05-23T00:15:09.489+0000] {dag.py:3954} INFO - Setting next_dagrun for example_setup_teardown to 2026-05-22 00:00:00+00:00, run_after=2026-05-23 00:00:00+00:00
[2026-05-23T00:15:09.511+0000] {processor.py:183} INFO - Processing /home/airflow/.local/lib/python3.12/site-packages/airflow/example_dags/example_setup_teardown.py took 0.087 seconds
[2026-05-23T00:15:40.068+0000] {processor.py:161} INFO - Started process (PID=444) to work on /home/airflow/.local/lib/python3.12/site-packages/airflow/example_dags/example_setup_teardown.py
[2026-05-23T00:15:40.070+0000] {processor.py:830} INFO - Processing file /home/airflow/.local/lib/python3.12/site-packages/airflow/example_dags/example_setup_teardown.py for tasks to queue
[2026-05-23T00:15:40.073+0000] {logging_mixin.py:188} INFO - [2026-05-23T00:15:40.073+0000] {dagbag.py:545} INFO - Filling up the DagBag from /home/airflow/.local/lib/python3.12/site-packages/airflow/example_dags/example_setup_teardown.py
[2026-05-23T00:15:40.079+0000] {processor.py:840} INFO - DAG(s) 'example_setup_teardown' retrieved from /home/airflow/.local/lib/python3.12/site-packages/airflow/example_dags/example_setup_teardown.py
[2026-05-23T00:15:40.096+0000] {logging_mixin.py:188} INFO - [2026-05-23T00:15:40.096+0000] {dag.py:3096} INFO - Sync 1 DAGs
[2026-05-23T00:15:40.111+0000] {logging_mixin.py:188} INFO - [2026-05-23T00:15:40.111+0000] {dag.py:3954} INFO - Setting next_dagrun for example_setup_teardown to 2026-05-22 00:00:00+00:00, run_after=2026-05-23 00:00:00+00:00
[2026-05-23T00:15:40.124+0000] {processor.py:183} INFO - Processing /home/airflow/.local/lib/python3.12/site-packages/airflow/example_dags/example_setup_teardown.py took 0.061 seconds
[2026-05-23T00:16:10.803+0000] {processor.py:161} INFO - Started process (PID=503) to work on /home/airflow/.local/lib/python3.12/site-packages/airflow/example_dags/example_setup_teardown.py
[2026-05-23T00:16:10.805+0000] {processor.py:830} INFO - Processing file /home/airflow/.local/lib/python3.12/site-packages/airflow/example_dags/example_setup_teardown.py for tasks to queue
[2026-05-23T00:16:10.806+0000] {logging_mixin.py:188} INFO - [2026-05-23T00:16:10.806+0000] {dagbag.py:545} INFO - Filling up the DagBag from /home/airflow/.local/lib/python3.12/site-packages/airflow/example_dags/example_setup_teardown.py
[2026-05-23T00:16:10.811+0000] {processor.py:840} INFO - DAG(s) 'example_setup_teardown' retrieved from /home/airflow/.local/lib/python3.12/site-packages/airflow/example_dags/example_setup_teardown.py
[2026-05-23T00:16:10.828+0000] {logging_mixin.py:188} INFO - [2026-05-23T00:16:10.828+0000] {dag.py:3096} INFO - Sync 1 DAGs
[2026-05-23T00:16:10.844+0000] {logging_mixin.py:188} INFO - [2026-05-23T00:16:10.844+0000] {dag.py:3954} INFO - Setting next_dagrun for example_setup_teardown to 2026-05-22 00:00:00+00:00, run_after=2026-05-23 00:00:00+00:00
[2026-05-23T00:16:10.861+0000] {processor.py:183} INFO - Processing /home/airflow/.local/lib/python3.12/site-packages/airflow/example_dags/example_setup_teardown.py took 0.063 seconds
[2026-05-23T00:16:41.583+0000] {processor.py:161} INFO - Started process (PID=562) to work on /home/airflow/.local/lib/python3.12/site-packages/airflow/example_dags/example_setup_teardown.py
[2026-05-23T00:16:41.584+0000] {processor.py:830} INFO - Processing file /home/airflow/.local/lib/python3.12/site-packages/airflow/example_dags/example_setup_teardown.py for tasks to queue
[2026-05-23T00:16:41.585+0000] {logging_mixin.py:188} INFO - [2026-05-23T00:16:41.585+0000] {dagbag.py:545} INFO - Filling up the DagBag from /home/airflow/.local/lib/python3.12/site-packages/airflow/example_dags/example_setup_teardown.py
[2026-05-23T00:16:41.590+0000] {processor.py:840} INFO - DAG(s) 'example_setup_teardown' retrieved from /home/airflow/.local/lib/python3.12/site-packages/airflow/example_dags/example_setup_teardown.py
[2026-05-23T00:16:41.605+0000] {logging_mixin.py:188} INFO - [2026-05-23T00:16:41.604+0000] {dag.py:3096} INFO - Sync 1 DAGs
[2026-05-23T00:16:41.620+0000] {logging_mixin.py:188} INFO - [2026-05-23T00:16:41.620+0000] {dag.py:3954} INFO - Setting next_dagrun for example_setup_teardown to 2026-05-22 00:00:00+00:00, run_after=2026-05-23 00:00:00+00:00
[2026-05-23T00:16:41.636+0000] {processor.py:183} INFO - Processing /home/airflow/.local/lib/python3.12/site-packages/airflow/example_dags/example_setup_teardown.py took 0.058 seconds
[2026-05-23T00:17:12.662+0000] {processor.py:161} INFO - Started process (PID=621) to work on /home/airflow/.local/lib/python3.12/site-packages/airflow/example_dags/example_setup_teardown.py
[2026-05-23T00:17:12.664+0000] {processor.py:830} INFO - Processing file /home/airflow/.local/lib/python3.12/site-packages/airflow/example_dags/example_setup_teardown.py for tasks to queue
[2026-05-23T00:17:12.667+0000] {logging_mixin.py:188} INFO - [2026-05-23T00:17:12.667+0000] {dagbag.py:545} INFO - Filling up the DagBag from /home/airflow/.local/lib/python3.12/site-packages/airflow/example_dags/example_setup_teardown.py
[2026-05-23T00:17:12.674+0000] {processor.py:840} INFO - DAG(s) 'example_setup_teardown' retrieved from /home/airflow/.local/lib/python3.12/site-packages/airflow/example_dags/example_setup_teardown.py
[2026-05-23T00:17:12.693+0000] {logging_mixin.py:188} INFO - [2026-05-23T00:17:12.693+0000] {dag.py:3096} INFO - Sync 1 DAGs
[2026-05-23T00:17:12.710+0000] {logging_mixin.py:188} INFO - [2026-05-23T00:17:12.710+0000] {dag.py:3954} INFO - Setting next_dagrun for example_setup_teardown to 2026-05-22 00:00:00+00:00, run_after=2026-05-23 00:00:00+00:00
[2026-05-23T00:17:12.726+0000] {processor.py:183} INFO - Processing /home/airflow/.local/lib/python3.12/site-packages/airflow/example_dags/example_setup_teardown.py took 0.070 seconds
[2026-05-23T00:17:43.134+0000] {processor.py:161} INFO - Started process (PID=680) to work on /home/airflow/.local/lib/python3.12/site-packages/airflow/example_dags/example_setup_teardown.py
[2026-05-23T00:17:43.135+0000] {processor.py:830} INFO - Processing file /home/airflow/.local/lib/python3.12/site-packages/airflow/example_dags/example_setup_teardown.py for tasks to queue
[2026-05-23T00:17:43.137+0000] {logging_mixin.py:188} INFO - [2026-05-23T00:17:43.137+0000] {dagbag.py:545} INFO - Filling up the DagBag from /home/airflow/.local/lib/python3.12/site-packages/airflow/example_dags/example_setup_teardown.py
[2026-05-23T00:17:43.144+0000] {processor.py:840} INFO - DAG(s) 'example_setup_teardown' retrieved from /home/airflow/.local/lib/python3.12/site-packages/airflow/example_dags/example_setup_teardown.py
[2026-05-23T00:17:43.179+0000] {logging_mixin.py:188} INFO - [2026-05-23T00:17:43.179+0000] {dag.py:3096} INFO - Sync 1 DAGs
[2026-05-23T00:17:43.207+0000] {logging_mixin.py:188} INFO - [2026-05-23T00:17:43.206+0000] {dag.py:3954} INFO - Setting next_dagrun for example_setup_teardown to 2026-05-22 00:00:00+00:00, run_after=2026-05-23 00:00:00+00:00
[2026-05-23T00:17:43.236+0000] {processor.py:183} INFO - Processing /home/airflow/.local/lib/python3.12/site-packages/airflow/example_dags/example_setup_teardown.py took 0.108 seconds
[2026-05-23T00:18:13.831+0000] {processor.py:161} INFO - Started process (PID=739) to work on /home/airflow/.local/lib/python3.12/site-packages/airflow/example_dags/example_setup_teardown.py
[2026-05-23T00:18:13.835+0000] {processor.py:830} INFO - Processing file /home/airflow/.local/lib/python3.12/site-packages/airflow/example_dags/example_setup_teardown.py for tasks to queue
[2026-05-23T00:18:13.837+0000] {logging_mixin.py:188} INFO - [2026-05-23T00:18:13.837+0000] {dagbag.py:545} INFO - Filling up the DagBag from /home/airflow/.local/lib/python3.12/site-packages/airflow/example_dags/example_setup_teardown.py
[2026-05-23T00:18:13.842+0000] {processor.py:840} INFO - DAG(s) 'example_setup_teardown' retrieved from /home/airflow/.local/lib/python3.12/site-packages/airflow/example_dags/example_setup_teardown.py
[2026-05-23T00:18:13.860+0000] {logging_mixin.py:188} INFO - [2026-05-23T00:18:13.860+0000] {dag.py:3096} INFO - Sync 1 DAGs
[2026-05-23T00:18:13.875+0000] {logging_mixin.py:188} INFO - [2026-05-23T00:18:13.874+0000] {dag.py:3954} INFO - Setting next_dagrun for example_setup_teardown to 2026-05-22 00:00:00+00:00, run_after=2026-05-23 00:00:00+00:00
[2026-05-23T00:18:13.886+0000] {processor.py:183} INFO - Processing /home/airflow/.local/lib/python3.12/site-packages/airflow/example_dags/example_setup_teardown.py took 0.060 seconds
[2026-05-23T00:18:44.628+0000] {processor.py:161} INFO - Started process (PID=798) to work on /home/airflow/.local/lib/python3.12/site-packages/airflow/example_dags/example_setup_teardown.py
[2026-05-23T00:18:44.630+0000] {processor.py:830} INFO - Processing file /home/airflow/.local/lib/python3.12/site-packages/airflow/example_dags/example_setup_teardown.py for tasks to queue
[2026-05-23T00:18:44.631+0000] {logging_mixin.py:188} INFO - [2026-05-23T00:18:44.631+0000] {dagbag.py:545} INFO - Filling up the DagBag from /home/airflow/.local/lib/python3.12/site-packages/airflow/example_dags/example_setup_teardown.py
[2026-05-23T00:18:44.636+0000] {processor.py:840} INFO - DAG(s) 'example_setup_teardown' retrieved from /home/airflow/.local/lib/python3.12/site-packages/airflow/example_dags/example_setup_teardown.py
[2026-05-23T00:18:44.658+0000] {logging_mixin.py:188} INFO - [2026-05-23T00:18:44.658+0000] {dag.py:3096} INFO - Sync 1 DAGs
[2026-05-23T00:18:44.675+0000] {logging_mixin.py:188} INFO - [2026-05-23T00:18:44.675+0000] {dag.py:3954} INFO - Setting next_dagrun for example_setup_teardown to 2026-05-22 00:00:00+00:00, run_after=2026-05-23 00:00:00+00:00
[2026-05-23T00:18:44.690+0000] {processor.py:183} INFO - Processing /home/airflow/.local/lib/python3.12/site-packages/airflow/example_dags/example_setup_teardown.py took 0.067 seconds
[2026-05-23T00:19:15.471+0000] {processor.py:161} INFO - Started process (PID=857) to work on /home/airflow/.local/lib/python3.12/site-packages/airflow/example_dags/example_setup_teardown.py
[2026-05-23T00:19:15.472+0000] {processor.py:830} INFO - Processing file /home/airflow/.local/lib/python3.12/site-packages/airflow/example_dags/example_setup_teardown.py for tasks to queue
[2026-05-23T00:19:15.473+0000] {logging_mixin.py:188} INFO - [2026-05-23T00:19:15.473+0000] {dagbag.py:545} INFO - Filling up the DagBag from /home/airflow/.local/lib/python3.12/site-packages/airflow/example_dags/example_setup_teardown.py
[2026-05-23T00:19:15.478+0000] {processor.py:840} INFO - DAG(s) 'example_setup_teardown' retrieved from /home/airflow/.local/lib/python3.12/site-packages/airflow/example_dags/example_setup_teardown.py
[2026-05-23T00:19:15.493+0000] {logging_mixin.py:188} INFO - [2026-05-23T00:19:15.493+0000] {dag.py:3096} INFO - Sync 1 DAGs
[2026-05-23T00:19:15.508+0000] {logging_mixin.py:188} INFO - [2026-05-23T00:19:15.508+0000] {dag.py:3954} INFO - Setting next_dagrun for example_setup_teardown to 2026-05-22 00:00:00+00:00, run_after=2026-05-23 00:00:00+00:00
[2026-05-23T00:19:15.521+0000] {processor.py:183} INFO - Processing /home/airflow/.local/lib/python3.12/site-packages/airflow/example_dags/example_setup_teardown.py took 0.054 seconds
[2026-05-23T00:19:46.783+0000] {processor.py:161} INFO - Started process (PID=916) to work on /home/airflow/.local/lib/python3.12/site-packages/airflow/example_dags/example_setup_teardown.py
[2026-05-23T00:19:46.784+0000] {processor.py:830} INFO - Processing file /home/airflow/.local/lib/python3.12/site-packages/airflow/example_dags/example_setup_teardown.py for tasks to queue
[2026-05-23T00:19:46.788+0000] {logging_mixin.py:188} INFO - [2026-05-23T00:19:46.787+0000] {dagbag.py:545} INFO - Filling up the DagBag from /home/airflow/.local/lib/python3.12/site-packages/airflow/example_dags/example_setup_teardown.py
[2026-05-23T00:19:46.798+0000] {processor.py:840} INFO - DAG(s) 'example_setup_teardown' retrieved from /home/airflow/.local/lib/python3.12/site-packages/airflow/example_dags/example_setup_teardown.py
[2026-05-23T00:19:46.837+0000] {logging_mixin.py:188} INFO - [2026-05-23T00:19:46.837+0000] {dag.py:3096} INFO - Sync 1 DAGs
[2026-05-23T00:19:46.858+0000] {logging_mixin.py:188} INFO - [2026-05-23T00:19:46.858+0000] {dag.py:3954} INFO - Setting next_dagrun for example_setup_teardown to 2026-05-22 00:00:00+00:00, run_after=2026-05-23 00:00:00+00:00
[2026-05-23T00:19:46.875+0000] {processor.py:183} INFO - Processing /home/airflow/.local/lib/python3.12/site-packages/airflow/example_dags/example_setup_teardown.py took 0.105 seconds
[2026-05-23T00:20:17.765+0000] {processor.py:161} INFO - Started process (PID=975) to work on /home/airflow/.local/lib/python3.12/site-packages/airflow/example_dags/example_setup_teardown.py
[2026-05-23T00:20:17.768+0000] {processor.py:830} INFO - Processing file /home/airflow/.local/lib/python3.12/site-packages/airflow/example_dags/example_setup_teardown.py for tasks to queue
[2026-05-23T00:20:17.771+0000] {logging_mixin.py:188} INFO - [2026-05-23T00:20:17.771+0000] {dagbag.py:545} INFO - Filling up the DagBag from /home/airflow/.local/lib/python3.12/site-packages/airflow/example_dags/example_setup_teardown.py
[2026-05-23T00:20:17.777+0000] {processor.py:840} INFO - DAG(s) 'example_setup_teardown' retrieved from /home/airflow/.local/lib/python3.12/site-packages/airflow/example_dags/example_setup_teardown.py
[2026-05-23T00:20:17.793+0000] {logging_mixin.py:188} INFO - [2026-05-23T00:20:17.793+0000] {dag.py:3096} INFO - Sync 1 DAGs
[2026-05-23T00:20:17.810+0000] {logging_mixin.py:188} INFO - [2026-05-23T00:20:17.809+0000] {dag.py:3954} INFO - Setting next_dagrun for example_setup_teardown to 2026-05-22 00:00:00+00:00, run_after=2026-05-23 00:00:00+00:00
[2026-05-23T00:20:17.824+0000] {processor.py:183} INFO - Processing /home/airflow/.local/lib/python3.12/site-packages/airflow/example_dags/example_setup_teardown.py took 0.064 seconds
[2026-05-23T00:20:48.408+0000] {processor.py:161} INFO - Started process (PID=1034) to work on /home/airflow/.local/lib/python3.12/site-packages/airflow/example_dags/example_setup_teardown.py
[2026-05-23T00:20:48.411+0000] {processor.py:830} INFO - Processing file /home/airflow/.local/lib/python3.12/site-packages/airflow/example_dags/example_setup_teardown.py for tasks to queue
[2026-05-23T00:20:48.415+0000] {logging_mixin.py:188} INFO - [2026-05-23T00:20:48.415+0000] {dagbag.py:545} INFO - Filling up the DagBag from /home/airflow/.local/lib/python3.12/site-packages/airflow/example_dags/example_setup_teardown.py
[2026-05-23T00:20:48.421+0000] {processor.py:840} INFO - DAG(s) 'example_setup_teardown' retrieved from /home/airflow/.local/lib/python3.12/site-packages/airflow/example_dags/example_setup_teardown.py
[2026-05-23T00:20:48.439+0000] {logging_mixin.py:188} INFO - [2026-05-23T00:20:48.438+0000] {dag.py:3096} INFO - Sync 1 DAGs
[2026-05-23T00:20:48.454+0000] {logging_mixin.py:188} INFO - [2026-05-23T00:20:48.454+0000] {dag.py:3954} INFO - Setting next_dagrun for example_setup_teardown to 2026-05-22 00:00:00+00:00, run_after=2026-05-23 00:00:00+00:00
[2026-05-23T00:20:48.469+0000] {processor.py:183} INFO - Processing /home/airflow/.local/lib/python3.12/site-packages/airflow/example_dags/example_setup_teardown.py took 0.066 seconds
[2026-05-23T00:21:19.834+0000] {processor.py:161} INFO - Started process (PID=1093) to work on /home/airflow/.local/lib/python3.12/site-packages/airflow/example_dags/example_setup_teardown.py
[2026-05-23T00:21:19.838+0000] {processor.py:830} INFO - Processing file /home/airflow/.local/lib/python3.12/site-packages/airflow/example_dags/example_setup_teardown.py for tasks to queue
[2026-05-23T00:21:19.848+0000] {logging_mixin.py:188} INFO - [2026-05-23T00:21:19.848+0000] {dagbag.py:545} INFO - Filling up the DagBag from /home/airflow/.local/lib/python3.12/site-packages/airflow/example_dags/example_setup_teardown.py
[2026-05-23T00:21:19.866+0000] {processor.py:840} INFO - DAG(s) 'example_setup_teardown' retrieved from /home/airflow/.local/lib/python3.12/site-packages/airflow/example_dags/example_setup_teardown.py
[2026-05-23T00:21:19.933+0000] {logging_mixin.py:188} INFO - [2026-05-23T00:21:19.933+0000] {dag.py:3096} INFO - Sync 1 DAGs
[2026-05-23T00:21:19.969+0000] {logging_mixin.py:188} INFO - [2026-05-23T00:21:19.969+0000] {dag.py:3954} INFO - Setting next_dagrun for example_setup_teardown to 2026-05-22 00:00:00+00:00, run_after=2026-05-23 00:00:00+00:00
[2026-05-23T00:21:20.005+0000] {processor.py:183} INFO - Processing /home/airflow/.local/lib/python3.12/site-packages/airflow/example_dags/example_setup_teardown.py took 0.188 seconds
[2026-05-23T00:21:50.179+0000] {processor.py:161} INFO - Started process (PID=1152) to work on /home/airflow/.local/lib/python3.12/site-packages/airflow/example_dags/example_setup_teardown.py
[2026-05-23T00:21:50.184+0000] {processor.py:830} INFO - Processing file /home/airflow/.local/lib/python3.12/site-packages/airflow/example_dags/example_setup_teardown.py for tasks to queue
[2026-05-23T00:21:50.189+0000] {logging_mixin.py:188} INFO - [2026-05-23T00:21:50.188+0000] {dagbag.py:545} INFO - Filling up the DagBag from /home/airflow/.local/lib/python3.12/site-packages/airflow/example_dags/example_setup_teardown.py
[2026-05-23T00:21:50.195+0000] {processor.py:840} INFO - DAG(s) 'example_setup_teardown' retrieved from /home/airflow/.local/lib/python3.12/site-packages/airflow/example_dags/example_setup_teardown.py
[2026-05-23T00:21:50.214+0000] {logging_mixin.py:188} INFO - [2026-05-23T00:21:50.214+0000] {dag.py:3096} INFO - Sync 1 DAGs
[2026-05-23T00:21:50.232+0000] {logging_mixin.py:188} INFO - [2026-05-23T00:21:50.232+0000] {dag.py:3954} INFO - Setting next_dagrun for example_setup_teardown to 2026-05-22 00:00:00+00:00, run_after=2026-05-23 00:00:00+00:00
[2026-05-23T00:21:50.248+0000] {processor.py:183} INFO - Processing /home/airflow/.local/lib/python3.12/site-packages/airflow/example_dags/example_setup_teardown.py took 0.076 seconds
[2026-05-23T00:22:20.564+0000] {processor.py:161} INFO - Started process (PID=1211) to work on /home/airflow/.local/lib/python3.12/site-packages/airflow/example_dags/example_setup_teardown.py
[2026-05-23T00:22:20.569+0000] {processor.py:830} INFO - Processing file /home/airflow/.local/lib/python3.12/site-packages/airflow/example_dags/example_setup_teardown.py for tasks to queue
[2026-05-23T00:22:20.570+0000] {logging_mixin.py:188} INFO - [2026-05-23T00:22:20.569+0000] {dagbag.py:545} INFO - Filling up the DagBag from /home/airflow/.local/lib/python3.12/site-packages/airflow/example_dags/example_setup_teardown.py
[2026-05-23T00:22:20.577+0000] {processor.py:840} INFO - DAG(s) 'example_setup_teardown' retrieved from /home/airflow/.local/lib/python3.12/site-packages/airflow/example_dags/example_setup_teardown.py
[2026-05-23T00:22:20.593+0000] {logging_mixin.py:188} INFO - [2026-05-23T00:22:20.593+0000] {dag.py:3096} INFO - Sync 1 DAGs
[2026-05-23T00:22:20.616+0000] {logging_mixin.py:188} INFO - [2026-05-23T00:22:20.616+0000] {dag.py:3954} INFO - Setting next_dagrun for example_setup_teardown to 2026-05-22 00:00:00+00:00, run_after=2026-05-23 00:00:00+00:00
[2026-05-23T00:22:20.632+0000] {processor.py:183} INFO - Processing /home/airflow/.local/lib/python3.12/site-packages/airflow/example_dags/example_setup_teardown.py took 0.073 seconds
