[2026-05-23T00:00:23.319+0000] {processor.py:161} INFO - Started process (PID=2308) to work on /home/airflow/.local/lib/python3.12/site-packages/airflow/example_dags/example_task_group_decorator.py
[2026-05-23T00:00:23.320+0000] {processor.py:830} INFO - Processing file /home/airflow/.local/lib/python3.12/site-packages/airflow/example_dags/example_task_group_decorator.py for tasks to queue
[2026-05-23T00:00:23.324+0000] {logging_mixin.py:188} INFO - [2026-05-23T00:00:23.324+0000] {dagbag.py:545} INFO - Filling up the DagBag from /home/airflow/.local/lib/python3.12/site-packages/airflow/example_dags/example_task_group_decorator.py
[2026-05-23T00:00:23.342+0000] {processor.py:840} INFO - DAG(s) 'example_task_group_decorator' retrieved from /home/airflow/.local/lib/python3.12/site-packages/airflow/example_dags/example_task_group_decorator.py
[2026-05-23T00:00:23.386+0000] {logging_mixin.py:188} INFO - [2026-05-23T00:00:23.385+0000] {dag.py:3096} INFO - Sync 1 DAGs
[2026-05-23T00:00:23.414+0000] {logging_mixin.py:188} INFO - [2026-05-23T00:00:23.413+0000] {dag.py:3954} INFO - Setting next_dagrun for example_task_group_decorator to 2026-05-22 00:00:00+00:00, run_after=2026-05-23 00:00:00+00:00
[2026-05-23T00:00:23.437+0000] {processor.py:183} INFO - Processing /home/airflow/.local/lib/python3.12/site-packages/airflow/example_dags/example_task_group_decorator.py took 0.126 seconds
[2026-05-23T00:00:54.353+0000] {processor.py:161} INFO - Started process (PID=2367) to work on /home/airflow/.local/lib/python3.12/site-packages/airflow/example_dags/example_task_group_decorator.py
[2026-05-23T00:00:54.355+0000] {processor.py:830} INFO - Processing file /home/airflow/.local/lib/python3.12/site-packages/airflow/example_dags/example_task_group_decorator.py for tasks to queue
[2026-05-23T00:00:54.361+0000] {logging_mixin.py:188} INFO - [2026-05-23T00:00:54.360+0000] {dagbag.py:545} INFO - Filling up the DagBag from /home/airflow/.local/lib/python3.12/site-packages/airflow/example_dags/example_task_group_decorator.py
[2026-05-23T00:00:54.388+0000] {processor.py:840} INFO - DAG(s) 'example_task_group_decorator' retrieved from /home/airflow/.local/lib/python3.12/site-packages/airflow/example_dags/example_task_group_decorator.py
[2026-05-23T00:00:54.458+0000] {logging_mixin.py:188} INFO - [2026-05-23T00:00:54.458+0000] {dag.py:3096} INFO - Sync 1 DAGs
[2026-05-23T00:00:54.506+0000] {logging_mixin.py:188} INFO - [2026-05-23T00:00:54.506+0000] {dag.py:3954} INFO - Setting next_dagrun for example_task_group_decorator to 2026-05-22 00:00:00+00:00, run_after=2026-05-23 00:00:00+00:00
[2026-05-23T00:00:54.553+0000] {processor.py:183} INFO - Processing /home/airflow/.local/lib/python3.12/site-packages/airflow/example_dags/example_task_group_decorator.py took 0.213 seconds
[2026-05-23T00:01:24.675+0000] {processor.py:161} INFO - Started process (PID=2426) to work on /home/airflow/.local/lib/python3.12/site-packages/airflow/example_dags/example_task_group_decorator.py
[2026-05-23T00:01:24.679+0000] {processor.py:830} INFO - Processing file /home/airflow/.local/lib/python3.12/site-packages/airflow/example_dags/example_task_group_decorator.py for tasks to queue
[2026-05-23T00:01:24.688+0000] {logging_mixin.py:188} INFO - [2026-05-23T00:01:24.687+0000] {dagbag.py:545} INFO - Filling up the DagBag from /home/airflow/.local/lib/python3.12/site-packages/airflow/example_dags/example_task_group_decorator.py
[2026-05-23T00:01:24.715+0000] {processor.py:840} INFO - DAG(s) 'example_task_group_decorator' retrieved from /home/airflow/.local/lib/python3.12/site-packages/airflow/example_dags/example_task_group_decorator.py
[2026-05-23T00:01:24.759+0000] {logging_mixin.py:188} INFO - [2026-05-23T00:01:24.759+0000] {dag.py:3096} INFO - Sync 1 DAGs
[2026-05-23T00:01:24.790+0000] {logging_mixin.py:188} INFO - [2026-05-23T00:01:24.789+0000] {dag.py:3954} INFO - Setting next_dagrun for example_task_group_decorator to 2026-05-22 00:00:00+00:00, run_after=2026-05-23 00:00:00+00:00
[2026-05-23T00:01:24.807+0000] {processor.py:183} INFO - Processing /home/airflow/.local/lib/python3.12/site-packages/airflow/example_dags/example_task_group_decorator.py took 0.150 seconds
[2026-05-23T00:01:54.903+0000] {processor.py:161} INFO - Started process (PID=2485) to work on /home/airflow/.local/lib/python3.12/site-packages/airflow/example_dags/example_task_group_decorator.py
[2026-05-23T00:01:54.904+0000] {processor.py:830} INFO - Processing file /home/airflow/.local/lib/python3.12/site-packages/airflow/example_dags/example_task_group_decorator.py for tasks to queue
[2026-05-23T00:01:54.906+0000] {logging_mixin.py:188} INFO - [2026-05-23T00:01:54.905+0000] {dagbag.py:545} INFO - Filling up the DagBag from /home/airflow/.local/lib/python3.12/site-packages/airflow/example_dags/example_task_group_decorator.py
[2026-05-23T00:01:54.923+0000] {processor.py:840} INFO - DAG(s) 'example_task_group_decorator' retrieved from /home/airflow/.local/lib/python3.12/site-packages/airflow/example_dags/example_task_group_decorator.py
[2026-05-23T00:01:54.945+0000] {logging_mixin.py:188} INFO - [2026-05-23T00:01:54.944+0000] {dag.py:3096} INFO - Sync 1 DAGs
[2026-05-23T00:01:54.967+0000] {logging_mixin.py:188} INFO - [2026-05-23T00:01:54.967+0000] {dag.py:3954} INFO - Setting next_dagrun for example_task_group_decorator to 2026-05-22 00:00:00+00:00, run_after=2026-05-23 00:00:00+00:00
[2026-05-23T00:01:54.989+0000] {processor.py:183} INFO - Processing /home/airflow/.local/lib/python3.12/site-packages/airflow/example_dags/example_task_group_decorator.py took 0.093 seconds
[2026-05-23T00:02:25.222+0000] {processor.py:161} INFO - Started process (PID=2544) to work on /home/airflow/.local/lib/python3.12/site-packages/airflow/example_dags/example_task_group_decorator.py
[2026-05-23T00:02:25.223+0000] {processor.py:830} INFO - Processing file /home/airflow/.local/lib/python3.12/site-packages/airflow/example_dags/example_task_group_decorator.py for tasks to queue
[2026-05-23T00:02:25.225+0000] {logging_mixin.py:188} INFO - [2026-05-23T00:02:25.224+0000] {dagbag.py:545} INFO - Filling up the DagBag from /home/airflow/.local/lib/python3.12/site-packages/airflow/example_dags/example_task_group_decorator.py
[2026-05-23T00:02:25.243+0000] {processor.py:840} INFO - DAG(s) 'example_task_group_decorator' retrieved from /home/airflow/.local/lib/python3.12/site-packages/airflow/example_dags/example_task_group_decorator.py
[2026-05-23T00:02:25.265+0000] {logging_mixin.py:188} INFO - [2026-05-23T00:02:25.265+0000] {dag.py:3096} INFO - Sync 1 DAGs
[2026-05-23T00:02:25.288+0000] {logging_mixin.py:188} INFO - [2026-05-23T00:02:25.287+0000] {dag.py:3954} INFO - Setting next_dagrun for example_task_group_decorator to 2026-05-22 00:00:00+00:00, run_after=2026-05-23 00:00:00+00:00
[2026-05-23T00:02:25.309+0000] {processor.py:183} INFO - Processing /home/airflow/.local/lib/python3.12/site-packages/airflow/example_dags/example_task_group_decorator.py took 0.094 seconds
[2026-05-23T00:02:55.405+0000] {processor.py:161} INFO - Started process (PID=2603) to work on /home/airflow/.local/lib/python3.12/site-packages/airflow/example_dags/example_task_group_decorator.py
[2026-05-23T00:02:55.406+0000] {processor.py:830} INFO - Processing file /home/airflow/.local/lib/python3.12/site-packages/airflow/example_dags/example_task_group_decorator.py for tasks to queue
[2026-05-23T00:02:55.409+0000] {logging_mixin.py:188} INFO - [2026-05-23T00:02:55.409+0000] {dagbag.py:545} INFO - Filling up the DagBag from /home/airflow/.local/lib/python3.12/site-packages/airflow/example_dags/example_task_group_decorator.py
[2026-05-23T00:02:55.425+0000] {processor.py:840} INFO - DAG(s) 'example_task_group_decorator' retrieved from /home/airflow/.local/lib/python3.12/site-packages/airflow/example_dags/example_task_group_decorator.py
[2026-05-23T00:02:55.446+0000] {logging_mixin.py:188} INFO - [2026-05-23T00:02:55.446+0000] {dag.py:3096} INFO - Sync 1 DAGs
[2026-05-23T00:02:55.464+0000] {logging_mixin.py:188} INFO - [2026-05-23T00:02:55.464+0000] {dag.py:3954} INFO - Setting next_dagrun for example_task_group_decorator to 2026-05-22 00:00:00+00:00, run_after=2026-05-23 00:00:00+00:00
[2026-05-23T00:02:55.485+0000] {processor.py:183} INFO - Processing /home/airflow/.local/lib/python3.12/site-packages/airflow/example_dags/example_task_group_decorator.py took 0.088 seconds
[2026-05-23T00:03:26.124+0000] {processor.py:161} INFO - Started process (PID=2662) to work on /home/airflow/.local/lib/python3.12/site-packages/airflow/example_dags/example_task_group_decorator.py
[2026-05-23T00:03:26.125+0000] {processor.py:830} INFO - Processing file /home/airflow/.local/lib/python3.12/site-packages/airflow/example_dags/example_task_group_decorator.py for tasks to queue
[2026-05-23T00:03:26.127+0000] {logging_mixin.py:188} INFO - [2026-05-23T00:03:26.127+0000] {dagbag.py:545} INFO - Filling up the DagBag from /home/airflow/.local/lib/python3.12/site-packages/airflow/example_dags/example_task_group_decorator.py
[2026-05-23T00:03:26.145+0000] {processor.py:840} INFO - DAG(s) 'example_task_group_decorator' retrieved from /home/airflow/.local/lib/python3.12/site-packages/airflow/example_dags/example_task_group_decorator.py
[2026-05-23T00:03:26.175+0000] {logging_mixin.py:188} INFO - [2026-05-23T00:03:26.175+0000] {dag.py:3096} INFO - Sync 1 DAGs
[2026-05-23T00:03:26.194+0000] {logging_mixin.py:188} INFO - [2026-05-23T00:03:26.193+0000] {dag.py:3954} INFO - Setting next_dagrun for example_task_group_decorator to 2026-05-22 00:00:00+00:00, run_after=2026-05-23 00:00:00+00:00
[2026-05-23T00:03:26.208+0000] {processor.py:183} INFO - Processing /home/airflow/.local/lib/python3.12/site-packages/airflow/example_dags/example_task_group_decorator.py took 0.089 seconds
[2026-05-23T00:03:56.679+0000] {processor.py:161} INFO - Started process (PID=2721) to work on /home/airflow/.local/lib/python3.12/site-packages/airflow/example_dags/example_task_group_decorator.py
[2026-05-23T00:03:56.682+0000] {processor.py:830} INFO - Processing file /home/airflow/.local/lib/python3.12/site-packages/airflow/example_dags/example_task_group_decorator.py for tasks to queue
[2026-05-23T00:03:56.688+0000] {logging_mixin.py:188} INFO - [2026-05-23T00:03:56.686+0000] {dagbag.py:545} INFO - Filling up the DagBag from /home/airflow/.local/lib/python3.12/site-packages/airflow/example_dags/example_task_group_decorator.py
[2026-05-23T00:03:56.731+0000] {processor.py:840} INFO - DAG(s) 'example_task_group_decorator' retrieved from /home/airflow/.local/lib/python3.12/site-packages/airflow/example_dags/example_task_group_decorator.py
[2026-05-23T00:03:56.794+0000] {logging_mixin.py:188} INFO - [2026-05-23T00:03:56.793+0000] {dag.py:3096} INFO - Sync 1 DAGs
[2026-05-23T00:03:56.821+0000] {logging_mixin.py:188} INFO - [2026-05-23T00:03:56.821+0000] {dag.py:3954} INFO - Setting next_dagrun for example_task_group_decorator to 2026-05-22 00:00:00+00:00, run_after=2026-05-23 00:00:00+00:00
[2026-05-23T00:03:56.841+0000] {processor.py:183} INFO - Processing /home/airflow/.local/lib/python3.12/site-packages/airflow/example_dags/example_task_group_decorator.py took 0.191 seconds
[2026-05-23T00:04:27.319+0000] {processor.py:161} INFO - Started process (PID=2780) to work on /home/airflow/.local/lib/python3.12/site-packages/airflow/example_dags/example_task_group_decorator.py
[2026-05-23T00:04:27.327+0000] {processor.py:830} INFO - Processing file /home/airflow/.local/lib/python3.12/site-packages/airflow/example_dags/example_task_group_decorator.py for tasks to queue
[2026-05-23T00:04:27.335+0000] {logging_mixin.py:188} INFO - [2026-05-23T00:04:27.334+0000] {dagbag.py:545} INFO - Filling up the DagBag from /home/airflow/.local/lib/python3.12/site-packages/airflow/example_dags/example_task_group_decorator.py
[2026-05-23T00:04:27.380+0000] {processor.py:840} INFO - DAG(s) 'example_task_group_decorator' retrieved from /home/airflow/.local/lib/python3.12/site-packages/airflow/example_dags/example_task_group_decorator.py
[2026-05-23T00:04:27.429+0000] {logging_mixin.py:188} INFO - [2026-05-23T00:04:27.429+0000] {dag.py:3096} INFO - Sync 1 DAGs
[2026-05-23T00:04:27.465+0000] {logging_mixin.py:188} INFO - [2026-05-23T00:04:27.465+0000] {dag.py:3954} INFO - Setting next_dagrun for example_task_group_decorator to 2026-05-22 00:00:00+00:00, run_after=2026-05-23 00:00:00+00:00
[2026-05-23T00:04:27.493+0000] {processor.py:183} INFO - Processing /home/airflow/.local/lib/python3.12/site-packages/airflow/example_dags/example_task_group_decorator.py took 0.195 seconds
[2026-05-23T00:04:57.713+0000] {processor.py:161} INFO - Started process (PID=2839) to work on /home/airflow/.local/lib/python3.12/site-packages/airflow/example_dags/example_task_group_decorator.py
[2026-05-23T00:04:57.714+0000] {processor.py:830} INFO - Processing file /home/airflow/.local/lib/python3.12/site-packages/airflow/example_dags/example_task_group_decorator.py for tasks to queue
[2026-05-23T00:04:57.716+0000] {logging_mixin.py:188} INFO - [2026-05-23T00:04:57.716+0000] {dagbag.py:545} INFO - Filling up the DagBag from /home/airflow/.local/lib/python3.12/site-packages/airflow/example_dags/example_task_group_decorator.py
[2026-05-23T00:04:57.732+0000] {processor.py:840} INFO - DAG(s) 'example_task_group_decorator' retrieved from /home/airflow/.local/lib/python3.12/site-packages/airflow/example_dags/example_task_group_decorator.py
[2026-05-23T00:04:57.766+0000] {logging_mixin.py:188} INFO - [2026-05-23T00:04:57.765+0000] {dag.py:3096} INFO - Sync 1 DAGs
[2026-05-23T00:04:57.785+0000] {logging_mixin.py:188} INFO - [2026-05-23T00:04:57.785+0000] {dag.py:3954} INFO - Setting next_dagrun for example_task_group_decorator to 2026-05-22 00:00:00+00:00, run_after=2026-05-23 00:00:00+00:00
[2026-05-23T00:04:57.803+0000] {processor.py:183} INFO - Processing /home/airflow/.local/lib/python3.12/site-packages/airflow/example_dags/example_task_group_decorator.py took 0.095 seconds
[2026-05-23T00:05:27.953+0000] {processor.py:161} INFO - Started process (PID=2898) to work on /home/airflow/.local/lib/python3.12/site-packages/airflow/example_dags/example_task_group_decorator.py
[2026-05-23T00:05:27.955+0000] {processor.py:830} INFO - Processing file /home/airflow/.local/lib/python3.12/site-packages/airflow/example_dags/example_task_group_decorator.py for tasks to queue
[2026-05-23T00:05:27.957+0000] {logging_mixin.py:188} INFO - [2026-05-23T00:05:27.957+0000] {dagbag.py:545} INFO - Filling up the DagBag from /home/airflow/.local/lib/python3.12/site-packages/airflow/example_dags/example_task_group_decorator.py
[2026-05-23T00:05:27.976+0000] {processor.py:840} INFO - DAG(s) 'example_task_group_decorator' retrieved from /home/airflow/.local/lib/python3.12/site-packages/airflow/example_dags/example_task_group_decorator.py
[2026-05-23T00:05:28.000+0000] {logging_mixin.py:188} INFO - [2026-05-23T00:05:28.000+0000] {dag.py:3096} INFO - Sync 1 DAGs
[2026-05-23T00:05:28.014+0000] {logging_mixin.py:188} INFO - [2026-05-23T00:05:28.014+0000] {dag.py:3954} INFO - Setting next_dagrun for example_task_group_decorator to 2026-05-22 00:00:00+00:00, run_after=2026-05-23 00:00:00+00:00
[2026-05-23T00:05:28.029+0000] {processor.py:183} INFO - Processing /home/airflow/.local/lib/python3.12/site-packages/airflow/example_dags/example_task_group_decorator.py took 0.082 seconds
[2026-05-23T00:05:58.298+0000] {processor.py:161} INFO - Started process (PID=2957) to work on /home/airflow/.local/lib/python3.12/site-packages/airflow/example_dags/example_task_group_decorator.py
[2026-05-23T00:05:58.300+0000] {processor.py:830} INFO - Processing file /home/airflow/.local/lib/python3.12/site-packages/airflow/example_dags/example_task_group_decorator.py for tasks to queue
[2026-05-23T00:05:58.302+0000] {logging_mixin.py:188} INFO - [2026-05-23T00:05:58.302+0000] {dagbag.py:545} INFO - Filling up the DagBag from /home/airflow/.local/lib/python3.12/site-packages/airflow/example_dags/example_task_group_decorator.py
[2026-05-23T00:05:58.323+0000] {processor.py:840} INFO - DAG(s) 'example_task_group_decorator' retrieved from /home/airflow/.local/lib/python3.12/site-packages/airflow/example_dags/example_task_group_decorator.py
[2026-05-23T00:05:58.346+0000] {logging_mixin.py:188} INFO - [2026-05-23T00:05:58.346+0000] {dag.py:3096} INFO - Sync 1 DAGs
[2026-05-23T00:05:58.362+0000] {logging_mixin.py:188} INFO - [2026-05-23T00:05:58.362+0000] {dag.py:3954} INFO - Setting next_dagrun for example_task_group_decorator to 2026-05-22 00:00:00+00:00, run_after=2026-05-23 00:00:00+00:00
[2026-05-23T00:05:58.375+0000] {processor.py:183} INFO - Processing /home/airflow/.local/lib/python3.12/site-packages/airflow/example_dags/example_task_group_decorator.py took 0.086 seconds
[2026-05-23T00:06:28.854+0000] {processor.py:161} INFO - Started process (PID=3016) to work on /home/airflow/.local/lib/python3.12/site-packages/airflow/example_dags/example_task_group_decorator.py
[2026-05-23T00:06:28.858+0000] {processor.py:830} INFO - Processing file /home/airflow/.local/lib/python3.12/site-packages/airflow/example_dags/example_task_group_decorator.py for tasks to queue
[2026-05-23T00:06:28.862+0000] {logging_mixin.py:188} INFO - [2026-05-23T00:06:28.861+0000] {dagbag.py:545} INFO - Filling up the DagBag from /home/airflow/.local/lib/python3.12/site-packages/airflow/example_dags/example_task_group_decorator.py
[2026-05-23T00:06:28.892+0000] {processor.py:840} INFO - DAG(s) 'example_task_group_decorator' retrieved from /home/airflow/.local/lib/python3.12/site-packages/airflow/example_dags/example_task_group_decorator.py
[2026-05-23T00:06:28.922+0000] {logging_mixin.py:188} INFO - [2026-05-23T00:06:28.921+0000] {dag.py:3096} INFO - Sync 1 DAGs
[2026-05-23T00:06:28.942+0000] {logging_mixin.py:188} INFO - [2026-05-23T00:06:28.942+0000] {dag.py:3954} INFO - Setting next_dagrun for example_task_group_decorator to 2026-05-22 00:00:00+00:00, run_after=2026-05-23 00:00:00+00:00
[2026-05-23T00:06:28.966+0000] {processor.py:183} INFO - Processing /home/airflow/.local/lib/python3.12/site-packages/airflow/example_dags/example_task_group_decorator.py took 0.126 seconds
[2026-05-23T00:06:59.207+0000] {processor.py:161} INFO - Started process (PID=3075) to work on /home/airflow/.local/lib/python3.12/site-packages/airflow/example_dags/example_task_group_decorator.py
[2026-05-23T00:06:59.241+0000] {processor.py:830} INFO - Processing file /home/airflow/.local/lib/python3.12/site-packages/airflow/example_dags/example_task_group_decorator.py for tasks to queue
[2026-05-23T00:06:59.293+0000] {logging_mixin.py:188} INFO - [2026-05-23T00:06:59.292+0000] {dagbag.py:545} INFO - Filling up the DagBag from /home/airflow/.local/lib/python3.12/site-packages/airflow/example_dags/example_task_group_decorator.py
[2026-05-23T00:06:59.400+0000] {processor.py:840} INFO - DAG(s) 'example_task_group_decorator' retrieved from /home/airflow/.local/lib/python3.12/site-packages/airflow/example_dags/example_task_group_decorator.py
[2026-05-23T00:06:59.559+0000] {logging_mixin.py:188} INFO - [2026-05-23T00:06:59.558+0000] {dag.py:3096} INFO - Sync 1 DAGs
[2026-05-23T00:06:59.911+0000] {logging_mixin.py:188} INFO - [2026-05-23T00:06:59.909+0000] {dag.py:3954} INFO - Setting next_dagrun for example_task_group_decorator to 2026-05-22 00:00:00+00:00, run_after=2026-05-23 00:00:00+00:00
[2026-05-23T00:07:00.075+0000] {processor.py:183} INFO - Processing /home/airflow/.local/lib/python3.12/site-packages/airflow/example_dags/example_task_group_decorator.py took 0.957 seconds
[2026-05-23T00:07:30.316+0000] {processor.py:161} INFO - Started process (PID=3134) to work on /home/airflow/.local/lib/python3.12/site-packages/airflow/example_dags/example_task_group_decorator.py
[2026-05-23T00:07:30.320+0000] {processor.py:830} INFO - Processing file /home/airflow/.local/lib/python3.12/site-packages/airflow/example_dags/example_task_group_decorator.py for tasks to queue
[2026-05-23T00:07:30.323+0000] {logging_mixin.py:188} INFO - [2026-05-23T00:07:30.322+0000] {dagbag.py:545} INFO - Filling up the DagBag from /home/airflow/.local/lib/python3.12/site-packages/airflow/example_dags/example_task_group_decorator.py
[2026-05-23T00:07:30.348+0000] {processor.py:840} INFO - DAG(s) 'example_task_group_decorator' retrieved from /home/airflow/.local/lib/python3.12/site-packages/airflow/example_dags/example_task_group_decorator.py
[2026-05-23T00:07:30.373+0000] {logging_mixin.py:188} INFO - [2026-05-23T00:07:30.373+0000] {dag.py:3096} INFO - Sync 1 DAGs
[2026-05-23T00:07:30.398+0000] {logging_mixin.py:188} INFO - [2026-05-23T00:07:30.398+0000] {dag.py:3954} INFO - Setting next_dagrun for example_task_group_decorator to 2026-05-22 00:00:00+00:00, run_after=2026-05-23 00:00:00+00:00
[2026-05-23T00:07:30.418+0000] {processor.py:183} INFO - Processing /home/airflow/.local/lib/python3.12/site-packages/airflow/example_dags/example_task_group_decorator.py took 0.111 seconds
[2026-05-23T00:08:00.664+0000] {processor.py:161} INFO - Started process (PID=3193) to work on /home/airflow/.local/lib/python3.12/site-packages/airflow/example_dags/example_task_group_decorator.py
[2026-05-23T00:08:00.668+0000] {processor.py:830} INFO - Processing file /home/airflow/.local/lib/python3.12/site-packages/airflow/example_dags/example_task_group_decorator.py for tasks to queue
[2026-05-23T00:08:00.679+0000] {logging_mixin.py:188} INFO - [2026-05-23T00:08:00.677+0000] {dagbag.py:545} INFO - Filling up the DagBag from /home/airflow/.local/lib/python3.12/site-packages/airflow/example_dags/example_task_group_decorator.py
[2026-05-23T00:08:00.722+0000] {processor.py:840} INFO - DAG(s) 'example_task_group_decorator' retrieved from /home/airflow/.local/lib/python3.12/site-packages/airflow/example_dags/example_task_group_decorator.py
[2026-05-23T00:08:00.783+0000] {logging_mixin.py:188} INFO - [2026-05-23T00:08:00.783+0000] {dag.py:3096} INFO - Sync 1 DAGs
[2026-05-23T00:08:00.822+0000] {logging_mixin.py:188} INFO - [2026-05-23T00:08:00.822+0000] {dag.py:3954} INFO - Setting next_dagrun for example_task_group_decorator to 2026-05-22 00:00:00+00:00, run_after=2026-05-23 00:00:00+00:00
[2026-05-23T00:08:00.847+0000] {processor.py:183} INFO - Processing /home/airflow/.local/lib/python3.12/site-packages/airflow/example_dags/example_task_group_decorator.py took 0.214 seconds
[2026-05-23T00:08:30.894+0000] {processor.py:161} INFO - Started process (PID=3252) to work on /home/airflow/.local/lib/python3.12/site-packages/airflow/example_dags/example_task_group_decorator.py
[2026-05-23T00:08:30.899+0000] {processor.py:830} INFO - Processing file /home/airflow/.local/lib/python3.12/site-packages/airflow/example_dags/example_task_group_decorator.py for tasks to queue
[2026-05-23T00:08:30.906+0000] {logging_mixin.py:188} INFO - [2026-05-23T00:08:30.906+0000] {dagbag.py:545} INFO - Filling up the DagBag from /home/airflow/.local/lib/python3.12/site-packages/airflow/example_dags/example_task_group_decorator.py
[2026-05-23T00:08:30.925+0000] {processor.py:840} INFO - DAG(s) 'example_task_group_decorator' retrieved from /home/airflow/.local/lib/python3.12/site-packages/airflow/example_dags/example_task_group_decorator.py
[2026-05-23T00:08:30.954+0000] {logging_mixin.py:188} INFO - [2026-05-23T00:08:30.954+0000] {dag.py:3096} INFO - Sync 1 DAGs
[2026-05-23T00:08:30.981+0000] {logging_mixin.py:188} INFO - [2026-05-23T00:08:30.981+0000] {dag.py:3954} INFO - Setting next_dagrun for example_task_group_decorator to 2026-05-22 00:00:00+00:00, run_after=2026-05-23 00:00:00+00:00
[2026-05-23T00:08:30.998+0000] {processor.py:183} INFO - Processing /home/airflow/.local/lib/python3.12/site-packages/airflow/example_dags/example_task_group_decorator.py took 0.114 seconds
[2026-05-23T00:09:01.230+0000] {processor.py:161} INFO - Started process (PID=3311) to work on /home/airflow/.local/lib/python3.12/site-packages/airflow/example_dags/example_task_group_decorator.py
[2026-05-23T00:09:01.233+0000] {processor.py:830} INFO - Processing file /home/airflow/.local/lib/python3.12/site-packages/airflow/example_dags/example_task_group_decorator.py for tasks to queue
[2026-05-23T00:09:01.240+0000] {logging_mixin.py:188} INFO - [2026-05-23T00:09:01.239+0000] {dagbag.py:545} INFO - Filling up the DagBag from /home/airflow/.local/lib/python3.12/site-packages/airflow/example_dags/example_task_group_decorator.py
[2026-05-23T00:09:01.286+0000] {processor.py:840} INFO - DAG(s) 'example_task_group_decorator' retrieved from /home/airflow/.local/lib/python3.12/site-packages/airflow/example_dags/example_task_group_decorator.py
[2026-05-23T00:09:01.353+0000] {logging_mixin.py:188} INFO - [2026-05-23T00:09:01.353+0000] {dag.py:3096} INFO - Sync 1 DAGs
[2026-05-23T00:09:01.387+0000] {logging_mixin.py:188} INFO - [2026-05-23T00:09:01.387+0000] {dag.py:3954} INFO - Setting next_dagrun for example_task_group_decorator to 2026-05-22 00:00:00+00:00, run_after=2026-05-23 00:00:00+00:00
[2026-05-23T00:09:01.408+0000] {processor.py:183} INFO - Processing /home/airflow/.local/lib/python3.12/site-packages/airflow/example_dags/example_task_group_decorator.py took 0.202 seconds
[2026-05-23T00:09:31.653+0000] {processor.py:161} INFO - Started process (PID=3370) to work on /home/airflow/.local/lib/python3.12/site-packages/airflow/example_dags/example_task_group_decorator.py
[2026-05-23T00:09:31.654+0000] {processor.py:830} INFO - Processing file /home/airflow/.local/lib/python3.12/site-packages/airflow/example_dags/example_task_group_decorator.py for tasks to queue
[2026-05-23T00:09:31.655+0000] {logging_mixin.py:188} INFO - [2026-05-23T00:09:31.655+0000] {dagbag.py:545} INFO - Filling up the DagBag from /home/airflow/.local/lib/python3.12/site-packages/airflow/example_dags/example_task_group_decorator.py
[2026-05-23T00:09:31.671+0000] {processor.py:840} INFO - DAG(s) 'example_task_group_decorator' retrieved from /home/airflow/.local/lib/python3.12/site-packages/airflow/example_dags/example_task_group_decorator.py
[2026-05-23T00:09:31.696+0000] {logging_mixin.py:188} INFO - [2026-05-23T00:09:31.695+0000] {dag.py:3096} INFO - Sync 1 DAGs
[2026-05-23T00:09:31.713+0000] {logging_mixin.py:188} INFO - [2026-05-23T00:09:31.713+0000] {dag.py:3954} INFO - Setting next_dagrun for example_task_group_decorator to 2026-05-22 00:00:00+00:00, run_after=2026-05-23 00:00:00+00:00
[2026-05-23T00:09:31.730+0000] {processor.py:183} INFO - Processing /home/airflow/.local/lib/python3.12/site-packages/airflow/example_dags/example_task_group_decorator.py took 0.084 seconds
[2026-05-23T00:12:31.880+0000] {processor.py:161} INFO - Started process (PID=56) to work on /home/airflow/.local/lib/python3.12/site-packages/airflow/example_dags/example_task_group_decorator.py
[2026-05-23T00:12:31.881+0000] {processor.py:830} INFO - Processing file /home/airflow/.local/lib/python3.12/site-packages/airflow/example_dags/example_task_group_decorator.py for tasks to queue
[2026-05-23T00:12:31.886+0000] {logging_mixin.py:188} INFO - [2026-05-23T00:12:31.885+0000] {dagbag.py:545} INFO - Filling up the DagBag from /home/airflow/.local/lib/python3.12/site-packages/airflow/example_dags/example_task_group_decorator.py
[2026-05-23T00:12:31.910+0000] {processor.py:840} INFO - DAG(s) 'example_task_group_decorator' retrieved from /home/airflow/.local/lib/python3.12/site-packages/airflow/example_dags/example_task_group_decorator.py
[2026-05-23T00:12:31.954+0000] {logging_mixin.py:188} INFO - [2026-05-23T00:12:31.954+0000] {dag.py:3096} INFO - Sync 1 DAGs
[2026-05-23T00:12:31.991+0000] {logging_mixin.py:188} INFO - [2026-05-23T00:12:31.990+0000] {dag.py:3954} INFO - Setting next_dagrun for example_task_group_decorator to 2026-05-22 00:00:00+00:00, run_after=2026-05-23 00:00:00+00:00
[2026-05-23T00:12:32.012+0000] {processor.py:183} INFO - Processing /home/airflow/.local/lib/python3.12/site-packages/airflow/example_dags/example_task_group_decorator.py took 0.139 seconds
[2026-05-23T00:13:02.348+0000] {processor.py:161} INFO - Started process (PID=115) to work on /home/airflow/.local/lib/python3.12/site-packages/airflow/example_dags/example_task_group_decorator.py
[2026-05-23T00:13:02.349+0000] {processor.py:830} INFO - Processing file /home/airflow/.local/lib/python3.12/site-packages/airflow/example_dags/example_task_group_decorator.py for tasks to queue
[2026-05-23T00:13:02.350+0000] {logging_mixin.py:188} INFO - [2026-05-23T00:13:02.350+0000] {dagbag.py:545} INFO - Filling up the DagBag from /home/airflow/.local/lib/python3.12/site-packages/airflow/example_dags/example_task_group_decorator.py
[2026-05-23T00:13:02.368+0000] {processor.py:840} INFO - DAG(s) 'example_task_group_decorator' retrieved from /home/airflow/.local/lib/python3.12/site-packages/airflow/example_dags/example_task_group_decorator.py
[2026-05-23T00:13:02.500+0000] {logging_mixin.py:188} INFO - [2026-05-23T00:13:02.500+0000] {dag.py:3096} INFO - Sync 1 DAGs
[2026-05-23T00:13:02.519+0000] {logging_mixin.py:188} INFO - [2026-05-23T00:13:02.519+0000] {dag.py:3954} INFO - Setting next_dagrun for example_task_group_decorator to 2026-05-22 00:00:00+00:00, run_after=2026-05-23 00:00:00+00:00
[2026-05-23T00:13:02.545+0000] {processor.py:183} INFO - Processing /home/airflow/.local/lib/python3.12/site-packages/airflow/example_dags/example_task_group_decorator.py took 0.201 seconds
[2026-05-23T00:13:33.302+0000] {processor.py:161} INFO - Started process (PID=174) to work on /home/airflow/.local/lib/python3.12/site-packages/airflow/example_dags/example_task_group_decorator.py
[2026-05-23T00:13:33.310+0000] {processor.py:830} INFO - Processing file /home/airflow/.local/lib/python3.12/site-packages/airflow/example_dags/example_task_group_decorator.py for tasks to queue
[2026-05-23T00:13:33.317+0000] {logging_mixin.py:188} INFO - [2026-05-23T00:13:33.316+0000] {dagbag.py:545} INFO - Filling up the DagBag from /home/airflow/.local/lib/python3.12/site-packages/airflow/example_dags/example_task_group_decorator.py
[2026-05-23T00:13:33.347+0000] {processor.py:840} INFO - DAG(s) 'example_task_group_decorator' retrieved from /home/airflow/.local/lib/python3.12/site-packages/airflow/example_dags/example_task_group_decorator.py
[2026-05-23T00:13:33.396+0000] {logging_mixin.py:188} INFO - [2026-05-23T00:13:33.395+0000] {dag.py:3096} INFO - Sync 1 DAGs
[2026-05-23T00:13:33.424+0000] {logging_mixin.py:188} INFO - [2026-05-23T00:13:33.423+0000] {dag.py:3954} INFO - Setting next_dagrun for example_task_group_decorator to 2026-05-22 00:00:00+00:00, run_after=2026-05-23 00:00:00+00:00
[2026-05-23T00:13:33.450+0000] {processor.py:183} INFO - Processing /home/airflow/.local/lib/python3.12/site-packages/airflow/example_dags/example_task_group_decorator.py took 0.164 seconds
[2026-05-23T00:14:04.176+0000] {processor.py:161} INFO - Started process (PID=233) to work on /home/airflow/.local/lib/python3.12/site-packages/airflow/example_dags/example_task_group_decorator.py
[2026-05-23T00:14:04.177+0000] {processor.py:830} INFO - Processing file /home/airflow/.local/lib/python3.12/site-packages/airflow/example_dags/example_task_group_decorator.py for tasks to queue
[2026-05-23T00:14:04.181+0000] {logging_mixin.py:188} INFO - [2026-05-23T00:14:04.180+0000] {dagbag.py:545} INFO - Filling up the DagBag from /home/airflow/.local/lib/python3.12/site-packages/airflow/example_dags/example_task_group_decorator.py
[2026-05-23T00:14:04.214+0000] {processor.py:840} INFO - DAG(s) 'example_task_group_decorator' retrieved from /home/airflow/.local/lib/python3.12/site-packages/airflow/example_dags/example_task_group_decorator.py
[2026-05-23T00:14:04.251+0000] {logging_mixin.py:188} INFO - [2026-05-23T00:14:04.251+0000] {dag.py:3096} INFO - Sync 1 DAGs
[2026-05-23T00:14:04.286+0000] {logging_mixin.py:188} INFO - [2026-05-23T00:14:04.286+0000] {dag.py:3954} INFO - Setting next_dagrun for example_task_group_decorator to 2026-05-22 00:00:00+00:00, run_after=2026-05-23 00:00:00+00:00
[2026-05-23T00:14:04.314+0000] {processor.py:183} INFO - Processing /home/airflow/.local/lib/python3.12/site-packages/airflow/example_dags/example_task_group_decorator.py took 0.153 seconds
[2026-05-23T00:14:34.493+0000] {processor.py:161} INFO - Started process (PID=292) to work on /home/airflow/.local/lib/python3.12/site-packages/airflow/example_dags/example_task_group_decorator.py
[2026-05-23T00:14:34.497+0000] {processor.py:830} INFO - Processing file /home/airflow/.local/lib/python3.12/site-packages/airflow/example_dags/example_task_group_decorator.py for tasks to queue
[2026-05-23T00:14:34.502+0000] {logging_mixin.py:188} INFO - [2026-05-23T00:14:34.502+0000] {dagbag.py:545} INFO - Filling up the DagBag from /home/airflow/.local/lib/python3.12/site-packages/airflow/example_dags/example_task_group_decorator.py
[2026-05-23T00:14:34.533+0000] {processor.py:840} INFO - DAG(s) 'example_task_group_decorator' retrieved from /home/airflow/.local/lib/python3.12/site-packages/airflow/example_dags/example_task_group_decorator.py
[2026-05-23T00:14:34.556+0000] {logging_mixin.py:188} INFO - [2026-05-23T00:14:34.556+0000] {dag.py:3096} INFO - Sync 1 DAGs
[2026-05-23T00:14:34.577+0000] {logging_mixin.py:188} INFO - [2026-05-23T00:14:34.577+0000] {dag.py:3954} INFO - Setting next_dagrun for example_task_group_decorator to 2026-05-22 00:00:00+00:00, run_after=2026-05-23 00:00:00+00:00
[2026-05-23T00:14:34.597+0000] {processor.py:183} INFO - Processing /home/airflow/.local/lib/python3.12/site-packages/airflow/example_dags/example_task_group_decorator.py took 0.115 seconds
[2026-05-23T00:15:05.084+0000] {processor.py:161} INFO - Started process (PID=357) to work on /home/airflow/.local/lib/python3.12/site-packages/airflow/example_dags/example_task_group_decorator.py
[2026-05-23T00:15:05.087+0000] {processor.py:830} INFO - Processing file /home/airflow/.local/lib/python3.12/site-packages/airflow/example_dags/example_task_group_decorator.py for tasks to queue
[2026-05-23T00:15:05.093+0000] {logging_mixin.py:188} INFO - [2026-05-23T00:15:05.092+0000] {dagbag.py:545} INFO - Filling up the DagBag from /home/airflow/.local/lib/python3.12/site-packages/airflow/example_dags/example_task_group_decorator.py
[2026-05-23T00:15:05.122+0000] {processor.py:840} INFO - DAG(s) 'example_task_group_decorator' retrieved from /home/airflow/.local/lib/python3.12/site-packages/airflow/example_dags/example_task_group_decorator.py
[2026-05-23T00:15:05.151+0000] {logging_mixin.py:188} INFO - [2026-05-23T00:15:05.151+0000] {dag.py:3096} INFO - Sync 1 DAGs
[2026-05-23T00:15:05.174+0000] {logging_mixin.py:188} INFO - [2026-05-23T00:15:05.174+0000] {dag.py:3954} INFO - Setting next_dagrun for example_task_group_decorator to 2026-05-22 00:00:00+00:00, run_after=2026-05-23 00:00:00+00:00
[2026-05-23T00:15:05.190+0000] {processor.py:183} INFO - Processing /home/airflow/.local/lib/python3.12/site-packages/airflow/example_dags/example_task_group_decorator.py took 0.118 seconds
[2026-05-23T00:15:35.611+0000] {processor.py:161} INFO - Started process (PID=416) to work on /home/airflow/.local/lib/python3.12/site-packages/airflow/example_dags/example_task_group_decorator.py
[2026-05-23T00:15:35.613+0000] {processor.py:830} INFO - Processing file /home/airflow/.local/lib/python3.12/site-packages/airflow/example_dags/example_task_group_decorator.py for tasks to queue
[2026-05-23T00:15:35.624+0000] {logging_mixin.py:188} INFO - [2026-05-23T00:15:35.622+0000] {dagbag.py:545} INFO - Filling up the DagBag from /home/airflow/.local/lib/python3.12/site-packages/airflow/example_dags/example_task_group_decorator.py
[2026-05-23T00:15:35.654+0000] {processor.py:840} INFO - DAG(s) 'example_task_group_decorator' retrieved from /home/airflow/.local/lib/python3.12/site-packages/airflow/example_dags/example_task_group_decorator.py
[2026-05-23T00:15:35.686+0000] {logging_mixin.py:188} INFO - [2026-05-23T00:15:35.686+0000] {dag.py:3096} INFO - Sync 1 DAGs
[2026-05-23T00:15:35.713+0000] {logging_mixin.py:188} INFO - [2026-05-23T00:15:35.712+0000] {dag.py:3954} INFO - Setting next_dagrun for example_task_group_decorator to 2026-05-22 00:00:00+00:00, run_after=2026-05-23 00:00:00+00:00
[2026-05-23T00:15:35.731+0000] {processor.py:183} INFO - Processing /home/airflow/.local/lib/python3.12/site-packages/airflow/example_dags/example_task_group_decorator.py took 0.127 seconds
[2026-05-23T00:16:06.261+0000] {processor.py:161} INFO - Started process (PID=475) to work on /home/airflow/.local/lib/python3.12/site-packages/airflow/example_dags/example_task_group_decorator.py
[2026-05-23T00:16:06.264+0000] {processor.py:830} INFO - Processing file /home/airflow/.local/lib/python3.12/site-packages/airflow/example_dags/example_task_group_decorator.py for tasks to queue
[2026-05-23T00:16:06.272+0000] {logging_mixin.py:188} INFO - [2026-05-23T00:16:06.272+0000] {dagbag.py:545} INFO - Filling up the DagBag from /home/airflow/.local/lib/python3.12/site-packages/airflow/example_dags/example_task_group_decorator.py
[2026-05-23T00:16:06.301+0000] {processor.py:840} INFO - DAG(s) 'example_task_group_decorator' retrieved from /home/airflow/.local/lib/python3.12/site-packages/airflow/example_dags/example_task_group_decorator.py
[2026-05-23T00:16:06.331+0000] {logging_mixin.py:188} INFO - [2026-05-23T00:16:06.331+0000] {dag.py:3096} INFO - Sync 1 DAGs
[2026-05-23T00:16:06.357+0000] {logging_mixin.py:188} INFO - [2026-05-23T00:16:06.357+0000] {dag.py:3954} INFO - Setting next_dagrun for example_task_group_decorator to 2026-05-22 00:00:00+00:00, run_after=2026-05-23 00:00:00+00:00
[2026-05-23T00:16:06.381+0000] {processor.py:183} INFO - Processing /home/airflow/.local/lib/python3.12/site-packages/airflow/example_dags/example_task_group_decorator.py took 0.133 seconds
[2026-05-23T00:16:36.698+0000] {processor.py:161} INFO - Started process (PID=534) to work on /home/airflow/.local/lib/python3.12/site-packages/airflow/example_dags/example_task_group_decorator.py
[2026-05-23T00:16:36.704+0000] {processor.py:830} INFO - Processing file /home/airflow/.local/lib/python3.12/site-packages/airflow/example_dags/example_task_group_decorator.py for tasks to queue
[2026-05-23T00:16:36.711+0000] {logging_mixin.py:188} INFO - [2026-05-23T00:16:36.710+0000] {dagbag.py:545} INFO - Filling up the DagBag from /home/airflow/.local/lib/python3.12/site-packages/airflow/example_dags/example_task_group_decorator.py
[2026-05-23T00:16:36.769+0000] {processor.py:840} INFO - DAG(s) 'example_task_group_decorator' retrieved from /home/airflow/.local/lib/python3.12/site-packages/airflow/example_dags/example_task_group_decorator.py
[2026-05-23T00:16:36.870+0000] {logging_mixin.py:188} INFO - [2026-05-23T00:16:36.869+0000] {dag.py:3096} INFO - Sync 1 DAGs
[2026-05-23T00:16:36.941+0000] {logging_mixin.py:188} INFO - [2026-05-23T00:16:36.940+0000] {dag.py:3954} INFO - Setting next_dagrun for example_task_group_decorator to 2026-05-22 00:00:00+00:00, run_after=2026-05-23 00:00:00+00:00
[2026-05-23T00:16:36.961+0000] {processor.py:183} INFO - Processing /home/airflow/.local/lib/python3.12/site-packages/airflow/example_dags/example_task_group_decorator.py took 0.282 seconds
[2026-05-23T00:17:08.035+0000] {processor.py:161} INFO - Started process (PID=593) to work on /home/airflow/.local/lib/python3.12/site-packages/airflow/example_dags/example_task_group_decorator.py
[2026-05-23T00:17:08.038+0000] {processor.py:830} INFO - Processing file /home/airflow/.local/lib/python3.12/site-packages/airflow/example_dags/example_task_group_decorator.py for tasks to queue
[2026-05-23T00:17:08.042+0000] {logging_mixin.py:188} INFO - [2026-05-23T00:17:08.042+0000] {dagbag.py:545} INFO - Filling up the DagBag from /home/airflow/.local/lib/python3.12/site-packages/airflow/example_dags/example_task_group_decorator.py
[2026-05-23T00:17:08.073+0000] {processor.py:840} INFO - DAG(s) 'example_task_group_decorator' retrieved from /home/airflow/.local/lib/python3.12/site-packages/airflow/example_dags/example_task_group_decorator.py
[2026-05-23T00:17:08.103+0000] {logging_mixin.py:188} INFO - [2026-05-23T00:17:08.103+0000] {dag.py:3096} INFO - Sync 1 DAGs
[2026-05-23T00:17:08.126+0000] {logging_mixin.py:188} INFO - [2026-05-23T00:17:08.126+0000] {dag.py:3954} INFO - Setting next_dagrun for example_task_group_decorator to 2026-05-22 00:00:00+00:00, run_after=2026-05-23 00:00:00+00:00
[2026-05-23T00:17:08.144+0000] {processor.py:183} INFO - Processing /home/airflow/.local/lib/python3.12/site-packages/airflow/example_dags/example_task_group_decorator.py took 0.120 seconds
[2026-05-23T00:17:38.525+0000] {processor.py:161} INFO - Started process (PID=652) to work on /home/airflow/.local/lib/python3.12/site-packages/airflow/example_dags/example_task_group_decorator.py
[2026-05-23T00:17:38.526+0000] {processor.py:830} INFO - Processing file /home/airflow/.local/lib/python3.12/site-packages/airflow/example_dags/example_task_group_decorator.py for tasks to queue
[2026-05-23T00:17:38.530+0000] {logging_mixin.py:188} INFO - [2026-05-23T00:17:38.530+0000] {dagbag.py:545} INFO - Filling up the DagBag from /home/airflow/.local/lib/python3.12/site-packages/airflow/example_dags/example_task_group_decorator.py
[2026-05-23T00:17:38.558+0000] {processor.py:840} INFO - DAG(s) 'example_task_group_decorator' retrieved from /home/airflow/.local/lib/python3.12/site-packages/airflow/example_dags/example_task_group_decorator.py
[2026-05-23T00:17:38.590+0000] {logging_mixin.py:188} INFO - [2026-05-23T00:17:38.590+0000] {dag.py:3096} INFO - Sync 1 DAGs
[2026-05-23T00:17:38.612+0000] {logging_mixin.py:188} INFO - [2026-05-23T00:17:38.612+0000] {dag.py:3954} INFO - Setting next_dagrun for example_task_group_decorator to 2026-05-22 00:00:00+00:00, run_after=2026-05-23 00:00:00+00:00
[2026-05-23T00:17:38.629+0000] {processor.py:183} INFO - Processing /home/airflow/.local/lib/python3.12/site-packages/airflow/example_dags/example_task_group_decorator.py took 0.114 seconds
[2026-05-23T00:18:09.554+0000] {processor.py:161} INFO - Started process (PID=711) to work on /home/airflow/.local/lib/python3.12/site-packages/airflow/example_dags/example_task_group_decorator.py
[2026-05-23T00:18:09.558+0000] {processor.py:830} INFO - Processing file /home/airflow/.local/lib/python3.12/site-packages/airflow/example_dags/example_task_group_decorator.py for tasks to queue
[2026-05-23T00:18:09.561+0000] {logging_mixin.py:188} INFO - [2026-05-23T00:18:09.561+0000] {dagbag.py:545} INFO - Filling up the DagBag from /home/airflow/.local/lib/python3.12/site-packages/airflow/example_dags/example_task_group_decorator.py
[2026-05-23T00:18:09.593+0000] {processor.py:840} INFO - DAG(s) 'example_task_group_decorator' retrieved from /home/airflow/.local/lib/python3.12/site-packages/airflow/example_dags/example_task_group_decorator.py
[2026-05-23T00:18:09.645+0000] {logging_mixin.py:188} INFO - [2026-05-23T00:18:09.645+0000] {dag.py:3096} INFO - Sync 1 DAGs
[2026-05-23T00:18:09.671+0000] {logging_mixin.py:188} INFO - [2026-05-23T00:18:09.671+0000] {dag.py:3954} INFO - Setting next_dagrun for example_task_group_decorator to 2026-05-22 00:00:00+00:00, run_after=2026-05-23 00:00:00+00:00
[2026-05-23T00:18:09.695+0000] {processor.py:183} INFO - Processing /home/airflow/.local/lib/python3.12/site-packages/airflow/example_dags/example_task_group_decorator.py took 0.153 seconds
[2026-05-23T00:18:40.054+0000] {processor.py:161} INFO - Started process (PID=770) to work on /home/airflow/.local/lib/python3.12/site-packages/airflow/example_dags/example_task_group_decorator.py
[2026-05-23T00:18:40.065+0000] {processor.py:830} INFO - Processing file /home/airflow/.local/lib/python3.12/site-packages/airflow/example_dags/example_task_group_decorator.py for tasks to queue
[2026-05-23T00:18:40.086+0000] {logging_mixin.py:188} INFO - [2026-05-23T00:18:40.084+0000] {dagbag.py:545} INFO - Filling up the DagBag from /home/airflow/.local/lib/python3.12/site-packages/airflow/example_dags/example_task_group_decorator.py
[2026-05-23T00:18:40.146+0000] {processor.py:840} INFO - DAG(s) 'example_task_group_decorator' retrieved from /home/airflow/.local/lib/python3.12/site-packages/airflow/example_dags/example_task_group_decorator.py
[2026-05-23T00:18:40.227+0000] {logging_mixin.py:188} INFO - [2026-05-23T00:18:40.227+0000] {dag.py:3096} INFO - Sync 1 DAGs
[2026-05-23T00:18:40.283+0000] {logging_mixin.py:188} INFO - [2026-05-23T00:18:40.283+0000] {dag.py:3954} INFO - Setting next_dagrun for example_task_group_decorator to 2026-05-22 00:00:00+00:00, run_after=2026-05-23 00:00:00+00:00
[2026-05-23T00:18:40.328+0000] {processor.py:183} INFO - Processing /home/airflow/.local/lib/python3.12/site-packages/airflow/example_dags/example_task_group_decorator.py took 0.293 seconds
[2026-05-23T00:19:11.018+0000] {processor.py:161} INFO - Started process (PID=829) to work on /home/airflow/.local/lib/python3.12/site-packages/airflow/example_dags/example_task_group_decorator.py
[2026-05-23T00:19:11.024+0000] {processor.py:830} INFO - Processing file /home/airflow/.local/lib/python3.12/site-packages/airflow/example_dags/example_task_group_decorator.py for tasks to queue
[2026-05-23T00:19:11.033+0000] {logging_mixin.py:188} INFO - [2026-05-23T00:19:11.032+0000] {dagbag.py:545} INFO - Filling up the DagBag from /home/airflow/.local/lib/python3.12/site-packages/airflow/example_dags/example_task_group_decorator.py
[2026-05-23T00:19:11.069+0000] {processor.py:840} INFO - DAG(s) 'example_task_group_decorator' retrieved from /home/airflow/.local/lib/python3.12/site-packages/airflow/example_dags/example_task_group_decorator.py
[2026-05-23T00:19:11.141+0000] {logging_mixin.py:188} INFO - [2026-05-23T00:19:11.141+0000] {dag.py:3096} INFO - Sync 1 DAGs
[2026-05-23T00:19:11.172+0000] {logging_mixin.py:188} INFO - [2026-05-23T00:19:11.172+0000] {dag.py:3954} INFO - Setting next_dagrun for example_task_group_decorator to 2026-05-22 00:00:00+00:00, run_after=2026-05-23 00:00:00+00:00
[2026-05-23T00:19:11.190+0000] {processor.py:183} INFO - Processing /home/airflow/.local/lib/python3.12/site-packages/airflow/example_dags/example_task_group_decorator.py took 0.186 seconds
[2026-05-23T00:19:41.720+0000] {processor.py:161} INFO - Started process (PID=888) to work on /home/airflow/.local/lib/python3.12/site-packages/airflow/example_dags/example_task_group_decorator.py
[2026-05-23T00:19:41.725+0000] {processor.py:830} INFO - Processing file /home/airflow/.local/lib/python3.12/site-packages/airflow/example_dags/example_task_group_decorator.py for tasks to queue
[2026-05-23T00:19:41.731+0000] {logging_mixin.py:188} INFO - [2026-05-23T00:19:41.731+0000] {dagbag.py:545} INFO - Filling up the DagBag from /home/airflow/.local/lib/python3.12/site-packages/airflow/example_dags/example_task_group_decorator.py
[2026-05-23T00:19:41.775+0000] {processor.py:840} INFO - DAG(s) 'example_task_group_decorator' retrieved from /home/airflow/.local/lib/python3.12/site-packages/airflow/example_dags/example_task_group_decorator.py
[2026-05-23T00:19:41.811+0000] {logging_mixin.py:188} INFO - [2026-05-23T00:19:41.810+0000] {dag.py:3096} INFO - Sync 1 DAGs
[2026-05-23T00:19:41.845+0000] {logging_mixin.py:188} INFO - [2026-05-23T00:19:41.845+0000] {dag.py:3954} INFO - Setting next_dagrun for example_task_group_decorator to 2026-05-22 00:00:00+00:00, run_after=2026-05-23 00:00:00+00:00
[2026-05-23T00:19:41.882+0000] {processor.py:183} INFO - Processing /home/airflow/.local/lib/python3.12/site-packages/airflow/example_dags/example_task_group_decorator.py took 0.171 seconds
[2026-05-23T00:20:12.370+0000] {processor.py:161} INFO - Started process (PID=947) to work on /home/airflow/.local/lib/python3.12/site-packages/airflow/example_dags/example_task_group_decorator.py
[2026-05-23T00:20:12.372+0000] {processor.py:830} INFO - Processing file /home/airflow/.local/lib/python3.12/site-packages/airflow/example_dags/example_task_group_decorator.py for tasks to queue
[2026-05-23T00:20:12.375+0000] {logging_mixin.py:188} INFO - [2026-05-23T00:20:12.375+0000] {dagbag.py:545} INFO - Filling up the DagBag from /home/airflow/.local/lib/python3.12/site-packages/airflow/example_dags/example_task_group_decorator.py
[2026-05-23T00:20:12.396+0000] {processor.py:840} INFO - DAG(s) 'example_task_group_decorator' retrieved from /home/airflow/.local/lib/python3.12/site-packages/airflow/example_dags/example_task_group_decorator.py
[2026-05-23T00:20:12.422+0000] {logging_mixin.py:188} INFO - [2026-05-23T00:20:12.422+0000] {dag.py:3096} INFO - Sync 1 DAGs
[2026-05-23T00:20:12.442+0000] {logging_mixin.py:188} INFO - [2026-05-23T00:20:12.442+0000] {dag.py:3954} INFO - Setting next_dagrun for example_task_group_decorator to 2026-05-22 00:00:00+00:00, run_after=2026-05-23 00:00:00+00:00
[2026-05-23T00:20:12.459+0000] {processor.py:183} INFO - Processing /home/airflow/.local/lib/python3.12/site-packages/airflow/example_dags/example_task_group_decorator.py took 0.099 seconds
