[2026-05-23T00:00:28.707+0000] {processor.py:161} INFO - Started process (PID=2336) to work on /home/airflow/.local/lib/python3.12/site-packages/airflow/example_dags/example_latest_only_with_trigger.py
[2026-05-23T00:00:28.708+0000] {processor.py:830} INFO - Processing file /home/airflow/.local/lib/python3.12/site-packages/airflow/example_dags/example_latest_only_with_trigger.py for tasks to queue
[2026-05-23T00:00:28.710+0000] {logging_mixin.py:188} INFO - [2026-05-23T00:00:28.709+0000] {dagbag.py:545} INFO - Filling up the DagBag from /home/airflow/.local/lib/python3.12/site-packages/airflow/example_dags/example_latest_only_with_trigger.py
[2026-05-23T00:00:28.715+0000] {processor.py:840} INFO - DAG(s) 'latest_only_with_trigger' retrieved from /home/airflow/.local/lib/python3.12/site-packages/airflow/example_dags/example_latest_only_with_trigger.py
[2026-05-23T00:00:28.730+0000] {logging_mixin.py:188} INFO - [2026-05-23T00:00:28.730+0000] {dag.py:3096} INFO - Sync 1 DAGs
[2026-05-23T00:00:28.743+0000] {logging_mixin.py:188} INFO - [2026-05-23T00:00:28.743+0000] {dag.py:3954} INFO - Setting next_dagrun for latest_only_with_trigger to 2026-05-22 20:00:00+00:00, run_after=2026-05-23 00:00:00+00:00
[2026-05-23T00:00:28.755+0000] {processor.py:183} INFO - Processing /home/airflow/.local/lib/python3.12/site-packages/airflow/example_dags/example_latest_only_with_trigger.py took 0.052 seconds
[2026-05-23T00:00:58.937+0000] {processor.py:161} INFO - Started process (PID=2395) to work on /home/airflow/.local/lib/python3.12/site-packages/airflow/example_dags/example_latest_only_with_trigger.py
[2026-05-23T00:00:58.937+0000] {processor.py:830} INFO - Processing file /home/airflow/.local/lib/python3.12/site-packages/airflow/example_dags/example_latest_only_with_trigger.py for tasks to queue
[2026-05-23T00:00:58.938+0000] {logging_mixin.py:188} INFO - [2026-05-23T00:00:58.938+0000] {dagbag.py:545} INFO - Filling up the DagBag from /home/airflow/.local/lib/python3.12/site-packages/airflow/example_dags/example_latest_only_with_trigger.py
[2026-05-23T00:00:58.942+0000] {processor.py:840} INFO - DAG(s) 'latest_only_with_trigger' retrieved from /home/airflow/.local/lib/python3.12/site-packages/airflow/example_dags/example_latest_only_with_trigger.py
[2026-05-23T00:00:58.964+0000] {logging_mixin.py:188} INFO - [2026-05-23T00:00:58.963+0000] {dag.py:3096} INFO - Sync 1 DAGs
[2026-05-23T00:00:58.979+0000] {logging_mixin.py:188} INFO - [2026-05-23T00:00:58.979+0000] {dag.py:3954} INFO - Setting next_dagrun for latest_only_with_trigger to 2026-05-22 20:00:00+00:00, run_after=2026-05-23 00:00:00+00:00
[2026-05-23T00:00:58.989+0000] {processor.py:183} INFO - Processing /home/airflow/.local/lib/python3.12/site-packages/airflow/example_dags/example_latest_only_with_trigger.py took 0.057 seconds
[2026-05-23T00:01:29.245+0000] {processor.py:161} INFO - Started process (PID=2454) to work on /home/airflow/.local/lib/python3.12/site-packages/airflow/example_dags/example_latest_only_with_trigger.py
[2026-05-23T00:01:29.250+0000] {processor.py:830} INFO - Processing file /home/airflow/.local/lib/python3.12/site-packages/airflow/example_dags/example_latest_only_with_trigger.py for tasks to queue
[2026-05-23T00:01:29.253+0000] {logging_mixin.py:188} INFO - [2026-05-23T00:01:29.252+0000] {dagbag.py:545} INFO - Filling up the DagBag from /home/airflow/.local/lib/python3.12/site-packages/airflow/example_dags/example_latest_only_with_trigger.py
[2026-05-23T00:01:29.258+0000] {processor.py:840} INFO - DAG(s) 'latest_only_with_trigger' retrieved from /home/airflow/.local/lib/python3.12/site-packages/airflow/example_dags/example_latest_only_with_trigger.py
[2026-05-23T00:01:29.278+0000] {logging_mixin.py:188} INFO - [2026-05-23T00:01:29.277+0000] {dag.py:3096} INFO - Sync 1 DAGs
[2026-05-23T00:01:29.295+0000] {logging_mixin.py:188} INFO - [2026-05-23T00:01:29.295+0000] {dag.py:3954} INFO - Setting next_dagrun for latest_only_with_trigger to 2026-05-22 20:00:00+00:00, run_after=2026-05-23 00:00:00+00:00
[2026-05-23T00:01:29.304+0000] {processor.py:183} INFO - Processing /home/airflow/.local/lib/python3.12/site-packages/airflow/example_dags/example_latest_only_with_trigger.py took 0.064 seconds
[2026-05-23T00:02:02.297+0000] {processor.py:161} INFO - Started process (PID=2513) to work on /home/airflow/.local/lib/python3.12/site-packages/airflow/example_dags/example_latest_only_with_trigger.py
[2026-05-23T00:02:02.300+0000] {processor.py:830} INFO - Processing file /home/airflow/.local/lib/python3.12/site-packages/airflow/example_dags/example_latest_only_with_trigger.py for tasks to queue
[2026-05-23T00:02:02.307+0000] {logging_mixin.py:188} INFO - [2026-05-23T00:02:02.305+0000] {dagbag.py:545} INFO - Filling up the DagBag from /home/airflow/.local/lib/python3.12/site-packages/airflow/example_dags/example_latest_only_with_trigger.py
[2026-05-23T00:02:02.319+0000] {processor.py:840} INFO - DAG(s) 'latest_only_with_trigger' retrieved from /home/airflow/.local/lib/python3.12/site-packages/airflow/example_dags/example_latest_only_with_trigger.py
[2026-05-23T00:02:02.353+0000] {logging_mixin.py:188} INFO - [2026-05-23T00:02:02.353+0000] {dag.py:3096} INFO - Sync 1 DAGs
[2026-05-23T00:02:02.374+0000] {logging_mixin.py:188} INFO - [2026-05-23T00:02:02.374+0000] {dag.py:3954} INFO - Setting next_dagrun for latest_only_with_trigger to 2026-05-22 20:00:00+00:00, run_after=2026-05-23 00:00:00+00:00
[2026-05-23T00:02:02.393+0000] {processor.py:183} INFO - Processing /home/airflow/.local/lib/python3.12/site-packages/airflow/example_dags/example_latest_only_with_trigger.py took 0.104 seconds
[2026-05-23T00:02:33.193+0000] {processor.py:161} INFO - Started process (PID=2572) to work on /home/airflow/.local/lib/python3.12/site-packages/airflow/example_dags/example_latest_only_with_trigger.py
[2026-05-23T00:02:33.193+0000] {processor.py:830} INFO - Processing file /home/airflow/.local/lib/python3.12/site-packages/airflow/example_dags/example_latest_only_with_trigger.py for tasks to queue
[2026-05-23T00:02:33.195+0000] {logging_mixin.py:188} INFO - [2026-05-23T00:02:33.195+0000] {dagbag.py:545} INFO - Filling up the DagBag from /home/airflow/.local/lib/python3.12/site-packages/airflow/example_dags/example_latest_only_with_trigger.py
[2026-05-23T00:02:33.201+0000] {processor.py:840} INFO - DAG(s) 'latest_only_with_trigger' retrieved from /home/airflow/.local/lib/python3.12/site-packages/airflow/example_dags/example_latest_only_with_trigger.py
[2026-05-23T00:02:33.226+0000] {logging_mixin.py:188} INFO - [2026-05-23T00:02:33.226+0000] {dag.py:3096} INFO - Sync 1 DAGs
[2026-05-23T00:02:33.247+0000] {logging_mixin.py:188} INFO - [2026-05-23T00:02:33.247+0000] {dag.py:3954} INFO - Setting next_dagrun for latest_only_with_trigger to 2026-05-22 20:00:00+00:00, run_after=2026-05-23 00:00:00+00:00
[2026-05-23T00:02:33.265+0000] {processor.py:183} INFO - Processing /home/airflow/.local/lib/python3.12/site-packages/airflow/example_dags/example_latest_only_with_trigger.py took 0.078 seconds
[2026-05-23T00:03:03.946+0000] {processor.py:161} INFO - Started process (PID=2631) to work on /home/airflow/.local/lib/python3.12/site-packages/airflow/example_dags/example_latest_only_with_trigger.py
[2026-05-23T00:03:03.947+0000] {processor.py:830} INFO - Processing file /home/airflow/.local/lib/python3.12/site-packages/airflow/example_dags/example_latest_only_with_trigger.py for tasks to queue
[2026-05-23T00:03:03.949+0000] {logging_mixin.py:188} INFO - [2026-05-23T00:03:03.948+0000] {dagbag.py:545} INFO - Filling up the DagBag from /home/airflow/.local/lib/python3.12/site-packages/airflow/example_dags/example_latest_only_with_trigger.py
[2026-05-23T00:03:03.953+0000] {processor.py:840} INFO - DAG(s) 'latest_only_with_trigger' retrieved from /home/airflow/.local/lib/python3.12/site-packages/airflow/example_dags/example_latest_only_with_trigger.py
[2026-05-23T00:03:03.971+0000] {logging_mixin.py:188} INFO - [2026-05-23T00:03:03.971+0000] {dag.py:3096} INFO - Sync 1 DAGs
[2026-05-23T00:03:03.986+0000] {logging_mixin.py:188} INFO - [2026-05-23T00:03:03.986+0000] {dag.py:3954} INFO - Setting next_dagrun for latest_only_with_trigger to 2026-05-22 20:00:00+00:00, run_after=2026-05-23 00:00:00+00:00
[2026-05-23T00:03:03.997+0000] {processor.py:183} INFO - Processing /home/airflow/.local/lib/python3.12/site-packages/airflow/example_dags/example_latest_only_with_trigger.py took 0.055 seconds
[2026-05-23T00:03:34.783+0000] {processor.py:161} INFO - Started process (PID=2690) to work on /home/airflow/.local/lib/python3.12/site-packages/airflow/example_dags/example_latest_only_with_trigger.py
[2026-05-23T00:03:34.784+0000] {processor.py:830} INFO - Processing file /home/airflow/.local/lib/python3.12/site-packages/airflow/example_dags/example_latest_only_with_trigger.py for tasks to queue
[2026-05-23T00:03:34.786+0000] {logging_mixin.py:188} INFO - [2026-05-23T00:03:34.786+0000] {dagbag.py:545} INFO - Filling up the DagBag from /home/airflow/.local/lib/python3.12/site-packages/airflow/example_dags/example_latest_only_with_trigger.py
[2026-05-23T00:03:34.790+0000] {processor.py:840} INFO - DAG(s) 'latest_only_with_trigger' retrieved from /home/airflow/.local/lib/python3.12/site-packages/airflow/example_dags/example_latest_only_with_trigger.py
[2026-05-23T00:03:34.805+0000] {logging_mixin.py:188} INFO - [2026-05-23T00:03:34.805+0000] {dag.py:3096} INFO - Sync 1 DAGs
[2026-05-23T00:03:34.821+0000] {logging_mixin.py:188} INFO - [2026-05-23T00:03:34.821+0000] {dag.py:3954} INFO - Setting next_dagrun for latest_only_with_trigger to 2026-05-22 20:00:00+00:00, run_after=2026-05-23 00:00:00+00:00
[2026-05-23T00:03:34.838+0000] {processor.py:183} INFO - Processing /home/airflow/.local/lib/python3.12/site-packages/airflow/example_dags/example_latest_only_with_trigger.py took 0.059 seconds
[2026-05-23T00:04:04.963+0000] {processor.py:161} INFO - Started process (PID=2749) to work on /home/airflow/.local/lib/python3.12/site-packages/airflow/example_dags/example_latest_only_with_trigger.py
[2026-05-23T00:04:04.964+0000] {processor.py:830} INFO - Processing file /home/airflow/.local/lib/python3.12/site-packages/airflow/example_dags/example_latest_only_with_trigger.py for tasks to queue
[2026-05-23T00:04:04.966+0000] {logging_mixin.py:188} INFO - [2026-05-23T00:04:04.965+0000] {dagbag.py:545} INFO - Filling up the DagBag from /home/airflow/.local/lib/python3.12/site-packages/airflow/example_dags/example_latest_only_with_trigger.py
[2026-05-23T00:04:04.975+0000] {processor.py:840} INFO - DAG(s) 'latest_only_with_trigger' retrieved from /home/airflow/.local/lib/python3.12/site-packages/airflow/example_dags/example_latest_only_with_trigger.py
[2026-05-23T00:04:05.016+0000] {logging_mixin.py:188} INFO - [2026-05-23T00:04:05.015+0000] {dag.py:3096} INFO - Sync 1 DAGs
[2026-05-23T00:04:05.039+0000] {logging_mixin.py:188} INFO - [2026-05-23T00:04:05.039+0000] {dag.py:3954} INFO - Setting next_dagrun for latest_only_with_trigger to 2026-05-22 20:00:00+00:00, run_after=2026-05-23 00:00:00+00:00
[2026-05-23T00:04:05.057+0000] {processor.py:183} INFO - Processing /home/airflow/.local/lib/python3.12/site-packages/airflow/example_dags/example_latest_only_with_trigger.py took 0.106 seconds
[2026-05-23T00:04:35.684+0000] {processor.py:161} INFO - Started process (PID=2808) to work on /home/airflow/.local/lib/python3.12/site-packages/airflow/example_dags/example_latest_only_with_trigger.py
[2026-05-23T00:04:35.686+0000] {processor.py:830} INFO - Processing file /home/airflow/.local/lib/python3.12/site-packages/airflow/example_dags/example_latest_only_with_trigger.py for tasks to queue
[2026-05-23T00:04:35.687+0000] {logging_mixin.py:188} INFO - [2026-05-23T00:04:35.687+0000] {dagbag.py:545} INFO - Filling up the DagBag from /home/airflow/.local/lib/python3.12/site-packages/airflow/example_dags/example_latest_only_with_trigger.py
[2026-05-23T00:04:35.692+0000] {processor.py:840} INFO - DAG(s) 'latest_only_with_trigger' retrieved from /home/airflow/.local/lib/python3.12/site-packages/airflow/example_dags/example_latest_only_with_trigger.py
[2026-05-23T00:04:35.718+0000] {logging_mixin.py:188} INFO - [2026-05-23T00:04:35.718+0000] {dag.py:3096} INFO - Sync 1 DAGs
[2026-05-23T00:04:35.735+0000] {logging_mixin.py:188} INFO - [2026-05-23T00:04:35.735+0000] {dag.py:3954} INFO - Setting next_dagrun for latest_only_with_trigger to 2026-05-22 20:00:00+00:00, run_after=2026-05-23 00:00:00+00:00
[2026-05-23T00:04:35.746+0000] {processor.py:183} INFO - Processing /home/airflow/.local/lib/python3.12/site-packages/airflow/example_dags/example_latest_only_with_trigger.py took 0.067 seconds
[2026-05-23T00:05:06.538+0000] {processor.py:161} INFO - Started process (PID=2867) to work on /home/airflow/.local/lib/python3.12/site-packages/airflow/example_dags/example_latest_only_with_trigger.py
[2026-05-23T00:05:06.538+0000] {processor.py:830} INFO - Processing file /home/airflow/.local/lib/python3.12/site-packages/airflow/example_dags/example_latest_only_with_trigger.py for tasks to queue
[2026-05-23T00:05:06.541+0000] {logging_mixin.py:188} INFO - [2026-05-23T00:05:06.540+0000] {dagbag.py:545} INFO - Filling up the DagBag from /home/airflow/.local/lib/python3.12/site-packages/airflow/example_dags/example_latest_only_with_trigger.py
[2026-05-23T00:05:06.549+0000] {processor.py:840} INFO - DAG(s) 'latest_only_with_trigger' retrieved from /home/airflow/.local/lib/python3.12/site-packages/airflow/example_dags/example_latest_only_with_trigger.py
[2026-05-23T00:05:06.568+0000] {logging_mixin.py:188} INFO - [2026-05-23T00:05:06.568+0000] {dag.py:3096} INFO - Sync 1 DAGs
[2026-05-23T00:05:06.586+0000] {logging_mixin.py:188} INFO - [2026-05-23T00:05:06.586+0000] {dag.py:3954} INFO - Setting next_dagrun for latest_only_with_trigger to 2026-05-22 20:00:00+00:00, run_after=2026-05-23 00:00:00+00:00
[2026-05-23T00:05:06.621+0000] {processor.py:183} INFO - Processing /home/airflow/.local/lib/python3.12/site-packages/airflow/example_dags/example_latest_only_with_trigger.py took 0.089 seconds
[2026-05-23T00:05:37.177+0000] {processor.py:161} INFO - Started process (PID=2926) to work on /home/airflow/.local/lib/python3.12/site-packages/airflow/example_dags/example_latest_only_with_trigger.py
[2026-05-23T00:05:37.177+0000] {processor.py:830} INFO - Processing file /home/airflow/.local/lib/python3.12/site-packages/airflow/example_dags/example_latest_only_with_trigger.py for tasks to queue
[2026-05-23T00:05:37.178+0000] {logging_mixin.py:188} INFO - [2026-05-23T00:05:37.178+0000] {dagbag.py:545} INFO - Filling up the DagBag from /home/airflow/.local/lib/python3.12/site-packages/airflow/example_dags/example_latest_only_with_trigger.py
[2026-05-23T00:05:37.182+0000] {processor.py:840} INFO - DAG(s) 'latest_only_with_trigger' retrieved from /home/airflow/.local/lib/python3.12/site-packages/airflow/example_dags/example_latest_only_with_trigger.py
[2026-05-23T00:05:37.199+0000] {logging_mixin.py:188} INFO - [2026-05-23T00:05:37.199+0000] {dag.py:3096} INFO - Sync 1 DAGs
[2026-05-23T00:05:37.215+0000] {logging_mixin.py:188} INFO - [2026-05-23T00:05:37.215+0000] {dag.py:3954} INFO - Setting next_dagrun for latest_only_with_trigger to 2026-05-22 20:00:00+00:00, run_after=2026-05-23 00:00:00+00:00
[2026-05-23T00:05:37.230+0000] {processor.py:183} INFO - Processing /home/airflow/.local/lib/python3.12/site-packages/airflow/example_dags/example_latest_only_with_trigger.py took 0.057 seconds
[2026-05-23T00:06:07.825+0000] {processor.py:161} INFO - Started process (PID=2985) to work on /home/airflow/.local/lib/python3.12/site-packages/airflow/example_dags/example_latest_only_with_trigger.py
[2026-05-23T00:06:07.825+0000] {processor.py:830} INFO - Processing file /home/airflow/.local/lib/python3.12/site-packages/airflow/example_dags/example_latest_only_with_trigger.py for tasks to queue
[2026-05-23T00:06:07.827+0000] {logging_mixin.py:188} INFO - [2026-05-23T00:06:07.827+0000] {dagbag.py:545} INFO - Filling up the DagBag from /home/airflow/.local/lib/python3.12/site-packages/airflow/example_dags/example_latest_only_with_trigger.py
[2026-05-23T00:06:07.831+0000] {processor.py:840} INFO - DAG(s) 'latest_only_with_trigger' retrieved from /home/airflow/.local/lib/python3.12/site-packages/airflow/example_dags/example_latest_only_with_trigger.py
[2026-05-23T00:06:07.851+0000] {logging_mixin.py:188} INFO - [2026-05-23T00:06:07.851+0000] {dag.py:3096} INFO - Sync 1 DAGs
[2026-05-23T00:06:07.869+0000] {logging_mixin.py:188} INFO - [2026-05-23T00:06:07.869+0000] {dag.py:3954} INFO - Setting next_dagrun for latest_only_with_trigger to 2026-05-22 20:00:00+00:00, run_after=2026-05-23 00:00:00+00:00
[2026-05-23T00:06:07.885+0000] {processor.py:183} INFO - Processing /home/airflow/.local/lib/python3.12/site-packages/airflow/example_dags/example_latest_only_with_trigger.py took 0.064 seconds
[2026-05-23T00:06:38.238+0000] {processor.py:161} INFO - Started process (PID=3044) to work on /home/airflow/.local/lib/python3.12/site-packages/airflow/example_dags/example_latest_only_with_trigger.py
[2026-05-23T00:06:38.243+0000] {processor.py:830} INFO - Processing file /home/airflow/.local/lib/python3.12/site-packages/airflow/example_dags/example_latest_only_with_trigger.py for tasks to queue
[2026-05-23T00:06:38.249+0000] {logging_mixin.py:188} INFO - [2026-05-23T00:06:38.249+0000] {dagbag.py:545} INFO - Filling up the DagBag from /home/airflow/.local/lib/python3.12/site-packages/airflow/example_dags/example_latest_only_with_trigger.py
[2026-05-23T00:06:38.253+0000] {processor.py:840} INFO - DAG(s) 'latest_only_with_trigger' retrieved from /home/airflow/.local/lib/python3.12/site-packages/airflow/example_dags/example_latest_only_with_trigger.py
[2026-05-23T00:06:38.291+0000] {logging_mixin.py:188} INFO - [2026-05-23T00:06:38.291+0000] {dag.py:3096} INFO - Sync 1 DAGs
[2026-05-23T00:06:38.313+0000] {logging_mixin.py:188} INFO - [2026-05-23T00:06:38.313+0000] {dag.py:3954} INFO - Setting next_dagrun for latest_only_with_trigger to 2026-05-22 20:00:00+00:00, run_after=2026-05-23 00:00:00+00:00
[2026-05-23T00:06:38.333+0000] {processor.py:183} INFO - Processing /home/airflow/.local/lib/python3.12/site-packages/airflow/example_dags/example_latest_only_with_trigger.py took 0.099 seconds
[2026-05-23T00:07:09.151+0000] {processor.py:161} INFO - Started process (PID=3103) to work on /home/airflow/.local/lib/python3.12/site-packages/airflow/example_dags/example_latest_only_with_trigger.py
[2026-05-23T00:07:09.152+0000] {processor.py:830} INFO - Processing file /home/airflow/.local/lib/python3.12/site-packages/airflow/example_dags/example_latest_only_with_trigger.py for tasks to queue
[2026-05-23T00:07:09.155+0000] {logging_mixin.py:188} INFO - [2026-05-23T00:07:09.154+0000] {dagbag.py:545} INFO - Filling up the DagBag from /home/airflow/.local/lib/python3.12/site-packages/airflow/example_dags/example_latest_only_with_trigger.py
[2026-05-23T00:07:09.160+0000] {processor.py:840} INFO - DAG(s) 'latest_only_with_trigger' retrieved from /home/airflow/.local/lib/python3.12/site-packages/airflow/example_dags/example_latest_only_with_trigger.py
[2026-05-23T00:07:09.178+0000] {logging_mixin.py:188} INFO - [2026-05-23T00:07:09.178+0000] {dag.py:3096} INFO - Sync 1 DAGs
[2026-05-23T00:07:09.196+0000] {logging_mixin.py:188} INFO - [2026-05-23T00:07:09.196+0000] {dag.py:3954} INFO - Setting next_dagrun for latest_only_with_trigger to 2026-05-22 20:00:00+00:00, run_after=2026-05-23 00:00:00+00:00
[2026-05-23T00:07:09.214+0000] {processor.py:183} INFO - Processing /home/airflow/.local/lib/python3.12/site-packages/airflow/example_dags/example_latest_only_with_trigger.py took 0.069 seconds
[2026-05-23T00:07:39.416+0000] {processor.py:161} INFO - Started process (PID=3162) to work on /home/airflow/.local/lib/python3.12/site-packages/airflow/example_dags/example_latest_only_with_trigger.py
[2026-05-23T00:07:39.417+0000] {processor.py:830} INFO - Processing file /home/airflow/.local/lib/python3.12/site-packages/airflow/example_dags/example_latest_only_with_trigger.py for tasks to queue
[2026-05-23T00:07:39.418+0000] {logging_mixin.py:188} INFO - [2026-05-23T00:07:39.418+0000] {dagbag.py:545} INFO - Filling up the DagBag from /home/airflow/.local/lib/python3.12/site-packages/airflow/example_dags/example_latest_only_with_trigger.py
[2026-05-23T00:07:39.422+0000] {processor.py:840} INFO - DAG(s) 'latest_only_with_trigger' retrieved from /home/airflow/.local/lib/python3.12/site-packages/airflow/example_dags/example_latest_only_with_trigger.py
[2026-05-23T00:07:39.438+0000] {logging_mixin.py:188} INFO - [2026-05-23T00:07:39.438+0000] {dag.py:3096} INFO - Sync 1 DAGs
[2026-05-23T00:07:39.460+0000] {logging_mixin.py:188} INFO - [2026-05-23T00:07:39.459+0000] {dag.py:3954} INFO - Setting next_dagrun for latest_only_with_trigger to 2026-05-22 20:00:00+00:00, run_after=2026-05-23 00:00:00+00:00
[2026-05-23T00:07:39.476+0000] {processor.py:183} INFO - Processing /home/airflow/.local/lib/python3.12/site-packages/airflow/example_dags/example_latest_only_with_trigger.py took 0.066 seconds
[2026-05-23T00:08:10.441+0000] {processor.py:161} INFO - Started process (PID=3227) to work on /home/airflow/.local/lib/python3.12/site-packages/airflow/example_dags/example_latest_only_with_trigger.py
[2026-05-23T00:08:10.444+0000] {processor.py:830} INFO - Processing file /home/airflow/.local/lib/python3.12/site-packages/airflow/example_dags/example_latest_only_with_trigger.py for tasks to queue
[2026-05-23T00:08:10.446+0000] {logging_mixin.py:188} INFO - [2026-05-23T00:08:10.445+0000] {dagbag.py:545} INFO - Filling up the DagBag from /home/airflow/.local/lib/python3.12/site-packages/airflow/example_dags/example_latest_only_with_trigger.py
[2026-05-23T00:08:10.450+0000] {processor.py:840} INFO - DAG(s) 'latest_only_with_trigger' retrieved from /home/airflow/.local/lib/python3.12/site-packages/airflow/example_dags/example_latest_only_with_trigger.py
[2026-05-23T00:08:10.464+0000] {logging_mixin.py:188} INFO - [2026-05-23T00:08:10.464+0000] {dag.py:3096} INFO - Sync 1 DAGs
[2026-05-23T00:08:10.483+0000] {logging_mixin.py:188} INFO - [2026-05-23T00:08:10.483+0000] {dag.py:3954} INFO - Setting next_dagrun for latest_only_with_trigger to 2026-05-22 20:00:00+00:00, run_after=2026-05-23 00:00:00+00:00
[2026-05-23T00:08:10.498+0000] {processor.py:183} INFO - Processing /home/airflow/.local/lib/python3.12/site-packages/airflow/example_dags/example_latest_only_with_trigger.py took 0.062 seconds
[2026-05-23T00:08:42.000+0000] {processor.py:161} INFO - Started process (PID=3286) to work on /home/airflow/.local/lib/python3.12/site-packages/airflow/example_dags/example_latest_only_with_trigger.py
[2026-05-23T00:08:42.001+0000] {processor.py:830} INFO - Processing file /home/airflow/.local/lib/python3.12/site-packages/airflow/example_dags/example_latest_only_with_trigger.py for tasks to queue
[2026-05-23T00:08:42.002+0000] {logging_mixin.py:188} INFO - [2026-05-23T00:08:42.002+0000] {dagbag.py:545} INFO - Filling up the DagBag from /home/airflow/.local/lib/python3.12/site-packages/airflow/example_dags/example_latest_only_with_trigger.py
[2026-05-23T00:08:42.007+0000] {processor.py:840} INFO - DAG(s) 'latest_only_with_trigger' retrieved from /home/airflow/.local/lib/python3.12/site-packages/airflow/example_dags/example_latest_only_with_trigger.py
[2026-05-23T00:08:42.045+0000] {logging_mixin.py:188} INFO - [2026-05-23T00:08:42.044+0000] {dag.py:3096} INFO - Sync 1 DAGs
[2026-05-23T00:08:42.076+0000] {logging_mixin.py:188} INFO - [2026-05-23T00:08:42.076+0000] {dag.py:3954} INFO - Setting next_dagrun for latest_only_with_trigger to 2026-05-22 20:00:00+00:00, run_after=2026-05-23 00:00:00+00:00
[2026-05-23T00:08:42.090+0000] {processor.py:183} INFO - Processing /home/airflow/.local/lib/python3.12/site-packages/airflow/example_dags/example_latest_only_with_trigger.py took 0.095 seconds
[2026-05-23T00:09:12.391+0000] {processor.py:161} INFO - Started process (PID=3345) to work on /home/airflow/.local/lib/python3.12/site-packages/airflow/example_dags/example_latest_only_with_trigger.py
[2026-05-23T00:09:12.393+0000] {processor.py:830} INFO - Processing file /home/airflow/.local/lib/python3.12/site-packages/airflow/example_dags/example_latest_only_with_trigger.py for tasks to queue
[2026-05-23T00:09:12.394+0000] {logging_mixin.py:188} INFO - [2026-05-23T00:09:12.394+0000] {dagbag.py:545} INFO - Filling up the DagBag from /home/airflow/.local/lib/python3.12/site-packages/airflow/example_dags/example_latest_only_with_trigger.py
[2026-05-23T00:09:12.398+0000] {processor.py:840} INFO - DAG(s) 'latest_only_with_trigger' retrieved from /home/airflow/.local/lib/python3.12/site-packages/airflow/example_dags/example_latest_only_with_trigger.py
[2026-05-23T00:09:12.415+0000] {logging_mixin.py:188} INFO - [2026-05-23T00:09:12.415+0000] {dag.py:3096} INFO - Sync 1 DAGs
[2026-05-23T00:09:12.429+0000] {logging_mixin.py:188} INFO - [2026-05-23T00:09:12.428+0000] {dag.py:3954} INFO - Setting next_dagrun for latest_only_with_trigger to 2026-05-22 20:00:00+00:00, run_after=2026-05-23 00:00:00+00:00
[2026-05-23T00:09:12.441+0000] {processor.py:183} INFO - Processing /home/airflow/.local/lib/python3.12/site-packages/airflow/example_dags/example_latest_only_with_trigger.py took 0.054 seconds
[2026-05-23T00:09:43.790+0000] {processor.py:161} INFO - Started process (PID=3404) to work on /home/airflow/.local/lib/python3.12/site-packages/airflow/example_dags/example_latest_only_with_trigger.py
[2026-05-23T00:09:43.791+0000] {processor.py:830} INFO - Processing file /home/airflow/.local/lib/python3.12/site-packages/airflow/example_dags/example_latest_only_with_trigger.py for tasks to queue
[2026-05-23T00:09:43.793+0000] {logging_mixin.py:188} INFO - [2026-05-23T00:09:43.793+0000] {dagbag.py:545} INFO - Filling up the DagBag from /home/airflow/.local/lib/python3.12/site-packages/airflow/example_dags/example_latest_only_with_trigger.py
[2026-05-23T00:09:43.800+0000] {processor.py:840} INFO - DAG(s) 'latest_only_with_trigger' retrieved from /home/airflow/.local/lib/python3.12/site-packages/airflow/example_dags/example_latest_only_with_trigger.py
[2026-05-23T00:09:43.828+0000] {logging_mixin.py:188} INFO - [2026-05-23T00:09:43.828+0000] {dag.py:3096} INFO - Sync 1 DAGs
[2026-05-23T00:09:43.849+0000] {logging_mixin.py:188} INFO - [2026-05-23T00:09:43.849+0000] {dag.py:3954} INFO - Setting next_dagrun for latest_only_with_trigger to 2026-05-22 20:00:00+00:00, run_after=2026-05-23 00:00:00+00:00
[2026-05-23T00:09:43.864+0000] {processor.py:183} INFO - Processing /home/airflow/.local/lib/python3.12/site-packages/airflow/example_dags/example_latest_only_with_trigger.py took 0.079 seconds
[2026-05-23T00:12:36.509+0000] {processor.py:161} INFO - Started process (PID=91) to work on /home/airflow/.local/lib/python3.12/site-packages/airflow/example_dags/example_latest_only_with_trigger.py
[2026-05-23T00:12:36.510+0000] {processor.py:830} INFO - Processing file /home/airflow/.local/lib/python3.12/site-packages/airflow/example_dags/example_latest_only_with_trigger.py for tasks to queue
[2026-05-23T00:12:36.512+0000] {logging_mixin.py:188} INFO - [2026-05-23T00:12:36.512+0000] {dagbag.py:545} INFO - Filling up the DagBag from /home/airflow/.local/lib/python3.12/site-packages/airflow/example_dags/example_latest_only_with_trigger.py
[2026-05-23T00:12:36.520+0000] {processor.py:840} INFO - DAG(s) 'latest_only_with_trigger' retrieved from /home/airflow/.local/lib/python3.12/site-packages/airflow/example_dags/example_latest_only_with_trigger.py
[2026-05-23T00:12:36.625+0000] {logging_mixin.py:188} INFO - [2026-05-23T00:12:36.624+0000] {dag.py:3096} INFO - Sync 1 DAGs
[2026-05-23T00:12:36.644+0000] {logging_mixin.py:188} INFO - [2026-05-23T00:12:36.644+0000] {dag.py:3954} INFO - Setting next_dagrun for latest_only_with_trigger to 2026-05-22 20:00:00+00:00, run_after=2026-05-23 00:00:00+00:00
[2026-05-23T00:12:36.660+0000] {processor.py:183} INFO - Processing /home/airflow/.local/lib/python3.12/site-packages/airflow/example_dags/example_latest_only_with_trigger.py took 0.155 seconds
[2026-05-23T00:13:07.295+0000] {processor.py:161} INFO - Started process (PID=150) to work on /home/airflow/.local/lib/python3.12/site-packages/airflow/example_dags/example_latest_only_with_trigger.py
[2026-05-23T00:13:07.297+0000] {processor.py:830} INFO - Processing file /home/airflow/.local/lib/python3.12/site-packages/airflow/example_dags/example_latest_only_with_trigger.py for tasks to queue
[2026-05-23T00:13:07.301+0000] {logging_mixin.py:188} INFO - [2026-05-23T00:13:07.301+0000] {dagbag.py:545} INFO - Filling up the DagBag from /home/airflow/.local/lib/python3.12/site-packages/airflow/example_dags/example_latest_only_with_trigger.py
[2026-05-23T00:13:07.307+0000] {processor.py:840} INFO - DAG(s) 'latest_only_with_trigger' retrieved from /home/airflow/.local/lib/python3.12/site-packages/airflow/example_dags/example_latest_only_with_trigger.py
[2026-05-23T00:13:07.328+0000] {logging_mixin.py:188} INFO - [2026-05-23T00:13:07.328+0000] {dag.py:3096} INFO - Sync 1 DAGs
[2026-05-23T00:13:07.343+0000] {logging_mixin.py:188} INFO - [2026-05-23T00:13:07.343+0000] {dag.py:3954} INFO - Setting next_dagrun for latest_only_with_trigger to 2026-05-22 20:00:00+00:00, run_after=2026-05-23 00:00:00+00:00
[2026-05-23T00:13:07.360+0000] {processor.py:183} INFO - Processing /home/airflow/.local/lib/python3.12/site-packages/airflow/example_dags/example_latest_only_with_trigger.py took 0.068 seconds
[2026-05-23T00:13:37.761+0000] {processor.py:161} INFO - Started process (PID=209) to work on /home/airflow/.local/lib/python3.12/site-packages/airflow/example_dags/example_latest_only_with_trigger.py
[2026-05-23T00:13:37.763+0000] {processor.py:830} INFO - Processing file /home/airflow/.local/lib/python3.12/site-packages/airflow/example_dags/example_latest_only_with_trigger.py for tasks to queue
[2026-05-23T00:13:37.765+0000] {logging_mixin.py:188} INFO - [2026-05-23T00:13:37.765+0000] {dagbag.py:545} INFO - Filling up the DagBag from /home/airflow/.local/lib/python3.12/site-packages/airflow/example_dags/example_latest_only_with_trigger.py
[2026-05-23T00:13:37.770+0000] {processor.py:840} INFO - DAG(s) 'latest_only_with_trigger' retrieved from /home/airflow/.local/lib/python3.12/site-packages/airflow/example_dags/example_latest_only_with_trigger.py
[2026-05-23T00:13:37.786+0000] {logging_mixin.py:188} INFO - [2026-05-23T00:13:37.786+0000] {dag.py:3096} INFO - Sync 1 DAGs
[2026-05-23T00:13:37.801+0000] {logging_mixin.py:188} INFO - [2026-05-23T00:13:37.801+0000] {dag.py:3954} INFO - Setting next_dagrun for latest_only_with_trigger to 2026-05-22 20:00:00+00:00, run_after=2026-05-23 00:00:00+00:00
[2026-05-23T00:13:37.815+0000] {processor.py:183} INFO - Processing /home/airflow/.local/lib/python3.12/site-packages/airflow/example_dags/example_latest_only_with_trigger.py took 0.058 seconds
[2026-05-23T00:14:08.329+0000] {processor.py:161} INFO - Started process (PID=268) to work on /home/airflow/.local/lib/python3.12/site-packages/airflow/example_dags/example_latest_only_with_trigger.py
[2026-05-23T00:14:08.330+0000] {processor.py:830} INFO - Processing file /home/airflow/.local/lib/python3.12/site-packages/airflow/example_dags/example_latest_only_with_trigger.py for tasks to queue
[2026-05-23T00:14:08.332+0000] {logging_mixin.py:188} INFO - [2026-05-23T00:14:08.332+0000] {dagbag.py:545} INFO - Filling up the DagBag from /home/airflow/.local/lib/python3.12/site-packages/airflow/example_dags/example_latest_only_with_trigger.py
[2026-05-23T00:14:08.340+0000] {processor.py:840} INFO - DAG(s) 'latest_only_with_trigger' retrieved from /home/airflow/.local/lib/python3.12/site-packages/airflow/example_dags/example_latest_only_with_trigger.py
[2026-05-23T00:14:08.365+0000] {logging_mixin.py:188} INFO - [2026-05-23T00:14:08.365+0000] {dag.py:3096} INFO - Sync 1 DAGs
[2026-05-23T00:14:08.386+0000] {logging_mixin.py:188} INFO - [2026-05-23T00:14:08.386+0000] {dag.py:3954} INFO - Setting next_dagrun for latest_only_with_trigger to 2026-05-22 20:00:00+00:00, run_after=2026-05-23 00:00:00+00:00
[2026-05-23T00:14:08.417+0000] {processor.py:183} INFO - Processing /home/airflow/.local/lib/python3.12/site-packages/airflow/example_dags/example_latest_only_with_trigger.py took 0.095 seconds
[2026-05-23T00:14:38.848+0000] {processor.py:161} INFO - Started process (PID=327) to work on /home/airflow/.local/lib/python3.12/site-packages/airflow/example_dags/example_latest_only_with_trigger.py
[2026-05-23T00:14:38.851+0000] {processor.py:830} INFO - Processing file /home/airflow/.local/lib/python3.12/site-packages/airflow/example_dags/example_latest_only_with_trigger.py for tasks to queue
[2026-05-23T00:14:38.856+0000] {logging_mixin.py:188} INFO - [2026-05-23T00:14:38.855+0000] {dagbag.py:545} INFO - Filling up the DagBag from /home/airflow/.local/lib/python3.12/site-packages/airflow/example_dags/example_latest_only_with_trigger.py
[2026-05-23T00:14:38.872+0000] {processor.py:840} INFO - DAG(s) 'latest_only_with_trigger' retrieved from /home/airflow/.local/lib/python3.12/site-packages/airflow/example_dags/example_latest_only_with_trigger.py
[2026-05-23T00:14:39.020+0000] {logging_mixin.py:188} INFO - [2026-05-23T00:14:39.017+0000] {dag.py:3096} INFO - Sync 1 DAGs
[2026-05-23T00:14:39.187+0000] {logging_mixin.py:188} INFO - [2026-05-23T00:14:39.186+0000] {dag.py:3954} INFO - Setting next_dagrun for latest_only_with_trigger to 2026-05-22 20:00:00+00:00, run_after=2026-05-23 00:00:00+00:00
[2026-05-23T00:14:39.226+0000] {processor.py:183} INFO - Processing /home/airflow/.local/lib/python3.12/site-packages/airflow/example_dags/example_latest_only_with_trigger.py took 0.391 seconds
[2026-05-23T00:15:09.525+0000] {processor.py:161} INFO - Started process (PID=386) to work on /home/airflow/.local/lib/python3.12/site-packages/airflow/example_dags/example_latest_only_with_trigger.py
[2026-05-23T00:15:09.525+0000] {processor.py:830} INFO - Processing file /home/airflow/.local/lib/python3.12/site-packages/airflow/example_dags/example_latest_only_with_trigger.py for tasks to queue
[2026-05-23T00:15:09.527+0000] {logging_mixin.py:188} INFO - [2026-05-23T00:15:09.526+0000] {dagbag.py:545} INFO - Filling up the DagBag from /home/airflow/.local/lib/python3.12/site-packages/airflow/example_dags/example_latest_only_with_trigger.py
[2026-05-23T00:15:09.530+0000] {processor.py:840} INFO - DAG(s) 'latest_only_with_trigger' retrieved from /home/airflow/.local/lib/python3.12/site-packages/airflow/example_dags/example_latest_only_with_trigger.py
[2026-05-23T00:15:09.544+0000] {logging_mixin.py:188} INFO - [2026-05-23T00:15:09.543+0000] {dag.py:3096} INFO - Sync 1 DAGs
[2026-05-23T00:15:09.560+0000] {logging_mixin.py:188} INFO - [2026-05-23T00:15:09.560+0000] {dag.py:3954} INFO - Setting next_dagrun for latest_only_with_trigger to 2026-05-22 20:00:00+00:00, run_after=2026-05-23 00:00:00+00:00
[2026-05-23T00:15:09.573+0000] {processor.py:183} INFO - Processing /home/airflow/.local/lib/python3.12/site-packages/airflow/example_dags/example_latest_only_with_trigger.py took 0.053 seconds
[2026-05-23T00:15:40.071+0000] {processor.py:161} INFO - Started process (PID=445) to work on /home/airflow/.local/lib/python3.12/site-packages/airflow/example_dags/example_latest_only_with_trigger.py
[2026-05-23T00:15:40.072+0000] {processor.py:830} INFO - Processing file /home/airflow/.local/lib/python3.12/site-packages/airflow/example_dags/example_latest_only_with_trigger.py for tasks to queue
[2026-05-23T00:15:40.074+0000] {logging_mixin.py:188} INFO - [2026-05-23T00:15:40.074+0000] {dagbag.py:545} INFO - Filling up the DagBag from /home/airflow/.local/lib/python3.12/site-packages/airflow/example_dags/example_latest_only_with_trigger.py
[2026-05-23T00:15:40.078+0000] {processor.py:840} INFO - DAG(s) 'latest_only_with_trigger' retrieved from /home/airflow/.local/lib/python3.12/site-packages/airflow/example_dags/example_latest_only_with_trigger.py
[2026-05-23T00:15:40.098+0000] {logging_mixin.py:188} INFO - [2026-05-23T00:15:40.098+0000] {dag.py:3096} INFO - Sync 1 DAGs
[2026-05-23T00:15:40.114+0000] {logging_mixin.py:188} INFO - [2026-05-23T00:15:40.114+0000] {dag.py:3954} INFO - Setting next_dagrun for latest_only_with_trigger to 2026-05-22 20:00:00+00:00, run_after=2026-05-23 00:00:00+00:00
[2026-05-23T00:15:40.128+0000] {processor.py:183} INFO - Processing /home/airflow/.local/lib/python3.12/site-packages/airflow/example_dags/example_latest_only_with_trigger.py took 0.061 seconds
[2026-05-23T00:16:10.874+0000] {processor.py:161} INFO - Started process (PID=504) to work on /home/airflow/.local/lib/python3.12/site-packages/airflow/example_dags/example_latest_only_with_trigger.py
[2026-05-23T00:16:10.874+0000] {processor.py:830} INFO - Processing file /home/airflow/.local/lib/python3.12/site-packages/airflow/example_dags/example_latest_only_with_trigger.py for tasks to queue
[2026-05-23T00:16:10.876+0000] {logging_mixin.py:188} INFO - [2026-05-23T00:16:10.876+0000] {dagbag.py:545} INFO - Filling up the DagBag from /home/airflow/.local/lib/python3.12/site-packages/airflow/example_dags/example_latest_only_with_trigger.py
[2026-05-23T00:16:10.880+0000] {processor.py:840} INFO - DAG(s) 'latest_only_with_trigger' retrieved from /home/airflow/.local/lib/python3.12/site-packages/airflow/example_dags/example_latest_only_with_trigger.py
[2026-05-23T00:16:10.893+0000] {logging_mixin.py:188} INFO - [2026-05-23T00:16:10.893+0000] {dag.py:3096} INFO - Sync 1 DAGs
[2026-05-23T00:16:10.908+0000] {logging_mixin.py:188} INFO - [2026-05-23T00:16:10.907+0000] {dag.py:3954} INFO - Setting next_dagrun for latest_only_with_trigger to 2026-05-22 20:00:00+00:00, run_after=2026-05-23 00:00:00+00:00
[2026-05-23T00:16:10.919+0000] {processor.py:183} INFO - Processing /home/airflow/.local/lib/python3.12/site-packages/airflow/example_dags/example_latest_only_with_trigger.py took 0.050 seconds
[2026-05-23T00:16:41.662+0000] {processor.py:161} INFO - Started process (PID=563) to work on /home/airflow/.local/lib/python3.12/site-packages/airflow/example_dags/example_latest_only_with_trigger.py
[2026-05-23T00:16:41.663+0000] {processor.py:830} INFO - Processing file /home/airflow/.local/lib/python3.12/site-packages/airflow/example_dags/example_latest_only_with_trigger.py for tasks to queue
[2026-05-23T00:16:41.664+0000] {logging_mixin.py:188} INFO - [2026-05-23T00:16:41.664+0000] {dagbag.py:545} INFO - Filling up the DagBag from /home/airflow/.local/lib/python3.12/site-packages/airflow/example_dags/example_latest_only_with_trigger.py
[2026-05-23T00:16:41.668+0000] {processor.py:840} INFO - DAG(s) 'latest_only_with_trigger' retrieved from /home/airflow/.local/lib/python3.12/site-packages/airflow/example_dags/example_latest_only_with_trigger.py
[2026-05-23T00:16:41.681+0000] {logging_mixin.py:188} INFO - [2026-05-23T00:16:41.681+0000] {dag.py:3096} INFO - Sync 1 DAGs
[2026-05-23T00:16:41.695+0000] {logging_mixin.py:188} INFO - [2026-05-23T00:16:41.694+0000] {dag.py:3954} INFO - Setting next_dagrun for latest_only_with_trigger to 2026-05-22 20:00:00+00:00, run_after=2026-05-23 00:00:00+00:00
[2026-05-23T00:16:41.711+0000] {processor.py:183} INFO - Processing /home/airflow/.local/lib/python3.12/site-packages/airflow/example_dags/example_latest_only_with_trigger.py took 0.053 seconds
[2026-05-23T00:17:12.668+0000] {processor.py:161} INFO - Started process (PID=622) to work on /home/airflow/.local/lib/python3.12/site-packages/airflow/example_dags/example_latest_only_with_trigger.py
[2026-05-23T00:17:12.669+0000] {processor.py:830} INFO - Processing file /home/airflow/.local/lib/python3.12/site-packages/airflow/example_dags/example_latest_only_with_trigger.py for tasks to queue
[2026-05-23T00:17:12.671+0000] {logging_mixin.py:188} INFO - [2026-05-23T00:17:12.671+0000] {dagbag.py:545} INFO - Filling up the DagBag from /home/airflow/.local/lib/python3.12/site-packages/airflow/example_dags/example_latest_only_with_trigger.py
[2026-05-23T00:17:12.675+0000] {processor.py:840} INFO - DAG(s) 'latest_only_with_trigger' retrieved from /home/airflow/.local/lib/python3.12/site-packages/airflow/example_dags/example_latest_only_with_trigger.py
[2026-05-23T00:17:12.695+0000] {logging_mixin.py:188} INFO - [2026-05-23T00:17:12.695+0000] {dag.py:3096} INFO - Sync 1 DAGs
[2026-05-23T00:17:12.713+0000] {logging_mixin.py:188} INFO - [2026-05-23T00:17:12.713+0000] {dag.py:3954} INFO - Setting next_dagrun for latest_only_with_trigger to 2026-05-22 20:00:00+00:00, run_after=2026-05-23 00:00:00+00:00
[2026-05-23T00:17:12.729+0000] {processor.py:183} INFO - Processing /home/airflow/.local/lib/python3.12/site-packages/airflow/example_dags/example_latest_only_with_trigger.py took 0.066 seconds
[2026-05-23T00:17:43.143+0000] {processor.py:161} INFO - Started process (PID=681) to work on /home/airflow/.local/lib/python3.12/site-packages/airflow/example_dags/example_latest_only_with_trigger.py
[2026-05-23T00:17:43.147+0000] {processor.py:830} INFO - Processing file /home/airflow/.local/lib/python3.12/site-packages/airflow/example_dags/example_latest_only_with_trigger.py for tasks to queue
[2026-05-23T00:17:43.149+0000] {logging_mixin.py:188} INFO - [2026-05-23T00:17:43.148+0000] {dagbag.py:545} INFO - Filling up the DagBag from /home/airflow/.local/lib/python3.12/site-packages/airflow/example_dags/example_latest_only_with_trigger.py
[2026-05-23T00:17:43.157+0000] {processor.py:840} INFO - DAG(s) 'latest_only_with_trigger' retrieved from /home/airflow/.local/lib/python3.12/site-packages/airflow/example_dags/example_latest_only_with_trigger.py
[2026-05-23T00:17:43.187+0000] {logging_mixin.py:188} INFO - [2026-05-23T00:17:43.187+0000] {dag.py:3096} INFO - Sync 1 DAGs
[2026-05-23T00:17:43.212+0000] {logging_mixin.py:188} INFO - [2026-05-23T00:17:43.212+0000] {dag.py:3954} INFO - Setting next_dagrun for latest_only_with_trigger to 2026-05-22 20:00:00+00:00, run_after=2026-05-23 00:00:00+00:00
[2026-05-23T00:17:43.237+0000] {processor.py:183} INFO - Processing /home/airflow/.local/lib/python3.12/site-packages/airflow/example_dags/example_latest_only_with_trigger.py took 0.100 seconds
[2026-05-23T00:18:13.888+0000] {processor.py:161} INFO - Started process (PID=740) to work on /home/airflow/.local/lib/python3.12/site-packages/airflow/example_dags/example_latest_only_with_trigger.py
[2026-05-23T00:18:13.890+0000] {processor.py:830} INFO - Processing file /home/airflow/.local/lib/python3.12/site-packages/airflow/example_dags/example_latest_only_with_trigger.py for tasks to queue
[2026-05-23T00:18:13.891+0000] {logging_mixin.py:188} INFO - [2026-05-23T00:18:13.891+0000] {dagbag.py:545} INFO - Filling up the DagBag from /home/airflow/.local/lib/python3.12/site-packages/airflow/example_dags/example_latest_only_with_trigger.py
[2026-05-23T00:18:13.896+0000] {processor.py:840} INFO - DAG(s) 'latest_only_with_trigger' retrieved from /home/airflow/.local/lib/python3.12/site-packages/airflow/example_dags/example_latest_only_with_trigger.py
[2026-05-23T00:18:13.912+0000] {logging_mixin.py:188} INFO - [2026-05-23T00:18:13.912+0000] {dag.py:3096} INFO - Sync 1 DAGs
[2026-05-23T00:18:13.929+0000] {logging_mixin.py:188} INFO - [2026-05-23T00:18:13.929+0000] {dag.py:3954} INFO - Setting next_dagrun for latest_only_with_trigger to 2026-05-22 20:00:00+00:00, run_after=2026-05-23 00:00:00+00:00
[2026-05-23T00:18:13.940+0000] {processor.py:183} INFO - Processing /home/airflow/.local/lib/python3.12/site-packages/airflow/example_dags/example_latest_only_with_trigger.py took 0.057 seconds
[2026-05-23T00:18:44.639+0000] {processor.py:161} INFO - Started process (PID=799) to work on /home/airflow/.local/lib/python3.12/site-packages/airflow/example_dags/example_latest_only_with_trigger.py
[2026-05-23T00:18:44.639+0000] {processor.py:830} INFO - Processing file /home/airflow/.local/lib/python3.12/site-packages/airflow/example_dags/example_latest_only_with_trigger.py for tasks to queue
[2026-05-23T00:18:44.641+0000] {logging_mixin.py:188} INFO - [2026-05-23T00:18:44.640+0000] {dagbag.py:545} INFO - Filling up the DagBag from /home/airflow/.local/lib/python3.12/site-packages/airflow/example_dags/example_latest_only_with_trigger.py
[2026-05-23T00:18:44.644+0000] {processor.py:840} INFO - DAG(s) 'latest_only_with_trigger' retrieved from /home/airflow/.local/lib/python3.12/site-packages/airflow/example_dags/example_latest_only_with_trigger.py
[2026-05-23T00:18:44.660+0000] {logging_mixin.py:188} INFO - [2026-05-23T00:18:44.660+0000] {dag.py:3096} INFO - Sync 1 DAGs
[2026-05-23T00:18:44.676+0000] {logging_mixin.py:188} INFO - [2026-05-23T00:18:44.676+0000] {dag.py:3954} INFO - Setting next_dagrun for latest_only_with_trigger to 2026-05-22 20:00:00+00:00, run_after=2026-05-23 00:00:00+00:00
[2026-05-23T00:18:44.692+0000] {processor.py:183} INFO - Processing /home/airflow/.local/lib/python3.12/site-packages/airflow/example_dags/example_latest_only_with_trigger.py took 0.059 seconds
[2026-05-23T00:19:15.475+0000] {processor.py:161} INFO - Started process (PID=858) to work on /home/airflow/.local/lib/python3.12/site-packages/airflow/example_dags/example_latest_only_with_trigger.py
[2026-05-23T00:19:15.477+0000] {processor.py:830} INFO - Processing file /home/airflow/.local/lib/python3.12/site-packages/airflow/example_dags/example_latest_only_with_trigger.py for tasks to queue
[2026-05-23T00:19:15.478+0000] {logging_mixin.py:188} INFO - [2026-05-23T00:19:15.478+0000] {dagbag.py:545} INFO - Filling up the DagBag from /home/airflow/.local/lib/python3.12/site-packages/airflow/example_dags/example_latest_only_with_trigger.py
[2026-05-23T00:19:15.484+0000] {processor.py:840} INFO - DAG(s) 'latest_only_with_trigger' retrieved from /home/airflow/.local/lib/python3.12/site-packages/airflow/example_dags/example_latest_only_with_trigger.py
[2026-05-23T00:19:15.499+0000] {logging_mixin.py:188} INFO - [2026-05-23T00:19:15.499+0000] {dag.py:3096} INFO - Sync 1 DAGs
[2026-05-23T00:19:15.513+0000] {logging_mixin.py:188} INFO - [2026-05-23T00:19:15.512+0000] {dag.py:3954} INFO - Setting next_dagrun for latest_only_with_trigger to 2026-05-22 20:00:00+00:00, run_after=2026-05-23 00:00:00+00:00
[2026-05-23T00:19:15.525+0000] {processor.py:183} INFO - Processing /home/airflow/.local/lib/python3.12/site-packages/airflow/example_dags/example_latest_only_with_trigger.py took 0.054 seconds
[2026-05-23T00:19:46.791+0000] {processor.py:161} INFO - Started process (PID=917) to work on /home/airflow/.local/lib/python3.12/site-packages/airflow/example_dags/example_latest_only_with_trigger.py
[2026-05-23T00:19:46.799+0000] {processor.py:830} INFO - Processing file /home/airflow/.local/lib/python3.12/site-packages/airflow/example_dags/example_latest_only_with_trigger.py for tasks to queue
[2026-05-23T00:19:46.800+0000] {logging_mixin.py:188} INFO - [2026-05-23T00:19:46.800+0000] {dagbag.py:545} INFO - Filling up the DagBag from /home/airflow/.local/lib/python3.12/site-packages/airflow/example_dags/example_latest_only_with_trigger.py
[2026-05-23T00:19:46.806+0000] {processor.py:840} INFO - DAG(s) 'latest_only_with_trigger' retrieved from /home/airflow/.local/lib/python3.12/site-packages/airflow/example_dags/example_latest_only_with_trigger.py
[2026-05-23T00:19:46.836+0000] {logging_mixin.py:188} INFO - [2026-05-23T00:19:46.836+0000] {dag.py:3096} INFO - Sync 1 DAGs
[2026-05-23T00:19:46.859+0000] {logging_mixin.py:188} INFO - [2026-05-23T00:19:46.859+0000] {dag.py:3954} INFO - Setting next_dagrun for latest_only_with_trigger to 2026-05-22 20:00:00+00:00, run_after=2026-05-23 00:00:00+00:00
[2026-05-23T00:19:46.873+0000] {processor.py:183} INFO - Processing /home/airflow/.local/lib/python3.12/site-packages/airflow/example_dags/example_latest_only_with_trigger.py took 0.092 seconds
[2026-05-23T00:20:17.838+0000] {processor.py:161} INFO - Started process (PID=976) to work on /home/airflow/.local/lib/python3.12/site-packages/airflow/example_dags/example_latest_only_with_trigger.py
[2026-05-23T00:20:17.839+0000] {processor.py:830} INFO - Processing file /home/airflow/.local/lib/python3.12/site-packages/airflow/example_dags/example_latest_only_with_trigger.py for tasks to queue
[2026-05-23T00:20:17.840+0000] {logging_mixin.py:188} INFO - [2026-05-23T00:20:17.840+0000] {dagbag.py:545} INFO - Filling up the DagBag from /home/airflow/.local/lib/python3.12/site-packages/airflow/example_dags/example_latest_only_with_trigger.py
[2026-05-23T00:20:17.843+0000] {processor.py:840} INFO - DAG(s) 'latest_only_with_trigger' retrieved from /home/airflow/.local/lib/python3.12/site-packages/airflow/example_dags/example_latest_only_with_trigger.py
[2026-05-23T00:20:17.856+0000] {logging_mixin.py:188} INFO - [2026-05-23T00:20:17.856+0000] {dag.py:3096} INFO - Sync 1 DAGs
[2026-05-23T00:20:17.868+0000] {logging_mixin.py:188} INFO - [2026-05-23T00:20:17.868+0000] {dag.py:3954} INFO - Setting next_dagrun for latest_only_with_trigger to 2026-05-22 20:00:00+00:00, run_after=2026-05-23 00:00:00+00:00
[2026-05-23T00:20:17.878+0000] {processor.py:183} INFO - Processing /home/airflow/.local/lib/python3.12/site-packages/airflow/example_dags/example_latest_only_with_trigger.py took 0.044 seconds
[2026-05-23T00:20:48.482+0000] {processor.py:161} INFO - Started process (PID=1035) to work on /home/airflow/.local/lib/python3.12/site-packages/airflow/example_dags/example_latest_only_with_trigger.py
[2026-05-23T00:20:48.483+0000] {processor.py:830} INFO - Processing file /home/airflow/.local/lib/python3.12/site-packages/airflow/example_dags/example_latest_only_with_trigger.py for tasks to queue
[2026-05-23T00:20:48.484+0000] {logging_mixin.py:188} INFO - [2026-05-23T00:20:48.483+0000] {dagbag.py:545} INFO - Filling up the DagBag from /home/airflow/.local/lib/python3.12/site-packages/airflow/example_dags/example_latest_only_with_trigger.py
[2026-05-23T00:20:48.487+0000] {processor.py:840} INFO - DAG(s) 'latest_only_with_trigger' retrieved from /home/airflow/.local/lib/python3.12/site-packages/airflow/example_dags/example_latest_only_with_trigger.py
[2026-05-23T00:20:48.501+0000] {logging_mixin.py:188} INFO - [2026-05-23T00:20:48.501+0000] {dag.py:3096} INFO - Sync 1 DAGs
[2026-05-23T00:20:48.514+0000] {logging_mixin.py:188} INFO - [2026-05-23T00:20:48.514+0000] {dag.py:3954} INFO - Setting next_dagrun for latest_only_with_trigger to 2026-05-22 20:00:00+00:00, run_after=2026-05-23 00:00:00+00:00
[2026-05-23T00:20:48.529+0000] {processor.py:183} INFO - Processing /home/airflow/.local/lib/python3.12/site-packages/airflow/example_dags/example_latest_only_with_trigger.py took 0.051 seconds
[2026-05-23T00:21:20.071+0000] {processor.py:161} INFO - Started process (PID=1094) to work on /home/airflow/.local/lib/python3.12/site-packages/airflow/example_dags/example_latest_only_with_trigger.py
[2026-05-23T00:21:20.073+0000] {processor.py:830} INFO - Processing file /home/airflow/.local/lib/python3.12/site-packages/airflow/example_dags/example_latest_only_with_trigger.py for tasks to queue
[2026-05-23T00:21:20.075+0000] {logging_mixin.py:188} INFO - [2026-05-23T00:21:20.075+0000] {dagbag.py:545} INFO - Filling up the DagBag from /home/airflow/.local/lib/python3.12/site-packages/airflow/example_dags/example_latest_only_with_trigger.py
[2026-05-23T00:21:20.081+0000] {processor.py:840} INFO - DAG(s) 'latest_only_with_trigger' retrieved from /home/airflow/.local/lib/python3.12/site-packages/airflow/example_dags/example_latest_only_with_trigger.py
[2026-05-23T00:21:20.101+0000] {logging_mixin.py:188} INFO - [2026-05-23T00:21:20.101+0000] {dag.py:3096} INFO - Sync 1 DAGs
[2026-05-23T00:21:20.120+0000] {logging_mixin.py:188} INFO - [2026-05-23T00:21:20.120+0000] {dag.py:3954} INFO - Setting next_dagrun for latest_only_with_trigger to 2026-05-22 20:00:00+00:00, run_after=2026-05-23 00:00:00+00:00
[2026-05-23T00:21:20.135+0000] {processor.py:183} INFO - Processing /home/airflow/.local/lib/python3.12/site-packages/airflow/example_dags/example_latest_only_with_trigger.py took 0.093 seconds
[2026-05-23T00:21:50.261+0000] {processor.py:161} INFO - Started process (PID=1153) to work on /home/airflow/.local/lib/python3.12/site-packages/airflow/example_dags/example_latest_only_with_trigger.py
[2026-05-23T00:21:50.261+0000] {processor.py:830} INFO - Processing file /home/airflow/.local/lib/python3.12/site-packages/airflow/example_dags/example_latest_only_with_trigger.py for tasks to queue
[2026-05-23T00:21:50.263+0000] {logging_mixin.py:188} INFO - [2026-05-23T00:21:50.262+0000] {dagbag.py:545} INFO - Filling up the DagBag from /home/airflow/.local/lib/python3.12/site-packages/airflow/example_dags/example_latest_only_with_trigger.py
[2026-05-23T00:21:50.266+0000] {processor.py:840} INFO - DAG(s) 'latest_only_with_trigger' retrieved from /home/airflow/.local/lib/python3.12/site-packages/airflow/example_dags/example_latest_only_with_trigger.py
[2026-05-23T00:21:50.279+0000] {logging_mixin.py:188} INFO - [2026-05-23T00:21:50.279+0000] {dag.py:3096} INFO - Sync 1 DAGs
[2026-05-23T00:21:50.291+0000] {logging_mixin.py:188} INFO - [2026-05-23T00:21:50.291+0000] {dag.py:3954} INFO - Setting next_dagrun for latest_only_with_trigger to 2026-05-22 20:00:00+00:00, run_after=2026-05-23 00:00:00+00:00
[2026-05-23T00:21:50.302+0000] {processor.py:183} INFO - Processing /home/airflow/.local/lib/python3.12/site-packages/airflow/example_dags/example_latest_only_with_trigger.py took 0.045 seconds
[2026-05-23T00:22:20.648+0000] {processor.py:161} INFO - Started process (PID=1212) to work on /home/airflow/.local/lib/python3.12/site-packages/airflow/example_dags/example_latest_only_with_trigger.py
[2026-05-23T00:22:20.649+0000] {processor.py:830} INFO - Processing file /home/airflow/.local/lib/python3.12/site-packages/airflow/example_dags/example_latest_only_with_trigger.py for tasks to queue
[2026-05-23T00:22:20.650+0000] {logging_mixin.py:188} INFO - [2026-05-23T00:22:20.650+0000] {dagbag.py:545} INFO - Filling up the DagBag from /home/airflow/.local/lib/python3.12/site-packages/airflow/example_dags/example_latest_only_with_trigger.py
[2026-05-23T00:22:20.654+0000] {processor.py:840} INFO - DAG(s) 'latest_only_with_trigger' retrieved from /home/airflow/.local/lib/python3.12/site-packages/airflow/example_dags/example_latest_only_with_trigger.py
[2026-05-23T00:22:20.668+0000] {logging_mixin.py:188} INFO - [2026-05-23T00:22:20.668+0000] {dag.py:3096} INFO - Sync 1 DAGs
[2026-05-23T00:22:20.681+0000] {logging_mixin.py:188} INFO - [2026-05-23T00:22:20.681+0000] {dag.py:3954} INFO - Setting next_dagrun for latest_only_with_trigger to 2026-05-22 20:00:00+00:00, run_after=2026-05-23 00:00:00+00:00
[2026-05-23T00:22:20.692+0000] {processor.py:183} INFO - Processing /home/airflow/.local/lib/python3.12/site-packages/airflow/example_dags/example_latest_only_with_trigger.py took 0.048 seconds
