[2026-05-23T00:00:23.458+0000] {processor.py:161} INFO - Started process (PID=2310) to work on /home/airflow/.local/lib/python3.12/site-packages/airflow/example_dags/example_short_circuit_operator.py
[2026-05-23T00:00:23.459+0000] {processor.py:830} INFO - Processing file /home/airflow/.local/lib/python3.12/site-packages/airflow/example_dags/example_short_circuit_operator.py for tasks to queue
[2026-05-23T00:00:23.460+0000] {logging_mixin.py:188} INFO - [2026-05-23T00:00:23.460+0000] {dagbag.py:545} INFO - Filling up the DagBag from /home/airflow/.local/lib/python3.12/site-packages/airflow/example_dags/example_short_circuit_operator.py
[2026-05-23T00:00:23.465+0000] {processor.py:840} INFO - DAG(s) 'example_short_circuit_operator' retrieved from /home/airflow/.local/lib/python3.12/site-packages/airflow/example_dags/example_short_circuit_operator.py
[2026-05-23T00:00:23.481+0000] {logging_mixin.py:188} INFO - [2026-05-23T00:00:23.481+0000] {dag.py:3096} INFO - Sync 1 DAGs
[2026-05-23T00:00:23.494+0000] {logging_mixin.py:188} INFO - [2026-05-23T00:00:23.494+0000] {dag.py:3954} INFO - Setting next_dagrun for example_short_circuit_operator to 2026-05-22 00:00:00+00:00, run_after=2026-05-23 00:00:00+00:00
[2026-05-23T00:00:23.505+0000] {processor.py:183} INFO - Processing /home/airflow/.local/lib/python3.12/site-packages/airflow/example_dags/example_short_circuit_operator.py took 0.052 seconds
[2026-05-23T00:00:54.611+0000] {processor.py:161} INFO - Started process (PID=2369) to work on /home/airflow/.local/lib/python3.12/site-packages/airflow/example_dags/example_short_circuit_operator.py
[2026-05-23T00:00:54.613+0000] {processor.py:830} INFO - Processing file /home/airflow/.local/lib/python3.12/site-packages/airflow/example_dags/example_short_circuit_operator.py for tasks to queue
[2026-05-23T00:00:54.617+0000] {logging_mixin.py:188} INFO - [2026-05-23T00:00:54.617+0000] {dagbag.py:545} INFO - Filling up the DagBag from /home/airflow/.local/lib/python3.12/site-packages/airflow/example_dags/example_short_circuit_operator.py
[2026-05-23T00:00:54.624+0000] {processor.py:840} INFO - DAG(s) 'example_short_circuit_operator' retrieved from /home/airflow/.local/lib/python3.12/site-packages/airflow/example_dags/example_short_circuit_operator.py
[2026-05-23T00:00:54.646+0000] {logging_mixin.py:188} INFO - [2026-05-23T00:00:54.645+0000] {dag.py:3096} INFO - Sync 1 DAGs
[2026-05-23T00:00:54.669+0000] {logging_mixin.py:188} INFO - [2026-05-23T00:00:54.669+0000] {dag.py:3954} INFO - Setting next_dagrun for example_short_circuit_operator to 2026-05-22 00:00:00+00:00, run_after=2026-05-23 00:00:00+00:00
[2026-05-23T00:00:54.685+0000] {processor.py:183} INFO - Processing /home/airflow/.local/lib/python3.12/site-packages/airflow/example_dags/example_short_circuit_operator.py took 0.091 seconds
[2026-05-23T00:01:24.824+0000] {processor.py:161} INFO - Started process (PID=2428) to work on /home/airflow/.local/lib/python3.12/site-packages/airflow/example_dags/example_short_circuit_operator.py
[2026-05-23T00:01:24.825+0000] {processor.py:830} INFO - Processing file /home/airflow/.local/lib/python3.12/site-packages/airflow/example_dags/example_short_circuit_operator.py for tasks to queue
[2026-05-23T00:01:24.827+0000] {logging_mixin.py:188} INFO - [2026-05-23T00:01:24.827+0000] {dagbag.py:545} INFO - Filling up the DagBag from /home/airflow/.local/lib/python3.12/site-packages/airflow/example_dags/example_short_circuit_operator.py
[2026-05-23T00:01:24.832+0000] {processor.py:840} INFO - DAG(s) 'example_short_circuit_operator' retrieved from /home/airflow/.local/lib/python3.12/site-packages/airflow/example_dags/example_short_circuit_operator.py
[2026-05-23T00:01:24.858+0000] {logging_mixin.py:188} INFO - [2026-05-23T00:01:24.857+0000] {dag.py:3096} INFO - Sync 1 DAGs
[2026-05-23T00:01:24.876+0000] {logging_mixin.py:188} INFO - [2026-05-23T00:01:24.876+0000] {dag.py:3954} INFO - Setting next_dagrun for example_short_circuit_operator to 2026-05-22 00:00:00+00:00, run_after=2026-05-23 00:00:00+00:00
[2026-05-23T00:01:24.889+0000] {processor.py:183} INFO - Processing /home/airflow/.local/lib/python3.12/site-packages/airflow/example_dags/example_short_circuit_operator.py took 0.068 seconds
