[2026-05-23T00:00:02.336+0000] {processor.py:161} INFO - Started process (PID=2288) to work on /home/airflow/.local/lib/python3.12/site-packages/airflow/example_dags/example_branch_operator.py
[2026-05-23T00:00:02.336+0000] {processor.py:830} INFO - Processing file /home/airflow/.local/lib/python3.12/site-packages/airflow/example_dags/example_branch_operator.py for tasks to queue
[2026-05-23T00:00:02.338+0000] {logging_mixin.py:188} INFO - [2026-05-23T00:00:02.337+0000] {dagbag.py:545} INFO - Filling up the DagBag from /home/airflow/.local/lib/python3.12/site-packages/airflow/example_dags/example_branch_operator.py
[2026-05-23T00:00:02.348+0000] {processor.py:840} INFO - DAG(s) 'example_branch_operator' retrieved from /home/airflow/.local/lib/python3.12/site-packages/airflow/example_dags/example_branch_operator.py
[2026-05-23T00:00:02.371+0000] {logging_mixin.py:188} INFO - [2026-05-23T00:00:02.371+0000] {dag.py:3096} INFO - Sync 1 DAGs
[2026-05-23T00:00:02.393+0000] {logging_mixin.py:188} INFO - [2026-05-23T00:00:02.393+0000] {dag.py:3954} INFO - Setting next_dagrun for example_branch_operator to 2026-05-22 00:00:00+00:00, run_after=2026-05-23 00:00:00+00:00
[2026-05-23T00:00:02.408+0000] {processor.py:183} INFO - Processing /home/airflow/.local/lib/python3.12/site-packages/airflow/example_dags/example_branch_operator.py took 0.077 seconds
[2026-05-23T00:00:32.447+0000] {processor.py:161} INFO - Started process (PID=2347) to work on /home/airflow/.local/lib/python3.12/site-packages/airflow/example_dags/example_branch_operator.py
[2026-05-23T00:00:32.447+0000] {processor.py:830} INFO - Processing file /home/airflow/.local/lib/python3.12/site-packages/airflow/example_dags/example_branch_operator.py for tasks to queue
[2026-05-23T00:00:32.449+0000] {logging_mixin.py:188} INFO - [2026-05-23T00:00:32.448+0000] {dagbag.py:545} INFO - Filling up the DagBag from /home/airflow/.local/lib/python3.12/site-packages/airflow/example_dags/example_branch_operator.py
[2026-05-23T00:00:32.458+0000] {processor.py:840} INFO - DAG(s) 'example_branch_operator' retrieved from /home/airflow/.local/lib/python3.12/site-packages/airflow/example_dags/example_branch_operator.py
[2026-05-23T00:00:32.478+0000] {logging_mixin.py:188} INFO - [2026-05-23T00:00:32.478+0000] {dag.py:3096} INFO - Sync 1 DAGs
[2026-05-23T00:00:32.495+0000] {logging_mixin.py:188} INFO - [2026-05-23T00:00:32.495+0000] {dag.py:3954} INFO - Setting next_dagrun for example_branch_operator to 2026-05-22 00:00:00+00:00, run_after=2026-05-23 00:00:00+00:00
[2026-05-23T00:00:32.515+0000] {processor.py:183} INFO - Processing /home/airflow/.local/lib/python3.12/site-packages/airflow/example_dags/example_branch_operator.py took 0.072 seconds
[2026-05-23T00:01:02.826+0000] {processor.py:161} INFO - Started process (PID=2406) to work on /home/airflow/.local/lib/python3.12/site-packages/airflow/example_dags/example_branch_operator.py
[2026-05-23T00:01:02.830+0000] {processor.py:830} INFO - Processing file /home/airflow/.local/lib/python3.12/site-packages/airflow/example_dags/example_branch_operator.py for tasks to queue
[2026-05-23T00:01:02.832+0000] {logging_mixin.py:188} INFO - [2026-05-23T00:01:02.832+0000] {dagbag.py:545} INFO - Filling up the DagBag from /home/airflow/.local/lib/python3.12/site-packages/airflow/example_dags/example_branch_operator.py
[2026-05-23T00:01:02.850+0000] {processor.py:840} INFO - DAG(s) 'example_branch_operator' retrieved from /home/airflow/.local/lib/python3.12/site-packages/airflow/example_dags/example_branch_operator.py
[2026-05-23T00:01:02.872+0000] {logging_mixin.py:188} INFO - [2026-05-23T00:01:02.872+0000] {dag.py:3096} INFO - Sync 1 DAGs
[2026-05-23T00:01:02.888+0000] {logging_mixin.py:188} INFO - [2026-05-23T00:01:02.888+0000] {dag.py:3954} INFO - Setting next_dagrun for example_branch_operator to 2026-05-22 00:00:00+00:00, run_after=2026-05-23 00:00:00+00:00
[2026-05-23T00:01:02.903+0000] {processor.py:183} INFO - Processing /home/airflow/.local/lib/python3.12/site-packages/airflow/example_dags/example_branch_operator.py took 0.080 seconds
[2026-05-23T00:01:33.020+0000] {processor.py:161} INFO - Started process (PID=2465) to work on /home/airflow/.local/lib/python3.12/site-packages/airflow/example_dags/example_branch_operator.py
[2026-05-23T00:01:33.022+0000] {processor.py:830} INFO - Processing file /home/airflow/.local/lib/python3.12/site-packages/airflow/example_dags/example_branch_operator.py for tasks to queue
[2026-05-23T00:01:33.024+0000] {logging_mixin.py:188} INFO - [2026-05-23T00:01:33.024+0000] {dagbag.py:545} INFO - Filling up the DagBag from /home/airflow/.local/lib/python3.12/site-packages/airflow/example_dags/example_branch_operator.py
[2026-05-23T00:01:33.035+0000] {processor.py:840} INFO - DAG(s) 'example_branch_operator' retrieved from /home/airflow/.local/lib/python3.12/site-packages/airflow/example_dags/example_branch_operator.py
[2026-05-23T00:01:33.054+0000] {logging_mixin.py:188} INFO - [2026-05-23T00:01:33.054+0000] {dag.py:3096} INFO - Sync 1 DAGs
[2026-05-23T00:01:33.070+0000] {logging_mixin.py:188} INFO - [2026-05-23T00:01:33.070+0000] {dag.py:3954} INFO - Setting next_dagrun for example_branch_operator to 2026-05-22 00:00:00+00:00, run_after=2026-05-23 00:00:00+00:00
[2026-05-23T00:01:33.096+0000] {processor.py:183} INFO - Processing /home/airflow/.local/lib/python3.12/site-packages/airflow/example_dags/example_branch_operator.py took 0.080 seconds
[2026-05-23T00:02:03.798+0000] {processor.py:161} INFO - Started process (PID=2522) to work on /home/airflow/.local/lib/python3.12/site-packages/airflow/example_dags/example_branch_operator.py
[2026-05-23T00:02:03.800+0000] {processor.py:830} INFO - Processing file /home/airflow/.local/lib/python3.12/site-packages/airflow/example_dags/example_branch_operator.py for tasks to queue
[2026-05-23T00:02:03.802+0000] {logging_mixin.py:188} INFO - [2026-05-23T00:02:03.802+0000] {dagbag.py:545} INFO - Filling up the DagBag from /home/airflow/.local/lib/python3.12/site-packages/airflow/example_dags/example_branch_operator.py
[2026-05-23T00:02:03.814+0000] {processor.py:840} INFO - DAG(s) 'example_branch_operator' retrieved from /home/airflow/.local/lib/python3.12/site-packages/airflow/example_dags/example_branch_operator.py
[2026-05-23T00:02:03.836+0000] {logging_mixin.py:188} INFO - [2026-05-23T00:02:03.836+0000] {dag.py:3096} INFO - Sync 1 DAGs
[2026-05-23T00:02:03.851+0000] {logging_mixin.py:188} INFO - [2026-05-23T00:02:03.851+0000] {dag.py:3954} INFO - Setting next_dagrun for example_branch_operator to 2026-05-22 00:00:00+00:00, run_after=2026-05-23 00:00:00+00:00
[2026-05-23T00:02:03.866+0000] {processor.py:183} INFO - Processing /home/airflow/.local/lib/python3.12/site-packages/airflow/example_dags/example_branch_operator.py took 0.073 seconds
[2026-05-23T00:02:34.543+0000] {processor.py:161} INFO - Started process (PID=2581) to work on /home/airflow/.local/lib/python3.12/site-packages/airflow/example_dags/example_branch_operator.py
[2026-05-23T00:02:34.548+0000] {processor.py:830} INFO - Processing file /home/airflow/.local/lib/python3.12/site-packages/airflow/example_dags/example_branch_operator.py for tasks to queue
[2026-05-23T00:02:34.551+0000] {logging_mixin.py:188} INFO - [2026-05-23T00:02:34.550+0000] {dagbag.py:545} INFO - Filling up the DagBag from /home/airflow/.local/lib/python3.12/site-packages/airflow/example_dags/example_branch_operator.py
[2026-05-23T00:02:34.565+0000] {processor.py:840} INFO - DAG(s) 'example_branch_operator' retrieved from /home/airflow/.local/lib/python3.12/site-packages/airflow/example_dags/example_branch_operator.py
[2026-05-23T00:02:34.588+0000] {logging_mixin.py:188} INFO - [2026-05-23T00:02:34.588+0000] {dag.py:3096} INFO - Sync 1 DAGs
[2026-05-23T00:02:34.602+0000] {logging_mixin.py:188} INFO - [2026-05-23T00:02:34.602+0000] {dag.py:3954} INFO - Setting next_dagrun for example_branch_operator to 2026-05-22 00:00:00+00:00, run_after=2026-05-23 00:00:00+00:00
[2026-05-23T00:02:34.615+0000] {processor.py:183} INFO - Processing /home/airflow/.local/lib/python3.12/site-packages/airflow/example_dags/example_branch_operator.py took 0.076 seconds
[2026-05-23T00:03:05.369+0000] {processor.py:161} INFO - Started process (PID=2640) to work on /home/airflow/.local/lib/python3.12/site-packages/airflow/example_dags/example_branch_operator.py
[2026-05-23T00:03:05.371+0000] {processor.py:830} INFO - Processing file /home/airflow/.local/lib/python3.12/site-packages/airflow/example_dags/example_branch_operator.py for tasks to queue
[2026-05-23T00:03:05.374+0000] {logging_mixin.py:188} INFO - [2026-05-23T00:03:05.374+0000] {dagbag.py:545} INFO - Filling up the DagBag from /home/airflow/.local/lib/python3.12/site-packages/airflow/example_dags/example_branch_operator.py
[2026-05-23T00:03:05.389+0000] {processor.py:840} INFO - DAG(s) 'example_branch_operator' retrieved from /home/airflow/.local/lib/python3.12/site-packages/airflow/example_dags/example_branch_operator.py
[2026-05-23T00:03:05.413+0000] {logging_mixin.py:188} INFO - [2026-05-23T00:03:05.413+0000] {dag.py:3096} INFO - Sync 1 DAGs
[2026-05-23T00:03:05.433+0000] {logging_mixin.py:188} INFO - [2026-05-23T00:03:05.433+0000] {dag.py:3954} INFO - Setting next_dagrun for example_branch_operator to 2026-05-22 00:00:00+00:00, run_after=2026-05-23 00:00:00+00:00
[2026-05-23T00:03:05.456+0000] {processor.py:183} INFO - Processing /home/airflow/.local/lib/python3.12/site-packages/airflow/example_dags/example_branch_operator.py took 0.092 seconds
[2026-05-23T00:03:36.255+0000] {processor.py:161} INFO - Started process (PID=2699) to work on /home/airflow/.local/lib/python3.12/site-packages/airflow/example_dags/example_branch_operator.py
[2026-05-23T00:03:36.256+0000] {processor.py:830} INFO - Processing file /home/airflow/.local/lib/python3.12/site-packages/airflow/example_dags/example_branch_operator.py for tasks to queue
[2026-05-23T00:03:36.260+0000] {logging_mixin.py:188} INFO - [2026-05-23T00:03:36.259+0000] {dagbag.py:545} INFO - Filling up the DagBag from /home/airflow/.local/lib/python3.12/site-packages/airflow/example_dags/example_branch_operator.py
[2026-05-23T00:03:36.273+0000] {processor.py:840} INFO - DAG(s) 'example_branch_operator' retrieved from /home/airflow/.local/lib/python3.12/site-packages/airflow/example_dags/example_branch_operator.py
[2026-05-23T00:03:36.296+0000] {logging_mixin.py:188} INFO - [2026-05-23T00:03:36.296+0000] {dag.py:3096} INFO - Sync 1 DAGs
[2026-05-23T00:03:36.310+0000] {logging_mixin.py:188} INFO - [2026-05-23T00:03:36.310+0000] {dag.py:3954} INFO - Setting next_dagrun for example_branch_operator to 2026-05-22 00:00:00+00:00, run_after=2026-05-23 00:00:00+00:00
[2026-05-23T00:03:36.321+0000] {processor.py:183} INFO - Processing /home/airflow/.local/lib/python3.12/site-packages/airflow/example_dags/example_branch_operator.py took 0.070 seconds
[2026-05-23T00:04:06.457+0000] {processor.py:161} INFO - Started process (PID=2758) to work on /home/airflow/.local/lib/python3.12/site-packages/airflow/example_dags/example_branch_operator.py
[2026-05-23T00:04:06.458+0000] {processor.py:830} INFO - Processing file /home/airflow/.local/lib/python3.12/site-packages/airflow/example_dags/example_branch_operator.py for tasks to queue
[2026-05-23T00:04:06.459+0000] {logging_mixin.py:188} INFO - [2026-05-23T00:04:06.459+0000] {dagbag.py:545} INFO - Filling up the DagBag from /home/airflow/.local/lib/python3.12/site-packages/airflow/example_dags/example_branch_operator.py
[2026-05-23T00:04:06.470+0000] {processor.py:840} INFO - DAG(s) 'example_branch_operator' retrieved from /home/airflow/.local/lib/python3.12/site-packages/airflow/example_dags/example_branch_operator.py
[2026-05-23T00:04:06.488+0000] {logging_mixin.py:188} INFO - [2026-05-23T00:04:06.488+0000] {dag.py:3096} INFO - Sync 1 DAGs
[2026-05-23T00:04:06.502+0000] {logging_mixin.py:188} INFO - [2026-05-23T00:04:06.502+0000] {dag.py:3954} INFO - Setting next_dagrun for example_branch_operator to 2026-05-22 00:00:00+00:00, run_after=2026-05-23 00:00:00+00:00
[2026-05-23T00:04:06.512+0000] {processor.py:183} INFO - Processing /home/airflow/.local/lib/python3.12/site-packages/airflow/example_dags/example_branch_operator.py took 0.059 seconds
[2026-05-23T00:04:37.211+0000] {processor.py:161} INFO - Started process (PID=2817) to work on /home/airflow/.local/lib/python3.12/site-packages/airflow/example_dags/example_branch_operator.py
[2026-05-23T00:04:37.212+0000] {processor.py:830} INFO - Processing file /home/airflow/.local/lib/python3.12/site-packages/airflow/example_dags/example_branch_operator.py for tasks to queue
[2026-05-23T00:04:37.214+0000] {logging_mixin.py:188} INFO - [2026-05-23T00:04:37.213+0000] {dagbag.py:545} INFO - Filling up the DagBag from /home/airflow/.local/lib/python3.12/site-packages/airflow/example_dags/example_branch_operator.py
[2026-05-23T00:04:37.232+0000] {processor.py:840} INFO - DAG(s) 'example_branch_operator' retrieved from /home/airflow/.local/lib/python3.12/site-packages/airflow/example_dags/example_branch_operator.py
[2026-05-23T00:04:37.255+0000] {logging_mixin.py:188} INFO - [2026-05-23T00:04:37.255+0000] {dag.py:3096} INFO - Sync 1 DAGs
[2026-05-23T00:04:37.272+0000] {logging_mixin.py:188} INFO - [2026-05-23T00:04:37.272+0000] {dag.py:3954} INFO - Setting next_dagrun for example_branch_operator to 2026-05-22 00:00:00+00:00, run_after=2026-05-23 00:00:00+00:00
[2026-05-23T00:04:37.285+0000] {processor.py:183} INFO - Processing /home/airflow/.local/lib/python3.12/site-packages/airflow/example_dags/example_branch_operator.py took 0.081 seconds
[2026-05-23T00:05:07.923+0000] {processor.py:161} INFO - Started process (PID=2876) to work on /home/airflow/.local/lib/python3.12/site-packages/airflow/example_dags/example_branch_operator.py
[2026-05-23T00:05:07.927+0000] {processor.py:830} INFO - Processing file /home/airflow/.local/lib/python3.12/site-packages/airflow/example_dags/example_branch_operator.py for tasks to queue
[2026-05-23T00:05:07.932+0000] {logging_mixin.py:188} INFO - [2026-05-23T00:05:07.932+0000] {dagbag.py:545} INFO - Filling up the DagBag from /home/airflow/.local/lib/python3.12/site-packages/airflow/example_dags/example_branch_operator.py
[2026-05-23T00:05:07.944+0000] {processor.py:840} INFO - DAG(s) 'example_branch_operator' retrieved from /home/airflow/.local/lib/python3.12/site-packages/airflow/example_dags/example_branch_operator.py
[2026-05-23T00:05:07.967+0000] {logging_mixin.py:188} INFO - [2026-05-23T00:05:07.967+0000] {dag.py:3096} INFO - Sync 1 DAGs
[2026-05-23T00:05:07.986+0000] {logging_mixin.py:188} INFO - [2026-05-23T00:05:07.986+0000] {dag.py:3954} INFO - Setting next_dagrun for example_branch_operator to 2026-05-22 00:00:00+00:00, run_after=2026-05-23 00:00:00+00:00
[2026-05-23T00:05:07.998+0000] {processor.py:183} INFO - Processing /home/airflow/.local/lib/python3.12/site-packages/airflow/example_dags/example_branch_operator.py took 0.080 seconds
[2026-05-23T00:05:38.589+0000] {processor.py:161} INFO - Started process (PID=2935) to work on /home/airflow/.local/lib/python3.12/site-packages/airflow/example_dags/example_branch_operator.py
[2026-05-23T00:05:38.593+0000] {processor.py:830} INFO - Processing file /home/airflow/.local/lib/python3.12/site-packages/airflow/example_dags/example_branch_operator.py for tasks to queue
[2026-05-23T00:05:38.594+0000] {logging_mixin.py:188} INFO - [2026-05-23T00:05:38.594+0000] {dagbag.py:545} INFO - Filling up the DagBag from /home/airflow/.local/lib/python3.12/site-packages/airflow/example_dags/example_branch_operator.py
[2026-05-23T00:05:38.608+0000] {processor.py:840} INFO - DAG(s) 'example_branch_operator' retrieved from /home/airflow/.local/lib/python3.12/site-packages/airflow/example_dags/example_branch_operator.py
[2026-05-23T00:05:38.631+0000] {logging_mixin.py:188} INFO - [2026-05-23T00:05:38.631+0000] {dag.py:3096} INFO - Sync 1 DAGs
[2026-05-23T00:05:38.648+0000] {logging_mixin.py:188} INFO - [2026-05-23T00:05:38.648+0000] {dag.py:3954} INFO - Setting next_dagrun for example_branch_operator to 2026-05-22 00:00:00+00:00, run_after=2026-05-23 00:00:00+00:00
[2026-05-23T00:05:38.662+0000] {processor.py:183} INFO - Processing /home/airflow/.local/lib/python3.12/site-packages/airflow/example_dags/example_branch_operator.py took 0.077 seconds
[2026-05-23T00:06:09.221+0000] {processor.py:161} INFO - Started process (PID=2994) to work on /home/airflow/.local/lib/python3.12/site-packages/airflow/example_dags/example_branch_operator.py
[2026-05-23T00:06:09.222+0000] {processor.py:830} INFO - Processing file /home/airflow/.local/lib/python3.12/site-packages/airflow/example_dags/example_branch_operator.py for tasks to queue
[2026-05-23T00:06:09.223+0000] {logging_mixin.py:188} INFO - [2026-05-23T00:06:09.223+0000] {dagbag.py:545} INFO - Filling up the DagBag from /home/airflow/.local/lib/python3.12/site-packages/airflow/example_dags/example_branch_operator.py
[2026-05-23T00:06:09.233+0000] {processor.py:840} INFO - DAG(s) 'example_branch_operator' retrieved from /home/airflow/.local/lib/python3.12/site-packages/airflow/example_dags/example_branch_operator.py
[2026-05-23T00:06:09.251+0000] {logging_mixin.py:188} INFO - [2026-05-23T00:06:09.250+0000] {dag.py:3096} INFO - Sync 1 DAGs
[2026-05-23T00:06:09.264+0000] {logging_mixin.py:188} INFO - [2026-05-23T00:06:09.264+0000] {dag.py:3954} INFO - Setting next_dagrun for example_branch_operator to 2026-05-22 00:00:00+00:00, run_after=2026-05-23 00:00:00+00:00
[2026-05-23T00:06:09.275+0000] {processor.py:183} INFO - Processing /home/airflow/.local/lib/python3.12/site-packages/airflow/example_dags/example_branch_operator.py took 0.058 seconds
[2026-05-23T00:06:39.970+0000] {processor.py:161} INFO - Started process (PID=3053) to work on /home/airflow/.local/lib/python3.12/site-packages/airflow/example_dags/example_branch_operator.py
[2026-05-23T00:06:39.972+0000] {processor.py:830} INFO - Processing file /home/airflow/.local/lib/python3.12/site-packages/airflow/example_dags/example_branch_operator.py for tasks to queue
[2026-05-23T00:06:39.975+0000] {logging_mixin.py:188} INFO - [2026-05-23T00:06:39.974+0000] {dagbag.py:545} INFO - Filling up the DagBag from /home/airflow/.local/lib/python3.12/site-packages/airflow/example_dags/example_branch_operator.py
[2026-05-23T00:06:39.992+0000] {processor.py:840} INFO - DAG(s) 'example_branch_operator' retrieved from /home/airflow/.local/lib/python3.12/site-packages/airflow/example_dags/example_branch_operator.py
[2026-05-23T00:06:40.014+0000] {logging_mixin.py:188} INFO - [2026-05-23T00:06:40.014+0000] {dag.py:3096} INFO - Sync 1 DAGs
[2026-05-23T00:06:40.037+0000] {logging_mixin.py:188} INFO - [2026-05-23T00:06:40.037+0000] {dag.py:3954} INFO - Setting next_dagrun for example_branch_operator to 2026-05-22 00:00:00+00:00, run_after=2026-05-23 00:00:00+00:00
[2026-05-23T00:06:40.064+0000] {processor.py:183} INFO - Processing /home/airflow/.local/lib/python3.12/site-packages/airflow/example_dags/example_branch_operator.py took 0.102 seconds
[2026-05-23T00:07:10.565+0000] {processor.py:161} INFO - Started process (PID=3118) to work on /home/airflow/.local/lib/python3.12/site-packages/airflow/example_dags/example_branch_operator.py
[2026-05-23T00:07:10.566+0000] {processor.py:830} INFO - Processing file /home/airflow/.local/lib/python3.12/site-packages/airflow/example_dags/example_branch_operator.py for tasks to queue
[2026-05-23T00:07:10.567+0000] {logging_mixin.py:188} INFO - [2026-05-23T00:07:10.567+0000] {dagbag.py:545} INFO - Filling up the DagBag from /home/airflow/.local/lib/python3.12/site-packages/airflow/example_dags/example_branch_operator.py
[2026-05-23T00:07:10.578+0000] {processor.py:840} INFO - DAG(s) 'example_branch_operator' retrieved from /home/airflow/.local/lib/python3.12/site-packages/airflow/example_dags/example_branch_operator.py
[2026-05-23T00:07:10.595+0000] {logging_mixin.py:188} INFO - [2026-05-23T00:07:10.594+0000] {dag.py:3096} INFO - Sync 1 DAGs
[2026-05-23T00:07:10.608+0000] {logging_mixin.py:188} INFO - [2026-05-23T00:07:10.608+0000] {dag.py:3954} INFO - Setting next_dagrun for example_branch_operator to 2026-05-22 00:00:00+00:00, run_after=2026-05-23 00:00:00+00:00
[2026-05-23T00:07:10.619+0000] {processor.py:183} INFO - Processing /home/airflow/.local/lib/python3.12/site-packages/airflow/example_dags/example_branch_operator.py took 0.057 seconds
[2026-05-23T00:07:40.865+0000] {processor.py:161} INFO - Started process (PID=3177) to work on /home/airflow/.local/lib/python3.12/site-packages/airflow/example_dags/example_branch_operator.py
[2026-05-23T00:07:40.866+0000] {processor.py:830} INFO - Processing file /home/airflow/.local/lib/python3.12/site-packages/airflow/example_dags/example_branch_operator.py for tasks to queue
[2026-05-23T00:07:40.867+0000] {logging_mixin.py:188} INFO - [2026-05-23T00:07:40.867+0000] {dagbag.py:545} INFO - Filling up the DagBag from /home/airflow/.local/lib/python3.12/site-packages/airflow/example_dags/example_branch_operator.py
[2026-05-23T00:07:40.877+0000] {processor.py:840} INFO - DAG(s) 'example_branch_operator' retrieved from /home/airflow/.local/lib/python3.12/site-packages/airflow/example_dags/example_branch_operator.py
[2026-05-23T00:07:40.895+0000] {logging_mixin.py:188} INFO - [2026-05-23T00:07:40.894+0000] {dag.py:3096} INFO - Sync 1 DAGs
[2026-05-23T00:07:40.908+0000] {logging_mixin.py:188} INFO - [2026-05-23T00:07:40.908+0000] {dag.py:3954} INFO - Setting next_dagrun for example_branch_operator to 2026-05-22 00:00:00+00:00, run_after=2026-05-23 00:00:00+00:00
[2026-05-23T00:07:40.917+0000] {processor.py:183} INFO - Processing /home/airflow/.local/lib/python3.12/site-packages/airflow/example_dags/example_branch_operator.py took 0.056 seconds
[2026-05-23T00:08:11.856+0000] {processor.py:161} INFO - Started process (PID=3236) to work on /home/airflow/.local/lib/python3.12/site-packages/airflow/example_dags/example_branch_operator.py
[2026-05-23T00:08:11.857+0000] {processor.py:830} INFO - Processing file /home/airflow/.local/lib/python3.12/site-packages/airflow/example_dags/example_branch_operator.py for tasks to queue
[2026-05-23T00:08:11.860+0000] {logging_mixin.py:188} INFO - [2026-05-23T00:08:11.860+0000] {dagbag.py:545} INFO - Filling up the DagBag from /home/airflow/.local/lib/python3.12/site-packages/airflow/example_dags/example_branch_operator.py
[2026-05-23T00:08:11.874+0000] {processor.py:840} INFO - DAG(s) 'example_branch_operator' retrieved from /home/airflow/.local/lib/python3.12/site-packages/airflow/example_dags/example_branch_operator.py
[2026-05-23T00:08:11.896+0000] {logging_mixin.py:188} INFO - [2026-05-23T00:08:11.896+0000] {dag.py:3096} INFO - Sync 1 DAGs
[2026-05-23T00:08:11.911+0000] {logging_mixin.py:188} INFO - [2026-05-23T00:08:11.911+0000] {dag.py:3954} INFO - Setting next_dagrun for example_branch_operator to 2026-05-22 00:00:00+00:00, run_after=2026-05-23 00:00:00+00:00
[2026-05-23T00:08:11.922+0000] {processor.py:183} INFO - Processing /home/airflow/.local/lib/python3.12/site-packages/airflow/example_dags/example_branch_operator.py took 0.069 seconds
[2026-05-23T00:08:42.525+0000] {processor.py:161} INFO - Started process (PID=3295) to work on /home/airflow/.local/lib/python3.12/site-packages/airflow/example_dags/example_branch_operator.py
[2026-05-23T00:08:42.525+0000] {processor.py:830} INFO - Processing file /home/airflow/.local/lib/python3.12/site-packages/airflow/example_dags/example_branch_operator.py for tasks to queue
[2026-05-23T00:08:42.527+0000] {logging_mixin.py:188} INFO - [2026-05-23T00:08:42.527+0000] {dagbag.py:545} INFO - Filling up the DagBag from /home/airflow/.local/lib/python3.12/site-packages/airflow/example_dags/example_branch_operator.py
[2026-05-23T00:08:42.538+0000] {processor.py:840} INFO - DAG(s) 'example_branch_operator' retrieved from /home/airflow/.local/lib/python3.12/site-packages/airflow/example_dags/example_branch_operator.py
[2026-05-23T00:08:42.564+0000] {logging_mixin.py:188} INFO - [2026-05-23T00:08:42.564+0000] {dag.py:3096} INFO - Sync 1 DAGs
[2026-05-23T00:08:42.580+0000] {logging_mixin.py:188} INFO - [2026-05-23T00:08:42.580+0000] {dag.py:3954} INFO - Setting next_dagrun for example_branch_operator to 2026-05-22 00:00:00+00:00, run_after=2026-05-23 00:00:00+00:00
[2026-05-23T00:08:42.595+0000] {processor.py:183} INFO - Processing /home/airflow/.local/lib/python3.12/site-packages/airflow/example_dags/example_branch_operator.py took 0.074 seconds
[2026-05-23T00:09:12.788+0000] {processor.py:161} INFO - Started process (PID=3354) to work on /home/airflow/.local/lib/python3.12/site-packages/airflow/example_dags/example_branch_operator.py
[2026-05-23T00:09:12.790+0000] {processor.py:830} INFO - Processing file /home/airflow/.local/lib/python3.12/site-packages/airflow/example_dags/example_branch_operator.py for tasks to queue
[2026-05-23T00:09:12.791+0000] {logging_mixin.py:188} INFO - [2026-05-23T00:09:12.791+0000] {dagbag.py:545} INFO - Filling up the DagBag from /home/airflow/.local/lib/python3.12/site-packages/airflow/example_dags/example_branch_operator.py
[2026-05-23T00:09:12.803+0000] {processor.py:840} INFO - DAG(s) 'example_branch_operator' retrieved from /home/airflow/.local/lib/python3.12/site-packages/airflow/example_dags/example_branch_operator.py
[2026-05-23T00:09:12.826+0000] {logging_mixin.py:188} INFO - [2026-05-23T00:09:12.825+0000] {dag.py:3096} INFO - Sync 1 DAGs
[2026-05-23T00:09:12.841+0000] {logging_mixin.py:188} INFO - [2026-05-23T00:09:12.841+0000] {dag.py:3954} INFO - Setting next_dagrun for example_branch_operator to 2026-05-22 00:00:00+00:00, run_after=2026-05-23 00:00:00+00:00
[2026-05-23T00:09:12.856+0000] {processor.py:183} INFO - Processing /home/airflow/.local/lib/python3.12/site-packages/airflow/example_dags/example_branch_operator.py took 0.073 seconds
[2026-05-23T00:09:44.256+0000] {processor.py:161} INFO - Started process (PID=3413) to work on /home/airflow/.local/lib/python3.12/site-packages/airflow/example_dags/example_branch_operator.py
[2026-05-23T00:09:44.257+0000] {processor.py:830} INFO - Processing file /home/airflow/.local/lib/python3.12/site-packages/airflow/example_dags/example_branch_operator.py for tasks to queue
[2026-05-23T00:09:44.258+0000] {logging_mixin.py:188} INFO - [2026-05-23T00:09:44.258+0000] {dagbag.py:545} INFO - Filling up the DagBag from /home/airflow/.local/lib/python3.12/site-packages/airflow/example_dags/example_branch_operator.py
[2026-05-23T00:09:44.269+0000] {processor.py:840} INFO - DAG(s) 'example_branch_operator' retrieved from /home/airflow/.local/lib/python3.12/site-packages/airflow/example_dags/example_branch_operator.py
[2026-05-23T00:09:44.287+0000] {logging_mixin.py:188} INFO - [2026-05-23T00:09:44.287+0000] {dag.py:3096} INFO - Sync 1 DAGs
[2026-05-23T00:09:44.301+0000] {logging_mixin.py:188} INFO - [2026-05-23T00:09:44.300+0000] {dag.py:3954} INFO - Setting next_dagrun for example_branch_operator to 2026-05-22 00:00:00+00:00, run_after=2026-05-23 00:00:00+00:00
[2026-05-23T00:09:44.321+0000] {processor.py:183} INFO - Processing /home/airflow/.local/lib/python3.12/site-packages/airflow/example_dags/example_branch_operator.py took 0.071 seconds
[2026-05-23T00:12:37.154+0000] {processor.py:161} INFO - Started process (PID=99) to work on /home/airflow/.local/lib/python3.12/site-packages/airflow/example_dags/example_branch_operator.py
[2026-05-23T00:12:37.155+0000] {processor.py:830} INFO - Processing file /home/airflow/.local/lib/python3.12/site-packages/airflow/example_dags/example_branch_operator.py for tasks to queue
[2026-05-23T00:12:37.156+0000] {logging_mixin.py:188} INFO - [2026-05-23T00:12:37.156+0000] {dagbag.py:545} INFO - Filling up the DagBag from /home/airflow/.local/lib/python3.12/site-packages/airflow/example_dags/example_branch_operator.py
[2026-05-23T00:12:37.167+0000] {processor.py:840} INFO - DAG(s) 'example_branch_operator' retrieved from /home/airflow/.local/lib/python3.12/site-packages/airflow/example_dags/example_branch_operator.py
[2026-05-23T00:12:37.235+0000] {logging_mixin.py:188} INFO - [2026-05-23T00:12:37.235+0000] {dag.py:3096} INFO - Sync 1 DAGs
[2026-05-23T00:12:37.247+0000] {logging_mixin.py:188} INFO - [2026-05-23T00:12:37.246+0000] {dag.py:3954} INFO - Setting next_dagrun for example_branch_operator to 2026-05-22 00:00:00+00:00, run_after=2026-05-23 00:00:00+00:00
[2026-05-23T00:12:37.258+0000] {processor.py:183} INFO - Processing /home/airflow/.local/lib/python3.12/site-packages/airflow/example_dags/example_branch_operator.py took 0.108 seconds
[2026-05-23T00:13:07.737+0000] {processor.py:161} INFO - Started process (PID=158) to work on /home/airflow/.local/lib/python3.12/site-packages/airflow/example_dags/example_branch_operator.py
[2026-05-23T00:13:07.739+0000] {processor.py:830} INFO - Processing file /home/airflow/.local/lib/python3.12/site-packages/airflow/example_dags/example_branch_operator.py for tasks to queue
[2026-05-23T00:13:07.740+0000] {logging_mixin.py:188} INFO - [2026-05-23T00:13:07.740+0000] {dagbag.py:545} INFO - Filling up the DagBag from /home/airflow/.local/lib/python3.12/site-packages/airflow/example_dags/example_branch_operator.py
[2026-05-23T00:13:07.754+0000] {processor.py:840} INFO - DAG(s) 'example_branch_operator' retrieved from /home/airflow/.local/lib/python3.12/site-packages/airflow/example_dags/example_branch_operator.py
[2026-05-23T00:13:07.774+0000] {logging_mixin.py:188} INFO - [2026-05-23T00:13:07.774+0000] {dag.py:3096} INFO - Sync 1 DAGs
[2026-05-23T00:13:07.788+0000] {logging_mixin.py:188} INFO - [2026-05-23T00:13:07.788+0000] {dag.py:3954} INFO - Setting next_dagrun for example_branch_operator to 2026-05-22 00:00:00+00:00, run_after=2026-05-23 00:00:00+00:00
[2026-05-23T00:13:07.799+0000] {processor.py:183} INFO - Processing /home/airflow/.local/lib/python3.12/site-packages/airflow/example_dags/example_branch_operator.py took 0.067 seconds
[2026-05-23T00:13:38.245+0000] {processor.py:161} INFO - Started process (PID=217) to work on /home/airflow/.local/lib/python3.12/site-packages/airflow/example_dags/example_branch_operator.py
[2026-05-23T00:13:38.246+0000] {processor.py:830} INFO - Processing file /home/airflow/.local/lib/python3.12/site-packages/airflow/example_dags/example_branch_operator.py for tasks to queue
[2026-05-23T00:13:38.249+0000] {logging_mixin.py:188} INFO - [2026-05-23T00:13:38.248+0000] {dagbag.py:545} INFO - Filling up the DagBag from /home/airflow/.local/lib/python3.12/site-packages/airflow/example_dags/example_branch_operator.py
[2026-05-23T00:13:38.263+0000] {processor.py:840} INFO - DAG(s) 'example_branch_operator' retrieved from /home/airflow/.local/lib/python3.12/site-packages/airflow/example_dags/example_branch_operator.py
[2026-05-23T00:13:38.284+0000] {logging_mixin.py:188} INFO - [2026-05-23T00:13:38.284+0000] {dag.py:3096} INFO - Sync 1 DAGs
[2026-05-23T00:13:38.304+0000] {logging_mixin.py:188} INFO - [2026-05-23T00:13:38.304+0000] {dag.py:3954} INFO - Setting next_dagrun for example_branch_operator to 2026-05-22 00:00:00+00:00, run_after=2026-05-23 00:00:00+00:00
[2026-05-23T00:13:38.324+0000] {processor.py:183} INFO - Processing /home/airflow/.local/lib/python3.12/site-packages/airflow/example_dags/example_branch_operator.py took 0.086 seconds
[2026-05-23T00:14:08.724+0000] {processor.py:161} INFO - Started process (PID=276) to work on /home/airflow/.local/lib/python3.12/site-packages/airflow/example_dags/example_branch_operator.py
[2026-05-23T00:14:08.725+0000] {processor.py:830} INFO - Processing file /home/airflow/.local/lib/python3.12/site-packages/airflow/example_dags/example_branch_operator.py for tasks to queue
[2026-05-23T00:14:08.728+0000] {logging_mixin.py:188} INFO - [2026-05-23T00:14:08.727+0000] {dagbag.py:545} INFO - Filling up the DagBag from /home/airflow/.local/lib/python3.12/site-packages/airflow/example_dags/example_branch_operator.py
[2026-05-23T00:14:08.743+0000] {processor.py:840} INFO - DAG(s) 'example_branch_operator' retrieved from /home/airflow/.local/lib/python3.12/site-packages/airflow/example_dags/example_branch_operator.py
[2026-05-23T00:14:08.768+0000] {logging_mixin.py:188} INFO - [2026-05-23T00:14:08.767+0000] {dag.py:3096} INFO - Sync 1 DAGs
[2026-05-23T00:14:08.788+0000] {logging_mixin.py:188} INFO - [2026-05-23T00:14:08.788+0000] {dag.py:3954} INFO - Setting next_dagrun for example_branch_operator to 2026-05-22 00:00:00+00:00, run_after=2026-05-23 00:00:00+00:00
[2026-05-23T00:14:08.801+0000] {processor.py:183} INFO - Processing /home/airflow/.local/lib/python3.12/site-packages/airflow/example_dags/example_branch_operator.py took 0.082 seconds
[2026-05-23T00:14:39.625+0000] {processor.py:161} INFO - Started process (PID=335) to work on /home/airflow/.local/lib/python3.12/site-packages/airflow/example_dags/example_branch_operator.py
[2026-05-23T00:14:39.626+0000] {processor.py:830} INFO - Processing file /home/airflow/.local/lib/python3.12/site-packages/airflow/example_dags/example_branch_operator.py for tasks to queue
[2026-05-23T00:14:39.628+0000] {logging_mixin.py:188} INFO - [2026-05-23T00:14:39.627+0000] {dagbag.py:545} INFO - Filling up the DagBag from /home/airflow/.local/lib/python3.12/site-packages/airflow/example_dags/example_branch_operator.py
[2026-05-23T00:14:39.643+0000] {processor.py:840} INFO - DAG(s) 'example_branch_operator' retrieved from /home/airflow/.local/lib/python3.12/site-packages/airflow/example_dags/example_branch_operator.py
[2026-05-23T00:14:39.668+0000] {logging_mixin.py:188} INFO - [2026-05-23T00:14:39.668+0000] {dag.py:3096} INFO - Sync 1 DAGs
[2026-05-23T00:14:39.690+0000] {logging_mixin.py:188} INFO - [2026-05-23T00:14:39.689+0000] {dag.py:3954} INFO - Setting next_dagrun for example_branch_operator to 2026-05-22 00:00:00+00:00, run_after=2026-05-23 00:00:00+00:00
[2026-05-23T00:14:39.712+0000] {processor.py:183} INFO - Processing /home/airflow/.local/lib/python3.12/site-packages/airflow/example_dags/example_branch_operator.py took 0.092 seconds
[2026-05-23T00:15:09.968+0000] {processor.py:161} INFO - Started process (PID=394) to work on /home/airflow/.local/lib/python3.12/site-packages/airflow/example_dags/example_branch_operator.py
[2026-05-23T00:15:09.971+0000] {processor.py:830} INFO - Processing file /home/airflow/.local/lib/python3.12/site-packages/airflow/example_dags/example_branch_operator.py for tasks to queue
[2026-05-23T00:15:09.972+0000] {logging_mixin.py:188} INFO - [2026-05-23T00:15:09.972+0000] {dagbag.py:545} INFO - Filling up the DagBag from /home/airflow/.local/lib/python3.12/site-packages/airflow/example_dags/example_branch_operator.py
[2026-05-23T00:15:09.986+0000] {processor.py:840} INFO - DAG(s) 'example_branch_operator' retrieved from /home/airflow/.local/lib/python3.12/site-packages/airflow/example_dags/example_branch_operator.py
[2026-05-23T00:15:10.010+0000] {logging_mixin.py:188} INFO - [2026-05-23T00:15:10.009+0000] {dag.py:3096} INFO - Sync 1 DAGs
[2026-05-23T00:15:10.029+0000] {logging_mixin.py:188} INFO - [2026-05-23T00:15:10.029+0000] {dag.py:3954} INFO - Setting next_dagrun for example_branch_operator to 2026-05-22 00:00:00+00:00, run_after=2026-05-23 00:00:00+00:00
[2026-05-23T00:15:10.044+0000] {processor.py:183} INFO - Processing /home/airflow/.local/lib/python3.12/site-packages/airflow/example_dags/example_branch_operator.py took 0.081 seconds
[2026-05-23T00:15:40.513+0000] {processor.py:161} INFO - Started process (PID=453) to work on /home/airflow/.local/lib/python3.12/site-packages/airflow/example_dags/example_branch_operator.py
[2026-05-23T00:15:40.514+0000] {processor.py:830} INFO - Processing file /home/airflow/.local/lib/python3.12/site-packages/airflow/example_dags/example_branch_operator.py for tasks to queue
[2026-05-23T00:15:40.515+0000] {logging_mixin.py:188} INFO - [2026-05-23T00:15:40.515+0000] {dagbag.py:545} INFO - Filling up the DagBag from /home/airflow/.local/lib/python3.12/site-packages/airflow/example_dags/example_branch_operator.py
[2026-05-23T00:15:40.526+0000] {processor.py:840} INFO - DAG(s) 'example_branch_operator' retrieved from /home/airflow/.local/lib/python3.12/site-packages/airflow/example_dags/example_branch_operator.py
[2026-05-23T00:15:40.543+0000] {logging_mixin.py:188} INFO - [2026-05-23T00:15:40.543+0000] {dag.py:3096} INFO - Sync 1 DAGs
[2026-05-23T00:15:40.560+0000] {logging_mixin.py:188} INFO - [2026-05-23T00:15:40.560+0000] {dag.py:3954} INFO - Setting next_dagrun for example_branch_operator to 2026-05-22 00:00:00+00:00, run_after=2026-05-23 00:00:00+00:00
[2026-05-23T00:15:40.570+0000] {processor.py:183} INFO - Processing /home/airflow/.local/lib/python3.12/site-packages/airflow/example_dags/example_branch_operator.py took 0.061 seconds
[2026-05-23T00:16:11.209+0000] {processor.py:161} INFO - Started process (PID=512) to work on /home/airflow/.local/lib/python3.12/site-packages/airflow/example_dags/example_branch_operator.py
[2026-05-23T00:16:11.210+0000] {processor.py:830} INFO - Processing file /home/airflow/.local/lib/python3.12/site-packages/airflow/example_dags/example_branch_operator.py for tasks to queue
[2026-05-23T00:16:11.211+0000] {logging_mixin.py:188} INFO - [2026-05-23T00:16:11.211+0000] {dagbag.py:545} INFO - Filling up the DagBag from /home/airflow/.local/lib/python3.12/site-packages/airflow/example_dags/example_branch_operator.py
[2026-05-23T00:16:11.224+0000] {processor.py:840} INFO - DAG(s) 'example_branch_operator' retrieved from /home/airflow/.local/lib/python3.12/site-packages/airflow/example_dags/example_branch_operator.py
[2026-05-23T00:16:11.241+0000] {logging_mixin.py:188} INFO - [2026-05-23T00:16:11.241+0000] {dag.py:3096} INFO - Sync 1 DAGs
[2026-05-23T00:16:11.256+0000] {logging_mixin.py:188} INFO - [2026-05-23T00:16:11.255+0000] {dag.py:3954} INFO - Setting next_dagrun for example_branch_operator to 2026-05-22 00:00:00+00:00, run_after=2026-05-23 00:00:00+00:00
[2026-05-23T00:16:11.267+0000] {processor.py:183} INFO - Processing /home/airflow/.local/lib/python3.12/site-packages/airflow/example_dags/example_branch_operator.py took 0.062 seconds
[2026-05-23T00:16:42.008+0000] {processor.py:161} INFO - Started process (PID=571) to work on /home/airflow/.local/lib/python3.12/site-packages/airflow/example_dags/example_branch_operator.py
[2026-05-23T00:16:42.009+0000] {processor.py:830} INFO - Processing file /home/airflow/.local/lib/python3.12/site-packages/airflow/example_dags/example_branch_operator.py for tasks to queue
[2026-05-23T00:16:42.011+0000] {logging_mixin.py:188} INFO - [2026-05-23T00:16:42.011+0000] {dagbag.py:545} INFO - Filling up the DagBag from /home/airflow/.local/lib/python3.12/site-packages/airflow/example_dags/example_branch_operator.py
[2026-05-23T00:16:42.023+0000] {processor.py:840} INFO - DAG(s) 'example_branch_operator' retrieved from /home/airflow/.local/lib/python3.12/site-packages/airflow/example_dags/example_branch_operator.py
[2026-05-23T00:16:42.044+0000] {logging_mixin.py:188} INFO - [2026-05-23T00:16:42.044+0000] {dag.py:3096} INFO - Sync 1 DAGs
[2026-05-23T00:16:42.060+0000] {logging_mixin.py:188} INFO - [2026-05-23T00:16:42.060+0000] {dag.py:3954} INFO - Setting next_dagrun for example_branch_operator to 2026-05-22 00:00:00+00:00, run_after=2026-05-23 00:00:00+00:00
[2026-05-23T00:16:42.079+0000] {processor.py:183} INFO - Processing /home/airflow/.local/lib/python3.12/site-packages/airflow/example_dags/example_branch_operator.py took 0.074 seconds
[2026-05-23T00:17:13.116+0000] {processor.py:161} INFO - Started process (PID=630) to work on /home/airflow/.local/lib/python3.12/site-packages/airflow/example_dags/example_branch_operator.py
[2026-05-23T00:17:13.117+0000] {processor.py:830} INFO - Processing file /home/airflow/.local/lib/python3.12/site-packages/airflow/example_dags/example_branch_operator.py for tasks to queue
[2026-05-23T00:17:13.118+0000] {logging_mixin.py:188} INFO - [2026-05-23T00:17:13.118+0000] {dagbag.py:545} INFO - Filling up the DagBag from /home/airflow/.local/lib/python3.12/site-packages/airflow/example_dags/example_branch_operator.py
[2026-05-23T00:17:13.132+0000] {processor.py:840} INFO - DAG(s) 'example_branch_operator' retrieved from /home/airflow/.local/lib/python3.12/site-packages/airflow/example_dags/example_branch_operator.py
[2026-05-23T00:17:13.156+0000] {logging_mixin.py:188} INFO - [2026-05-23T00:17:13.156+0000] {dag.py:3096} INFO - Sync 1 DAGs
[2026-05-23T00:17:13.173+0000] {logging_mixin.py:188} INFO - [2026-05-23T00:17:13.172+0000] {dag.py:3954} INFO - Setting next_dagrun for example_branch_operator to 2026-05-22 00:00:00+00:00, run_after=2026-05-23 00:00:00+00:00
[2026-05-23T00:17:13.185+0000] {processor.py:183} INFO - Processing /home/airflow/.local/lib/python3.12/site-packages/airflow/example_dags/example_branch_operator.py took 0.075 seconds
[2026-05-23T00:17:43.635+0000] {processor.py:161} INFO - Started process (PID=689) to work on /home/airflow/.local/lib/python3.12/site-packages/airflow/example_dags/example_branch_operator.py
[2026-05-23T00:17:43.637+0000] {processor.py:830} INFO - Processing file /home/airflow/.local/lib/python3.12/site-packages/airflow/example_dags/example_branch_operator.py for tasks to queue
[2026-05-23T00:17:43.638+0000] {logging_mixin.py:188} INFO - [2026-05-23T00:17:43.638+0000] {dagbag.py:545} INFO - Filling up the DagBag from /home/airflow/.local/lib/python3.12/site-packages/airflow/example_dags/example_branch_operator.py
[2026-05-23T00:17:43.649+0000] {processor.py:840} INFO - DAG(s) 'example_branch_operator' retrieved from /home/airflow/.local/lib/python3.12/site-packages/airflow/example_dags/example_branch_operator.py
[2026-05-23T00:17:43.670+0000] {logging_mixin.py:188} INFO - [2026-05-23T00:17:43.670+0000] {dag.py:3096} INFO - Sync 1 DAGs
[2026-05-23T00:17:43.685+0000] {logging_mixin.py:188} INFO - [2026-05-23T00:17:43.685+0000] {dag.py:3954} INFO - Setting next_dagrun for example_branch_operator to 2026-05-22 00:00:00+00:00, run_after=2026-05-23 00:00:00+00:00
[2026-05-23T00:17:43.700+0000] {processor.py:183} INFO - Processing /home/airflow/.local/lib/python3.12/site-packages/airflow/example_dags/example_branch_operator.py took 0.070 seconds
[2026-05-23T00:18:14.233+0000] {processor.py:161} INFO - Started process (PID=748) to work on /home/airflow/.local/lib/python3.12/site-packages/airflow/example_dags/example_branch_operator.py
[2026-05-23T00:18:14.235+0000] {processor.py:830} INFO - Processing file /home/airflow/.local/lib/python3.12/site-packages/airflow/example_dags/example_branch_operator.py for tasks to queue
[2026-05-23T00:18:14.237+0000] {logging_mixin.py:188} INFO - [2026-05-23T00:18:14.237+0000] {dagbag.py:545} INFO - Filling up the DagBag from /home/airflow/.local/lib/python3.12/site-packages/airflow/example_dags/example_branch_operator.py
[2026-05-23T00:18:14.257+0000] {processor.py:840} INFO - DAG(s) 'example_branch_operator' retrieved from /home/airflow/.local/lib/python3.12/site-packages/airflow/example_dags/example_branch_operator.py
[2026-05-23T00:18:14.297+0000] {logging_mixin.py:188} INFO - [2026-05-23T00:18:14.296+0000] {dag.py:3096} INFO - Sync 1 DAGs
[2026-05-23T00:18:14.369+0000] {logging_mixin.py:188} INFO - [2026-05-23T00:18:14.369+0000] {dag.py:3954} INFO - Setting next_dagrun for example_branch_operator to 2026-05-22 00:00:00+00:00, run_after=2026-05-23 00:00:00+00:00
[2026-05-23T00:18:14.390+0000] {processor.py:183} INFO - Processing /home/airflow/.local/lib/python3.12/site-packages/airflow/example_dags/example_branch_operator.py took 0.162 seconds
[2026-05-23T00:18:45.130+0000] {processor.py:161} INFO - Started process (PID=807) to work on /home/airflow/.local/lib/python3.12/site-packages/airflow/example_dags/example_branch_operator.py
[2026-05-23T00:18:45.130+0000] {processor.py:830} INFO - Processing file /home/airflow/.local/lib/python3.12/site-packages/airflow/example_dags/example_branch_operator.py for tasks to queue
[2026-05-23T00:18:45.132+0000] {logging_mixin.py:188} INFO - [2026-05-23T00:18:45.132+0000] {dagbag.py:545} INFO - Filling up the DagBag from /home/airflow/.local/lib/python3.12/site-packages/airflow/example_dags/example_branch_operator.py
[2026-05-23T00:18:45.143+0000] {processor.py:840} INFO - DAG(s) 'example_branch_operator' retrieved from /home/airflow/.local/lib/python3.12/site-packages/airflow/example_dags/example_branch_operator.py
[2026-05-23T00:18:45.162+0000] {logging_mixin.py:188} INFO - [2026-05-23T00:18:45.161+0000] {dag.py:3096} INFO - Sync 1 DAGs
[2026-05-23T00:18:45.177+0000] {logging_mixin.py:188} INFO - [2026-05-23T00:18:45.177+0000] {dag.py:3954} INFO - Setting next_dagrun for example_branch_operator to 2026-05-22 00:00:00+00:00, run_after=2026-05-23 00:00:00+00:00
[2026-05-23T00:18:45.191+0000] {processor.py:183} INFO - Processing /home/airflow/.local/lib/python3.12/site-packages/airflow/example_dags/example_branch_operator.py took 0.065 seconds
[2026-05-23T00:19:15.887+0000] {processor.py:161} INFO - Started process (PID=866) to work on /home/airflow/.local/lib/python3.12/site-packages/airflow/example_dags/example_branch_operator.py
[2026-05-23T00:19:15.888+0000] {processor.py:830} INFO - Processing file /home/airflow/.local/lib/python3.12/site-packages/airflow/example_dags/example_branch_operator.py for tasks to queue
[2026-05-23T00:19:15.889+0000] {logging_mixin.py:188} INFO - [2026-05-23T00:19:15.889+0000] {dagbag.py:545} INFO - Filling up the DagBag from /home/airflow/.local/lib/python3.12/site-packages/airflow/example_dags/example_branch_operator.py
[2026-05-23T00:19:15.900+0000] {processor.py:840} INFO - DAG(s) 'example_branch_operator' retrieved from /home/airflow/.local/lib/python3.12/site-packages/airflow/example_dags/example_branch_operator.py
[2026-05-23T00:19:15.921+0000] {logging_mixin.py:188} INFO - [2026-05-23T00:19:15.921+0000] {dag.py:3096} INFO - Sync 1 DAGs
[2026-05-23T00:19:15.938+0000] {logging_mixin.py:188} INFO - [2026-05-23T00:19:15.938+0000] {dag.py:3954} INFO - Setting next_dagrun for example_branch_operator to 2026-05-22 00:00:00+00:00, run_after=2026-05-23 00:00:00+00:00
[2026-05-23T00:19:15.950+0000] {processor.py:183} INFO - Processing /home/airflow/.local/lib/python3.12/site-packages/airflow/example_dags/example_branch_operator.py took 0.067 seconds
[2026-05-23T00:19:47.678+0000] {processor.py:161} INFO - Started process (PID=925) to work on /home/airflow/.local/lib/python3.12/site-packages/airflow/example_dags/example_branch_operator.py
[2026-05-23T00:19:47.682+0000] {processor.py:830} INFO - Processing file /home/airflow/.local/lib/python3.12/site-packages/airflow/example_dags/example_branch_operator.py for tasks to queue
[2026-05-23T00:19:47.684+0000] {logging_mixin.py:188} INFO - [2026-05-23T00:19:47.684+0000] {dagbag.py:545} INFO - Filling up the DagBag from /home/airflow/.local/lib/python3.12/site-packages/airflow/example_dags/example_branch_operator.py
[2026-05-23T00:19:47.710+0000] {processor.py:840} INFO - DAG(s) 'example_branch_operator' retrieved from /home/airflow/.local/lib/python3.12/site-packages/airflow/example_dags/example_branch_operator.py
[2026-05-23T00:19:47.736+0000] {logging_mixin.py:188} INFO - [2026-05-23T00:19:47.736+0000] {dag.py:3096} INFO - Sync 1 DAGs
[2026-05-23T00:19:47.753+0000] {logging_mixin.py:188} INFO - [2026-05-23T00:19:47.753+0000] {dag.py:3954} INFO - Setting next_dagrun for example_branch_operator to 2026-05-22 00:00:00+00:00, run_after=2026-05-23 00:00:00+00:00
[2026-05-23T00:19:47.772+0000] {processor.py:183} INFO - Processing /home/airflow/.local/lib/python3.12/site-packages/airflow/example_dags/example_branch_operator.py took 0.102 seconds
[2026-05-23T00:20:18.176+0000] {processor.py:161} INFO - Started process (PID=984) to work on /home/airflow/.local/lib/python3.12/site-packages/airflow/example_dags/example_branch_operator.py
[2026-05-23T00:20:18.177+0000] {processor.py:830} INFO - Processing file /home/airflow/.local/lib/python3.12/site-packages/airflow/example_dags/example_branch_operator.py for tasks to queue
[2026-05-23T00:20:18.179+0000] {logging_mixin.py:188} INFO - [2026-05-23T00:20:18.178+0000] {dagbag.py:545} INFO - Filling up the DagBag from /home/airflow/.local/lib/python3.12/site-packages/airflow/example_dags/example_branch_operator.py
[2026-05-23T00:20:18.190+0000] {processor.py:840} INFO - DAG(s) 'example_branch_operator' retrieved from /home/airflow/.local/lib/python3.12/site-packages/airflow/example_dags/example_branch_operator.py
[2026-05-23T00:20:18.208+0000] {logging_mixin.py:188} INFO - [2026-05-23T00:20:18.208+0000] {dag.py:3096} INFO - Sync 1 DAGs
[2026-05-23T00:20:18.223+0000] {logging_mixin.py:188} INFO - [2026-05-23T00:20:18.223+0000] {dag.py:3954} INFO - Setting next_dagrun for example_branch_operator to 2026-05-22 00:00:00+00:00, run_after=2026-05-23 00:00:00+00:00
[2026-05-23T00:20:18.235+0000] {processor.py:183} INFO - Processing /home/airflow/.local/lib/python3.12/site-packages/airflow/example_dags/example_branch_operator.py took 0.063 seconds
