[2026-05-23T00:00:29.034+0000] {processor.py:161} INFO - Started process (PID=2339) to work on /home/airflow/.local/lib/python3.12/site-packages/airflow/example_dags/example_subdag_operator.py
[2026-05-23T00:00:29.035+0000] {processor.py:830} INFO - Processing file /home/airflow/.local/lib/python3.12/site-packages/airflow/example_dags/example_subdag_operator.py for tasks to queue
[2026-05-23T00:00:29.036+0000] {logging_mixin.py:188} INFO - [2026-05-23T00:00:29.036+0000] {dagbag.py:545} INFO - Filling up the DagBag from /home/airflow/.local/lib/python3.12/site-packages/airflow/example_dags/example_subdag_operator.py
[2026-05-23T00:00:29.055+0000] {processor.py:840} INFO - DAG(s) 'example_subdag_operator.section-1', 'example_subdag_operator.section-2', 'example_subdag_operator' retrieved from /home/airflow/.local/lib/python3.12/site-packages/airflow/example_dags/example_subdag_operator.py
[2026-05-23T00:00:29.067+0000] {logging_mixin.py:188} INFO - [2026-05-23T00:00:29.067+0000] {dag.py:3096} INFO - Sync 3 DAGs
[2026-05-23T00:00:29.085+0000] {logging_mixin.py:188} INFO - [2026-05-23T00:00:29.084+0000] {dag.py:3954} INFO - Setting next_dagrun for example_subdag_operator to 2022-01-01 00:00:00+00:00, run_after=2022-01-01 00:00:00+00:00
[2026-05-23T00:00:29.087+0000] {logging_mixin.py:188} INFO - [2026-05-23T00:00:29.087+0000] {dag.py:3954} INFO - Setting next_dagrun for example_subdag_operator.section-1 to None, run_after=None
[2026-05-23T00:00:29.088+0000] {logging_mixin.py:188} INFO - [2026-05-23T00:00:29.088+0000] {dag.py:3954} INFO - Setting next_dagrun for example_subdag_operator.section-2 to None, run_after=None
[2026-05-23T00:00:29.094+0000] {logging_mixin.py:188} INFO - [2026-05-23T00:00:29.094+0000] {dag.py:3096} INFO - Sync 2 DAGs
[2026-05-23T00:00:29.102+0000] {logging_mixin.py:188} INFO - [2026-05-23T00:00:29.102+0000] {dag.py:3954} INFO - Setting next_dagrun for example_subdag_operator.section-1 to None, run_after=None
[2026-05-23T00:00:29.103+0000] {logging_mixin.py:188} INFO - [2026-05-23T00:00:29.103+0000] {dag.py:3954} INFO - Setting next_dagrun for example_subdag_operator.section-2 to None, run_after=None
[2026-05-23T00:00:29.110+0000] {processor.py:183} INFO - Processing /home/airflow/.local/lib/python3.12/site-packages/airflow/example_dags/example_subdag_operator.py took 0.082 seconds
[2026-05-23T00:01:00.350+0000] {processor.py:161} INFO - Started process (PID=2396) to work on /home/airflow/.local/lib/python3.12/site-packages/airflow/example_dags/example_subdag_operator.py
[2026-05-23T00:01:00.356+0000] {processor.py:830} INFO - Processing file /home/airflow/.local/lib/python3.12/site-packages/airflow/example_dags/example_subdag_operator.py for tasks to queue
[2026-05-23T00:01:00.366+0000] {logging_mixin.py:188} INFO - [2026-05-23T00:01:00.365+0000] {dagbag.py:545} INFO - Filling up the DagBag from /home/airflow/.local/lib/python3.12/site-packages/airflow/example_dags/example_subdag_operator.py
[2026-05-23T00:01:00.467+0000] {processor.py:840} INFO - DAG(s) 'example_subdag_operator.section-1', 'example_subdag_operator.section-2', 'example_subdag_operator' retrieved from /home/airflow/.local/lib/python3.12/site-packages/airflow/example_dags/example_subdag_operator.py
[2026-05-23T00:01:00.499+0000] {logging_mixin.py:188} INFO - [2026-05-23T00:01:00.499+0000] {dag.py:3096} INFO - Sync 3 DAGs
[2026-05-23T00:01:00.542+0000] {logging_mixin.py:188} INFO - [2026-05-23T00:01:00.541+0000] {dag.py:3954} INFO - Setting next_dagrun for example_subdag_operator to 2022-01-01 00:00:00+00:00, run_after=2022-01-01 00:00:00+00:00
[2026-05-23T00:01:00.558+0000] {logging_mixin.py:188} INFO - [2026-05-23T00:01:00.557+0000] {dag.py:3954} INFO - Setting next_dagrun for example_subdag_operator.section-1 to None, run_after=None
[2026-05-23T00:01:00.561+0000] {logging_mixin.py:188} INFO - [2026-05-23T00:01:00.561+0000] {dag.py:3954} INFO - Setting next_dagrun for example_subdag_operator.section-2 to None, run_after=None
[2026-05-23T00:01:00.572+0000] {logging_mixin.py:188} INFO - [2026-05-23T00:01:00.572+0000] {dag.py:3096} INFO - Sync 2 DAGs
[2026-05-23T00:01:00.583+0000] {logging_mixin.py:188} INFO - [2026-05-23T00:01:00.582+0000] {dag.py:3954} INFO - Setting next_dagrun for example_subdag_operator.section-1 to None, run_after=None
[2026-05-23T00:01:00.588+0000] {logging_mixin.py:188} INFO - [2026-05-23T00:01:00.587+0000] {dag.py:3954} INFO - Setting next_dagrun for example_subdag_operator.section-2 to None, run_after=None
[2026-05-23T00:01:00.635+0000] {processor.py:183} INFO - Processing /home/airflow/.local/lib/python3.12/site-packages/airflow/example_dags/example_subdag_operator.py took 0.311 seconds
