[2026-05-23T00:00:03.514+0000] {processor.py:161} INFO - Started process (PID=2292) to work on /home/airflow/.local/lib/python3.12/site-packages/airflow/example_dags/example_display_name.py
[2026-05-23T00:00:03.515+0000] {processor.py:830} INFO - Processing file /home/airflow/.local/lib/python3.12/site-packages/airflow/example_dags/example_display_name.py for tasks to queue
[2026-05-23T00:00:03.518+0000] {logging_mixin.py:188} INFO - [2026-05-23T00:00:03.518+0000] {dagbag.py:545} INFO - Filling up the DagBag from /home/airflow/.local/lib/python3.12/site-packages/airflow/example_dags/example_display_name.py
[2026-05-23T00:00:03.525+0000] {processor.py:840} INFO - DAG(s) 'example_display_name' retrieved from /home/airflow/.local/lib/python3.12/site-packages/airflow/example_dags/example_display_name.py
[2026-05-23T00:00:03.545+0000] {logging_mixin.py:188} INFO - [2026-05-23T00:00:03.545+0000] {dag.py:3096} INFO - Sync 1 DAGs
[2026-05-23T00:00:03.554+0000] {logging_mixin.py:188} INFO - [2026-05-23T00:00:03.553+0000] {dag.py:3954} INFO - Setting next_dagrun for example_display_name to None, run_after=None
[2026-05-23T00:00:03.570+0000] {processor.py:183} INFO - Processing /home/airflow/.local/lib/python3.12/site-packages/airflow/example_dags/example_display_name.py took 0.064 seconds
[2026-05-23T00:00:33.658+0000] {processor.py:161} INFO - Started process (PID=2351) to work on /home/airflow/.local/lib/python3.12/site-packages/airflow/example_dags/example_display_name.py
[2026-05-23T00:00:33.660+0000] {processor.py:830} INFO - Processing file /home/airflow/.local/lib/python3.12/site-packages/airflow/example_dags/example_display_name.py for tasks to queue
[2026-05-23T00:00:33.665+0000] {logging_mixin.py:188} INFO - [2026-05-23T00:00:33.665+0000] {dagbag.py:545} INFO - Filling up the DagBag from /home/airflow/.local/lib/python3.12/site-packages/airflow/example_dags/example_display_name.py
[2026-05-23T00:00:33.671+0000] {processor.py:840} INFO - DAG(s) 'example_display_name' retrieved from /home/airflow/.local/lib/python3.12/site-packages/airflow/example_dags/example_display_name.py
[2026-05-23T00:00:33.692+0000] {logging_mixin.py:188} INFO - [2026-05-23T00:00:33.692+0000] {dag.py:3096} INFO - Sync 1 DAGs
[2026-05-23T00:00:33.704+0000] {logging_mixin.py:188} INFO - [2026-05-23T00:00:33.704+0000] {dag.py:3954} INFO - Setting next_dagrun for example_display_name to None, run_after=None
[2026-05-23T00:00:33.722+0000] {processor.py:183} INFO - Processing /home/airflow/.local/lib/python3.12/site-packages/airflow/example_dags/example_display_name.py took 0.069 seconds
[2026-05-23T00:01:04.012+0000] {processor.py:161} INFO - Started process (PID=2410) to work on /home/airflow/.local/lib/python3.12/site-packages/airflow/example_dags/example_display_name.py
[2026-05-23T00:01:04.013+0000] {processor.py:830} INFO - Processing file /home/airflow/.local/lib/python3.12/site-packages/airflow/example_dags/example_display_name.py for tasks to queue
[2026-05-23T00:01:04.015+0000] {logging_mixin.py:188} INFO - [2026-05-23T00:01:04.015+0000] {dagbag.py:545} INFO - Filling up the DagBag from /home/airflow/.local/lib/python3.12/site-packages/airflow/example_dags/example_display_name.py
[2026-05-23T00:01:04.022+0000] {processor.py:840} INFO - DAG(s) 'example_display_name' retrieved from /home/airflow/.local/lib/python3.12/site-packages/airflow/example_dags/example_display_name.py
[2026-05-23T00:01:04.042+0000] {logging_mixin.py:188} INFO - [2026-05-23T00:01:04.042+0000] {dag.py:3096} INFO - Sync 1 DAGs
[2026-05-23T00:01:04.053+0000] {logging_mixin.py:188} INFO - [2026-05-23T00:01:04.053+0000] {dag.py:3954} INFO - Setting next_dagrun for example_display_name to None, run_after=None
[2026-05-23T00:01:04.070+0000] {processor.py:183} INFO - Processing /home/airflow/.local/lib/python3.12/site-packages/airflow/example_dags/example_display_name.py took 0.066 seconds
[2026-05-23T00:01:34.206+0000] {processor.py:161} INFO - Started process (PID=2469) to work on /home/airflow/.local/lib/python3.12/site-packages/airflow/example_dags/example_display_name.py
[2026-05-23T00:01:34.206+0000] {processor.py:830} INFO - Processing file /home/airflow/.local/lib/python3.12/site-packages/airflow/example_dags/example_display_name.py for tasks to queue
[2026-05-23T00:01:34.208+0000] {logging_mixin.py:188} INFO - [2026-05-23T00:01:34.207+0000] {dagbag.py:545} INFO - Filling up the DagBag from /home/airflow/.local/lib/python3.12/site-packages/airflow/example_dags/example_display_name.py
[2026-05-23T00:01:34.224+0000] {processor.py:840} INFO - DAG(s) 'example_display_name' retrieved from /home/airflow/.local/lib/python3.12/site-packages/airflow/example_dags/example_display_name.py
[2026-05-23T00:01:34.244+0000] {logging_mixin.py:188} INFO - [2026-05-23T00:01:34.244+0000] {dag.py:3096} INFO - Sync 1 DAGs
[2026-05-23T00:01:34.261+0000] {logging_mixin.py:188} INFO - [2026-05-23T00:01:34.260+0000] {dag.py:3954} INFO - Setting next_dagrun for example_display_name to None, run_after=None
[2026-05-23T00:01:34.278+0000] {processor.py:183} INFO - Processing /home/airflow/.local/lib/python3.12/site-packages/airflow/example_dags/example_display_name.py took 0.079 seconds
[2026-05-23T00:02:04.328+0000] {processor.py:161} INFO - Started process (PID=2528) to work on /home/airflow/.local/lib/python3.12/site-packages/airflow/example_dags/example_display_name.py
[2026-05-23T00:02:04.329+0000] {processor.py:830} INFO - Processing file /home/airflow/.local/lib/python3.12/site-packages/airflow/example_dags/example_display_name.py for tasks to queue
[2026-05-23T00:02:04.331+0000] {logging_mixin.py:188} INFO - [2026-05-23T00:02:04.330+0000] {dagbag.py:545} INFO - Filling up the DagBag from /home/airflow/.local/lib/python3.12/site-packages/airflow/example_dags/example_display_name.py
[2026-05-23T00:02:04.335+0000] {processor.py:840} INFO - DAG(s) 'example_display_name' retrieved from /home/airflow/.local/lib/python3.12/site-packages/airflow/example_dags/example_display_name.py
[2026-05-23T00:02:04.355+0000] {logging_mixin.py:188} INFO - [2026-05-23T00:02:04.355+0000] {dag.py:3096} INFO - Sync 1 DAGs
[2026-05-23T00:02:04.367+0000] {logging_mixin.py:188} INFO - [2026-05-23T00:02:04.367+0000] {dag.py:3954} INFO - Setting next_dagrun for example_display_name to None, run_after=None
[2026-05-23T00:02:04.383+0000] {processor.py:183} INFO - Processing /home/airflow/.local/lib/python3.12/site-packages/airflow/example_dags/example_display_name.py took 0.059 seconds
[2026-05-23T00:02:34.754+0000] {processor.py:161} INFO - Started process (PID=2586) to work on /home/airflow/.local/lib/python3.12/site-packages/airflow/example_dags/example_display_name.py
[2026-05-23T00:02:34.755+0000] {processor.py:830} INFO - Processing file /home/airflow/.local/lib/python3.12/site-packages/airflow/example_dags/example_display_name.py for tasks to queue
[2026-05-23T00:02:34.756+0000] {logging_mixin.py:188} INFO - [2026-05-23T00:02:34.756+0000] {dagbag.py:545} INFO - Filling up the DagBag from /home/airflow/.local/lib/python3.12/site-packages/airflow/example_dags/example_display_name.py
[2026-05-23T00:02:34.761+0000] {processor.py:840} INFO - DAG(s) 'example_display_name' retrieved from /home/airflow/.local/lib/python3.12/site-packages/airflow/example_dags/example_display_name.py
[2026-05-23T00:02:34.775+0000] {logging_mixin.py:188} INFO - [2026-05-23T00:02:34.774+0000] {dag.py:3096} INFO - Sync 1 DAGs
[2026-05-23T00:02:34.784+0000] {logging_mixin.py:188} INFO - [2026-05-23T00:02:34.784+0000] {dag.py:3954} INFO - Setting next_dagrun for example_display_name to None, run_after=None
[2026-05-23T00:02:34.796+0000] {processor.py:183} INFO - Processing /home/airflow/.local/lib/python3.12/site-packages/airflow/example_dags/example_display_name.py took 0.047 seconds
[2026-05-23T00:03:05.538+0000] {processor.py:161} INFO - Started process (PID=2644) to work on /home/airflow/.local/lib/python3.12/site-packages/airflow/example_dags/example_display_name.py
[2026-05-23T00:03:05.543+0000] {processor.py:830} INFO - Processing file /home/airflow/.local/lib/python3.12/site-packages/airflow/example_dags/example_display_name.py for tasks to queue
[2026-05-23T00:03:05.545+0000] {logging_mixin.py:188} INFO - [2026-05-23T00:03:05.545+0000] {dagbag.py:545} INFO - Filling up the DagBag from /home/airflow/.local/lib/python3.12/site-packages/airflow/example_dags/example_display_name.py
[2026-05-23T00:03:05.550+0000] {processor.py:840} INFO - DAG(s) 'example_display_name' retrieved from /home/airflow/.local/lib/python3.12/site-packages/airflow/example_dags/example_display_name.py
[2026-05-23T00:03:05.569+0000] {logging_mixin.py:188} INFO - [2026-05-23T00:03:05.569+0000] {dag.py:3096} INFO - Sync 1 DAGs
[2026-05-23T00:03:05.580+0000] {logging_mixin.py:188} INFO - [2026-05-23T00:03:05.580+0000] {dag.py:3954} INFO - Setting next_dagrun for example_display_name to None, run_after=None
[2026-05-23T00:03:05.596+0000] {processor.py:183} INFO - Processing /home/airflow/.local/lib/python3.12/site-packages/airflow/example_dags/example_display_name.py took 0.063 seconds
[2026-05-23T00:03:36.423+0000] {processor.py:161} INFO - Started process (PID=2703) to work on /home/airflow/.local/lib/python3.12/site-packages/airflow/example_dags/example_display_name.py
[2026-05-23T00:03:36.424+0000] {processor.py:830} INFO - Processing file /home/airflow/.local/lib/python3.12/site-packages/airflow/example_dags/example_display_name.py for tasks to queue
[2026-05-23T00:03:36.427+0000] {logging_mixin.py:188} INFO - [2026-05-23T00:03:36.427+0000] {dagbag.py:545} INFO - Filling up the DagBag from /home/airflow/.local/lib/python3.12/site-packages/airflow/example_dags/example_display_name.py
[2026-05-23T00:03:36.431+0000] {processor.py:840} INFO - DAG(s) 'example_display_name' retrieved from /home/airflow/.local/lib/python3.12/site-packages/airflow/example_dags/example_display_name.py
[2026-05-23T00:03:36.444+0000] {logging_mixin.py:188} INFO - [2026-05-23T00:03:36.444+0000] {dag.py:3096} INFO - Sync 1 DAGs
[2026-05-23T00:03:36.453+0000] {logging_mixin.py:188} INFO - [2026-05-23T00:03:36.453+0000] {dag.py:3954} INFO - Setting next_dagrun for example_display_name to None, run_after=None
[2026-05-23T00:03:36.468+0000] {processor.py:183} INFO - Processing /home/airflow/.local/lib/python3.12/site-packages/airflow/example_dags/example_display_name.py took 0.049 seconds
[2026-05-23T00:04:06.663+0000] {processor.py:161} INFO - Started process (PID=2762) to work on /home/airflow/.local/lib/python3.12/site-packages/airflow/example_dags/example_display_name.py
[2026-05-23T00:04:06.664+0000] {processor.py:830} INFO - Processing file /home/airflow/.local/lib/python3.12/site-packages/airflow/example_dags/example_display_name.py for tasks to queue
[2026-05-23T00:04:06.665+0000] {logging_mixin.py:188} INFO - [2026-05-23T00:04:06.665+0000] {dagbag.py:545} INFO - Filling up the DagBag from /home/airflow/.local/lib/python3.12/site-packages/airflow/example_dags/example_display_name.py
[2026-05-23T00:04:06.670+0000] {processor.py:840} INFO - DAG(s) 'example_display_name' retrieved from /home/airflow/.local/lib/python3.12/site-packages/airflow/example_dags/example_display_name.py
[2026-05-23T00:04:06.692+0000] {logging_mixin.py:188} INFO - [2026-05-23T00:04:06.692+0000] {dag.py:3096} INFO - Sync 1 DAGs
[2026-05-23T00:04:06.704+0000] {logging_mixin.py:188} INFO - [2026-05-23T00:04:06.704+0000] {dag.py:3954} INFO - Setting next_dagrun for example_display_name to None, run_after=None
[2026-05-23T00:04:06.720+0000] {processor.py:183} INFO - Processing /home/airflow/.local/lib/python3.12/site-packages/airflow/example_dags/example_display_name.py took 0.061 seconds
[2026-05-23T00:04:37.391+0000] {processor.py:161} INFO - Started process (PID=2821) to work on /home/airflow/.local/lib/python3.12/site-packages/airflow/example_dags/example_display_name.py
[2026-05-23T00:04:37.392+0000] {processor.py:830} INFO - Processing file /home/airflow/.local/lib/python3.12/site-packages/airflow/example_dags/example_display_name.py for tasks to queue
[2026-05-23T00:04:37.393+0000] {logging_mixin.py:188} INFO - [2026-05-23T00:04:37.393+0000] {dagbag.py:545} INFO - Filling up the DagBag from /home/airflow/.local/lib/python3.12/site-packages/airflow/example_dags/example_display_name.py
[2026-05-23T00:04:37.399+0000] {processor.py:840} INFO - DAG(s) 'example_display_name' retrieved from /home/airflow/.local/lib/python3.12/site-packages/airflow/example_dags/example_display_name.py
[2026-05-23T00:04:37.420+0000] {logging_mixin.py:188} INFO - [2026-05-23T00:04:37.420+0000] {dag.py:3096} INFO - Sync 1 DAGs
[2026-05-23T00:04:37.430+0000] {logging_mixin.py:188} INFO - [2026-05-23T00:04:37.430+0000] {dag.py:3954} INFO - Setting next_dagrun for example_display_name to None, run_after=None
[2026-05-23T00:04:37.442+0000] {processor.py:183} INFO - Processing /home/airflow/.local/lib/python3.12/site-packages/airflow/example_dags/example_display_name.py took 0.056 seconds
[2026-05-23T00:05:08.089+0000] {processor.py:161} INFO - Started process (PID=2880) to work on /home/airflow/.local/lib/python3.12/site-packages/airflow/example_dags/example_display_name.py
[2026-05-23T00:05:08.089+0000] {processor.py:830} INFO - Processing file /home/airflow/.local/lib/python3.12/site-packages/airflow/example_dags/example_display_name.py for tasks to queue
[2026-05-23T00:05:08.091+0000] {logging_mixin.py:188} INFO - [2026-05-23T00:05:08.090+0000] {dagbag.py:545} INFO - Filling up the DagBag from /home/airflow/.local/lib/python3.12/site-packages/airflow/example_dags/example_display_name.py
[2026-05-23T00:05:08.095+0000] {processor.py:840} INFO - DAG(s) 'example_display_name' retrieved from /home/airflow/.local/lib/python3.12/site-packages/airflow/example_dags/example_display_name.py
[2026-05-23T00:05:08.112+0000] {logging_mixin.py:188} INFO - [2026-05-23T00:05:08.111+0000] {dag.py:3096} INFO - Sync 1 DAGs
[2026-05-23T00:05:08.120+0000] {logging_mixin.py:188} INFO - [2026-05-23T00:05:08.119+0000] {dag.py:3954} INFO - Setting next_dagrun for example_display_name to None, run_after=None
[2026-05-23T00:05:08.131+0000] {processor.py:183} INFO - Processing /home/airflow/.local/lib/python3.12/site-packages/airflow/example_dags/example_display_name.py took 0.046 seconds
[2026-05-23T00:05:38.753+0000] {processor.py:161} INFO - Started process (PID=2939) to work on /home/airflow/.local/lib/python3.12/site-packages/airflow/example_dags/example_display_name.py
[2026-05-23T00:05:38.754+0000] {processor.py:830} INFO - Processing file /home/airflow/.local/lib/python3.12/site-packages/airflow/example_dags/example_display_name.py for tasks to queue
[2026-05-23T00:05:38.756+0000] {logging_mixin.py:188} INFO - [2026-05-23T00:05:38.756+0000] {dagbag.py:545} INFO - Filling up the DagBag from /home/airflow/.local/lib/python3.12/site-packages/airflow/example_dags/example_display_name.py
[2026-05-23T00:05:38.761+0000] {processor.py:840} INFO - DAG(s) 'example_display_name' retrieved from /home/airflow/.local/lib/python3.12/site-packages/airflow/example_dags/example_display_name.py
[2026-05-23T00:05:38.774+0000] {logging_mixin.py:188} INFO - [2026-05-23T00:05:38.774+0000] {dag.py:3096} INFO - Sync 1 DAGs
[2026-05-23T00:05:38.784+0000] {logging_mixin.py:188} INFO - [2026-05-23T00:05:38.784+0000] {dag.py:3954} INFO - Setting next_dagrun for example_display_name to None, run_after=None
[2026-05-23T00:05:38.802+0000] {processor.py:183} INFO - Processing /home/airflow/.local/lib/python3.12/site-packages/airflow/example_dags/example_display_name.py took 0.052 seconds
[2026-05-23T00:06:09.383+0000] {processor.py:161} INFO - Started process (PID=2998) to work on /home/airflow/.local/lib/python3.12/site-packages/airflow/example_dags/example_display_name.py
[2026-05-23T00:06:09.384+0000] {processor.py:830} INFO - Processing file /home/airflow/.local/lib/python3.12/site-packages/airflow/example_dags/example_display_name.py for tasks to queue
[2026-05-23T00:06:09.387+0000] {logging_mixin.py:188} INFO - [2026-05-23T00:06:09.387+0000] {dagbag.py:545} INFO - Filling up the DagBag from /home/airflow/.local/lib/python3.12/site-packages/airflow/example_dags/example_display_name.py
[2026-05-23T00:06:09.391+0000] {processor.py:840} INFO - DAG(s) 'example_display_name' retrieved from /home/airflow/.local/lib/python3.12/site-packages/airflow/example_dags/example_display_name.py
[2026-05-23T00:06:09.407+0000] {logging_mixin.py:188} INFO - [2026-05-23T00:06:09.407+0000] {dag.py:3096} INFO - Sync 1 DAGs
[2026-05-23T00:06:09.416+0000] {logging_mixin.py:188} INFO - [2026-05-23T00:06:09.416+0000] {dag.py:3954} INFO - Setting next_dagrun for example_display_name to None, run_after=None
[2026-05-23T00:06:09.430+0000] {processor.py:183} INFO - Processing /home/airflow/.local/lib/python3.12/site-packages/airflow/example_dags/example_display_name.py took 0.051 seconds
[2026-05-23T00:06:40.156+0000] {processor.py:161} INFO - Started process (PID=3063) to work on /home/airflow/.local/lib/python3.12/site-packages/airflow/example_dags/example_display_name.py
[2026-05-23T00:06:40.156+0000] {processor.py:830} INFO - Processing file /home/airflow/.local/lib/python3.12/site-packages/airflow/example_dags/example_display_name.py for tasks to queue
[2026-05-23T00:06:40.158+0000] {logging_mixin.py:188} INFO - [2026-05-23T00:06:40.158+0000] {dagbag.py:545} INFO - Filling up the DagBag from /home/airflow/.local/lib/python3.12/site-packages/airflow/example_dags/example_display_name.py
[2026-05-23T00:06:40.162+0000] {processor.py:840} INFO - DAG(s) 'example_display_name' retrieved from /home/airflow/.local/lib/python3.12/site-packages/airflow/example_dags/example_display_name.py
[2026-05-23T00:06:40.180+0000] {logging_mixin.py:188} INFO - [2026-05-23T00:06:40.180+0000] {dag.py:3096} INFO - Sync 1 DAGs
[2026-05-23T00:06:40.189+0000] {logging_mixin.py:188} INFO - [2026-05-23T00:06:40.189+0000] {dag.py:3954} INFO - Setting next_dagrun for example_display_name to None, run_after=None
[2026-05-23T00:06:40.208+0000] {processor.py:183} INFO - Processing /home/airflow/.local/lib/python3.12/site-packages/airflow/example_dags/example_display_name.py took 0.057 seconds
[2026-05-23T00:07:10.760+0000] {processor.py:161} INFO - Started process (PID=3122) to work on /home/airflow/.local/lib/python3.12/site-packages/airflow/example_dags/example_display_name.py
[2026-05-23T00:07:10.762+0000] {processor.py:830} INFO - Processing file /home/airflow/.local/lib/python3.12/site-packages/airflow/example_dags/example_display_name.py for tasks to queue
[2026-05-23T00:07:10.764+0000] {logging_mixin.py:188} INFO - [2026-05-23T00:07:10.764+0000] {dagbag.py:545} INFO - Filling up the DagBag from /home/airflow/.local/lib/python3.12/site-packages/airflow/example_dags/example_display_name.py
[2026-05-23T00:07:10.769+0000] {processor.py:840} INFO - DAG(s) 'example_display_name' retrieved from /home/airflow/.local/lib/python3.12/site-packages/airflow/example_dags/example_display_name.py
[2026-05-23T00:07:10.785+0000] {logging_mixin.py:188} INFO - [2026-05-23T00:07:10.785+0000] {dag.py:3096} INFO - Sync 1 DAGs
[2026-05-23T00:07:10.793+0000] {logging_mixin.py:188} INFO - [2026-05-23T00:07:10.793+0000] {dag.py:3954} INFO - Setting next_dagrun for example_display_name to None, run_after=None
[2026-05-23T00:07:10.808+0000] {processor.py:183} INFO - Processing /home/airflow/.local/lib/python3.12/site-packages/airflow/example_dags/example_display_name.py took 0.052 seconds
[2026-05-23T00:07:41.016+0000] {processor.py:161} INFO - Started process (PID=3181) to work on /home/airflow/.local/lib/python3.12/site-packages/airflow/example_dags/example_display_name.py
[2026-05-23T00:07:41.018+0000] {processor.py:830} INFO - Processing file /home/airflow/.local/lib/python3.12/site-packages/airflow/example_dags/example_display_name.py for tasks to queue
[2026-05-23T00:07:41.019+0000] {logging_mixin.py:188} INFO - [2026-05-23T00:07:41.019+0000] {dagbag.py:545} INFO - Filling up the DagBag from /home/airflow/.local/lib/python3.12/site-packages/airflow/example_dags/example_display_name.py
[2026-05-23T00:07:41.025+0000] {processor.py:840} INFO - DAG(s) 'example_display_name' retrieved from /home/airflow/.local/lib/python3.12/site-packages/airflow/example_dags/example_display_name.py
[2026-05-23T00:07:41.041+0000] {logging_mixin.py:188} INFO - [2026-05-23T00:07:41.040+0000] {dag.py:3096} INFO - Sync 1 DAGs
[2026-05-23T00:07:41.049+0000] {logging_mixin.py:188} INFO - [2026-05-23T00:07:41.049+0000] {dag.py:3954} INFO - Setting next_dagrun for example_display_name to None, run_after=None
[2026-05-23T00:07:41.065+0000] {processor.py:183} INFO - Processing /home/airflow/.local/lib/python3.12/site-packages/airflow/example_dags/example_display_name.py took 0.053 seconds
[2026-05-23T00:08:12.018+0000] {processor.py:161} INFO - Started process (PID=3240) to work on /home/airflow/.local/lib/python3.12/site-packages/airflow/example_dags/example_display_name.py
[2026-05-23T00:08:12.018+0000] {processor.py:830} INFO - Processing file /home/airflow/.local/lib/python3.12/site-packages/airflow/example_dags/example_display_name.py for tasks to queue
[2026-05-23T00:08:12.020+0000] {logging_mixin.py:188} INFO - [2026-05-23T00:08:12.019+0000] {dagbag.py:545} INFO - Filling up the DagBag from /home/airflow/.local/lib/python3.12/site-packages/airflow/example_dags/example_display_name.py
[2026-05-23T00:08:12.024+0000] {processor.py:840} INFO - DAG(s) 'example_display_name' retrieved from /home/airflow/.local/lib/python3.12/site-packages/airflow/example_dags/example_display_name.py
[2026-05-23T00:08:12.037+0000] {logging_mixin.py:188} INFO - [2026-05-23T00:08:12.037+0000] {dag.py:3096} INFO - Sync 1 DAGs
[2026-05-23T00:08:12.045+0000] {logging_mixin.py:188} INFO - [2026-05-23T00:08:12.045+0000] {dag.py:3954} INFO - Setting next_dagrun for example_display_name to None, run_after=None
[2026-05-23T00:08:12.067+0000] {processor.py:183} INFO - Processing /home/airflow/.local/lib/python3.12/site-packages/airflow/example_dags/example_display_name.py took 0.054 seconds
[2026-05-23T00:08:42.680+0000] {processor.py:161} INFO - Started process (PID=3299) to work on /home/airflow/.local/lib/python3.12/site-packages/airflow/example_dags/example_display_name.py
[2026-05-23T00:08:42.682+0000] {processor.py:830} INFO - Processing file /home/airflow/.local/lib/python3.12/site-packages/airflow/example_dags/example_display_name.py for tasks to queue
[2026-05-23T00:08:42.683+0000] {logging_mixin.py:188} INFO - [2026-05-23T00:08:42.683+0000] {dagbag.py:545} INFO - Filling up the DagBag from /home/airflow/.local/lib/python3.12/site-packages/airflow/example_dags/example_display_name.py
[2026-05-23T00:08:42.687+0000] {processor.py:840} INFO - DAG(s) 'example_display_name' retrieved from /home/airflow/.local/lib/python3.12/site-packages/airflow/example_dags/example_display_name.py
[2026-05-23T00:08:42.703+0000] {logging_mixin.py:188} INFO - [2026-05-23T00:08:42.703+0000] {dag.py:3096} INFO - Sync 1 DAGs
[2026-05-23T00:08:42.712+0000] {logging_mixin.py:188} INFO - [2026-05-23T00:08:42.712+0000] {dag.py:3954} INFO - Setting next_dagrun for example_display_name to None, run_after=None
[2026-05-23T00:08:42.725+0000] {processor.py:183} INFO - Processing /home/airflow/.local/lib/python3.12/site-packages/airflow/example_dags/example_display_name.py took 0.049 seconds
[2026-05-23T00:09:12.944+0000] {processor.py:161} INFO - Started process (PID=3358) to work on /home/airflow/.local/lib/python3.12/site-packages/airflow/example_dags/example_display_name.py
[2026-05-23T00:09:12.946+0000] {processor.py:830} INFO - Processing file /home/airflow/.local/lib/python3.12/site-packages/airflow/example_dags/example_display_name.py for tasks to queue
[2026-05-23T00:09:12.947+0000] {logging_mixin.py:188} INFO - [2026-05-23T00:09:12.947+0000] {dagbag.py:545} INFO - Filling up the DagBag from /home/airflow/.local/lib/python3.12/site-packages/airflow/example_dags/example_display_name.py
[2026-05-23T00:09:12.951+0000] {processor.py:840} INFO - DAG(s) 'example_display_name' retrieved from /home/airflow/.local/lib/python3.12/site-packages/airflow/example_dags/example_display_name.py
[2026-05-23T00:09:12.965+0000] {logging_mixin.py:188} INFO - [2026-05-23T00:09:12.965+0000] {dag.py:3096} INFO - Sync 1 DAGs
[2026-05-23T00:09:12.973+0000] {logging_mixin.py:188} INFO - [2026-05-23T00:09:12.973+0000] {dag.py:3954} INFO - Setting next_dagrun for example_display_name to None, run_after=None
[2026-05-23T00:09:12.991+0000] {processor.py:183} INFO - Processing /home/airflow/.local/lib/python3.12/site-packages/airflow/example_dags/example_display_name.py took 0.051 seconds
[2026-05-23T00:09:44.465+0000] {processor.py:161} INFO - Started process (PID=3417) to work on /home/airflow/.local/lib/python3.12/site-packages/airflow/example_dags/example_display_name.py
[2026-05-23T00:09:44.468+0000] {processor.py:830} INFO - Processing file /home/airflow/.local/lib/python3.12/site-packages/airflow/example_dags/example_display_name.py for tasks to queue
[2026-05-23T00:09:44.469+0000] {logging_mixin.py:188} INFO - [2026-05-23T00:09:44.469+0000] {dagbag.py:545} INFO - Filling up the DagBag from /home/airflow/.local/lib/python3.12/site-packages/airflow/example_dags/example_display_name.py
[2026-05-23T00:09:44.474+0000] {processor.py:840} INFO - DAG(s) 'example_display_name' retrieved from /home/airflow/.local/lib/python3.12/site-packages/airflow/example_dags/example_display_name.py
[2026-05-23T00:09:44.489+0000] {logging_mixin.py:188} INFO - [2026-05-23T00:09:44.489+0000] {dag.py:3096} INFO - Sync 1 DAGs
[2026-05-23T00:09:44.500+0000] {logging_mixin.py:188} INFO - [2026-05-23T00:09:44.500+0000] {dag.py:3954} INFO - Setting next_dagrun for example_display_name to None, run_after=None
[2026-05-23T00:09:44.514+0000] {processor.py:183} INFO - Processing /home/airflow/.local/lib/python3.12/site-packages/airflow/example_dags/example_display_name.py took 0.053 seconds
[2026-05-23T00:12:37.507+0000] {processor.py:161} INFO - Started process (PID=103) to work on /home/airflow/.local/lib/python3.12/site-packages/airflow/example_dags/example_display_name.py
[2026-05-23T00:12:37.508+0000] {processor.py:830} INFO - Processing file /home/airflow/.local/lib/python3.12/site-packages/airflow/example_dags/example_display_name.py for tasks to queue
[2026-05-23T00:12:37.509+0000] {logging_mixin.py:188} INFO - [2026-05-23T00:12:37.509+0000] {dagbag.py:545} INFO - Filling up the DagBag from /home/airflow/.local/lib/python3.12/site-packages/airflow/example_dags/example_display_name.py
[2026-05-23T00:12:37.513+0000] {processor.py:840} INFO - DAG(s) 'example_display_name' retrieved from /home/airflow/.local/lib/python3.12/site-packages/airflow/example_dags/example_display_name.py
[2026-05-23T00:12:37.599+0000] {logging_mixin.py:188} INFO - [2026-05-23T00:12:37.599+0000] {dag.py:3096} INFO - Sync 1 DAGs
[2026-05-23T00:12:37.611+0000] {logging_mixin.py:188} INFO - [2026-05-23T00:12:37.611+0000] {dag.py:3954} INFO - Setting next_dagrun for example_display_name to None, run_after=None
[2026-05-23T00:12:37.639+0000] {processor.py:183} INFO - Processing /home/airflow/.local/lib/python3.12/site-packages/airflow/example_dags/example_display_name.py took 0.136 seconds
[2026-05-23T00:13:07.910+0000] {processor.py:161} INFO - Started process (PID=162) to work on /home/airflow/.local/lib/python3.12/site-packages/airflow/example_dags/example_display_name.py
[2026-05-23T00:13:07.911+0000] {processor.py:830} INFO - Processing file /home/airflow/.local/lib/python3.12/site-packages/airflow/example_dags/example_display_name.py for tasks to queue
[2026-05-23T00:13:07.912+0000] {logging_mixin.py:188} INFO - [2026-05-23T00:13:07.912+0000] {dagbag.py:545} INFO - Filling up the DagBag from /home/airflow/.local/lib/python3.12/site-packages/airflow/example_dags/example_display_name.py
[2026-05-23T00:13:07.916+0000] {processor.py:840} INFO - DAG(s) 'example_display_name' retrieved from /home/airflow/.local/lib/python3.12/site-packages/airflow/example_dags/example_display_name.py
[2026-05-23T00:13:07.929+0000] {logging_mixin.py:188} INFO - [2026-05-23T00:13:07.928+0000] {dag.py:3096} INFO - Sync 1 DAGs
[2026-05-23T00:13:07.938+0000] {logging_mixin.py:188} INFO - [2026-05-23T00:13:07.938+0000] {dag.py:3954} INFO - Setting next_dagrun for example_display_name to None, run_after=None
[2026-05-23T00:13:07.953+0000] {processor.py:183} INFO - Processing /home/airflow/.local/lib/python3.12/site-packages/airflow/example_dags/example_display_name.py took 0.049 seconds
[2026-05-23T00:13:38.404+0000] {processor.py:161} INFO - Started process (PID=221) to work on /home/airflow/.local/lib/python3.12/site-packages/airflow/example_dags/example_display_name.py
[2026-05-23T00:13:38.405+0000] {processor.py:830} INFO - Processing file /home/airflow/.local/lib/python3.12/site-packages/airflow/example_dags/example_display_name.py for tasks to queue
[2026-05-23T00:13:38.406+0000] {logging_mixin.py:188} INFO - [2026-05-23T00:13:38.406+0000] {dagbag.py:545} INFO - Filling up the DagBag from /home/airflow/.local/lib/python3.12/site-packages/airflow/example_dags/example_display_name.py
[2026-05-23T00:13:38.411+0000] {processor.py:840} INFO - DAG(s) 'example_display_name' retrieved from /home/airflow/.local/lib/python3.12/site-packages/airflow/example_dags/example_display_name.py
[2026-05-23T00:13:38.424+0000] {logging_mixin.py:188} INFO - [2026-05-23T00:13:38.424+0000] {dag.py:3096} INFO - Sync 1 DAGs
[2026-05-23T00:13:38.434+0000] {logging_mixin.py:188} INFO - [2026-05-23T00:13:38.434+0000] {dag.py:3954} INFO - Setting next_dagrun for example_display_name to None, run_after=None
[2026-05-23T00:13:38.445+0000] {processor.py:183} INFO - Processing /home/airflow/.local/lib/python3.12/site-packages/airflow/example_dags/example_display_name.py took 0.044 seconds
[2026-05-23T00:14:08.893+0000] {processor.py:161} INFO - Started process (PID=280) to work on /home/airflow/.local/lib/python3.12/site-packages/airflow/example_dags/example_display_name.py
[2026-05-23T00:14:08.898+0000] {processor.py:830} INFO - Processing file /home/airflow/.local/lib/python3.12/site-packages/airflow/example_dags/example_display_name.py for tasks to queue
[2026-05-23T00:14:08.902+0000] {logging_mixin.py:188} INFO - [2026-05-23T00:14:08.902+0000] {dagbag.py:545} INFO - Filling up the DagBag from /home/airflow/.local/lib/python3.12/site-packages/airflow/example_dags/example_display_name.py
[2026-05-23T00:14:08.906+0000] {processor.py:840} INFO - DAG(s) 'example_display_name' retrieved from /home/airflow/.local/lib/python3.12/site-packages/airflow/example_dags/example_display_name.py
[2026-05-23T00:14:08.925+0000] {logging_mixin.py:188} INFO - [2026-05-23T00:14:08.925+0000] {dag.py:3096} INFO - Sync 1 DAGs
[2026-05-23T00:14:08.936+0000] {logging_mixin.py:188} INFO - [2026-05-23T00:14:08.936+0000] {dag.py:3954} INFO - Setting next_dagrun for example_display_name to None, run_after=None
[2026-05-23T00:14:08.949+0000] {processor.py:183} INFO - Processing /home/airflow/.local/lib/python3.12/site-packages/airflow/example_dags/example_display_name.py took 0.060 seconds
[2026-05-23T00:14:39.793+0000] {processor.py:161} INFO - Started process (PID=339) to work on /home/airflow/.local/lib/python3.12/site-packages/airflow/example_dags/example_display_name.py
[2026-05-23T00:14:39.795+0000] {processor.py:830} INFO - Processing file /home/airflow/.local/lib/python3.12/site-packages/airflow/example_dags/example_display_name.py for tasks to queue
[2026-05-23T00:14:39.798+0000] {logging_mixin.py:188} INFO - [2026-05-23T00:14:39.797+0000] {dagbag.py:545} INFO - Filling up the DagBag from /home/airflow/.local/lib/python3.12/site-packages/airflow/example_dags/example_display_name.py
[2026-05-23T00:14:39.802+0000] {processor.py:840} INFO - DAG(s) 'example_display_name' retrieved from /home/airflow/.local/lib/python3.12/site-packages/airflow/example_dags/example_display_name.py
[2026-05-23T00:14:39.815+0000] {logging_mixin.py:188} INFO - [2026-05-23T00:14:39.815+0000] {dag.py:3096} INFO - Sync 1 DAGs
[2026-05-23T00:14:39.824+0000] {logging_mixin.py:188} INFO - [2026-05-23T00:14:39.824+0000] {dag.py:3954} INFO - Setting next_dagrun for example_display_name to None, run_after=None
[2026-05-23T00:14:39.841+0000] {processor.py:183} INFO - Processing /home/airflow/.local/lib/python3.12/site-packages/airflow/example_dags/example_display_name.py took 0.053 seconds
[2026-05-23T00:15:10.168+0000] {processor.py:161} INFO - Started process (PID=398) to work on /home/airflow/.local/lib/python3.12/site-packages/airflow/example_dags/example_display_name.py
[2026-05-23T00:15:10.172+0000] {processor.py:830} INFO - Processing file /home/airflow/.local/lib/python3.12/site-packages/airflow/example_dags/example_display_name.py for tasks to queue
[2026-05-23T00:15:10.173+0000] {logging_mixin.py:188} INFO - [2026-05-23T00:15:10.173+0000] {dagbag.py:545} INFO - Filling up the DagBag from /home/airflow/.local/lib/python3.12/site-packages/airflow/example_dags/example_display_name.py
[2026-05-23T00:15:10.178+0000] {processor.py:840} INFO - DAG(s) 'example_display_name' retrieved from /home/airflow/.local/lib/python3.12/site-packages/airflow/example_dags/example_display_name.py
[2026-05-23T00:15:10.191+0000] {logging_mixin.py:188} INFO - [2026-05-23T00:15:10.191+0000] {dag.py:3096} INFO - Sync 1 DAGs
[2026-05-23T00:15:10.203+0000] {logging_mixin.py:188} INFO - [2026-05-23T00:15:10.203+0000] {dag.py:3954} INFO - Setting next_dagrun for example_display_name to None, run_after=None
[2026-05-23T00:15:10.215+0000] {processor.py:183} INFO - Processing /home/airflow/.local/lib/python3.12/site-packages/airflow/example_dags/example_display_name.py took 0.052 seconds
[2026-05-23T00:15:40.668+0000] {processor.py:161} INFO - Started process (PID=457) to work on /home/airflow/.local/lib/python3.12/site-packages/airflow/example_dags/example_display_name.py
[2026-05-23T00:15:40.669+0000] {processor.py:830} INFO - Processing file /home/airflow/.local/lib/python3.12/site-packages/airflow/example_dags/example_display_name.py for tasks to queue
[2026-05-23T00:15:40.671+0000] {logging_mixin.py:188} INFO - [2026-05-23T00:15:40.671+0000] {dagbag.py:545} INFO - Filling up the DagBag from /home/airflow/.local/lib/python3.12/site-packages/airflow/example_dags/example_display_name.py
[2026-05-23T00:15:40.675+0000] {processor.py:840} INFO - DAG(s) 'example_display_name' retrieved from /home/airflow/.local/lib/python3.12/site-packages/airflow/example_dags/example_display_name.py
[2026-05-23T00:15:40.692+0000] {logging_mixin.py:188} INFO - [2026-05-23T00:15:40.692+0000] {dag.py:3096} INFO - Sync 1 DAGs
[2026-05-23T00:15:40.700+0000] {logging_mixin.py:188} INFO - [2026-05-23T00:15:40.700+0000] {dag.py:3954} INFO - Setting next_dagrun for example_display_name to None, run_after=None
[2026-05-23T00:15:40.719+0000] {processor.py:183} INFO - Processing /home/airflow/.local/lib/python3.12/site-packages/airflow/example_dags/example_display_name.py took 0.056 seconds
[2026-05-23T00:16:11.341+0000] {processor.py:161} INFO - Started process (PID=516) to work on /home/airflow/.local/lib/python3.12/site-packages/airflow/example_dags/example_display_name.py
[2026-05-23T00:16:11.341+0000] {processor.py:830} INFO - Processing file /home/airflow/.local/lib/python3.12/site-packages/airflow/example_dags/example_display_name.py for tasks to queue
[2026-05-23T00:16:11.344+0000] {logging_mixin.py:188} INFO - [2026-05-23T00:16:11.344+0000] {dagbag.py:545} INFO - Filling up the DagBag from /home/airflow/.local/lib/python3.12/site-packages/airflow/example_dags/example_display_name.py
[2026-05-23T00:16:11.349+0000] {processor.py:840} INFO - DAG(s) 'example_display_name' retrieved from /home/airflow/.local/lib/python3.12/site-packages/airflow/example_dags/example_display_name.py
[2026-05-23T00:16:11.365+0000] {logging_mixin.py:188} INFO - [2026-05-23T00:16:11.365+0000] {dag.py:3096} INFO - Sync 1 DAGs
[2026-05-23T00:16:11.375+0000] {logging_mixin.py:188} INFO - [2026-05-23T00:16:11.375+0000] {dag.py:3954} INFO - Setting next_dagrun for example_display_name to None, run_after=None
[2026-05-23T00:16:11.389+0000] {processor.py:183} INFO - Processing /home/airflow/.local/lib/python3.12/site-packages/airflow/example_dags/example_display_name.py took 0.052 seconds
[2026-05-23T00:16:42.151+0000] {processor.py:161} INFO - Started process (PID=575) to work on /home/airflow/.local/lib/python3.12/site-packages/airflow/example_dags/example_display_name.py
[2026-05-23T00:16:42.152+0000] {processor.py:830} INFO - Processing file /home/airflow/.local/lib/python3.12/site-packages/airflow/example_dags/example_display_name.py for tasks to queue
[2026-05-23T00:16:42.153+0000] {logging_mixin.py:188} INFO - [2026-05-23T00:16:42.153+0000] {dagbag.py:545} INFO - Filling up the DagBag from /home/airflow/.local/lib/python3.12/site-packages/airflow/example_dags/example_display_name.py
[2026-05-23T00:16:42.158+0000] {processor.py:840} INFO - DAG(s) 'example_display_name' retrieved from /home/airflow/.local/lib/python3.12/site-packages/airflow/example_dags/example_display_name.py
[2026-05-23T00:16:42.174+0000] {logging_mixin.py:188} INFO - [2026-05-23T00:16:42.173+0000] {dag.py:3096} INFO - Sync 1 DAGs
[2026-05-23T00:16:42.187+0000] {logging_mixin.py:188} INFO - [2026-05-23T00:16:42.187+0000] {dag.py:3954} INFO - Setting next_dagrun for example_display_name to None, run_after=None
[2026-05-23T00:16:42.203+0000] {processor.py:183} INFO - Processing /home/airflow/.local/lib/python3.12/site-packages/airflow/example_dags/example_display_name.py took 0.056 seconds
[2026-05-23T00:17:13.347+0000] {processor.py:161} INFO - Started process (PID=634) to work on /home/airflow/.local/lib/python3.12/site-packages/airflow/example_dags/example_display_name.py
[2026-05-23T00:17:13.348+0000] {processor.py:830} INFO - Processing file /home/airflow/.local/lib/python3.12/site-packages/airflow/example_dags/example_display_name.py for tasks to queue
[2026-05-23T00:17:13.349+0000] {logging_mixin.py:188} INFO - [2026-05-23T00:17:13.349+0000] {dagbag.py:545} INFO - Filling up the DagBag from /home/airflow/.local/lib/python3.12/site-packages/airflow/example_dags/example_display_name.py
[2026-05-23T00:17:13.353+0000] {processor.py:840} INFO - DAG(s) 'example_display_name' retrieved from /home/airflow/.local/lib/python3.12/site-packages/airflow/example_dags/example_display_name.py
[2026-05-23T00:17:13.375+0000] {logging_mixin.py:188} INFO - [2026-05-23T00:17:13.374+0000] {dag.py:3096} INFO - Sync 1 DAGs
[2026-05-23T00:17:13.384+0000] {logging_mixin.py:188} INFO - [2026-05-23T00:17:13.384+0000] {dag.py:3954} INFO - Setting next_dagrun for example_display_name to None, run_after=None
[2026-05-23T00:17:13.400+0000] {processor.py:183} INFO - Processing /home/airflow/.local/lib/python3.12/site-packages/airflow/example_dags/example_display_name.py took 0.059 seconds
[2026-05-23T00:17:43.783+0000] {processor.py:161} INFO - Started process (PID=693) to work on /home/airflow/.local/lib/python3.12/site-packages/airflow/example_dags/example_display_name.py
[2026-05-23T00:17:43.785+0000] {processor.py:830} INFO - Processing file /home/airflow/.local/lib/python3.12/site-packages/airflow/example_dags/example_display_name.py for tasks to queue
[2026-05-23T00:17:43.787+0000] {logging_mixin.py:188} INFO - [2026-05-23T00:17:43.787+0000] {dagbag.py:545} INFO - Filling up the DagBag from /home/airflow/.local/lib/python3.12/site-packages/airflow/example_dags/example_display_name.py
[2026-05-23T00:17:43.792+0000] {processor.py:840} INFO - DAG(s) 'example_display_name' retrieved from /home/airflow/.local/lib/python3.12/site-packages/airflow/example_dags/example_display_name.py
[2026-05-23T00:17:43.804+0000] {logging_mixin.py:188} INFO - [2026-05-23T00:17:43.804+0000] {dag.py:3096} INFO - Sync 1 DAGs
[2026-05-23T00:17:43.813+0000] {logging_mixin.py:188} INFO - [2026-05-23T00:17:43.813+0000] {dag.py:3954} INFO - Setting next_dagrun for example_display_name to None, run_after=None
[2026-05-23T00:17:43.826+0000] {processor.py:183} INFO - Processing /home/airflow/.local/lib/python3.12/site-packages/airflow/example_dags/example_display_name.py took 0.046 seconds
[2026-05-23T00:18:14.487+0000] {processor.py:161} INFO - Started process (PID=752) to work on /home/airflow/.local/lib/python3.12/site-packages/airflow/example_dags/example_display_name.py
[2026-05-23T00:18:14.489+0000] {processor.py:830} INFO - Processing file /home/airflow/.local/lib/python3.12/site-packages/airflow/example_dags/example_display_name.py for tasks to queue
[2026-05-23T00:18:14.490+0000] {logging_mixin.py:188} INFO - [2026-05-23T00:18:14.490+0000] {dagbag.py:545} INFO - Filling up the DagBag from /home/airflow/.local/lib/python3.12/site-packages/airflow/example_dags/example_display_name.py
[2026-05-23T00:18:14.494+0000] {processor.py:840} INFO - DAG(s) 'example_display_name' retrieved from /home/airflow/.local/lib/python3.12/site-packages/airflow/example_dags/example_display_name.py
[2026-05-23T00:18:14.512+0000] {logging_mixin.py:188} INFO - [2026-05-23T00:18:14.511+0000] {dag.py:3096} INFO - Sync 1 DAGs
[2026-05-23T00:18:14.522+0000] {logging_mixin.py:188} INFO - [2026-05-23T00:18:14.522+0000] {dag.py:3954} INFO - Setting next_dagrun for example_display_name to None, run_after=None
[2026-05-23T00:18:14.538+0000] {processor.py:183} INFO - Processing /home/airflow/.local/lib/python3.12/site-packages/airflow/example_dags/example_display_name.py took 0.055 seconds
[2026-05-23T00:18:45.311+0000] {processor.py:161} INFO - Started process (PID=811) to work on /home/airflow/.local/lib/python3.12/site-packages/airflow/example_dags/example_display_name.py
[2026-05-23T00:18:45.313+0000] {processor.py:830} INFO - Processing file /home/airflow/.local/lib/python3.12/site-packages/airflow/example_dags/example_display_name.py for tasks to queue
[2026-05-23T00:18:45.316+0000] {logging_mixin.py:188} INFO - [2026-05-23T00:18:45.316+0000] {dagbag.py:545} INFO - Filling up the DagBag from /home/airflow/.local/lib/python3.12/site-packages/airflow/example_dags/example_display_name.py
[2026-05-23T00:18:45.322+0000] {processor.py:840} INFO - DAG(s) 'example_display_name' retrieved from /home/airflow/.local/lib/python3.12/site-packages/airflow/example_dags/example_display_name.py
[2026-05-23T00:18:45.343+0000] {logging_mixin.py:188} INFO - [2026-05-23T00:18:45.343+0000] {dag.py:3096} INFO - Sync 1 DAGs
[2026-05-23T00:18:45.355+0000] {logging_mixin.py:188} INFO - [2026-05-23T00:18:45.354+0000] {dag.py:3954} INFO - Setting next_dagrun for example_display_name to None, run_after=None
[2026-05-23T00:18:45.371+0000] {processor.py:183} INFO - Processing /home/airflow/.local/lib/python3.12/site-packages/airflow/example_dags/example_display_name.py took 0.063 seconds
[2026-05-23T00:19:16.114+0000] {processor.py:161} INFO - Started process (PID=870) to work on /home/airflow/.local/lib/python3.12/site-packages/airflow/example_dags/example_display_name.py
[2026-05-23T00:19:16.115+0000] {processor.py:830} INFO - Processing file /home/airflow/.local/lib/python3.12/site-packages/airflow/example_dags/example_display_name.py for tasks to queue
[2026-05-23T00:19:16.116+0000] {logging_mixin.py:188} INFO - [2026-05-23T00:19:16.116+0000] {dagbag.py:545} INFO - Filling up the DagBag from /home/airflow/.local/lib/python3.12/site-packages/airflow/example_dags/example_display_name.py
[2026-05-23T00:19:16.123+0000] {processor.py:840} INFO - DAG(s) 'example_display_name' retrieved from /home/airflow/.local/lib/python3.12/site-packages/airflow/example_dags/example_display_name.py
[2026-05-23T00:19:16.140+0000] {logging_mixin.py:188} INFO - [2026-05-23T00:19:16.139+0000] {dag.py:3096} INFO - Sync 1 DAGs
[2026-05-23T00:19:16.149+0000] {logging_mixin.py:188} INFO - [2026-05-23T00:19:16.148+0000] {dag.py:3954} INFO - Setting next_dagrun for example_display_name to None, run_after=None
[2026-05-23T00:19:16.160+0000] {processor.py:183} INFO - Processing /home/airflow/.local/lib/python3.12/site-packages/airflow/example_dags/example_display_name.py took 0.053 seconds
[2026-05-23T00:19:47.851+0000] {processor.py:161} INFO - Started process (PID=929) to work on /home/airflow/.local/lib/python3.12/site-packages/airflow/example_dags/example_display_name.py
[2026-05-23T00:19:47.852+0000] {processor.py:830} INFO - Processing file /home/airflow/.local/lib/python3.12/site-packages/airflow/example_dags/example_display_name.py for tasks to queue
[2026-05-23T00:19:47.855+0000] {logging_mixin.py:188} INFO - [2026-05-23T00:19:47.855+0000] {dagbag.py:545} INFO - Filling up the DagBag from /home/airflow/.local/lib/python3.12/site-packages/airflow/example_dags/example_display_name.py
[2026-05-23T00:19:47.861+0000] {processor.py:840} INFO - DAG(s) 'example_display_name' retrieved from /home/airflow/.local/lib/python3.12/site-packages/airflow/example_dags/example_display_name.py
[2026-05-23T00:19:47.885+0000] {logging_mixin.py:188} INFO - [2026-05-23T00:19:47.885+0000] {dag.py:3096} INFO - Sync 1 DAGs
[2026-05-23T00:19:47.892+0000] {logging_mixin.py:188} INFO - [2026-05-23T00:19:47.892+0000] {dag.py:3954} INFO - Setting next_dagrun for example_display_name to None, run_after=None
[2026-05-23T00:19:47.911+0000] {processor.py:183} INFO - Processing /home/airflow/.local/lib/python3.12/site-packages/airflow/example_dags/example_display_name.py took 0.064 seconds
[2026-05-23T00:20:18.414+0000] {processor.py:161} INFO - Started process (PID=988) to work on /home/airflow/.local/lib/python3.12/site-packages/airflow/example_dags/example_display_name.py
[2026-05-23T00:20:18.417+0000] {processor.py:830} INFO - Processing file /home/airflow/.local/lib/python3.12/site-packages/airflow/example_dags/example_display_name.py for tasks to queue
[2026-05-23T00:20:18.420+0000] {logging_mixin.py:188} INFO - [2026-05-23T00:20:18.419+0000] {dagbag.py:545} INFO - Filling up the DagBag from /home/airflow/.local/lib/python3.12/site-packages/airflow/example_dags/example_display_name.py
[2026-05-23T00:20:18.428+0000] {processor.py:840} INFO - DAG(s) 'example_display_name' retrieved from /home/airflow/.local/lib/python3.12/site-packages/airflow/example_dags/example_display_name.py
[2026-05-23T00:20:18.447+0000] {logging_mixin.py:188} INFO - [2026-05-23T00:20:18.447+0000] {dag.py:3096} INFO - Sync 1 DAGs
[2026-05-23T00:20:18.459+0000] {logging_mixin.py:188} INFO - [2026-05-23T00:20:18.459+0000] {dag.py:3954} INFO - Setting next_dagrun for example_display_name to None, run_after=None
[2026-05-23T00:20:18.474+0000] {processor.py:183} INFO - Processing /home/airflow/.local/lib/python3.12/site-packages/airflow/example_dags/example_display_name.py took 0.066 seconds
[2026-05-23T00:20:48.917+0000] {processor.py:161} INFO - Started process (PID=1047) to work on /home/airflow/.local/lib/python3.12/site-packages/airflow/example_dags/example_display_name.py
[2026-05-23T00:20:48.918+0000] {processor.py:830} INFO - Processing file /home/airflow/.local/lib/python3.12/site-packages/airflow/example_dags/example_display_name.py for tasks to queue
[2026-05-23T00:20:48.919+0000] {logging_mixin.py:188} INFO - [2026-05-23T00:20:48.919+0000] {dagbag.py:545} INFO - Filling up the DagBag from /home/airflow/.local/lib/python3.12/site-packages/airflow/example_dags/example_display_name.py
[2026-05-23T00:20:48.923+0000] {processor.py:840} INFO - DAG(s) 'example_display_name' retrieved from /home/airflow/.local/lib/python3.12/site-packages/airflow/example_dags/example_display_name.py
[2026-05-23T00:20:48.938+0000] {logging_mixin.py:188} INFO - [2026-05-23T00:20:48.938+0000] {dag.py:3096} INFO - Sync 1 DAGs
[2026-05-23T00:20:48.946+0000] {logging_mixin.py:188} INFO - [2026-05-23T00:20:48.946+0000] {dag.py:3954} INFO - Setting next_dagrun for example_display_name to None, run_after=None
[2026-05-23T00:20:48.959+0000] {processor.py:183} INFO - Processing /home/airflow/.local/lib/python3.12/site-packages/airflow/example_dags/example_display_name.py took 0.045 seconds
[2026-05-23T00:21:20.697+0000] {processor.py:161} INFO - Started process (PID=1106) to work on /home/airflow/.local/lib/python3.12/site-packages/airflow/example_dags/example_display_name.py
[2026-05-23T00:21:20.698+0000] {processor.py:830} INFO - Processing file /home/airflow/.local/lib/python3.12/site-packages/airflow/example_dags/example_display_name.py for tasks to queue
[2026-05-23T00:21:20.699+0000] {logging_mixin.py:188} INFO - [2026-05-23T00:21:20.699+0000] {dagbag.py:545} INFO - Filling up the DagBag from /home/airflow/.local/lib/python3.12/site-packages/airflow/example_dags/example_display_name.py
[2026-05-23T00:21:20.703+0000] {processor.py:840} INFO - DAG(s) 'example_display_name' retrieved from /home/airflow/.local/lib/python3.12/site-packages/airflow/example_dags/example_display_name.py
[2026-05-23T00:21:20.717+0000] {logging_mixin.py:188} INFO - [2026-05-23T00:21:20.716+0000] {dag.py:3096} INFO - Sync 1 DAGs
[2026-05-23T00:21:20.724+0000] {logging_mixin.py:188} INFO - [2026-05-23T00:21:20.724+0000] {dag.py:3954} INFO - Setting next_dagrun for example_display_name to None, run_after=None
[2026-05-23T00:21:20.735+0000] {processor.py:183} INFO - Processing /home/airflow/.local/lib/python3.12/site-packages/airflow/example_dags/example_display_name.py took 0.043 seconds
[2026-05-23T00:21:50.819+0000] {processor.py:161} INFO - Started process (PID=1165) to work on /home/airflow/.local/lib/python3.12/site-packages/airflow/example_dags/example_display_name.py
[2026-05-23T00:21:50.821+0000] {processor.py:830} INFO - Processing file /home/airflow/.local/lib/python3.12/site-packages/airflow/example_dags/example_display_name.py for tasks to queue
[2026-05-23T00:21:50.822+0000] {logging_mixin.py:188} INFO - [2026-05-23T00:21:50.822+0000] {dagbag.py:545} INFO - Filling up the DagBag from /home/airflow/.local/lib/python3.12/site-packages/airflow/example_dags/example_display_name.py
[2026-05-23T00:21:50.827+0000] {processor.py:840} INFO - DAG(s) 'example_display_name' retrieved from /home/airflow/.local/lib/python3.12/site-packages/airflow/example_dags/example_display_name.py
[2026-05-23T00:21:50.842+0000] {logging_mixin.py:188} INFO - [2026-05-23T00:21:50.842+0000] {dag.py:3096} INFO - Sync 1 DAGs
[2026-05-23T00:21:50.851+0000] {logging_mixin.py:188} INFO - [2026-05-23T00:21:50.851+0000] {dag.py:3954} INFO - Setting next_dagrun for example_display_name to None, run_after=None
[2026-05-23T00:21:50.863+0000] {processor.py:183} INFO - Processing /home/airflow/.local/lib/python3.12/site-packages/airflow/example_dags/example_display_name.py took 0.048 seconds
[2026-05-23T00:22:21.199+0000] {processor.py:161} INFO - Started process (PID=1224) to work on /home/airflow/.local/lib/python3.12/site-packages/airflow/example_dags/example_display_name.py
[2026-05-23T00:22:21.201+0000] {processor.py:830} INFO - Processing file /home/airflow/.local/lib/python3.12/site-packages/airflow/example_dags/example_display_name.py for tasks to queue
[2026-05-23T00:22:21.202+0000] {logging_mixin.py:188} INFO - [2026-05-23T00:22:21.202+0000] {dagbag.py:545} INFO - Filling up the DagBag from /home/airflow/.local/lib/python3.12/site-packages/airflow/example_dags/example_display_name.py
[2026-05-23T00:22:21.207+0000] {processor.py:840} INFO - DAG(s) 'example_display_name' retrieved from /home/airflow/.local/lib/python3.12/site-packages/airflow/example_dags/example_display_name.py
[2026-05-23T00:22:21.229+0000] {logging_mixin.py:188} INFO - [2026-05-23T00:22:21.229+0000] {dag.py:3096} INFO - Sync 1 DAGs
[2026-05-23T00:22:21.241+0000] {logging_mixin.py:188} INFO - [2026-05-23T00:22:21.241+0000] {dag.py:3954} INFO - Setting next_dagrun for example_display_name to None, run_after=None
[2026-05-23T00:22:21.260+0000] {processor.py:183} INFO - Processing /home/airflow/.local/lib/python3.12/site-packages/airflow/example_dags/example_display_name.py took 0.066 seconds
