[2026-05-23T00:00:02.056+0000] {processor.py:161} INFO - Started process (PID=2284) to work on /home/airflow/.local/lib/python3.12/site-packages/airflow/example_dags/example_dag_decorator.py
[2026-05-23T00:00:02.058+0000] {processor.py:830} INFO - Processing file /home/airflow/.local/lib/python3.12/site-packages/airflow/example_dags/example_dag_decorator.py for tasks to queue
[2026-05-23T00:00:02.063+0000] {logging_mixin.py:188} INFO - [2026-05-23T00:00:02.062+0000] {dagbag.py:545} INFO - Filling up the DagBag from /home/airflow/.local/lib/python3.12/site-packages/airflow/example_dags/example_dag_decorator.py
[2026-05-23T00:00:02.182+0000] {processor.py:840} INFO - DAG(s) 'example_dag_decorator' retrieved from /home/airflow/.local/lib/python3.12/site-packages/airflow/example_dags/example_dag_decorator.py
[2026-05-23T00:00:02.279+0000] {logging_mixin.py:188} INFO - [2026-05-23T00:00:02.279+0000] {dag.py:3096} INFO - Sync 1 DAGs
[2026-05-23T00:00:02.286+0000] {logging_mixin.py:188} INFO - [2026-05-23T00:00:02.286+0000] {dag.py:3954} INFO - Setting next_dagrun for example_dag_decorator to None, run_after=None
[2026-05-23T00:00:02.310+0000] {processor.py:183} INFO - Processing /home/airflow/.local/lib/python3.12/site-packages/airflow/example_dags/example_dag_decorator.py took 0.267 seconds
[2026-05-23T00:00:32.386+0000] {processor.py:161} INFO - Started process (PID=2345) to work on /home/airflow/.local/lib/python3.12/site-packages/airflow/example_dags/example_dag_decorator.py
[2026-05-23T00:00:32.388+0000] {processor.py:830} INFO - Processing file /home/airflow/.local/lib/python3.12/site-packages/airflow/example_dags/example_dag_decorator.py for tasks to queue
[2026-05-23T00:00:32.390+0000] {logging_mixin.py:188} INFO - [2026-05-23T00:00:32.390+0000] {dagbag.py:545} INFO - Filling up the DagBag from /home/airflow/.local/lib/python3.12/site-packages/airflow/example_dags/example_dag_decorator.py
[2026-05-23T00:00:32.453+0000] {processor.py:840} INFO - DAG(s) 'example_dag_decorator' retrieved from /home/airflow/.local/lib/python3.12/site-packages/airflow/example_dags/example_dag_decorator.py
[2026-05-23T00:00:32.528+0000] {logging_mixin.py:188} INFO - [2026-05-23T00:00:32.528+0000] {dag.py:3096} INFO - Sync 1 DAGs
[2026-05-23T00:00:32.534+0000] {logging_mixin.py:188} INFO - [2026-05-23T00:00:32.534+0000] {dag.py:3954} INFO - Setting next_dagrun for example_dag_decorator to None, run_after=None
[2026-05-23T00:00:32.550+0000] {processor.py:183} INFO - Processing /home/airflow/.local/lib/python3.12/site-packages/airflow/example_dags/example_dag_decorator.py took 0.171 seconds
[2026-05-23T00:01:02.615+0000] {processor.py:161} INFO - Started process (PID=2402) to work on /home/airflow/.local/lib/python3.12/site-packages/airflow/example_dags/example_dag_decorator.py
[2026-05-23T00:01:02.616+0000] {processor.py:830} INFO - Processing file /home/airflow/.local/lib/python3.12/site-packages/airflow/example_dags/example_dag_decorator.py for tasks to queue
[2026-05-23T00:01:02.618+0000] {logging_mixin.py:188} INFO - [2026-05-23T00:01:02.618+0000] {dagbag.py:545} INFO - Filling up the DagBag from /home/airflow/.local/lib/python3.12/site-packages/airflow/example_dags/example_dag_decorator.py
[2026-05-23T00:01:02.689+0000] {processor.py:840} INFO - DAG(s) 'example_dag_decorator' retrieved from /home/airflow/.local/lib/python3.12/site-packages/airflow/example_dags/example_dag_decorator.py
[2026-05-23T00:01:02.780+0000] {logging_mixin.py:188} INFO - [2026-05-23T00:01:02.780+0000] {dag.py:3096} INFO - Sync 1 DAGs
[2026-05-23T00:01:02.787+0000] {logging_mixin.py:188} INFO - [2026-05-23T00:01:02.787+0000] {dag.py:3954} INFO - Setting next_dagrun for example_dag_decorator to None, run_after=None
[2026-05-23T00:01:02.802+0000] {processor.py:183} INFO - Processing /home/airflow/.local/lib/python3.12/site-packages/airflow/example_dags/example_dag_decorator.py took 0.194 seconds
