[2026-05-23T00:00:25.937+0000] {processor.py:161} INFO - Started process (PID=2320) to work on /home/airflow/.local/lib/python3.12/site-packages/airflow/example_dags/example_short_circuit_decorator.py
[2026-05-23T00:00:25.938+0000] {processor.py:830} INFO - Processing file /home/airflow/.local/lib/python3.12/site-packages/airflow/example_dags/example_short_circuit_decorator.py for tasks to queue
[2026-05-23T00:00:25.941+0000] {logging_mixin.py:188} INFO - [2026-05-23T00:00:25.940+0000] {dagbag.py:545} INFO - Filling up the DagBag from /home/airflow/.local/lib/python3.12/site-packages/airflow/example_dags/example_short_circuit_decorator.py
[2026-05-23T00:00:25.951+0000] {processor.py:840} INFO - DAG(s) 'example_short_circuit_decorator' retrieved from /home/airflow/.local/lib/python3.12/site-packages/airflow/example_dags/example_short_circuit_decorator.py
[2026-05-23T00:00:25.978+0000] {logging_mixin.py:188} INFO - [2026-05-23T00:00:25.978+0000] {dag.py:3096} INFO - Sync 1 DAGs
[2026-05-23T00:00:26.004+0000] {logging_mixin.py:188} INFO - [2026-05-23T00:00:26.004+0000] {dag.py:3954} INFO - Setting next_dagrun for example_short_circuit_decorator to 2026-05-22 00:00:00+00:00, run_after=2026-05-23 00:00:00+00:00
[2026-05-23T00:00:26.025+0000] {processor.py:183} INFO - Processing /home/airflow/.local/lib/python3.12/site-packages/airflow/example_dags/example_short_circuit_decorator.py took 0.095 seconds
[2026-05-23T00:00:56.213+0000] {processor.py:161} INFO - Started process (PID=2379) to work on /home/airflow/.local/lib/python3.12/site-packages/airflow/example_dags/example_short_circuit_decorator.py
[2026-05-23T00:00:56.219+0000] {processor.py:830} INFO - Processing file /home/airflow/.local/lib/python3.12/site-packages/airflow/example_dags/example_short_circuit_decorator.py for tasks to queue
[2026-05-23T00:00:56.224+0000] {logging_mixin.py:188} INFO - [2026-05-23T00:00:56.224+0000] {dagbag.py:545} INFO - Filling up the DagBag from /home/airflow/.local/lib/python3.12/site-packages/airflow/example_dags/example_short_circuit_decorator.py
[2026-05-23T00:00:56.236+0000] {processor.py:840} INFO - DAG(s) 'example_short_circuit_decorator' retrieved from /home/airflow/.local/lib/python3.12/site-packages/airflow/example_dags/example_short_circuit_decorator.py
[2026-05-23T00:00:56.264+0000] {logging_mixin.py:188} INFO - [2026-05-23T00:00:56.264+0000] {dag.py:3096} INFO - Sync 1 DAGs
[2026-05-23T00:00:56.287+0000] {logging_mixin.py:188} INFO - [2026-05-23T00:00:56.287+0000] {dag.py:3954} INFO - Setting next_dagrun for example_short_circuit_decorator to 2026-05-22 00:00:00+00:00, run_after=2026-05-23 00:00:00+00:00
[2026-05-23T00:00:56.307+0000] {processor.py:183} INFO - Processing /home/airflow/.local/lib/python3.12/site-packages/airflow/example_dags/example_short_circuit_decorator.py took 0.102 seconds
[2026-05-23T00:01:27.300+0000] {processor.py:161} INFO - Started process (PID=2438) to work on /home/airflow/.local/lib/python3.12/site-packages/airflow/example_dags/example_short_circuit_decorator.py
[2026-05-23T00:01:27.301+0000] {processor.py:830} INFO - Processing file /home/airflow/.local/lib/python3.12/site-packages/airflow/example_dags/example_short_circuit_decorator.py for tasks to queue
[2026-05-23T00:01:27.302+0000] {logging_mixin.py:188} INFO - [2026-05-23T00:01:27.302+0000] {dagbag.py:545} INFO - Filling up the DagBag from /home/airflow/.local/lib/python3.12/site-packages/airflow/example_dags/example_short_circuit_decorator.py
[2026-05-23T00:01:27.310+0000] {processor.py:840} INFO - DAG(s) 'example_short_circuit_decorator' retrieved from /home/airflow/.local/lib/python3.12/site-packages/airflow/example_dags/example_short_circuit_decorator.py
[2026-05-23T00:01:27.333+0000] {logging_mixin.py:188} INFO - [2026-05-23T00:01:27.333+0000] {dag.py:3096} INFO - Sync 1 DAGs
[2026-05-23T00:01:27.349+0000] {logging_mixin.py:188} INFO - [2026-05-23T00:01:27.349+0000] {dag.py:3954} INFO - Setting next_dagrun for example_short_circuit_decorator to 2026-05-22 00:00:00+00:00, run_after=2026-05-23 00:00:00+00:00
[2026-05-23T00:01:27.364+0000] {processor.py:183} INFO - Processing /home/airflow/.local/lib/python3.12/site-packages/airflow/example_dags/example_short_circuit_decorator.py took 0.071 seconds
[2026-05-23T00:01:57.431+0000] {processor.py:161} INFO - Started process (PID=2497) to work on /home/airflow/.local/lib/python3.12/site-packages/airflow/example_dags/example_short_circuit_decorator.py
[2026-05-23T00:01:57.433+0000] {processor.py:830} INFO - Processing file /home/airflow/.local/lib/python3.12/site-packages/airflow/example_dags/example_short_circuit_decorator.py for tasks to queue
[2026-05-23T00:01:57.435+0000] {logging_mixin.py:188} INFO - [2026-05-23T00:01:57.435+0000] {dagbag.py:545} INFO - Filling up the DagBag from /home/airflow/.local/lib/python3.12/site-packages/airflow/example_dags/example_short_circuit_decorator.py
[2026-05-23T00:01:57.443+0000] {processor.py:840} INFO - DAG(s) 'example_short_circuit_decorator' retrieved from /home/airflow/.local/lib/python3.12/site-packages/airflow/example_dags/example_short_circuit_decorator.py
[2026-05-23T00:01:57.458+0000] {logging_mixin.py:188} INFO - [2026-05-23T00:01:57.458+0000] {dag.py:3096} INFO - Sync 1 DAGs
[2026-05-23T00:01:57.474+0000] {logging_mixin.py:188} INFO - [2026-05-23T00:01:57.474+0000] {dag.py:3954} INFO - Setting next_dagrun for example_short_circuit_decorator to 2026-05-22 00:00:00+00:00, run_after=2026-05-23 00:00:00+00:00
[2026-05-23T00:01:57.491+0000] {processor.py:183} INFO - Processing /home/airflow/.local/lib/python3.12/site-packages/airflow/example_dags/example_short_circuit_decorator.py took 0.065 seconds
[2026-05-23T00:02:27.719+0000] {processor.py:161} INFO - Started process (PID=2556) to work on /home/airflow/.local/lib/python3.12/site-packages/airflow/example_dags/example_short_circuit_decorator.py
[2026-05-23T00:02:27.726+0000] {processor.py:830} INFO - Processing file /home/airflow/.local/lib/python3.12/site-packages/airflow/example_dags/example_short_circuit_decorator.py for tasks to queue
[2026-05-23T00:02:27.729+0000] {logging_mixin.py:188} INFO - [2026-05-23T00:02:27.728+0000] {dagbag.py:545} INFO - Filling up the DagBag from /home/airflow/.local/lib/python3.12/site-packages/airflow/example_dags/example_short_circuit_decorator.py
[2026-05-23T00:02:27.738+0000] {processor.py:840} INFO - DAG(s) 'example_short_circuit_decorator' retrieved from /home/airflow/.local/lib/python3.12/site-packages/airflow/example_dags/example_short_circuit_decorator.py
[2026-05-23T00:02:27.770+0000] {logging_mixin.py:188} INFO - [2026-05-23T00:02:27.770+0000] {dag.py:3096} INFO - Sync 1 DAGs
[2026-05-23T00:02:27.788+0000] {logging_mixin.py:188} INFO - [2026-05-23T00:02:27.788+0000] {dag.py:3954} INFO - Setting next_dagrun for example_short_circuit_decorator to 2026-05-22 00:00:00+00:00, run_after=2026-05-23 00:00:00+00:00
[2026-05-23T00:02:27.804+0000] {processor.py:183} INFO - Processing /home/airflow/.local/lib/python3.12/site-packages/airflow/example_dags/example_short_circuit_decorator.py took 0.092 seconds
[2026-05-23T00:02:57.864+0000] {processor.py:161} INFO - Started process (PID=2615) to work on /home/airflow/.local/lib/python3.12/site-packages/airflow/example_dags/example_short_circuit_decorator.py
[2026-05-23T00:02:57.866+0000] {processor.py:830} INFO - Processing file /home/airflow/.local/lib/python3.12/site-packages/airflow/example_dags/example_short_circuit_decorator.py for tasks to queue
[2026-05-23T00:02:57.868+0000] {logging_mixin.py:188} INFO - [2026-05-23T00:02:57.867+0000] {dagbag.py:545} INFO - Filling up the DagBag from /home/airflow/.local/lib/python3.12/site-packages/airflow/example_dags/example_short_circuit_decorator.py
[2026-05-23T00:02:57.876+0000] {processor.py:840} INFO - DAG(s) 'example_short_circuit_decorator' retrieved from /home/airflow/.local/lib/python3.12/site-packages/airflow/example_dags/example_short_circuit_decorator.py
[2026-05-23T00:02:57.894+0000] {logging_mixin.py:188} INFO - [2026-05-23T00:02:57.894+0000] {dag.py:3096} INFO - Sync 1 DAGs
[2026-05-23T00:02:57.910+0000] {logging_mixin.py:188} INFO - [2026-05-23T00:02:57.910+0000] {dag.py:3954} INFO - Setting next_dagrun for example_short_circuit_decorator to 2026-05-22 00:00:00+00:00, run_after=2026-05-23 00:00:00+00:00
[2026-05-23T00:02:57.926+0000] {processor.py:183} INFO - Processing /home/airflow/.local/lib/python3.12/site-packages/airflow/example_dags/example_short_circuit_decorator.py took 0.067 seconds
[2026-05-23T00:03:28.613+0000] {processor.py:161} INFO - Started process (PID=2674) to work on /home/airflow/.local/lib/python3.12/site-packages/airflow/example_dags/example_short_circuit_decorator.py
[2026-05-23T00:03:28.615+0000] {processor.py:830} INFO - Processing file /home/airflow/.local/lib/python3.12/site-packages/airflow/example_dags/example_short_circuit_decorator.py for tasks to queue
[2026-05-23T00:03:28.617+0000] {logging_mixin.py:188} INFO - [2026-05-23T00:03:28.617+0000] {dagbag.py:545} INFO - Filling up the DagBag from /home/airflow/.local/lib/python3.12/site-packages/airflow/example_dags/example_short_circuit_decorator.py
[2026-05-23T00:03:28.627+0000] {processor.py:840} INFO - DAG(s) 'example_short_circuit_decorator' retrieved from /home/airflow/.local/lib/python3.12/site-packages/airflow/example_dags/example_short_circuit_decorator.py
[2026-05-23T00:03:28.648+0000] {logging_mixin.py:188} INFO - [2026-05-23T00:03:28.648+0000] {dag.py:3096} INFO - Sync 1 DAGs
[2026-05-23T00:03:28.665+0000] {logging_mixin.py:188} INFO - [2026-05-23T00:03:28.665+0000] {dag.py:3954} INFO - Setting next_dagrun for example_short_circuit_decorator to 2026-05-22 00:00:00+00:00, run_after=2026-05-23 00:00:00+00:00
[2026-05-23T00:03:28.680+0000] {processor.py:183} INFO - Processing /home/airflow/.local/lib/python3.12/site-packages/airflow/example_dags/example_short_circuit_decorator.py took 0.072 seconds
[2026-05-23T00:03:59.606+0000] {processor.py:161} INFO - Started process (PID=2733) to work on /home/airflow/.local/lib/python3.12/site-packages/airflow/example_dags/example_short_circuit_decorator.py
[2026-05-23T00:03:59.610+0000] {processor.py:830} INFO - Processing file /home/airflow/.local/lib/python3.12/site-packages/airflow/example_dags/example_short_circuit_decorator.py for tasks to queue
[2026-05-23T00:03:59.619+0000] {logging_mixin.py:188} INFO - [2026-05-23T00:03:59.615+0000] {dagbag.py:545} INFO - Filling up the DagBag from /home/airflow/.local/lib/python3.12/site-packages/airflow/example_dags/example_short_circuit_decorator.py
[2026-05-23T00:03:59.634+0000] {processor.py:840} INFO - DAG(s) 'example_short_circuit_decorator' retrieved from /home/airflow/.local/lib/python3.12/site-packages/airflow/example_dags/example_short_circuit_decorator.py
[2026-05-23T00:03:59.704+0000] {logging_mixin.py:188} INFO - [2026-05-23T00:03:59.703+0000] {dag.py:3096} INFO - Sync 1 DAGs
[2026-05-23T00:04:00.063+0000] {logging_mixin.py:188} INFO - [2026-05-23T00:04:00.062+0000] {dag.py:3954} INFO - Setting next_dagrun for example_short_circuit_decorator to 2026-05-22 00:00:00+00:00, run_after=2026-05-23 00:00:00+00:00
[2026-05-23T00:04:00.233+0000] {processor.py:183} INFO - Processing /home/airflow/.local/lib/python3.12/site-packages/airflow/example_dags/example_short_circuit_decorator.py took 0.637 seconds
[2026-05-23T00:04:30.937+0000] {processor.py:161} INFO - Started process (PID=2792) to work on /home/airflow/.local/lib/python3.12/site-packages/airflow/example_dags/example_short_circuit_decorator.py
[2026-05-23T00:04:30.943+0000] {processor.py:830} INFO - Processing file /home/airflow/.local/lib/python3.12/site-packages/airflow/example_dags/example_short_circuit_decorator.py for tasks to queue
[2026-05-23T00:04:30.944+0000] {logging_mixin.py:188} INFO - [2026-05-23T00:04:30.944+0000] {dagbag.py:545} INFO - Filling up the DagBag from /home/airflow/.local/lib/python3.12/site-packages/airflow/example_dags/example_short_circuit_decorator.py
[2026-05-23T00:04:30.954+0000] {processor.py:840} INFO - DAG(s) 'example_short_circuit_decorator' retrieved from /home/airflow/.local/lib/python3.12/site-packages/airflow/example_dags/example_short_circuit_decorator.py
[2026-05-23T00:04:30.974+0000] {logging_mixin.py:188} INFO - [2026-05-23T00:04:30.974+0000] {dag.py:3096} INFO - Sync 1 DAGs
[2026-05-23T00:04:30.991+0000] {logging_mixin.py:188} INFO - [2026-05-23T00:04:30.991+0000] {dag.py:3954} INFO - Setting next_dagrun for example_short_circuit_decorator to 2026-05-22 00:00:00+00:00, run_after=2026-05-23 00:00:00+00:00
[2026-05-23T00:04:31.006+0000] {processor.py:183} INFO - Processing /home/airflow/.local/lib/python3.12/site-packages/airflow/example_dags/example_short_circuit_decorator.py took 0.075 seconds
[2026-05-23T00:05:01.418+0000] {processor.py:161} INFO - Started process (PID=2851) to work on /home/airflow/.local/lib/python3.12/site-packages/airflow/example_dags/example_short_circuit_decorator.py
[2026-05-23T00:05:01.421+0000] {processor.py:830} INFO - Processing file /home/airflow/.local/lib/python3.12/site-packages/airflow/example_dags/example_short_circuit_decorator.py for tasks to queue
[2026-05-23T00:05:01.426+0000] {logging_mixin.py:188} INFO - [2026-05-23T00:05:01.424+0000] {dagbag.py:545} INFO - Filling up the DagBag from /home/airflow/.local/lib/python3.12/site-packages/airflow/example_dags/example_short_circuit_decorator.py
[2026-05-23T00:05:01.449+0000] {processor.py:840} INFO - DAG(s) 'example_short_circuit_decorator' retrieved from /home/airflow/.local/lib/python3.12/site-packages/airflow/example_dags/example_short_circuit_decorator.py
[2026-05-23T00:05:01.493+0000] {logging_mixin.py:188} INFO - [2026-05-23T00:05:01.493+0000] {dag.py:3096} INFO - Sync 1 DAGs
[2026-05-23T00:05:01.540+0000] {logging_mixin.py:188} INFO - [2026-05-23T00:05:01.540+0000] {dag.py:3954} INFO - Setting next_dagrun for example_short_circuit_decorator to 2026-05-22 00:00:00+00:00, run_after=2026-05-23 00:00:00+00:00
[2026-05-23T00:05:01.582+0000] {processor.py:183} INFO - Processing /home/airflow/.local/lib/python3.12/site-packages/airflow/example_dags/example_short_circuit_decorator.py took 0.175 seconds
[2026-05-23T00:05:32.397+0000] {processor.py:161} INFO - Started process (PID=2910) to work on /home/airflow/.local/lib/python3.12/site-packages/airflow/example_dags/example_short_circuit_decorator.py
[2026-05-23T00:05:32.401+0000] {processor.py:830} INFO - Processing file /home/airflow/.local/lib/python3.12/site-packages/airflow/example_dags/example_short_circuit_decorator.py for tasks to queue
[2026-05-23T00:05:32.408+0000] {logging_mixin.py:188} INFO - [2026-05-23T00:05:32.408+0000] {dagbag.py:545} INFO - Filling up the DagBag from /home/airflow/.local/lib/python3.12/site-packages/airflow/example_dags/example_short_circuit_decorator.py
[2026-05-23T00:05:32.418+0000] {processor.py:840} INFO - DAG(s) 'example_short_circuit_decorator' retrieved from /home/airflow/.local/lib/python3.12/site-packages/airflow/example_dags/example_short_circuit_decorator.py
[2026-05-23T00:05:32.444+0000] {logging_mixin.py:188} INFO - [2026-05-23T00:05:32.444+0000] {dag.py:3096} INFO - Sync 1 DAGs
[2026-05-23T00:05:32.462+0000] {logging_mixin.py:188} INFO - [2026-05-23T00:05:32.462+0000] {dag.py:3954} INFO - Setting next_dagrun for example_short_circuit_decorator to 2026-05-22 00:00:00+00:00, run_after=2026-05-23 00:00:00+00:00
[2026-05-23T00:05:32.480+0000] {processor.py:183} INFO - Processing /home/airflow/.local/lib/python3.12/site-packages/airflow/example_dags/example_short_circuit_decorator.py took 0.089 seconds
[2026-05-23T00:06:02.895+0000] {processor.py:161} INFO - Started process (PID=2969) to work on /home/airflow/.local/lib/python3.12/site-packages/airflow/example_dags/example_short_circuit_decorator.py
[2026-05-23T00:06:02.898+0000] {processor.py:830} INFO - Processing file /home/airflow/.local/lib/python3.12/site-packages/airflow/example_dags/example_short_circuit_decorator.py for tasks to queue
[2026-05-23T00:06:02.904+0000] {logging_mixin.py:188} INFO - [2026-05-23T00:06:02.904+0000] {dagbag.py:545} INFO - Filling up the DagBag from /home/airflow/.local/lib/python3.12/site-packages/airflow/example_dags/example_short_circuit_decorator.py
[2026-05-23T00:06:02.930+0000] {processor.py:840} INFO - DAG(s) 'example_short_circuit_decorator' retrieved from /home/airflow/.local/lib/python3.12/site-packages/airflow/example_dags/example_short_circuit_decorator.py
[2026-05-23T00:06:02.979+0000] {logging_mixin.py:188} INFO - [2026-05-23T00:06:02.979+0000] {dag.py:3096} INFO - Sync 1 DAGs
[2026-05-23T00:06:03.007+0000] {logging_mixin.py:188} INFO - [2026-05-23T00:06:03.006+0000] {dag.py:3954} INFO - Setting next_dagrun for example_short_circuit_decorator to 2026-05-22 00:00:00+00:00, run_after=2026-05-23 00:00:00+00:00
[2026-05-23T00:06:03.029+0000] {processor.py:183} INFO - Processing /home/airflow/.local/lib/python3.12/site-packages/airflow/example_dags/example_short_circuit_decorator.py took 0.145 seconds
[2026-05-23T00:06:33.458+0000] {processor.py:161} INFO - Started process (PID=3028) to work on /home/airflow/.local/lib/python3.12/site-packages/airflow/example_dags/example_short_circuit_decorator.py
[2026-05-23T00:06:33.460+0000] {processor.py:830} INFO - Processing file /home/airflow/.local/lib/python3.12/site-packages/airflow/example_dags/example_short_circuit_decorator.py for tasks to queue
[2026-05-23T00:06:33.463+0000] {logging_mixin.py:188} INFO - [2026-05-23T00:06:33.463+0000] {dagbag.py:545} INFO - Filling up the DagBag from /home/airflow/.local/lib/python3.12/site-packages/airflow/example_dags/example_short_circuit_decorator.py
[2026-05-23T00:06:33.475+0000] {processor.py:840} INFO - DAG(s) 'example_short_circuit_decorator' retrieved from /home/airflow/.local/lib/python3.12/site-packages/airflow/example_dags/example_short_circuit_decorator.py
[2026-05-23T00:06:33.501+0000] {logging_mixin.py:188} INFO - [2026-05-23T00:06:33.500+0000] {dag.py:3096} INFO - Sync 1 DAGs
[2026-05-23T00:06:33.518+0000] {logging_mixin.py:188} INFO - [2026-05-23T00:06:33.518+0000] {dag.py:3954} INFO - Setting next_dagrun for example_short_circuit_decorator to 2026-05-22 00:00:00+00:00, run_after=2026-05-23 00:00:00+00:00
[2026-05-23T00:06:33.534+0000] {processor.py:183} INFO - Processing /home/airflow/.local/lib/python3.12/site-packages/airflow/example_dags/example_short_circuit_decorator.py took 0.099 seconds
[2026-05-23T00:07:04.234+0000] {processor.py:161} INFO - Started process (PID=3087) to work on /home/airflow/.local/lib/python3.12/site-packages/airflow/example_dags/example_short_circuit_decorator.py
[2026-05-23T00:07:04.241+0000] {processor.py:830} INFO - Processing file /home/airflow/.local/lib/python3.12/site-packages/airflow/example_dags/example_short_circuit_decorator.py for tasks to queue
[2026-05-23T00:07:04.247+0000] {logging_mixin.py:188} INFO - [2026-05-23T00:07:04.246+0000] {dagbag.py:545} INFO - Filling up the DagBag from /home/airflow/.local/lib/python3.12/site-packages/airflow/example_dags/example_short_circuit_decorator.py
[2026-05-23T00:07:04.274+0000] {processor.py:840} INFO - DAG(s) 'example_short_circuit_decorator' retrieved from /home/airflow/.local/lib/python3.12/site-packages/airflow/example_dags/example_short_circuit_decorator.py
[2026-05-23T00:07:04.309+0000] {logging_mixin.py:188} INFO - [2026-05-23T00:07:04.308+0000] {dag.py:3096} INFO - Sync 1 DAGs
[2026-05-23T00:07:04.347+0000] {logging_mixin.py:188} INFO - [2026-05-23T00:07:04.347+0000] {dag.py:3954} INFO - Setting next_dagrun for example_short_circuit_decorator to 2026-05-22 00:00:00+00:00, run_after=2026-05-23 00:00:00+00:00
[2026-05-23T00:07:04.376+0000] {processor.py:183} INFO - Processing /home/airflow/.local/lib/python3.12/site-packages/airflow/example_dags/example_short_circuit_decorator.py took 0.150 seconds
[2026-05-23T00:07:35.029+0000] {processor.py:161} INFO - Started process (PID=3146) to work on /home/airflow/.local/lib/python3.12/site-packages/airflow/example_dags/example_short_circuit_decorator.py
[2026-05-23T00:07:35.031+0000] {processor.py:830} INFO - Processing file /home/airflow/.local/lib/python3.12/site-packages/airflow/example_dags/example_short_circuit_decorator.py for tasks to queue
[2026-05-23T00:07:35.033+0000] {logging_mixin.py:188} INFO - [2026-05-23T00:07:35.033+0000] {dagbag.py:545} INFO - Filling up the DagBag from /home/airflow/.local/lib/python3.12/site-packages/airflow/example_dags/example_short_circuit_decorator.py
[2026-05-23T00:07:35.044+0000] {processor.py:840} INFO - DAG(s) 'example_short_circuit_decorator' retrieved from /home/airflow/.local/lib/python3.12/site-packages/airflow/example_dags/example_short_circuit_decorator.py
[2026-05-23T00:07:35.064+0000] {logging_mixin.py:188} INFO - [2026-05-23T00:07:35.064+0000] {dag.py:3096} INFO - Sync 1 DAGs
[2026-05-23T00:07:35.080+0000] {logging_mixin.py:188} INFO - [2026-05-23T00:07:35.080+0000] {dag.py:3954} INFO - Setting next_dagrun for example_short_circuit_decorator to 2026-05-22 00:00:00+00:00, run_after=2026-05-23 00:00:00+00:00
[2026-05-23T00:07:35.097+0000] {processor.py:183} INFO - Processing /home/airflow/.local/lib/python3.12/site-packages/airflow/example_dags/example_short_circuit_decorator.py took 0.074 seconds
[2026-05-23T00:08:05.199+0000] {processor.py:161} INFO - Started process (PID=3205) to work on /home/airflow/.local/lib/python3.12/site-packages/airflow/example_dags/example_short_circuit_decorator.py
[2026-05-23T00:08:05.202+0000] {processor.py:830} INFO - Processing file /home/airflow/.local/lib/python3.12/site-packages/airflow/example_dags/example_short_circuit_decorator.py for tasks to queue
[2026-05-23T00:08:05.204+0000] {logging_mixin.py:188} INFO - [2026-05-23T00:08:05.204+0000] {dagbag.py:545} INFO - Filling up the DagBag from /home/airflow/.local/lib/python3.12/site-packages/airflow/example_dags/example_short_circuit_decorator.py
[2026-05-23T00:08:05.218+0000] {processor.py:840} INFO - DAG(s) 'example_short_circuit_decorator' retrieved from /home/airflow/.local/lib/python3.12/site-packages/airflow/example_dags/example_short_circuit_decorator.py
[2026-05-23T00:08:05.253+0000] {logging_mixin.py:188} INFO - [2026-05-23T00:08:05.253+0000] {dag.py:3096} INFO - Sync 1 DAGs
[2026-05-23T00:08:05.274+0000] {logging_mixin.py:188} INFO - [2026-05-23T00:08:05.273+0000] {dag.py:3954} INFO - Setting next_dagrun for example_short_circuit_decorator to 2026-05-22 00:00:00+00:00, run_after=2026-05-23 00:00:00+00:00
[2026-05-23T00:08:05.291+0000] {processor.py:183} INFO - Processing /home/airflow/.local/lib/python3.12/site-packages/airflow/example_dags/example_short_circuit_decorator.py took 0.099 seconds
[2026-05-23T00:08:36.265+0000] {processor.py:161} INFO - Started process (PID=3264) to work on /home/airflow/.local/lib/python3.12/site-packages/airflow/example_dags/example_short_circuit_decorator.py
[2026-05-23T00:08:36.272+0000] {processor.py:830} INFO - Processing file /home/airflow/.local/lib/python3.12/site-packages/airflow/example_dags/example_short_circuit_decorator.py for tasks to queue
[2026-05-23T00:08:36.276+0000] {logging_mixin.py:188} INFO - [2026-05-23T00:08:36.276+0000] {dagbag.py:545} INFO - Filling up the DagBag from /home/airflow/.local/lib/python3.12/site-packages/airflow/example_dags/example_short_circuit_decorator.py
[2026-05-23T00:08:36.288+0000] {processor.py:840} INFO - DAG(s) 'example_short_circuit_decorator' retrieved from /home/airflow/.local/lib/python3.12/site-packages/airflow/example_dags/example_short_circuit_decorator.py
[2026-05-23T00:08:36.312+0000] {logging_mixin.py:188} INFO - [2026-05-23T00:08:36.311+0000] {dag.py:3096} INFO - Sync 1 DAGs
[2026-05-23T00:08:36.327+0000] {logging_mixin.py:188} INFO - [2026-05-23T00:08:36.327+0000] {dag.py:3954} INFO - Setting next_dagrun for example_short_circuit_decorator to 2026-05-22 00:00:00+00:00, run_after=2026-05-23 00:00:00+00:00
[2026-05-23T00:08:36.344+0000] {processor.py:183} INFO - Processing /home/airflow/.local/lib/python3.12/site-packages/airflow/example_dags/example_short_circuit_decorator.py took 0.093 seconds
[2026-05-23T00:09:06.654+0000] {processor.py:161} INFO - Started process (PID=3323) to work on /home/airflow/.local/lib/python3.12/site-packages/airflow/example_dags/example_short_circuit_decorator.py
[2026-05-23T00:09:06.659+0000] {processor.py:830} INFO - Processing file /home/airflow/.local/lib/python3.12/site-packages/airflow/example_dags/example_short_circuit_decorator.py for tasks to queue
[2026-05-23T00:09:06.662+0000] {logging_mixin.py:188} INFO - [2026-05-23T00:09:06.662+0000] {dagbag.py:545} INFO - Filling up the DagBag from /home/airflow/.local/lib/python3.12/site-packages/airflow/example_dags/example_short_circuit_decorator.py
[2026-05-23T00:09:06.670+0000] {processor.py:840} INFO - DAG(s) 'example_short_circuit_decorator' retrieved from /home/airflow/.local/lib/python3.12/site-packages/airflow/example_dags/example_short_circuit_decorator.py
[2026-05-23T00:09:06.689+0000] {logging_mixin.py:188} INFO - [2026-05-23T00:09:06.689+0000] {dag.py:3096} INFO - Sync 1 DAGs
[2026-05-23T00:09:06.703+0000] {logging_mixin.py:188} INFO - [2026-05-23T00:09:06.703+0000] {dag.py:3954} INFO - Setting next_dagrun for example_short_circuit_decorator to 2026-05-22 00:00:00+00:00, run_after=2026-05-23 00:00:00+00:00
[2026-05-23T00:09:06.719+0000] {processor.py:183} INFO - Processing /home/airflow/.local/lib/python3.12/site-packages/airflow/example_dags/example_short_circuit_decorator.py took 0.070 seconds
[2026-05-23T00:09:37.122+0000] {processor.py:161} INFO - Started process (PID=3382) to work on /home/airflow/.local/lib/python3.12/site-packages/airflow/example_dags/example_short_circuit_decorator.py
[2026-05-23T00:09:37.124+0000] {processor.py:830} INFO - Processing file /home/airflow/.local/lib/python3.12/site-packages/airflow/example_dags/example_short_circuit_decorator.py for tasks to queue
[2026-05-23T00:09:37.126+0000] {logging_mixin.py:188} INFO - [2026-05-23T00:09:37.125+0000] {dagbag.py:545} INFO - Filling up the DagBag from /home/airflow/.local/lib/python3.12/site-packages/airflow/example_dags/example_short_circuit_decorator.py
[2026-05-23T00:09:37.135+0000] {processor.py:840} INFO - DAG(s) 'example_short_circuit_decorator' retrieved from /home/airflow/.local/lib/python3.12/site-packages/airflow/example_dags/example_short_circuit_decorator.py
[2026-05-23T00:09:37.155+0000] {logging_mixin.py:188} INFO - [2026-05-23T00:09:37.155+0000] {dag.py:3096} INFO - Sync 1 DAGs
[2026-05-23T00:09:37.173+0000] {logging_mixin.py:188} INFO - [2026-05-23T00:09:37.172+0000] {dag.py:3954} INFO - Setting next_dagrun for example_short_circuit_decorator to 2026-05-22 00:00:00+00:00, run_after=2026-05-23 00:00:00+00:00
[2026-05-23T00:09:37.188+0000] {processor.py:183} INFO - Processing /home/airflow/.local/lib/python3.12/site-packages/airflow/example_dags/example_short_circuit_decorator.py took 0.072 seconds
[2026-05-23T00:12:33.422+0000] {processor.py:161} INFO - Started process (PID=68) to work on /home/airflow/.local/lib/python3.12/site-packages/airflow/example_dags/example_short_circuit_decorator.py
[2026-05-23T00:12:33.424+0000] {processor.py:830} INFO - Processing file /home/airflow/.local/lib/python3.12/site-packages/airflow/example_dags/example_short_circuit_decorator.py for tasks to queue
[2026-05-23T00:12:33.426+0000] {logging_mixin.py:188} INFO - [2026-05-23T00:12:33.426+0000] {dagbag.py:545} INFO - Filling up the DagBag from /home/airflow/.local/lib/python3.12/site-packages/airflow/example_dags/example_short_circuit_decorator.py
[2026-05-23T00:12:33.436+0000] {processor.py:840} INFO - DAG(s) 'example_short_circuit_decorator' retrieved from /home/airflow/.local/lib/python3.12/site-packages/airflow/example_dags/example_short_circuit_decorator.py
[2026-05-23T00:12:33.458+0000] {logging_mixin.py:188} INFO - [2026-05-23T00:12:33.457+0000] {dag.py:3096} INFO - Sync 1 DAGs
[2026-05-23T00:12:33.494+0000] {logging_mixin.py:188} INFO - [2026-05-23T00:12:33.494+0000] {dag.py:3954} INFO - Setting next_dagrun for example_short_circuit_decorator to 2026-05-22 00:00:00+00:00, run_after=2026-05-23 00:00:00+00:00
[2026-05-23T00:12:33.541+0000] {processor.py:183} INFO - Processing /home/airflow/.local/lib/python3.12/site-packages/airflow/example_dags/example_short_circuit_decorator.py took 0.125 seconds
[2026-05-23T00:13:04.351+0000] {processor.py:161} INFO - Started process (PID=127) to work on /home/airflow/.local/lib/python3.12/site-packages/airflow/example_dags/example_short_circuit_decorator.py
[2026-05-23T00:13:04.352+0000] {processor.py:830} INFO - Processing file /home/airflow/.local/lib/python3.12/site-packages/airflow/example_dags/example_short_circuit_decorator.py for tasks to queue
[2026-05-23T00:13:04.355+0000] {logging_mixin.py:188} INFO - [2026-05-23T00:13:04.355+0000] {dagbag.py:545} INFO - Filling up the DagBag from /home/airflow/.local/lib/python3.12/site-packages/airflow/example_dags/example_short_circuit_decorator.py
[2026-05-23T00:13:04.361+0000] {processor.py:840} INFO - DAG(s) 'example_short_circuit_decorator' retrieved from /home/airflow/.local/lib/python3.12/site-packages/airflow/example_dags/example_short_circuit_decorator.py
[2026-05-23T00:13:04.437+0000] {logging_mixin.py:188} INFO - [2026-05-23T00:13:04.437+0000] {dag.py:3096} INFO - Sync 1 DAGs
[2026-05-23T00:13:04.453+0000] {logging_mixin.py:188} INFO - [2026-05-23T00:13:04.453+0000] {dag.py:3954} INFO - Setting next_dagrun for example_short_circuit_decorator to 2026-05-22 00:00:00+00:00, run_after=2026-05-23 00:00:00+00:00
[2026-05-23T00:13:04.471+0000] {processor.py:183} INFO - Processing /home/airflow/.local/lib/python3.12/site-packages/airflow/example_dags/example_short_circuit_decorator.py took 0.125 seconds
[2026-05-23T00:13:35.009+0000] {processor.py:161} INFO - Started process (PID=192) to work on /home/airflow/.local/lib/python3.12/site-packages/airflow/example_dags/example_short_circuit_decorator.py
[2026-05-23T00:13:35.010+0000] {processor.py:830} INFO - Processing file /home/airflow/.local/lib/python3.12/site-packages/airflow/example_dags/example_short_circuit_decorator.py for tasks to queue
[2026-05-23T00:13:35.014+0000] {logging_mixin.py:188} INFO - [2026-05-23T00:13:35.014+0000] {dagbag.py:545} INFO - Filling up the DagBag from /home/airflow/.local/lib/python3.12/site-packages/airflow/example_dags/example_short_circuit_decorator.py
[2026-05-23T00:13:35.020+0000] {processor.py:840} INFO - DAG(s) 'example_short_circuit_decorator' retrieved from /home/airflow/.local/lib/python3.12/site-packages/airflow/example_dags/example_short_circuit_decorator.py
[2026-05-23T00:13:35.037+0000] {logging_mixin.py:188} INFO - [2026-05-23T00:13:35.037+0000] {dag.py:3096} INFO - Sync 1 DAGs
[2026-05-23T00:13:35.052+0000] {logging_mixin.py:188} INFO - [2026-05-23T00:13:35.052+0000] {dag.py:3954} INFO - Setting next_dagrun for example_short_circuit_decorator to 2026-05-22 00:00:00+00:00, run_after=2026-05-23 00:00:00+00:00
[2026-05-23T00:13:35.063+0000] {processor.py:183} INFO - Processing /home/airflow/.local/lib/python3.12/site-packages/airflow/example_dags/example_short_circuit_decorator.py took 0.058 seconds
[2026-05-23T00:14:06.069+0000] {processor.py:161} INFO - Started process (PID=251) to work on /home/airflow/.local/lib/python3.12/site-packages/airflow/example_dags/example_short_circuit_decorator.py
[2026-05-23T00:14:06.072+0000] {processor.py:830} INFO - Processing file /home/airflow/.local/lib/python3.12/site-packages/airflow/example_dags/example_short_circuit_decorator.py for tasks to queue
[2026-05-23T00:14:06.083+0000] {logging_mixin.py:188} INFO - [2026-05-23T00:14:06.081+0000] {dagbag.py:545} INFO - Filling up the DagBag from /home/airflow/.local/lib/python3.12/site-packages/airflow/example_dags/example_short_circuit_decorator.py
[2026-05-23T00:14:06.106+0000] {processor.py:840} INFO - DAG(s) 'example_short_circuit_decorator' retrieved from /home/airflow/.local/lib/python3.12/site-packages/airflow/example_dags/example_short_circuit_decorator.py
[2026-05-23T00:14:06.157+0000] {logging_mixin.py:188} INFO - [2026-05-23T00:14:06.156+0000] {dag.py:3096} INFO - Sync 1 DAGs
[2026-05-23T00:14:06.193+0000] {logging_mixin.py:188} INFO - [2026-05-23T00:14:06.193+0000] {dag.py:3954} INFO - Setting next_dagrun for example_short_circuit_decorator to 2026-05-22 00:00:00+00:00, run_after=2026-05-23 00:00:00+00:00
[2026-05-23T00:14:06.219+0000] {processor.py:183} INFO - Processing /home/airflow/.local/lib/python3.12/site-packages/airflow/example_dags/example_short_circuit_decorator.py took 0.164 seconds
[2026-05-23T00:14:37.049+0000] {processor.py:161} INFO - Started process (PID=310) to work on /home/airflow/.local/lib/python3.12/site-packages/airflow/example_dags/example_short_circuit_decorator.py
[2026-05-23T00:14:37.051+0000] {processor.py:830} INFO - Processing file /home/airflow/.local/lib/python3.12/site-packages/airflow/example_dags/example_short_circuit_decorator.py for tasks to queue
[2026-05-23T00:14:37.052+0000] {logging_mixin.py:188} INFO - [2026-05-23T00:14:37.052+0000] {dagbag.py:545} INFO - Filling up the DagBag from /home/airflow/.local/lib/python3.12/site-packages/airflow/example_dags/example_short_circuit_decorator.py
[2026-05-23T00:14:37.057+0000] {processor.py:840} INFO - DAG(s) 'example_short_circuit_decorator' retrieved from /home/airflow/.local/lib/python3.12/site-packages/airflow/example_dags/example_short_circuit_decorator.py
[2026-05-23T00:14:37.074+0000] {logging_mixin.py:188} INFO - [2026-05-23T00:14:37.074+0000] {dag.py:3096} INFO - Sync 1 DAGs
[2026-05-23T00:14:37.089+0000] {logging_mixin.py:188} INFO - [2026-05-23T00:14:37.089+0000] {dag.py:3954} INFO - Setting next_dagrun for example_short_circuit_decorator to 2026-05-22 00:00:00+00:00, run_after=2026-05-23 00:00:00+00:00
[2026-05-23T00:14:37.102+0000] {processor.py:183} INFO - Processing /home/airflow/.local/lib/python3.12/site-packages/airflow/example_dags/example_short_circuit_decorator.py took 0.056 seconds
[2026-05-23T00:15:07.694+0000] {processor.py:161} INFO - Started process (PID=369) to work on /home/airflow/.local/lib/python3.12/site-packages/airflow/example_dags/example_short_circuit_decorator.py
[2026-05-23T00:15:07.696+0000] {processor.py:830} INFO - Processing file /home/airflow/.local/lib/python3.12/site-packages/airflow/example_dags/example_short_circuit_decorator.py for tasks to queue
[2026-05-23T00:15:07.697+0000] {logging_mixin.py:188} INFO - [2026-05-23T00:15:07.697+0000] {dagbag.py:545} INFO - Filling up the DagBag from /home/airflow/.local/lib/python3.12/site-packages/airflow/example_dags/example_short_circuit_decorator.py
[2026-05-23T00:15:07.704+0000] {processor.py:840} INFO - DAG(s) 'example_short_circuit_decorator' retrieved from /home/airflow/.local/lib/python3.12/site-packages/airflow/example_dags/example_short_circuit_decorator.py
[2026-05-23T00:15:07.724+0000] {logging_mixin.py:188} INFO - [2026-05-23T00:15:07.724+0000] {dag.py:3096} INFO - Sync 1 DAGs
[2026-05-23T00:15:07.742+0000] {logging_mixin.py:188} INFO - [2026-05-23T00:15:07.742+0000] {dag.py:3954} INFO - Setting next_dagrun for example_short_circuit_decorator to 2026-05-22 00:00:00+00:00, run_after=2026-05-23 00:00:00+00:00
[2026-05-23T00:15:07.760+0000] {processor.py:183} INFO - Processing /home/airflow/.local/lib/python3.12/site-packages/airflow/example_dags/example_short_circuit_decorator.py took 0.075 seconds
[2026-05-23T00:15:38.204+0000] {processor.py:161} INFO - Started process (PID=428) to work on /home/airflow/.local/lib/python3.12/site-packages/airflow/example_dags/example_short_circuit_decorator.py
[2026-05-23T00:15:38.205+0000] {processor.py:830} INFO - Processing file /home/airflow/.local/lib/python3.12/site-packages/airflow/example_dags/example_short_circuit_decorator.py for tasks to queue
[2026-05-23T00:15:38.207+0000] {logging_mixin.py:188} INFO - [2026-05-23T00:15:38.207+0000] {dagbag.py:545} INFO - Filling up the DagBag from /home/airflow/.local/lib/python3.12/site-packages/airflow/example_dags/example_short_circuit_decorator.py
[2026-05-23T00:15:38.213+0000] {processor.py:840} INFO - DAG(s) 'example_short_circuit_decorator' retrieved from /home/airflow/.local/lib/python3.12/site-packages/airflow/example_dags/example_short_circuit_decorator.py
[2026-05-23T00:15:38.228+0000] {logging_mixin.py:188} INFO - [2026-05-23T00:15:38.228+0000] {dag.py:3096} INFO - Sync 1 DAGs
[2026-05-23T00:15:38.247+0000] {logging_mixin.py:188} INFO - [2026-05-23T00:15:38.247+0000] {dag.py:3954} INFO - Setting next_dagrun for example_short_circuit_decorator to 2026-05-22 00:00:00+00:00, run_after=2026-05-23 00:00:00+00:00
[2026-05-23T00:15:38.260+0000] {processor.py:183} INFO - Processing /home/airflow/.local/lib/python3.12/site-packages/airflow/example_dags/example_short_circuit_decorator.py took 0.063 seconds
[2026-05-23T00:16:08.983+0000] {processor.py:161} INFO - Started process (PID=487) to work on /home/airflow/.local/lib/python3.12/site-packages/airflow/example_dags/example_short_circuit_decorator.py
[2026-05-23T00:16:08.985+0000] {processor.py:830} INFO - Processing file /home/airflow/.local/lib/python3.12/site-packages/airflow/example_dags/example_short_circuit_decorator.py for tasks to queue
[2026-05-23T00:16:08.987+0000] {logging_mixin.py:188} INFO - [2026-05-23T00:16:08.987+0000] {dagbag.py:545} INFO - Filling up the DagBag from /home/airflow/.local/lib/python3.12/site-packages/airflow/example_dags/example_short_circuit_decorator.py
[2026-05-23T00:16:08.996+0000] {processor.py:840} INFO - DAG(s) 'example_short_circuit_decorator' retrieved from /home/airflow/.local/lib/python3.12/site-packages/airflow/example_dags/example_short_circuit_decorator.py
[2026-05-23T00:16:09.017+0000] {logging_mixin.py:188} INFO - [2026-05-23T00:16:09.016+0000] {dag.py:3096} INFO - Sync 1 DAGs
[2026-05-23T00:16:09.033+0000] {logging_mixin.py:188} INFO - [2026-05-23T00:16:09.032+0000] {dag.py:3954} INFO - Setting next_dagrun for example_short_circuit_decorator to 2026-05-22 00:00:00+00:00, run_after=2026-05-23 00:00:00+00:00
[2026-05-23T00:16:09.044+0000] {processor.py:183} INFO - Processing /home/airflow/.local/lib/python3.12/site-packages/airflow/example_dags/example_short_circuit_decorator.py took 0.093 seconds
[2026-05-23T00:16:39.730+0000] {processor.py:161} INFO - Started process (PID=546) to work on /home/airflow/.local/lib/python3.12/site-packages/airflow/example_dags/example_short_circuit_decorator.py
[2026-05-23T00:16:39.734+0000] {processor.py:830} INFO - Processing file /home/airflow/.local/lib/python3.12/site-packages/airflow/example_dags/example_short_circuit_decorator.py for tasks to queue
[2026-05-23T00:16:39.740+0000] {logging_mixin.py:188} INFO - [2026-05-23T00:16:39.739+0000] {dagbag.py:545} INFO - Filling up the DagBag from /home/airflow/.local/lib/python3.12/site-packages/airflow/example_dags/example_short_circuit_decorator.py
[2026-05-23T00:16:39.772+0000] {processor.py:840} INFO - DAG(s) 'example_short_circuit_decorator' retrieved from /home/airflow/.local/lib/python3.12/site-packages/airflow/example_dags/example_short_circuit_decorator.py
[2026-05-23T00:16:39.828+0000] {logging_mixin.py:188} INFO - [2026-05-23T00:16:39.827+0000] {dag.py:3096} INFO - Sync 1 DAGs
[2026-05-23T00:16:39.858+0000] {logging_mixin.py:188} INFO - [2026-05-23T00:16:39.858+0000] {dag.py:3954} INFO - Setting next_dagrun for example_short_circuit_decorator to 2026-05-22 00:00:00+00:00, run_after=2026-05-23 00:00:00+00:00
[2026-05-23T00:16:39.880+0000] {processor.py:183} INFO - Processing /home/airflow/.local/lib/python3.12/site-packages/airflow/example_dags/example_short_circuit_decorator.py took 0.169 seconds
[2026-05-23T00:17:10.719+0000] {processor.py:161} INFO - Started process (PID=605) to work on /home/airflow/.local/lib/python3.12/site-packages/airflow/example_dags/example_short_circuit_decorator.py
[2026-05-23T00:17:10.721+0000] {processor.py:830} INFO - Processing file /home/airflow/.local/lib/python3.12/site-packages/airflow/example_dags/example_short_circuit_decorator.py for tasks to queue
[2026-05-23T00:17:10.724+0000] {logging_mixin.py:188} INFO - [2026-05-23T00:17:10.724+0000] {dagbag.py:545} INFO - Filling up the DagBag from /home/airflow/.local/lib/python3.12/site-packages/airflow/example_dags/example_short_circuit_decorator.py
[2026-05-23T00:17:10.738+0000] {processor.py:840} INFO - DAG(s) 'example_short_circuit_decorator' retrieved from /home/airflow/.local/lib/python3.12/site-packages/airflow/example_dags/example_short_circuit_decorator.py
[2026-05-23T00:17:10.765+0000] {logging_mixin.py:188} INFO - [2026-05-23T00:17:10.765+0000] {dag.py:3096} INFO - Sync 1 DAGs
[2026-05-23T00:17:10.780+0000] {logging_mixin.py:188} INFO - [2026-05-23T00:17:10.780+0000] {dag.py:3954} INFO - Setting next_dagrun for example_short_circuit_decorator to 2026-05-22 00:00:00+00:00, run_after=2026-05-23 00:00:00+00:00
[2026-05-23T00:17:10.802+0000] {processor.py:183} INFO - Processing /home/airflow/.local/lib/python3.12/site-packages/airflow/example_dags/example_short_circuit_decorator.py took 0.095 seconds
[2026-05-23T00:17:41.247+0000] {processor.py:161} INFO - Started process (PID=664) to work on /home/airflow/.local/lib/python3.12/site-packages/airflow/example_dags/example_short_circuit_decorator.py
[2026-05-23T00:17:41.248+0000] {processor.py:830} INFO - Processing file /home/airflow/.local/lib/python3.12/site-packages/airflow/example_dags/example_short_circuit_decorator.py for tasks to queue
[2026-05-23T00:17:41.249+0000] {logging_mixin.py:188} INFO - [2026-05-23T00:17:41.249+0000] {dagbag.py:545} INFO - Filling up the DagBag from /home/airflow/.local/lib/python3.12/site-packages/airflow/example_dags/example_short_circuit_decorator.py
[2026-05-23T00:17:41.256+0000] {processor.py:840} INFO - DAG(s) 'example_short_circuit_decorator' retrieved from /home/airflow/.local/lib/python3.12/site-packages/airflow/example_dags/example_short_circuit_decorator.py
[2026-05-23T00:17:41.274+0000] {logging_mixin.py:188} INFO - [2026-05-23T00:17:41.274+0000] {dag.py:3096} INFO - Sync 1 DAGs
[2026-05-23T00:17:41.289+0000] {logging_mixin.py:188} INFO - [2026-05-23T00:17:41.289+0000] {dag.py:3954} INFO - Setting next_dagrun for example_short_circuit_decorator to 2026-05-22 00:00:00+00:00, run_after=2026-05-23 00:00:00+00:00
[2026-05-23T00:17:41.301+0000] {processor.py:183} INFO - Processing /home/airflow/.local/lib/python3.12/site-packages/airflow/example_dags/example_short_circuit_decorator.py took 0.059 seconds
[2026-05-23T00:18:12.183+0000] {processor.py:161} INFO - Started process (PID=723) to work on /home/airflow/.local/lib/python3.12/site-packages/airflow/example_dags/example_short_circuit_decorator.py
[2026-05-23T00:18:12.184+0000] {processor.py:830} INFO - Processing file /home/airflow/.local/lib/python3.12/site-packages/airflow/example_dags/example_short_circuit_decorator.py for tasks to queue
[2026-05-23T00:18:12.185+0000] {logging_mixin.py:188} INFO - [2026-05-23T00:18:12.185+0000] {dagbag.py:545} INFO - Filling up the DagBag from /home/airflow/.local/lib/python3.12/site-packages/airflow/example_dags/example_short_circuit_decorator.py
[2026-05-23T00:18:12.191+0000] {processor.py:840} INFO - DAG(s) 'example_short_circuit_decorator' retrieved from /home/airflow/.local/lib/python3.12/site-packages/airflow/example_dags/example_short_circuit_decorator.py
[2026-05-23T00:18:12.204+0000] {logging_mixin.py:188} INFO - [2026-05-23T00:18:12.204+0000] {dag.py:3096} INFO - Sync 1 DAGs
[2026-05-23T00:18:12.221+0000] {logging_mixin.py:188} INFO - [2026-05-23T00:18:12.220+0000] {dag.py:3954} INFO - Setting next_dagrun for example_short_circuit_decorator to 2026-05-22 00:00:00+00:00, run_after=2026-05-23 00:00:00+00:00
[2026-05-23T00:18:12.231+0000] {processor.py:183} INFO - Processing /home/airflow/.local/lib/python3.12/site-packages/airflow/example_dags/example_short_circuit_decorator.py took 0.052 seconds
[2026-05-23T00:18:42.658+0000] {processor.py:161} INFO - Started process (PID=782) to work on /home/airflow/.local/lib/python3.12/site-packages/airflow/example_dags/example_short_circuit_decorator.py
[2026-05-23T00:18:42.659+0000] {processor.py:830} INFO - Processing file /home/airflow/.local/lib/python3.12/site-packages/airflow/example_dags/example_short_circuit_decorator.py for tasks to queue
[2026-05-23T00:18:42.661+0000] {logging_mixin.py:188} INFO - [2026-05-23T00:18:42.660+0000] {dagbag.py:545} INFO - Filling up the DagBag from /home/airflow/.local/lib/python3.12/site-packages/airflow/example_dags/example_short_circuit_decorator.py
[2026-05-23T00:18:42.668+0000] {processor.py:840} INFO - DAG(s) 'example_short_circuit_decorator' retrieved from /home/airflow/.local/lib/python3.12/site-packages/airflow/example_dags/example_short_circuit_decorator.py
[2026-05-23T00:18:42.684+0000] {logging_mixin.py:188} INFO - [2026-05-23T00:18:42.684+0000] {dag.py:3096} INFO - Sync 1 DAGs
[2026-05-23T00:18:42.702+0000] {logging_mixin.py:188} INFO - [2026-05-23T00:18:42.701+0000] {dag.py:3954} INFO - Setting next_dagrun for example_short_circuit_decorator to 2026-05-22 00:00:00+00:00, run_after=2026-05-23 00:00:00+00:00
[2026-05-23T00:18:42.718+0000] {processor.py:183} INFO - Processing /home/airflow/.local/lib/python3.12/site-packages/airflow/example_dags/example_short_circuit_decorator.py took 0.066 seconds
[2026-05-23T00:19:13.708+0000] {processor.py:161} INFO - Started process (PID=841) to work on /home/airflow/.local/lib/python3.12/site-packages/airflow/example_dags/example_short_circuit_decorator.py
[2026-05-23T00:19:13.709+0000] {processor.py:830} INFO - Processing file /home/airflow/.local/lib/python3.12/site-packages/airflow/example_dags/example_short_circuit_decorator.py for tasks to queue
[2026-05-23T00:19:13.710+0000] {logging_mixin.py:188} INFO - [2026-05-23T00:19:13.709+0000] {dagbag.py:545} INFO - Filling up the DagBag from /home/airflow/.local/lib/python3.12/site-packages/airflow/example_dags/example_short_circuit_decorator.py
[2026-05-23T00:19:13.715+0000] {processor.py:840} INFO - DAG(s) 'example_short_circuit_decorator' retrieved from /home/airflow/.local/lib/python3.12/site-packages/airflow/example_dags/example_short_circuit_decorator.py
[2026-05-23T00:19:13.728+0000] {logging_mixin.py:188} INFO - [2026-05-23T00:19:13.728+0000] {dag.py:3096} INFO - Sync 1 DAGs
[2026-05-23T00:19:13.741+0000] {logging_mixin.py:188} INFO - [2026-05-23T00:19:13.741+0000] {dag.py:3954} INFO - Setting next_dagrun for example_short_circuit_decorator to 2026-05-22 00:00:00+00:00, run_after=2026-05-23 00:00:00+00:00
[2026-05-23T00:19:13.750+0000] {processor.py:183} INFO - Processing /home/airflow/.local/lib/python3.12/site-packages/airflow/example_dags/example_short_circuit_decorator.py took 0.046 seconds
[2026-05-23T00:19:44.296+0000] {processor.py:161} INFO - Started process (PID=900) to work on /home/airflow/.local/lib/python3.12/site-packages/airflow/example_dags/example_short_circuit_decorator.py
[2026-05-23T00:19:44.298+0000] {processor.py:830} INFO - Processing file /home/airflow/.local/lib/python3.12/site-packages/airflow/example_dags/example_short_circuit_decorator.py for tasks to queue
[2026-05-23T00:19:44.299+0000] {logging_mixin.py:188} INFO - [2026-05-23T00:19:44.299+0000] {dagbag.py:545} INFO - Filling up the DagBag from /home/airflow/.local/lib/python3.12/site-packages/airflow/example_dags/example_short_circuit_decorator.py
[2026-05-23T00:19:44.307+0000] {processor.py:840} INFO - DAG(s) 'example_short_circuit_decorator' retrieved from /home/airflow/.local/lib/python3.12/site-packages/airflow/example_dags/example_short_circuit_decorator.py
[2026-05-23T00:19:44.331+0000] {logging_mixin.py:188} INFO - [2026-05-23T00:19:44.331+0000] {dag.py:3096} INFO - Sync 1 DAGs
[2026-05-23T00:19:44.359+0000] {logging_mixin.py:188} INFO - [2026-05-23T00:19:44.359+0000] {dag.py:3954} INFO - Setting next_dagrun for example_short_circuit_decorator to 2026-05-22 00:00:00+00:00, run_after=2026-05-23 00:00:00+00:00
[2026-05-23T00:19:44.402+0000] {processor.py:183} INFO - Processing /home/airflow/.local/lib/python3.12/site-packages/airflow/example_dags/example_short_circuit_decorator.py took 0.116 seconds
[2026-05-23T00:20:14.950+0000] {processor.py:161} INFO - Started process (PID=959) to work on /home/airflow/.local/lib/python3.12/site-packages/airflow/example_dags/example_short_circuit_decorator.py
[2026-05-23T00:20:14.951+0000] {processor.py:830} INFO - Processing file /home/airflow/.local/lib/python3.12/site-packages/airflow/example_dags/example_short_circuit_decorator.py for tasks to queue
[2026-05-23T00:20:14.953+0000] {logging_mixin.py:188} INFO - [2026-05-23T00:20:14.953+0000] {dagbag.py:545} INFO - Filling up the DagBag from /home/airflow/.local/lib/python3.12/site-packages/airflow/example_dags/example_short_circuit_decorator.py
[2026-05-23T00:20:14.959+0000] {processor.py:840} INFO - DAG(s) 'example_short_circuit_decorator' retrieved from /home/airflow/.local/lib/python3.12/site-packages/airflow/example_dags/example_short_circuit_decorator.py
[2026-05-23T00:20:14.979+0000] {logging_mixin.py:188} INFO - [2026-05-23T00:20:14.979+0000] {dag.py:3096} INFO - Sync 1 DAGs
[2026-05-23T00:20:14.999+0000] {logging_mixin.py:188} INFO - [2026-05-23T00:20:14.998+0000] {dag.py:3954} INFO - Setting next_dagrun for example_short_circuit_decorator to 2026-05-22 00:00:00+00:00, run_after=2026-05-23 00:00:00+00:00
[2026-05-23T00:20:15.015+0000] {processor.py:183} INFO - Processing /home/airflow/.local/lib/python3.12/site-packages/airflow/example_dags/example_short_circuit_decorator.py took 0.069 seconds
[2026-05-23T00:20:45.707+0000] {processor.py:161} INFO - Started process (PID=1018) to work on /home/airflow/.local/lib/python3.12/site-packages/airflow/example_dags/example_short_circuit_decorator.py
[2026-05-23T00:20:45.708+0000] {processor.py:830} INFO - Processing file /home/airflow/.local/lib/python3.12/site-packages/airflow/example_dags/example_short_circuit_decorator.py for tasks to queue
[2026-05-23T00:20:45.710+0000] {logging_mixin.py:188} INFO - [2026-05-23T00:20:45.709+0000] {dagbag.py:545} INFO - Filling up the DagBag from /home/airflow/.local/lib/python3.12/site-packages/airflow/example_dags/example_short_circuit_decorator.py
[2026-05-23T00:20:45.715+0000] {processor.py:840} INFO - DAG(s) 'example_short_circuit_decorator' retrieved from /home/airflow/.local/lib/python3.12/site-packages/airflow/example_dags/example_short_circuit_decorator.py
[2026-05-23T00:20:45.735+0000] {logging_mixin.py:188} INFO - [2026-05-23T00:20:45.735+0000] {dag.py:3096} INFO - Sync 1 DAGs
[2026-05-23T00:20:45.754+0000] {logging_mixin.py:188} INFO - [2026-05-23T00:20:45.754+0000] {dag.py:3954} INFO - Setting next_dagrun for example_short_circuit_decorator to 2026-05-22 00:00:00+00:00, run_after=2026-05-23 00:00:00+00:00
[2026-05-23T00:20:45.770+0000] {processor.py:183} INFO - Processing /home/airflow/.local/lib/python3.12/site-packages/airflow/example_dags/example_short_circuit_decorator.py took 0.070 seconds
[2026-05-23T00:21:16.696+0000] {processor.py:161} INFO - Started process (PID=1077) to work on /home/airflow/.local/lib/python3.12/site-packages/airflow/example_dags/example_short_circuit_decorator.py
[2026-05-23T00:21:16.697+0000] {processor.py:830} INFO - Processing file /home/airflow/.local/lib/python3.12/site-packages/airflow/example_dags/example_short_circuit_decorator.py for tasks to queue
[2026-05-23T00:21:16.702+0000] {logging_mixin.py:188} INFO - [2026-05-23T00:21:16.701+0000] {dagbag.py:545} INFO - Filling up the DagBag from /home/airflow/.local/lib/python3.12/site-packages/airflow/example_dags/example_short_circuit_decorator.py
[2026-05-23T00:21:16.708+0000] {processor.py:840} INFO - DAG(s) 'example_short_circuit_decorator' retrieved from /home/airflow/.local/lib/python3.12/site-packages/airflow/example_dags/example_short_circuit_decorator.py
[2026-05-23T00:21:16.721+0000] {logging_mixin.py:188} INFO - [2026-05-23T00:21:16.721+0000] {dag.py:3096} INFO - Sync 1 DAGs
[2026-05-23T00:21:16.735+0000] {logging_mixin.py:188} INFO - [2026-05-23T00:21:16.735+0000] {dag.py:3954} INFO - Setting next_dagrun for example_short_circuit_decorator to 2026-05-22 00:00:00+00:00, run_after=2026-05-23 00:00:00+00:00
[2026-05-23T00:21:16.751+0000] {processor.py:183} INFO - Processing /home/airflow/.local/lib/python3.12/site-packages/airflow/example_dags/example_short_circuit_decorator.py took 0.058 seconds
[2026-05-23T00:21:47.244+0000] {processor.py:161} INFO - Started process (PID=1136) to work on /home/airflow/.local/lib/python3.12/site-packages/airflow/example_dags/example_short_circuit_decorator.py
[2026-05-23T00:21:47.246+0000] {processor.py:830} INFO - Processing file /home/airflow/.local/lib/python3.12/site-packages/airflow/example_dags/example_short_circuit_decorator.py for tasks to queue
[2026-05-23T00:21:47.248+0000] {logging_mixin.py:188} INFO - [2026-05-23T00:21:47.248+0000] {dagbag.py:545} INFO - Filling up the DagBag from /home/airflow/.local/lib/python3.12/site-packages/airflow/example_dags/example_short_circuit_decorator.py
[2026-05-23T00:21:47.260+0000] {processor.py:840} INFO - DAG(s) 'example_short_circuit_decorator' retrieved from /home/airflow/.local/lib/python3.12/site-packages/airflow/example_dags/example_short_circuit_decorator.py
[2026-05-23T00:21:47.294+0000] {logging_mixin.py:188} INFO - [2026-05-23T00:21:47.294+0000] {dag.py:3096} INFO - Sync 1 DAGs
[2026-05-23T00:21:47.326+0000] {logging_mixin.py:188} INFO - [2026-05-23T00:21:47.326+0000] {dag.py:3954} INFO - Setting next_dagrun for example_short_circuit_decorator to 2026-05-22 00:00:00+00:00, run_after=2026-05-23 00:00:00+00:00
[2026-05-23T00:21:47.349+0000] {processor.py:183} INFO - Processing /home/airflow/.local/lib/python3.12/site-packages/airflow/example_dags/example_short_circuit_decorator.py took 0.118 seconds
[2026-05-23T00:22:17.633+0000] {processor.py:161} INFO - Started process (PID=1195) to work on /home/airflow/.local/lib/python3.12/site-packages/airflow/example_dags/example_short_circuit_decorator.py
[2026-05-23T00:22:17.634+0000] {processor.py:830} INFO - Processing file /home/airflow/.local/lib/python3.12/site-packages/airflow/example_dags/example_short_circuit_decorator.py for tasks to queue
[2026-05-23T00:22:17.635+0000] {logging_mixin.py:188} INFO - [2026-05-23T00:22:17.635+0000] {dagbag.py:545} INFO - Filling up the DagBag from /home/airflow/.local/lib/python3.12/site-packages/airflow/example_dags/example_short_circuit_decorator.py
[2026-05-23T00:22:17.642+0000] {processor.py:840} INFO - DAG(s) 'example_short_circuit_decorator' retrieved from /home/airflow/.local/lib/python3.12/site-packages/airflow/example_dags/example_short_circuit_decorator.py
[2026-05-23T00:22:17.657+0000] {logging_mixin.py:188} INFO - [2026-05-23T00:22:17.657+0000] {dag.py:3096} INFO - Sync 1 DAGs
[2026-05-23T00:22:17.671+0000] {logging_mixin.py:188} INFO - [2026-05-23T00:22:17.671+0000] {dag.py:3954} INFO - Setting next_dagrun for example_short_circuit_decorator to 2026-05-22 00:00:00+00:00, run_after=2026-05-23 00:00:00+00:00
[2026-05-23T00:22:17.685+0000] {processor.py:183} INFO - Processing /home/airflow/.local/lib/python3.12/site-packages/airflow/example_dags/example_short_circuit_decorator.py took 0.060 seconds
