[2026-05-23T00:00:23.688+0000] {processor.py:161} INFO - Started process (PID=2315) to work on /home/airflow/.local/lib/python3.12/site-packages/airflow/example_dags/example_xcomargs.py
[2026-05-23T00:00:23.689+0000] {processor.py:830} INFO - Processing file /home/airflow/.local/lib/python3.12/site-packages/airflow/example_dags/example_xcomargs.py for tasks to queue
[2026-05-23T00:00:23.693+0000] {logging_mixin.py:188} INFO - [2026-05-23T00:00:23.693+0000] {dagbag.py:545} INFO - Filling up the DagBag from /home/airflow/.local/lib/python3.12/site-packages/airflow/example_dags/example_xcomargs.py
[2026-05-23T00:00:23.700+0000] {processor.py:840} INFO - DAG(s) 'example_xcom_args_with_operators', 'example_xcom_args' retrieved from /home/airflow/.local/lib/python3.12/site-packages/airflow/example_dags/example_xcomargs.py
[2026-05-23T00:00:23.726+0000] {logging_mixin.py:188} INFO - [2026-05-23T00:00:23.726+0000] {dag.py:3096} INFO - Sync 2 DAGs
[2026-05-23T00:00:23.736+0000] {logging_mixin.py:188} INFO - [2026-05-23T00:00:23.736+0000] {dag.py:3954} INFO - Setting next_dagrun for example_xcom_args to None, run_after=None
[2026-05-23T00:00:23.740+0000] {logging_mixin.py:188} INFO - [2026-05-23T00:00:23.740+0000] {dag.py:3954} INFO - Setting next_dagrun for example_xcom_args_with_operators to None, run_after=None
[2026-05-23T00:00:23.753+0000] {processor.py:183} INFO - Processing /home/airflow/.local/lib/python3.12/site-packages/airflow/example_dags/example_xcomargs.py took 0.070 seconds
[2026-05-23T00:00:54.881+0000] {processor.py:161} INFO - Started process (PID=2374) to work on /home/airflow/.local/lib/python3.12/site-packages/airflow/example_dags/example_xcomargs.py
[2026-05-23T00:00:54.887+0000] {processor.py:830} INFO - Processing file /home/airflow/.local/lib/python3.12/site-packages/airflow/example_dags/example_xcomargs.py for tasks to queue
[2026-05-23T00:00:54.892+0000] {logging_mixin.py:188} INFO - [2026-05-23T00:00:54.892+0000] {dagbag.py:545} INFO - Filling up the DagBag from /home/airflow/.local/lib/python3.12/site-packages/airflow/example_dags/example_xcomargs.py
[2026-05-23T00:00:54.904+0000] {processor.py:840} INFO - DAG(s) 'example_xcom_args_with_operators', 'example_xcom_args' retrieved from /home/airflow/.local/lib/python3.12/site-packages/airflow/example_dags/example_xcomargs.py
[2026-05-23T00:00:54.943+0000] {logging_mixin.py:188} INFO - [2026-05-23T00:00:54.942+0000] {dag.py:3096} INFO - Sync 2 DAGs
[2026-05-23T00:00:54.956+0000] {logging_mixin.py:188} INFO - [2026-05-23T00:00:54.956+0000] {dag.py:3954} INFO - Setting next_dagrun for example_xcom_args to None, run_after=None
[2026-05-23T00:00:54.962+0000] {logging_mixin.py:188} INFO - [2026-05-23T00:00:54.961+0000] {dag.py:3954} INFO - Setting next_dagrun for example_xcom_args_with_operators to None, run_after=None
[2026-05-23T00:00:55.011+0000] {processor.py:183} INFO - Processing /home/airflow/.local/lib/python3.12/site-packages/airflow/example_dags/example_xcomargs.py took 0.136 seconds
[2026-05-23T00:01:25.058+0000] {processor.py:161} INFO - Started process (PID=2433) to work on /home/airflow/.local/lib/python3.12/site-packages/airflow/example_dags/example_xcomargs.py
[2026-05-23T00:01:25.059+0000] {processor.py:830} INFO - Processing file /home/airflow/.local/lib/python3.12/site-packages/airflow/example_dags/example_xcomargs.py for tasks to queue
[2026-05-23T00:01:25.062+0000] {logging_mixin.py:188} INFO - [2026-05-23T00:01:25.062+0000] {dagbag.py:545} INFO - Filling up the DagBag from /home/airflow/.local/lib/python3.12/site-packages/airflow/example_dags/example_xcomargs.py
[2026-05-23T00:01:25.068+0000] {processor.py:840} INFO - DAG(s) 'example_xcom_args', 'example_xcom_args_with_operators' retrieved from /home/airflow/.local/lib/python3.12/site-packages/airflow/example_dags/example_xcomargs.py
[2026-05-23T00:01:25.088+0000] {logging_mixin.py:188} INFO - [2026-05-23T00:01:25.088+0000] {dag.py:3096} INFO - Sync 2 DAGs
[2026-05-23T00:01:25.097+0000] {logging_mixin.py:188} INFO - [2026-05-23T00:01:25.097+0000] {dag.py:3954} INFO - Setting next_dagrun for example_xcom_args to None, run_after=None
[2026-05-23T00:01:25.100+0000] {logging_mixin.py:188} INFO - [2026-05-23T00:01:25.100+0000] {dag.py:3954} INFO - Setting next_dagrun for example_xcom_args_with_operators to None, run_after=None
[2026-05-23T00:01:25.115+0000] {processor.py:183} INFO - Processing /home/airflow/.local/lib/python3.12/site-packages/airflow/example_dags/example_xcomargs.py took 0.061 seconds
