[2026-05-23T00:00:23.616+0000] {processor.py:161} INFO - Started process (PID=2313) to work on /home/airflow/.local/lib/python3.12/site-packages/airflow/example_dags/example_branch_python_dop_operator_3.py
[2026-05-23T00:00:23.616+0000] {processor.py:830} INFO - Processing file /home/airflow/.local/lib/python3.12/site-packages/airflow/example_dags/example_branch_python_dop_operator_3.py for tasks to queue
[2026-05-23T00:00:23.618+0000] {logging_mixin.py:188} INFO - [2026-05-23T00:00:23.617+0000] {dagbag.py:545} INFO - Filling up the DagBag from /home/airflow/.local/lib/python3.12/site-packages/airflow/example_dags/example_branch_python_dop_operator_3.py
[2026-05-23T00:00:23.623+0000] {processor.py:840} INFO - DAG(s) 'example_branch_dop_operator_v3' retrieved from /home/airflow/.local/lib/python3.12/site-packages/airflow/example_dags/example_branch_python_dop_operator_3.py
[2026-05-23T00:00:23.636+0000] {logging_mixin.py:188} INFO - [2026-05-23T00:00:23.636+0000] {dag.py:3096} INFO - Sync 1 DAGs
[2026-05-23T00:00:23.654+0000] {logging_mixin.py:188} INFO - [2026-05-23T00:00:23.654+0000] {dag.py:3954} INFO - Setting next_dagrun for example_branch_dop_operator_v3 to 2026-05-22 23:59:00+00:00, run_after=2026-05-23 00:00:00+00:00
[2026-05-23T00:00:23.668+0000] {processor.py:183} INFO - Processing /home/airflow/.local/lib/python3.12/site-packages/airflow/example_dags/example_branch_python_dop_operator_3.py took 0.056 seconds
[2026-05-23T00:00:54.801+0000] {processor.py:161} INFO - Started process (PID=2372) to work on /home/airflow/.local/lib/python3.12/site-packages/airflow/example_dags/example_branch_python_dop_operator_3.py
[2026-05-23T00:00:54.802+0000] {processor.py:830} INFO - Processing file /home/airflow/.local/lib/python3.12/site-packages/airflow/example_dags/example_branch_python_dop_operator_3.py for tasks to queue
[2026-05-23T00:00:54.803+0000] {logging_mixin.py:188} INFO - [2026-05-23T00:00:54.803+0000] {dagbag.py:545} INFO - Filling up the DagBag from /home/airflow/.local/lib/python3.12/site-packages/airflow/example_dags/example_branch_python_dop_operator_3.py
[2026-05-23T00:00:54.810+0000] {processor.py:840} INFO - DAG(s) 'example_branch_dop_operator_v3' retrieved from /home/airflow/.local/lib/python3.12/site-packages/airflow/example_dags/example_branch_python_dop_operator_3.py
[2026-05-23T00:00:54.825+0000] {logging_mixin.py:188} INFO - [2026-05-23T00:00:54.825+0000] {dag.py:3096} INFO - Sync 1 DAGs
[2026-05-23T00:00:54.843+0000] {logging_mixin.py:188} INFO - [2026-05-23T00:00:54.842+0000] {dag.py:3954} INFO - Setting next_dagrun for example_branch_dop_operator_v3 to 2026-05-22 23:59:00+00:00, run_after=2026-05-23 00:00:00+00:00
[2026-05-23T00:00:54.854+0000] {processor.py:183} INFO - Processing /home/airflow/.local/lib/python3.12/site-packages/airflow/example_dags/example_branch_python_dop_operator_3.py took 0.058 seconds
[2026-05-23T00:01:24.987+0000] {processor.py:161} INFO - Started process (PID=2431) to work on /home/airflow/.local/lib/python3.12/site-packages/airflow/example_dags/example_branch_python_dop_operator_3.py
[2026-05-23T00:01:24.988+0000] {processor.py:830} INFO - Processing file /home/airflow/.local/lib/python3.12/site-packages/airflow/example_dags/example_branch_python_dop_operator_3.py for tasks to queue
[2026-05-23T00:01:24.989+0000] {logging_mixin.py:188} INFO - [2026-05-23T00:01:24.989+0000] {dagbag.py:545} INFO - Filling up the DagBag from /home/airflow/.local/lib/python3.12/site-packages/airflow/example_dags/example_branch_python_dop_operator_3.py
[2026-05-23T00:01:24.995+0000] {processor.py:840} INFO - DAG(s) 'example_branch_dop_operator_v3' retrieved from /home/airflow/.local/lib/python3.12/site-packages/airflow/example_dags/example_branch_python_dop_operator_3.py
[2026-05-23T00:01:25.008+0000] {logging_mixin.py:188} INFO - [2026-05-23T00:01:25.008+0000] {dag.py:3096} INFO - Sync 1 DAGs
[2026-05-23T00:01:25.024+0000] {logging_mixin.py:188} INFO - [2026-05-23T00:01:25.023+0000] {dag.py:3954} INFO - Setting next_dagrun for example_branch_dop_operator_v3 to 2026-05-23 00:00:00+00:00, run_after=2026-05-23 00:01:00+00:00
[2026-05-23T00:01:25.034+0000] {processor.py:183} INFO - Processing /home/airflow/.local/lib/python3.12/site-packages/airflow/example_dags/example_branch_python_dop_operator_3.py took 0.051 seconds
[2026-05-23T00:01:55.143+0000] {processor.py:161} INFO - Started process (PID=2490) to work on /home/airflow/.local/lib/python3.12/site-packages/airflow/example_dags/example_branch_python_dop_operator_3.py
[2026-05-23T00:01:55.144+0000] {processor.py:830} INFO - Processing file /home/airflow/.local/lib/python3.12/site-packages/airflow/example_dags/example_branch_python_dop_operator_3.py for tasks to queue
[2026-05-23T00:01:55.145+0000] {logging_mixin.py:188} INFO - [2026-05-23T00:01:55.145+0000] {dagbag.py:545} INFO - Filling up the DagBag from /home/airflow/.local/lib/python3.12/site-packages/airflow/example_dags/example_branch_python_dop_operator_3.py
[2026-05-23T00:01:55.151+0000] {processor.py:840} INFO - DAG(s) 'example_branch_dop_operator_v3' retrieved from /home/airflow/.local/lib/python3.12/site-packages/airflow/example_dags/example_branch_python_dop_operator_3.py
[2026-05-23T00:01:55.164+0000] {logging_mixin.py:188} INFO - [2026-05-23T00:01:55.164+0000] {dag.py:3096} INFO - Sync 1 DAGs
[2026-05-23T00:01:55.179+0000] {logging_mixin.py:188} INFO - [2026-05-23T00:01:55.179+0000] {dag.py:3954} INFO - Setting next_dagrun for example_branch_dop_operator_v3 to 2026-05-23 00:00:00+00:00, run_after=2026-05-23 00:01:00+00:00
[2026-05-23T00:01:55.188+0000] {processor.py:183} INFO - Processing /home/airflow/.local/lib/python3.12/site-packages/airflow/example_dags/example_branch_python_dop_operator_3.py took 0.049 seconds
[2026-05-23T00:02:25.465+0000] {processor.py:161} INFO - Started process (PID=2549) to work on /home/airflow/.local/lib/python3.12/site-packages/airflow/example_dags/example_branch_python_dop_operator_3.py
[2026-05-23T00:02:25.465+0000] {processor.py:830} INFO - Processing file /home/airflow/.local/lib/python3.12/site-packages/airflow/example_dags/example_branch_python_dop_operator_3.py for tasks to queue
[2026-05-23T00:02:25.467+0000] {logging_mixin.py:188} INFO - [2026-05-23T00:02:25.466+0000] {dagbag.py:545} INFO - Filling up the DagBag from /home/airflow/.local/lib/python3.12/site-packages/airflow/example_dags/example_branch_python_dop_operator_3.py
[2026-05-23T00:02:25.472+0000] {processor.py:840} INFO - DAG(s) 'example_branch_dop_operator_v3' retrieved from /home/airflow/.local/lib/python3.12/site-packages/airflow/example_dags/example_branch_python_dop_operator_3.py
[2026-05-23T00:02:25.486+0000] {logging_mixin.py:188} INFO - [2026-05-23T00:02:25.485+0000] {dag.py:3096} INFO - Sync 1 DAGs
[2026-05-23T00:02:25.500+0000] {logging_mixin.py:188} INFO - [2026-05-23T00:02:25.500+0000] {dag.py:3954} INFO - Setting next_dagrun for example_branch_dop_operator_v3 to 2026-05-23 00:01:00+00:00, run_after=2026-05-23 00:02:00+00:00
[2026-05-23T00:02:25.510+0000] {processor.py:183} INFO - Processing /home/airflow/.local/lib/python3.12/site-packages/airflow/example_dags/example_branch_python_dop_operator_3.py took 0.050 seconds
[2026-05-23T00:02:55.639+0000] {processor.py:161} INFO - Started process (PID=2608) to work on /home/airflow/.local/lib/python3.12/site-packages/airflow/example_dags/example_branch_python_dop_operator_3.py
[2026-05-23T00:02:55.640+0000] {processor.py:830} INFO - Processing file /home/airflow/.local/lib/python3.12/site-packages/airflow/example_dags/example_branch_python_dop_operator_3.py for tasks to queue
[2026-05-23T00:02:55.641+0000] {logging_mixin.py:188} INFO - [2026-05-23T00:02:55.641+0000] {dagbag.py:545} INFO - Filling up the DagBag from /home/airflow/.local/lib/python3.12/site-packages/airflow/example_dags/example_branch_python_dop_operator_3.py
[2026-05-23T00:02:55.647+0000] {processor.py:840} INFO - DAG(s) 'example_branch_dop_operator_v3' retrieved from /home/airflow/.local/lib/python3.12/site-packages/airflow/example_dags/example_branch_python_dop_operator_3.py
[2026-05-23T00:02:55.665+0000] {logging_mixin.py:188} INFO - [2026-05-23T00:02:55.665+0000] {dag.py:3096} INFO - Sync 1 DAGs
[2026-05-23T00:02:55.687+0000] {logging_mixin.py:188} INFO - [2026-05-23T00:02:55.687+0000] {dag.py:3954} INFO - Setting next_dagrun for example_branch_dop_operator_v3 to 2026-05-23 00:01:00+00:00, run_after=2026-05-23 00:02:00+00:00
[2026-05-23T00:02:55.702+0000] {processor.py:183} INFO - Processing /home/airflow/.local/lib/python3.12/site-packages/airflow/example_dags/example_branch_python_dop_operator_3.py took 0.067 seconds
[2026-05-23T00:03:26.364+0000] {processor.py:161} INFO - Started process (PID=2667) to work on /home/airflow/.local/lib/python3.12/site-packages/airflow/example_dags/example_branch_python_dop_operator_3.py
[2026-05-23T00:03:26.364+0000] {processor.py:830} INFO - Processing file /home/airflow/.local/lib/python3.12/site-packages/airflow/example_dags/example_branch_python_dop_operator_3.py for tasks to queue
[2026-05-23T00:03:26.366+0000] {logging_mixin.py:188} INFO - [2026-05-23T00:03:26.366+0000] {dagbag.py:545} INFO - Filling up the DagBag from /home/airflow/.local/lib/python3.12/site-packages/airflow/example_dags/example_branch_python_dop_operator_3.py
[2026-05-23T00:03:26.372+0000] {processor.py:840} INFO - DAG(s) 'example_branch_dop_operator_v3' retrieved from /home/airflow/.local/lib/python3.12/site-packages/airflow/example_dags/example_branch_python_dop_operator_3.py
[2026-05-23T00:03:26.385+0000] {logging_mixin.py:188} INFO - [2026-05-23T00:03:26.385+0000] {dag.py:3096} INFO - Sync 1 DAGs
[2026-05-23T00:03:26.400+0000] {logging_mixin.py:188} INFO - [2026-05-23T00:03:26.400+0000] {dag.py:3954} INFO - Setting next_dagrun for example_branch_dop_operator_v3 to 2026-05-23 00:02:00+00:00, run_after=2026-05-23 00:03:00+00:00
[2026-05-23T00:03:26.410+0000] {processor.py:183} INFO - Processing /home/airflow/.local/lib/python3.12/site-packages/airflow/example_dags/example_branch_python_dop_operator_3.py took 0.050 seconds
[2026-05-23T00:03:57.063+0000] {processor.py:161} INFO - Started process (PID=2726) to work on /home/airflow/.local/lib/python3.12/site-packages/airflow/example_dags/example_branch_python_dop_operator_3.py
[2026-05-23T00:03:57.065+0000] {processor.py:830} INFO - Processing file /home/airflow/.local/lib/python3.12/site-packages/airflow/example_dags/example_branch_python_dop_operator_3.py for tasks to queue
[2026-05-23T00:03:57.069+0000] {logging_mixin.py:188} INFO - [2026-05-23T00:03:57.068+0000] {dagbag.py:545} INFO - Filling up the DagBag from /home/airflow/.local/lib/python3.12/site-packages/airflow/example_dags/example_branch_python_dop_operator_3.py
[2026-05-23T00:03:57.087+0000] {processor.py:840} INFO - DAG(s) 'example_branch_dop_operator_v3' retrieved from /home/airflow/.local/lib/python3.12/site-packages/airflow/example_dags/example_branch_python_dop_operator_3.py
[2026-05-23T00:03:57.128+0000] {logging_mixin.py:188} INFO - [2026-05-23T00:03:57.128+0000] {dag.py:3096} INFO - Sync 1 DAGs
[2026-05-23T00:03:57.154+0000] {logging_mixin.py:188} INFO - [2026-05-23T00:03:57.154+0000] {dag.py:3954} INFO - Setting next_dagrun for example_branch_dop_operator_v3 to 2026-05-23 00:02:00+00:00, run_after=2026-05-23 00:03:00+00:00
[2026-05-23T00:03:57.179+0000] {processor.py:183} INFO - Processing /home/airflow/.local/lib/python3.12/site-packages/airflow/example_dags/example_branch_python_dop_operator_3.py took 0.125 seconds
[2026-05-23T00:04:27.622+0000] {processor.py:161} INFO - Started process (PID=2785) to work on /home/airflow/.local/lib/python3.12/site-packages/airflow/example_dags/example_branch_python_dop_operator_3.py
[2026-05-23T00:04:27.623+0000] {processor.py:830} INFO - Processing file /home/airflow/.local/lib/python3.12/site-packages/airflow/example_dags/example_branch_python_dop_operator_3.py for tasks to queue
[2026-05-23T00:04:27.626+0000] {logging_mixin.py:188} INFO - [2026-05-23T00:04:27.626+0000] {dagbag.py:545} INFO - Filling up the DagBag from /home/airflow/.local/lib/python3.12/site-packages/airflow/example_dags/example_branch_python_dop_operator_3.py
[2026-05-23T00:04:27.637+0000] {processor.py:840} INFO - DAG(s) 'example_branch_dop_operator_v3' retrieved from /home/airflow/.local/lib/python3.12/site-packages/airflow/example_dags/example_branch_python_dop_operator_3.py
[2026-05-23T00:04:27.664+0000] {logging_mixin.py:188} INFO - [2026-05-23T00:04:27.664+0000] {dag.py:3096} INFO - Sync 1 DAGs
[2026-05-23T00:04:27.681+0000] {logging_mixin.py:188} INFO - [2026-05-23T00:04:27.681+0000] {dag.py:3954} INFO - Setting next_dagrun for example_branch_dop_operator_v3 to 2026-05-23 00:03:00+00:00, run_after=2026-05-23 00:04:00+00:00
[2026-05-23T00:04:27.701+0000] {processor.py:183} INFO - Processing /home/airflow/.local/lib/python3.12/site-packages/airflow/example_dags/example_branch_python_dop_operator_3.py took 0.084 seconds
[2026-05-23T00:04:57.968+0000] {processor.py:161} INFO - Started process (PID=2844) to work on /home/airflow/.local/lib/python3.12/site-packages/airflow/example_dags/example_branch_python_dop_operator_3.py
[2026-05-23T00:04:57.969+0000] {processor.py:830} INFO - Processing file /home/airflow/.local/lib/python3.12/site-packages/airflow/example_dags/example_branch_python_dop_operator_3.py for tasks to queue
[2026-05-23T00:04:57.970+0000] {logging_mixin.py:188} INFO - [2026-05-23T00:04:57.970+0000] {dagbag.py:545} INFO - Filling up the DagBag from /home/airflow/.local/lib/python3.12/site-packages/airflow/example_dags/example_branch_python_dop_operator_3.py
[2026-05-23T00:04:57.976+0000] {processor.py:840} INFO - DAG(s) 'example_branch_dop_operator_v3' retrieved from /home/airflow/.local/lib/python3.12/site-packages/airflow/example_dags/example_branch_python_dop_operator_3.py
[2026-05-23T00:04:57.990+0000] {logging_mixin.py:188} INFO - [2026-05-23T00:04:57.990+0000] {dag.py:3096} INFO - Sync 1 DAGs
[2026-05-23T00:04:58.007+0000] {logging_mixin.py:188} INFO - [2026-05-23T00:04:58.007+0000] {dag.py:3954} INFO - Setting next_dagrun for example_branch_dop_operator_v3 to 2026-05-23 00:03:00+00:00, run_after=2026-05-23 00:04:00+00:00
[2026-05-23T00:04:58.019+0000] {processor.py:183} INFO - Processing /home/airflow/.local/lib/python3.12/site-packages/airflow/example_dags/example_branch_python_dop_operator_3.py took 0.055 seconds
[2026-05-23T00:05:28.131+0000] {processor.py:161} INFO - Started process (PID=2903) to work on /home/airflow/.local/lib/python3.12/site-packages/airflow/example_dags/example_branch_python_dop_operator_3.py
[2026-05-23T00:05:28.133+0000] {processor.py:830} INFO - Processing file /home/airflow/.local/lib/python3.12/site-packages/airflow/example_dags/example_branch_python_dop_operator_3.py for tasks to queue
[2026-05-23T00:05:28.137+0000] {logging_mixin.py:188} INFO - [2026-05-23T00:05:28.137+0000] {dagbag.py:545} INFO - Filling up the DagBag from /home/airflow/.local/lib/python3.12/site-packages/airflow/example_dags/example_branch_python_dop_operator_3.py
[2026-05-23T00:05:28.144+0000] {processor.py:840} INFO - DAG(s) 'example_branch_dop_operator_v3' retrieved from /home/airflow/.local/lib/python3.12/site-packages/airflow/example_dags/example_branch_python_dop_operator_3.py
[2026-05-23T00:05:28.162+0000] {logging_mixin.py:188} INFO - [2026-05-23T00:05:28.162+0000] {dag.py:3096} INFO - Sync 1 DAGs
[2026-05-23T00:05:28.178+0000] {logging_mixin.py:188} INFO - [2026-05-23T00:05:28.178+0000] {dag.py:3954} INFO - Setting next_dagrun for example_branch_dop_operator_v3 to 2026-05-23 00:04:00+00:00, run_after=2026-05-23 00:05:00+00:00
[2026-05-23T00:05:28.189+0000] {processor.py:183} INFO - Processing /home/airflow/.local/lib/python3.12/site-packages/airflow/example_dags/example_branch_python_dop_operator_3.py took 0.062 seconds
[2026-05-23T00:05:58.517+0000] {processor.py:161} INFO - Started process (PID=2962) to work on /home/airflow/.local/lib/python3.12/site-packages/airflow/example_dags/example_branch_python_dop_operator_3.py
[2026-05-23T00:05:58.518+0000] {processor.py:830} INFO - Processing file /home/airflow/.local/lib/python3.12/site-packages/airflow/example_dags/example_branch_python_dop_operator_3.py for tasks to queue
[2026-05-23T00:05:58.519+0000] {logging_mixin.py:188} INFO - [2026-05-23T00:05:58.519+0000] {dagbag.py:545} INFO - Filling up the DagBag from /home/airflow/.local/lib/python3.12/site-packages/airflow/example_dags/example_branch_python_dop_operator_3.py
[2026-05-23T00:05:58.525+0000] {processor.py:840} INFO - DAG(s) 'example_branch_dop_operator_v3' retrieved from /home/airflow/.local/lib/python3.12/site-packages/airflow/example_dags/example_branch_python_dop_operator_3.py
[2026-05-23T00:05:58.538+0000] {logging_mixin.py:188} INFO - [2026-05-23T00:05:58.538+0000] {dag.py:3096} INFO - Sync 1 DAGs
[2026-05-23T00:05:58.553+0000] {logging_mixin.py:188} INFO - [2026-05-23T00:05:58.552+0000] {dag.py:3954} INFO - Setting next_dagrun for example_branch_dop_operator_v3 to 2026-05-23 00:04:00+00:00, run_after=2026-05-23 00:05:00+00:00
[2026-05-23T00:05:58.563+0000] {processor.py:183} INFO - Processing /home/airflow/.local/lib/python3.12/site-packages/airflow/example_dags/example_branch_python_dop_operator_3.py took 0.049 seconds
[2026-05-23T00:06:29.147+0000] {processor.py:161} INFO - Started process (PID=3021) to work on /home/airflow/.local/lib/python3.12/site-packages/airflow/example_dags/example_branch_python_dop_operator_3.py
[2026-05-23T00:06:29.148+0000] {processor.py:830} INFO - Processing file /home/airflow/.local/lib/python3.12/site-packages/airflow/example_dags/example_branch_python_dop_operator_3.py for tasks to queue
[2026-05-23T00:06:29.150+0000] {logging_mixin.py:188} INFO - [2026-05-23T00:06:29.149+0000] {dagbag.py:545} INFO - Filling up the DagBag from /home/airflow/.local/lib/python3.12/site-packages/airflow/example_dags/example_branch_python_dop_operator_3.py
[2026-05-23T00:06:29.156+0000] {processor.py:840} INFO - DAG(s) 'example_branch_dop_operator_v3' retrieved from /home/airflow/.local/lib/python3.12/site-packages/airflow/example_dags/example_branch_python_dop_operator_3.py
[2026-05-23T00:06:29.169+0000] {logging_mixin.py:188} INFO - [2026-05-23T00:06:29.169+0000] {dag.py:3096} INFO - Sync 1 DAGs
[2026-05-23T00:06:29.185+0000] {logging_mixin.py:188} INFO - [2026-05-23T00:06:29.184+0000] {dag.py:3954} INFO - Setting next_dagrun for example_branch_dop_operator_v3 to 2026-05-23 00:05:00+00:00, run_after=2026-05-23 00:06:00+00:00
[2026-05-23T00:06:29.195+0000] {processor.py:183} INFO - Processing /home/airflow/.local/lib/python3.12/site-packages/airflow/example_dags/example_branch_python_dop_operator_3.py took 0.052 seconds
[2026-05-23T00:07:00.642+0000] {processor.py:161} INFO - Started process (PID=3080) to work on /home/airflow/.local/lib/python3.12/site-packages/airflow/example_dags/example_branch_python_dop_operator_3.py
[2026-05-23T00:07:00.643+0000] {processor.py:830} INFO - Processing file /home/airflow/.local/lib/python3.12/site-packages/airflow/example_dags/example_branch_python_dop_operator_3.py for tasks to queue
[2026-05-23T00:07:00.646+0000] {logging_mixin.py:188} INFO - [2026-05-23T00:07:00.646+0000] {dagbag.py:545} INFO - Filling up the DagBag from /home/airflow/.local/lib/python3.12/site-packages/airflow/example_dags/example_branch_python_dop_operator_3.py
[2026-05-23T00:07:00.659+0000] {processor.py:840} INFO - DAG(s) 'example_branch_dop_operator_v3' retrieved from /home/airflow/.local/lib/python3.12/site-packages/airflow/example_dags/example_branch_python_dop_operator_3.py
[2026-05-23T00:07:00.709+0000] {logging_mixin.py:188} INFO - [2026-05-23T00:07:00.709+0000] {dag.py:3096} INFO - Sync 1 DAGs
[2026-05-23T00:07:00.742+0000] {logging_mixin.py:188} INFO - [2026-05-23T00:07:00.742+0000] {dag.py:3954} INFO - Setting next_dagrun for example_branch_dop_operator_v3 to 2026-05-23 00:06:00+00:00, run_after=2026-05-23 00:07:00+00:00
[2026-05-23T00:07:00.767+0000] {processor.py:183} INFO - Processing /home/airflow/.local/lib/python3.12/site-packages/airflow/example_dags/example_branch_python_dop_operator_3.py took 0.136 seconds
[2026-05-23T00:07:31.679+0000] {processor.py:161} INFO - Started process (PID=3139) to work on /home/airflow/.local/lib/python3.12/site-packages/airflow/example_dags/example_branch_python_dop_operator_3.py
[2026-05-23T00:07:31.682+0000] {processor.py:830} INFO - Processing file /home/airflow/.local/lib/python3.12/site-packages/airflow/example_dags/example_branch_python_dop_operator_3.py for tasks to queue
[2026-05-23T00:07:31.688+0000] {logging_mixin.py:188} INFO - [2026-05-23T00:07:31.688+0000] {dagbag.py:545} INFO - Filling up the DagBag from /home/airflow/.local/lib/python3.12/site-packages/airflow/example_dags/example_branch_python_dop_operator_3.py
[2026-05-23T00:07:31.699+0000] {processor.py:840} INFO - DAG(s) 'example_branch_dop_operator_v3' retrieved from /home/airflow/.local/lib/python3.12/site-packages/airflow/example_dags/example_branch_python_dop_operator_3.py
[2026-05-23T00:07:31.724+0000] {logging_mixin.py:188} INFO - [2026-05-23T00:07:31.724+0000] {dag.py:3096} INFO - Sync 1 DAGs
[2026-05-23T00:07:31.753+0000] {logging_mixin.py:188} INFO - [2026-05-23T00:07:31.753+0000] {dag.py:3954} INFO - Setting next_dagrun for example_branch_dop_operator_v3 to 2026-05-23 00:06:00+00:00, run_after=2026-05-23 00:07:00+00:00
[2026-05-23T00:07:31.777+0000] {processor.py:183} INFO - Processing /home/airflow/.local/lib/python3.12/site-packages/airflow/example_dags/example_branch_python_dop_operator_3.py took 0.104 seconds
[2026-05-23T00:08:01.885+0000] {processor.py:161} INFO - Started process (PID=3198) to work on /home/airflow/.local/lib/python3.12/site-packages/airflow/example_dags/example_branch_python_dop_operator_3.py
[2026-05-23T00:08:01.888+0000] {processor.py:830} INFO - Processing file /home/airflow/.local/lib/python3.12/site-packages/airflow/example_dags/example_branch_python_dop_operator_3.py for tasks to queue
[2026-05-23T00:08:01.897+0000] {logging_mixin.py:188} INFO - [2026-05-23T00:08:01.894+0000] {dagbag.py:545} INFO - Filling up the DagBag from /home/airflow/.local/lib/python3.12/site-packages/airflow/example_dags/example_branch_python_dop_operator_3.py
[2026-05-23T00:08:01.907+0000] {processor.py:840} INFO - DAG(s) 'example_branch_dop_operator_v3' retrieved from /home/airflow/.local/lib/python3.12/site-packages/airflow/example_dags/example_branch_python_dop_operator_3.py
[2026-05-23T00:08:01.932+0000] {logging_mixin.py:188} INFO - [2026-05-23T00:08:01.932+0000] {dag.py:3096} INFO - Sync 1 DAGs
[2026-05-23T00:08:01.951+0000] {logging_mixin.py:188} INFO - [2026-05-23T00:08:01.951+0000] {dag.py:3954} INFO - Setting next_dagrun for example_branch_dop_operator_v3 to 2026-05-23 00:07:00+00:00, run_after=2026-05-23 00:08:00+00:00
[2026-05-23T00:08:01.965+0000] {processor.py:183} INFO - Processing /home/airflow/.local/lib/python3.12/site-packages/airflow/example_dags/example_branch_python_dop_operator_3.py took 0.091 seconds
[2026-05-23T00:08:31.983+0000] {processor.py:161} INFO - Started process (PID=3257) to work on /home/airflow/.local/lib/python3.12/site-packages/airflow/example_dags/example_branch_python_dop_operator_3.py
[2026-05-23T00:08:31.984+0000] {processor.py:830} INFO - Processing file /home/airflow/.local/lib/python3.12/site-packages/airflow/example_dags/example_branch_python_dop_operator_3.py for tasks to queue
[2026-05-23T00:08:31.987+0000] {logging_mixin.py:188} INFO - [2026-05-23T00:08:31.986+0000] {dagbag.py:545} INFO - Filling up the DagBag from /home/airflow/.local/lib/python3.12/site-packages/airflow/example_dags/example_branch_python_dop_operator_3.py
[2026-05-23T00:08:31.999+0000] {processor.py:840} INFO - DAG(s) 'example_branch_dop_operator_v3' retrieved from /home/airflow/.local/lib/python3.12/site-packages/airflow/example_dags/example_branch_python_dop_operator_3.py
[2026-05-23T00:08:32.016+0000] {logging_mixin.py:188} INFO - [2026-05-23T00:08:32.016+0000] {dag.py:3096} INFO - Sync 1 DAGs
[2026-05-23T00:08:32.034+0000] {logging_mixin.py:188} INFO - [2026-05-23T00:08:32.034+0000] {dag.py:3954} INFO - Setting next_dagrun for example_branch_dop_operator_v3 to 2026-05-23 00:07:00+00:00, run_after=2026-05-23 00:08:00+00:00
[2026-05-23T00:08:32.047+0000] {processor.py:183} INFO - Processing /home/airflow/.local/lib/python3.12/site-packages/airflow/example_dags/example_branch_python_dop_operator_3.py took 0.068 seconds
[2026-05-23T00:09:02.404+0000] {processor.py:161} INFO - Started process (PID=3316) to work on /home/airflow/.local/lib/python3.12/site-packages/airflow/example_dags/example_branch_python_dop_operator_3.py
[2026-05-23T00:09:02.405+0000] {processor.py:830} INFO - Processing file /home/airflow/.local/lib/python3.12/site-packages/airflow/example_dags/example_branch_python_dop_operator_3.py for tasks to queue
[2026-05-23T00:09:02.406+0000] {logging_mixin.py:188} INFO - [2026-05-23T00:09:02.406+0000] {dagbag.py:545} INFO - Filling up the DagBag from /home/airflow/.local/lib/python3.12/site-packages/airflow/example_dags/example_branch_python_dop_operator_3.py
[2026-05-23T00:09:02.412+0000] {processor.py:840} INFO - DAG(s) 'example_branch_dop_operator_v3' retrieved from /home/airflow/.local/lib/python3.12/site-packages/airflow/example_dags/example_branch_python_dop_operator_3.py
[2026-05-23T00:09:02.431+0000] {logging_mixin.py:188} INFO - [2026-05-23T00:09:02.431+0000] {dag.py:3096} INFO - Sync 1 DAGs
[2026-05-23T00:09:02.448+0000] {logging_mixin.py:188} INFO - [2026-05-23T00:09:02.448+0000] {dag.py:3954} INFO - Setting next_dagrun for example_branch_dop_operator_v3 to 2026-05-23 00:08:00+00:00, run_after=2026-05-23 00:09:00+00:00
[2026-05-23T00:09:02.464+0000] {processor.py:183} INFO - Processing /home/airflow/.local/lib/python3.12/site-packages/airflow/example_dags/example_branch_python_dop_operator_3.py took 0.064 seconds
[2026-05-23T00:09:32.871+0000] {processor.py:161} INFO - Started process (PID=3375) to work on /home/airflow/.local/lib/python3.12/site-packages/airflow/example_dags/example_branch_python_dop_operator_3.py
[2026-05-23T00:09:32.872+0000] {processor.py:830} INFO - Processing file /home/airflow/.local/lib/python3.12/site-packages/airflow/example_dags/example_branch_python_dop_operator_3.py for tasks to queue
[2026-05-23T00:09:32.874+0000] {logging_mixin.py:188} INFO - [2026-05-23T00:09:32.873+0000] {dagbag.py:545} INFO - Filling up the DagBag from /home/airflow/.local/lib/python3.12/site-packages/airflow/example_dags/example_branch_python_dop_operator_3.py
[2026-05-23T00:09:32.880+0000] {processor.py:840} INFO - DAG(s) 'example_branch_dop_operator_v3' retrieved from /home/airflow/.local/lib/python3.12/site-packages/airflow/example_dags/example_branch_python_dop_operator_3.py
[2026-05-23T00:09:32.895+0000] {logging_mixin.py:188} INFO - [2026-05-23T00:09:32.895+0000] {dag.py:3096} INFO - Sync 1 DAGs
[2026-05-23T00:09:32.913+0000] {logging_mixin.py:188} INFO - [2026-05-23T00:09:32.912+0000] {dag.py:3954} INFO - Setting next_dagrun for example_branch_dop_operator_v3 to 2026-05-23 00:08:00+00:00, run_after=2026-05-23 00:09:00+00:00
[2026-05-23T00:09:32.928+0000] {processor.py:183} INFO - Processing /home/airflow/.local/lib/python3.12/site-packages/airflow/example_dags/example_branch_python_dop_operator_3.py took 0.061 seconds
[2026-05-23T00:12:32.500+0000] {processor.py:161} INFO - Started process (PID=61) to work on /home/airflow/.local/lib/python3.12/site-packages/airflow/example_dags/example_branch_python_dop_operator_3.py
[2026-05-23T00:12:32.502+0000] {processor.py:830} INFO - Processing file /home/airflow/.local/lib/python3.12/site-packages/airflow/example_dags/example_branch_python_dop_operator_3.py for tasks to queue
[2026-05-23T00:12:32.506+0000] {logging_mixin.py:188} INFO - [2026-05-23T00:12:32.505+0000] {dagbag.py:545} INFO - Filling up the DagBag from /home/airflow/.local/lib/python3.12/site-packages/airflow/example_dags/example_branch_python_dop_operator_3.py
[2026-05-23T00:12:32.534+0000] {processor.py:840} INFO - DAG(s) 'example_branch_dop_operator_v3' retrieved from /home/airflow/.local/lib/python3.12/site-packages/airflow/example_dags/example_branch_python_dop_operator_3.py
[2026-05-23T00:12:32.571+0000] {logging_mixin.py:188} INFO - [2026-05-23T00:12:32.570+0000] {dag.py:3096} INFO - Sync 1 DAGs
[2026-05-23T00:12:32.659+0000] {logging_mixin.py:188} INFO - [2026-05-23T00:12:32.659+0000] {dag.py:3954} INFO - Setting next_dagrun for example_branch_dop_operator_v3 to 2026-05-23 00:11:00+00:00, run_after=2026-05-23 00:12:00+00:00
[2026-05-23T00:12:32.718+0000] {processor.py:183} INFO - Processing /home/airflow/.local/lib/python3.12/site-packages/airflow/example_dags/example_branch_python_dop_operator_3.py took 0.229 seconds
[2026-05-23T00:13:02.811+0000] {processor.py:161} INFO - Started process (PID=120) to work on /home/airflow/.local/lib/python3.12/site-packages/airflow/example_dags/example_branch_python_dop_operator_3.py
[2026-05-23T00:13:02.812+0000] {processor.py:830} INFO - Processing file /home/airflow/.local/lib/python3.12/site-packages/airflow/example_dags/example_branch_python_dop_operator_3.py for tasks to queue
[2026-05-23T00:13:02.814+0000] {logging_mixin.py:188} INFO - [2026-05-23T00:13:02.813+0000] {dagbag.py:545} INFO - Filling up the DagBag from /home/airflow/.local/lib/python3.12/site-packages/airflow/example_dags/example_branch_python_dop_operator_3.py
[2026-05-23T00:13:02.820+0000] {processor.py:840} INFO - DAG(s) 'example_branch_dop_operator_v3' retrieved from /home/airflow/.local/lib/python3.12/site-packages/airflow/example_dags/example_branch_python_dop_operator_3.py
[2026-05-23T00:13:02.897+0000] {logging_mixin.py:188} INFO - [2026-05-23T00:13:02.896+0000] {dag.py:3096} INFO - Sync 1 DAGs
[2026-05-23T00:13:02.911+0000] {logging_mixin.py:188} INFO - [2026-05-23T00:13:02.911+0000] {dag.py:3954} INFO - Setting next_dagrun for example_branch_dop_operator_v3 to 2026-05-23 00:12:00+00:00, run_after=2026-05-23 00:13:00+00:00
[2026-05-23T00:13:02.930+0000] {processor.py:183} INFO - Processing /home/airflow/.local/lib/python3.12/site-packages/airflow/example_dags/example_branch_python_dop_operator_3.py took 0.124 seconds
[2026-05-23T00:13:33.712+0000] {processor.py:161} INFO - Started process (PID=179) to work on /home/airflow/.local/lib/python3.12/site-packages/airflow/example_dags/example_branch_python_dop_operator_3.py
[2026-05-23T00:13:33.715+0000] {processor.py:830} INFO - Processing file /home/airflow/.local/lib/python3.12/site-packages/airflow/example_dags/example_branch_python_dop_operator_3.py for tasks to queue
[2026-05-23T00:13:33.718+0000] {logging_mixin.py:188} INFO - [2026-05-23T00:13:33.718+0000] {dagbag.py:545} INFO - Filling up the DagBag from /home/airflow/.local/lib/python3.12/site-packages/airflow/example_dags/example_branch_python_dop_operator_3.py
[2026-05-23T00:13:33.728+0000] {processor.py:840} INFO - DAG(s) 'example_branch_dop_operator_v3' retrieved from /home/airflow/.local/lib/python3.12/site-packages/airflow/example_dags/example_branch_python_dop_operator_3.py
[2026-05-23T00:13:33.754+0000] {logging_mixin.py:188} INFO - [2026-05-23T00:13:33.754+0000] {dag.py:3096} INFO - Sync 1 DAGs
[2026-05-23T00:13:33.775+0000] {logging_mixin.py:188} INFO - [2026-05-23T00:13:33.774+0000] {dag.py:3954} INFO - Setting next_dagrun for example_branch_dop_operator_v3 to 2026-05-23 00:12:00+00:00, run_after=2026-05-23 00:13:00+00:00
[2026-05-23T00:13:33.786+0000] {processor.py:183} INFO - Processing /home/airflow/.local/lib/python3.12/site-packages/airflow/example_dags/example_branch_python_dop_operator_3.py took 0.083 seconds
[2026-05-23T00:14:04.576+0000] {processor.py:161} INFO - Started process (PID=238) to work on /home/airflow/.local/lib/python3.12/site-packages/airflow/example_dags/example_branch_python_dop_operator_3.py
[2026-05-23T00:14:04.577+0000] {processor.py:830} INFO - Processing file /home/airflow/.local/lib/python3.12/site-packages/airflow/example_dags/example_branch_python_dop_operator_3.py for tasks to queue
[2026-05-23T00:14:04.579+0000] {logging_mixin.py:188} INFO - [2026-05-23T00:14:04.578+0000] {dagbag.py:545} INFO - Filling up the DagBag from /home/airflow/.local/lib/python3.12/site-packages/airflow/example_dags/example_branch_python_dop_operator_3.py
[2026-05-23T00:14:04.585+0000] {processor.py:840} INFO - DAG(s) 'example_branch_dop_operator_v3' retrieved from /home/airflow/.local/lib/python3.12/site-packages/airflow/example_dags/example_branch_python_dop_operator_3.py
[2026-05-23T00:14:04.602+0000] {logging_mixin.py:188} INFO - [2026-05-23T00:14:04.601+0000] {dag.py:3096} INFO - Sync 1 DAGs
[2026-05-23T00:14:04.620+0000] {logging_mixin.py:188} INFO - [2026-05-23T00:14:04.620+0000] {dag.py:3954} INFO - Setting next_dagrun for example_branch_dop_operator_v3 to 2026-05-23 00:13:00+00:00, run_after=2026-05-23 00:14:00+00:00
[2026-05-23T00:14:04.641+0000] {processor.py:183} INFO - Processing /home/airflow/.local/lib/python3.12/site-packages/airflow/example_dags/example_branch_python_dop_operator_3.py took 0.069 seconds
[2026-05-23T00:14:34.777+0000] {processor.py:161} INFO - Started process (PID=297) to work on /home/airflow/.local/lib/python3.12/site-packages/airflow/example_dags/example_branch_python_dop_operator_3.py
[2026-05-23T00:14:34.778+0000] {processor.py:830} INFO - Processing file /home/airflow/.local/lib/python3.12/site-packages/airflow/example_dags/example_branch_python_dop_operator_3.py for tasks to queue
[2026-05-23T00:14:34.779+0000] {logging_mixin.py:188} INFO - [2026-05-23T00:14:34.779+0000] {dagbag.py:545} INFO - Filling up the DagBag from /home/airflow/.local/lib/python3.12/site-packages/airflow/example_dags/example_branch_python_dop_operator_3.py
[2026-05-23T00:14:34.785+0000] {processor.py:840} INFO - DAG(s) 'example_branch_dop_operator_v3' retrieved from /home/airflow/.local/lib/python3.12/site-packages/airflow/example_dags/example_branch_python_dop_operator_3.py
[2026-05-23T00:14:34.801+0000] {logging_mixin.py:188} INFO - [2026-05-23T00:14:34.800+0000] {dag.py:3096} INFO - Sync 1 DAGs
[2026-05-23T00:14:34.817+0000] {logging_mixin.py:188} INFO - [2026-05-23T00:14:34.816+0000] {dag.py:3954} INFO - Setting next_dagrun for example_branch_dop_operator_v3 to 2026-05-23 00:13:00+00:00, run_after=2026-05-23 00:14:00+00:00
[2026-05-23T00:14:34.831+0000] {processor.py:183} INFO - Processing /home/airflow/.local/lib/python3.12/site-packages/airflow/example_dags/example_branch_python_dop_operator_3.py took 0.059 seconds
[2026-05-23T00:15:05.373+0000] {processor.py:161} INFO - Started process (PID=362) to work on /home/airflow/.local/lib/python3.12/site-packages/airflow/example_dags/example_branch_python_dop_operator_3.py
[2026-05-23T00:15:05.375+0000] {processor.py:830} INFO - Processing file /home/airflow/.local/lib/python3.12/site-packages/airflow/example_dags/example_branch_python_dop_operator_3.py for tasks to queue
[2026-05-23T00:15:05.377+0000] {logging_mixin.py:188} INFO - [2026-05-23T00:15:05.376+0000] {dagbag.py:545} INFO - Filling up the DagBag from /home/airflow/.local/lib/python3.12/site-packages/airflow/example_dags/example_branch_python_dop_operator_3.py
[2026-05-23T00:15:05.384+0000] {processor.py:840} INFO - DAG(s) 'example_branch_dop_operator_v3' retrieved from /home/airflow/.local/lib/python3.12/site-packages/airflow/example_dags/example_branch_python_dop_operator_3.py
[2026-05-23T00:15:05.401+0000] {logging_mixin.py:188} INFO - [2026-05-23T00:15:05.400+0000] {dag.py:3096} INFO - Sync 1 DAGs
[2026-05-23T00:15:05.420+0000] {logging_mixin.py:188} INFO - [2026-05-23T00:15:05.420+0000] {dag.py:3954} INFO - Setting next_dagrun for example_branch_dop_operator_v3 to 2026-05-23 00:14:00+00:00, run_after=2026-05-23 00:15:00+00:00
[2026-05-23T00:15:05.437+0000] {processor.py:183} INFO - Processing /home/airflow/.local/lib/python3.12/site-packages/airflow/example_dags/example_branch_python_dop_operator_3.py took 0.070 seconds
[2026-05-23T00:15:35.916+0000] {processor.py:161} INFO - Started process (PID=421) to work on /home/airflow/.local/lib/python3.12/site-packages/airflow/example_dags/example_branch_python_dop_operator_3.py
[2026-05-23T00:15:35.917+0000] {processor.py:830} INFO - Processing file /home/airflow/.local/lib/python3.12/site-packages/airflow/example_dags/example_branch_python_dop_operator_3.py for tasks to queue
[2026-05-23T00:15:35.918+0000] {logging_mixin.py:188} INFO - [2026-05-23T00:15:35.918+0000] {dagbag.py:545} INFO - Filling up the DagBag from /home/airflow/.local/lib/python3.12/site-packages/airflow/example_dags/example_branch_python_dop_operator_3.py
[2026-05-23T00:15:35.924+0000] {processor.py:840} INFO - DAG(s) 'example_branch_dop_operator_v3' retrieved from /home/airflow/.local/lib/python3.12/site-packages/airflow/example_dags/example_branch_python_dop_operator_3.py
[2026-05-23T00:15:35.936+0000] {logging_mixin.py:188} INFO - [2026-05-23T00:15:35.936+0000] {dag.py:3096} INFO - Sync 1 DAGs
[2026-05-23T00:15:35.950+0000] {logging_mixin.py:188} INFO - [2026-05-23T00:15:35.950+0000] {dag.py:3954} INFO - Setting next_dagrun for example_branch_dop_operator_v3 to 2026-05-23 00:14:00+00:00, run_after=2026-05-23 00:15:00+00:00
[2026-05-23T00:15:35.960+0000] {processor.py:183} INFO - Processing /home/airflow/.local/lib/python3.12/site-packages/airflow/example_dags/example_branch_python_dop_operator_3.py took 0.048 seconds
[2026-05-23T00:16:06.595+0000] {processor.py:161} INFO - Started process (PID=480) to work on /home/airflow/.local/lib/python3.12/site-packages/airflow/example_dags/example_branch_python_dop_operator_3.py
[2026-05-23T00:16:06.596+0000] {processor.py:830} INFO - Processing file /home/airflow/.local/lib/python3.12/site-packages/airflow/example_dags/example_branch_python_dop_operator_3.py for tasks to queue
[2026-05-23T00:16:06.600+0000] {logging_mixin.py:188} INFO - [2026-05-23T00:16:06.600+0000] {dagbag.py:545} INFO - Filling up the DagBag from /home/airflow/.local/lib/python3.12/site-packages/airflow/example_dags/example_branch_python_dop_operator_3.py
[2026-05-23T00:16:06.610+0000] {processor.py:840} INFO - DAG(s) 'example_branch_dop_operator_v3' retrieved from /home/airflow/.local/lib/python3.12/site-packages/airflow/example_dags/example_branch_python_dop_operator_3.py
[2026-05-23T00:16:06.635+0000] {logging_mixin.py:188} INFO - [2026-05-23T00:16:06.635+0000] {dag.py:3096} INFO - Sync 1 DAGs
[2026-05-23T00:16:06.658+0000] {logging_mixin.py:188} INFO - [2026-05-23T00:16:06.658+0000] {dag.py:3954} INFO - Setting next_dagrun for example_branch_dop_operator_v3 to 2026-05-23 00:15:00+00:00, run_after=2026-05-23 00:16:00+00:00
[2026-05-23T00:16:06.669+0000] {processor.py:183} INFO - Processing /home/airflow/.local/lib/python3.12/site-packages/airflow/example_dags/example_branch_python_dop_operator_3.py took 0.081 seconds
[2026-05-23T00:16:37.257+0000] {processor.py:161} INFO - Started process (PID=539) to work on /home/airflow/.local/lib/python3.12/site-packages/airflow/example_dags/example_branch_python_dop_operator_3.py
[2026-05-23T00:16:37.262+0000] {processor.py:830} INFO - Processing file /home/airflow/.local/lib/python3.12/site-packages/airflow/example_dags/example_branch_python_dop_operator_3.py for tasks to queue
[2026-05-23T00:16:37.264+0000] {logging_mixin.py:188} INFO - [2026-05-23T00:16:37.264+0000] {dagbag.py:545} INFO - Filling up the DagBag from /home/airflow/.local/lib/python3.12/site-packages/airflow/example_dags/example_branch_python_dop_operator_3.py
[2026-05-23T00:16:37.272+0000] {processor.py:840} INFO - DAG(s) 'example_branch_dop_operator_v3' retrieved from /home/airflow/.local/lib/python3.12/site-packages/airflow/example_dags/example_branch_python_dop_operator_3.py
[2026-05-23T00:16:37.292+0000] {logging_mixin.py:188} INFO - [2026-05-23T00:16:37.292+0000] {dag.py:3096} INFO - Sync 1 DAGs
[2026-05-23T00:16:37.313+0000] {logging_mixin.py:188} INFO - [2026-05-23T00:16:37.313+0000] {dag.py:3954} INFO - Setting next_dagrun for example_branch_dop_operator_v3 to 2026-05-23 00:15:00+00:00, run_after=2026-05-23 00:16:00+00:00
[2026-05-23T00:16:37.331+0000] {processor.py:183} INFO - Processing /home/airflow/.local/lib/python3.12/site-packages/airflow/example_dags/example_branch_python_dop_operator_3.py took 0.079 seconds
[2026-05-23T00:17:08.321+0000] {processor.py:161} INFO - Started process (PID=598) to work on /home/airflow/.local/lib/python3.12/site-packages/airflow/example_dags/example_branch_python_dop_operator_3.py
[2026-05-23T00:17:08.322+0000] {processor.py:830} INFO - Processing file /home/airflow/.local/lib/python3.12/site-packages/airflow/example_dags/example_branch_python_dop_operator_3.py for tasks to queue
[2026-05-23T00:17:08.323+0000] {logging_mixin.py:188} INFO - [2026-05-23T00:17:08.323+0000] {dagbag.py:545} INFO - Filling up the DagBag from /home/airflow/.local/lib/python3.12/site-packages/airflow/example_dags/example_branch_python_dop_operator_3.py
[2026-05-23T00:17:08.329+0000] {processor.py:840} INFO - DAG(s) 'example_branch_dop_operator_v3' retrieved from /home/airflow/.local/lib/python3.12/site-packages/airflow/example_dags/example_branch_python_dop_operator_3.py
[2026-05-23T00:17:08.348+0000] {logging_mixin.py:188} INFO - [2026-05-23T00:17:08.348+0000] {dag.py:3096} INFO - Sync 1 DAGs
[2026-05-23T00:17:08.363+0000] {logging_mixin.py:188} INFO - [2026-05-23T00:17:08.363+0000] {dag.py:3954} INFO - Setting next_dagrun for example_branch_dop_operator_v3 to 2026-05-23 00:16:00+00:00, run_after=2026-05-23 00:17:00+00:00
[2026-05-23T00:17:08.376+0000] {processor.py:183} INFO - Processing /home/airflow/.local/lib/python3.12/site-packages/airflow/example_dags/example_branch_python_dop_operator_3.py took 0.059 seconds
[2026-05-23T00:17:38.850+0000] {processor.py:161} INFO - Started process (PID=657) to work on /home/airflow/.local/lib/python3.12/site-packages/airflow/example_dags/example_branch_python_dop_operator_3.py
[2026-05-23T00:17:38.851+0000] {processor.py:830} INFO - Processing file /home/airflow/.local/lib/python3.12/site-packages/airflow/example_dags/example_branch_python_dop_operator_3.py for tasks to queue
[2026-05-23T00:17:38.854+0000] {logging_mixin.py:188} INFO - [2026-05-23T00:17:38.853+0000] {dagbag.py:545} INFO - Filling up the DagBag from /home/airflow/.local/lib/python3.12/site-packages/airflow/example_dags/example_branch_python_dop_operator_3.py
[2026-05-23T00:17:38.861+0000] {processor.py:840} INFO - DAG(s) 'example_branch_dop_operator_v3' retrieved from /home/airflow/.local/lib/python3.12/site-packages/airflow/example_dags/example_branch_python_dop_operator_3.py
[2026-05-23T00:17:38.883+0000] {logging_mixin.py:188} INFO - [2026-05-23T00:17:38.883+0000] {dag.py:3096} INFO - Sync 1 DAGs
[2026-05-23T00:17:38.918+0000] {logging_mixin.py:188} INFO - [2026-05-23T00:17:38.917+0000] {dag.py:3954} INFO - Setting next_dagrun for example_branch_dop_operator_v3 to 2026-05-23 00:16:00+00:00, run_after=2026-05-23 00:17:00+00:00
[2026-05-23T00:17:38.934+0000] {processor.py:183} INFO - Processing /home/airflow/.local/lib/python3.12/site-packages/airflow/example_dags/example_branch_python_dop_operator_3.py took 0.090 seconds
[2026-05-23T00:18:09.920+0000] {processor.py:161} INFO - Started process (PID=716) to work on /home/airflow/.local/lib/python3.12/site-packages/airflow/example_dags/example_branch_python_dop_operator_3.py
[2026-05-23T00:18:09.921+0000] {processor.py:830} INFO - Processing file /home/airflow/.local/lib/python3.12/site-packages/airflow/example_dags/example_branch_python_dop_operator_3.py for tasks to queue
[2026-05-23T00:18:09.923+0000] {logging_mixin.py:188} INFO - [2026-05-23T00:18:09.922+0000] {dagbag.py:545} INFO - Filling up the DagBag from /home/airflow/.local/lib/python3.12/site-packages/airflow/example_dags/example_branch_python_dop_operator_3.py
[2026-05-23T00:18:09.928+0000] {processor.py:840} INFO - DAG(s) 'example_branch_dop_operator_v3' retrieved from /home/airflow/.local/lib/python3.12/site-packages/airflow/example_dags/example_branch_python_dop_operator_3.py
[2026-05-23T00:18:09.946+0000] {logging_mixin.py:188} INFO - [2026-05-23T00:18:09.946+0000] {dag.py:3096} INFO - Sync 1 DAGs
[2026-05-23T00:18:09.962+0000] {logging_mixin.py:188} INFO - [2026-05-23T00:18:09.962+0000] {dag.py:3954} INFO - Setting next_dagrun for example_branch_dop_operator_v3 to 2026-05-23 00:17:00+00:00, run_after=2026-05-23 00:18:00+00:00
[2026-05-23T00:18:09.973+0000] {processor.py:183} INFO - Processing /home/airflow/.local/lib/python3.12/site-packages/airflow/example_dags/example_branch_python_dop_operator_3.py took 0.061 seconds
[2026-05-23T00:18:40.976+0000] {processor.py:161} INFO - Started process (PID=775) to work on /home/airflow/.local/lib/python3.12/site-packages/airflow/example_dags/example_branch_python_dop_operator_3.py
[2026-05-23T00:18:40.978+0000] {processor.py:830} INFO - Processing file /home/airflow/.local/lib/python3.12/site-packages/airflow/example_dags/example_branch_python_dop_operator_3.py for tasks to queue
[2026-05-23T00:18:40.983+0000] {logging_mixin.py:188} INFO - [2026-05-23T00:18:40.982+0000] {dagbag.py:545} INFO - Filling up the DagBag from /home/airflow/.local/lib/python3.12/site-packages/airflow/example_dags/example_branch_python_dop_operator_3.py
[2026-05-23T00:18:40.996+0000] {processor.py:840} INFO - DAG(s) 'example_branch_dop_operator_v3' retrieved from /home/airflow/.local/lib/python3.12/site-packages/airflow/example_dags/example_branch_python_dop_operator_3.py
[2026-05-23T00:18:41.020+0000] {logging_mixin.py:188} INFO - [2026-05-23T00:18:41.019+0000] {dag.py:3096} INFO - Sync 1 DAGs
[2026-05-23T00:18:41.041+0000] {logging_mixin.py:188} INFO - [2026-05-23T00:18:41.041+0000] {dag.py:3954} INFO - Setting next_dagrun for example_branch_dop_operator_v3 to 2026-05-23 00:17:00+00:00, run_after=2026-05-23 00:18:00+00:00
[2026-05-23T00:18:41.055+0000] {processor.py:183} INFO - Processing /home/airflow/.local/lib/python3.12/site-packages/airflow/example_dags/example_branch_python_dop_operator_3.py took 0.085 seconds
[2026-05-23T00:19:11.366+0000] {processor.py:161} INFO - Started process (PID=834) to work on /home/airflow/.local/lib/python3.12/site-packages/airflow/example_dags/example_branch_python_dop_operator_3.py
[2026-05-23T00:19:11.367+0000] {processor.py:830} INFO - Processing file /home/airflow/.local/lib/python3.12/site-packages/airflow/example_dags/example_branch_python_dop_operator_3.py for tasks to queue
[2026-05-23T00:19:11.370+0000] {logging_mixin.py:188} INFO - [2026-05-23T00:19:11.370+0000] {dagbag.py:545} INFO - Filling up the DagBag from /home/airflow/.local/lib/python3.12/site-packages/airflow/example_dags/example_branch_python_dop_operator_3.py
[2026-05-23T00:19:11.379+0000] {processor.py:840} INFO - DAG(s) 'example_branch_dop_operator_v3' retrieved from /home/airflow/.local/lib/python3.12/site-packages/airflow/example_dags/example_branch_python_dop_operator_3.py
[2026-05-23T00:19:11.396+0000] {logging_mixin.py:188} INFO - [2026-05-23T00:19:11.396+0000] {dag.py:3096} INFO - Sync 1 DAGs
[2026-05-23T00:19:11.412+0000] {logging_mixin.py:188} INFO - [2026-05-23T00:19:11.412+0000] {dag.py:3954} INFO - Setting next_dagrun for example_branch_dop_operator_v3 to 2026-05-23 00:18:00+00:00, run_after=2026-05-23 00:19:00+00:00
[2026-05-23T00:19:11.424+0000] {processor.py:183} INFO - Processing /home/airflow/.local/lib/python3.12/site-packages/airflow/example_dags/example_branch_python_dop_operator_3.py took 0.062 seconds
[2026-05-23T00:19:42.383+0000] {processor.py:161} INFO - Started process (PID=893) to work on /home/airflow/.local/lib/python3.12/site-packages/airflow/example_dags/example_branch_python_dop_operator_3.py
[2026-05-23T00:19:42.386+0000] {processor.py:830} INFO - Processing file /home/airflow/.local/lib/python3.12/site-packages/airflow/example_dags/example_branch_python_dop_operator_3.py for tasks to queue
[2026-05-23T00:19:42.389+0000] {logging_mixin.py:188} INFO - [2026-05-23T00:19:42.388+0000] {dagbag.py:545} INFO - Filling up the DagBag from /home/airflow/.local/lib/python3.12/site-packages/airflow/example_dags/example_branch_python_dop_operator_3.py
[2026-05-23T00:19:42.403+0000] {processor.py:840} INFO - DAG(s) 'example_branch_dop_operator_v3' retrieved from /home/airflow/.local/lib/python3.12/site-packages/airflow/example_dags/example_branch_python_dop_operator_3.py
[2026-05-23T00:19:42.437+0000] {logging_mixin.py:188} INFO - [2026-05-23T00:19:42.437+0000] {dag.py:3096} INFO - Sync 1 DAGs
[2026-05-23T00:19:42.469+0000] {logging_mixin.py:188} INFO - [2026-05-23T00:19:42.469+0000] {dag.py:3954} INFO - Setting next_dagrun for example_branch_dop_operator_v3 to 2026-05-23 00:18:00+00:00, run_after=2026-05-23 00:19:00+00:00
[2026-05-23T00:19:42.503+0000] {processor.py:183} INFO - Processing /home/airflow/.local/lib/python3.12/site-packages/airflow/example_dags/example_branch_python_dop_operator_3.py took 0.129 seconds
[2026-05-23T00:20:12.681+0000] {processor.py:161} INFO - Started process (PID=952) to work on /home/airflow/.local/lib/python3.12/site-packages/airflow/example_dags/example_branch_python_dop_operator_3.py
[2026-05-23T00:20:12.683+0000] {processor.py:830} INFO - Processing file /home/airflow/.local/lib/python3.12/site-packages/airflow/example_dags/example_branch_python_dop_operator_3.py for tasks to queue
[2026-05-23T00:20:12.684+0000] {logging_mixin.py:188} INFO - [2026-05-23T00:20:12.684+0000] {dagbag.py:545} INFO - Filling up the DagBag from /home/airflow/.local/lib/python3.12/site-packages/airflow/example_dags/example_branch_python_dop_operator_3.py
[2026-05-23T00:20:12.690+0000] {processor.py:840} INFO - DAG(s) 'example_branch_dop_operator_v3' retrieved from /home/airflow/.local/lib/python3.12/site-packages/airflow/example_dags/example_branch_python_dop_operator_3.py
[2026-05-23T00:20:12.713+0000] {logging_mixin.py:188} INFO - [2026-05-23T00:20:12.712+0000] {dag.py:3096} INFO - Sync 1 DAGs
[2026-05-23T00:20:12.733+0000] {logging_mixin.py:188} INFO - [2026-05-23T00:20:12.732+0000] {dag.py:3954} INFO - Setting next_dagrun for example_branch_dop_operator_v3 to 2026-05-23 00:19:00+00:00, run_after=2026-05-23 00:20:00+00:00
[2026-05-23T00:20:12.748+0000] {processor.py:183} INFO - Processing /home/airflow/.local/lib/python3.12/site-packages/airflow/example_dags/example_branch_python_dop_operator_3.py took 0.071 seconds
