[2026-05-23T00:00:28.443+0000] {processor.py:161} INFO - Started process (PID=2331) to work on /home/airflow/.local/lib/python3.12/site-packages/airflow/example_dags/example_latest_only.py
[2026-05-23T00:00:28.447+0000] {processor.py:830} INFO - Processing file /home/airflow/.local/lib/python3.12/site-packages/airflow/example_dags/example_latest_only.py for tasks to queue
[2026-05-23T00:00:28.448+0000] {logging_mixin.py:188} INFO - [2026-05-23T00:00:28.448+0000] {dagbag.py:545} INFO - Filling up the DagBag from /home/airflow/.local/lib/python3.12/site-packages/airflow/example_dags/example_latest_only.py
[2026-05-23T00:00:28.451+0000] {processor.py:840} INFO - DAG(s) 'latest_only' retrieved from /home/airflow/.local/lib/python3.12/site-packages/airflow/example_dags/example_latest_only.py
[2026-05-23T00:00:28.471+0000] {logging_mixin.py:188} INFO - [2026-05-23T00:00:28.471+0000] {dag.py:3096} INFO - Sync 1 DAGs
[2026-05-23T00:00:28.486+0000] {logging_mixin.py:188} INFO - [2026-05-23T00:00:28.485+0000] {dag.py:3954} INFO - Setting next_dagrun for latest_only to 2026-05-22 20:00:00+00:00, run_after=2026-05-23 00:00:00+00:00
[2026-05-23T00:00:28.504+0000] {processor.py:183} INFO - Processing /home/airflow/.local/lib/python3.12/site-packages/airflow/example_dags/example_latest_only.py took 0.065 seconds
[2026-05-23T00:00:58.744+0000] {processor.py:161} INFO - Started process (PID=2390) to work on /home/airflow/.local/lib/python3.12/site-packages/airflow/example_dags/example_latest_only.py
[2026-05-23T00:00:58.746+0000] {processor.py:830} INFO - Processing file /home/airflow/.local/lib/python3.12/site-packages/airflow/example_dags/example_latest_only.py for tasks to queue
[2026-05-23T00:00:58.748+0000] {logging_mixin.py:188} INFO - [2026-05-23T00:00:58.747+0000] {dagbag.py:545} INFO - Filling up the DagBag from /home/airflow/.local/lib/python3.12/site-packages/airflow/example_dags/example_latest_only.py
[2026-05-23T00:00:58.751+0000] {processor.py:840} INFO - DAG(s) 'latest_only' retrieved from /home/airflow/.local/lib/python3.12/site-packages/airflow/example_dags/example_latest_only.py
[2026-05-23T00:00:58.765+0000] {logging_mixin.py:188} INFO - [2026-05-23T00:00:58.765+0000] {dag.py:3096} INFO - Sync 1 DAGs
[2026-05-23T00:00:58.784+0000] {logging_mixin.py:188} INFO - [2026-05-23T00:00:58.783+0000] {dag.py:3954} INFO - Setting next_dagrun for latest_only to 2026-05-22 20:00:00+00:00, run_after=2026-05-23 00:00:00+00:00
[2026-05-23T00:00:58.797+0000] {processor.py:183} INFO - Processing /home/airflow/.local/lib/python3.12/site-packages/airflow/example_dags/example_latest_only.py took 0.057 seconds
[2026-05-23T00:01:29.018+0000] {processor.py:161} INFO - Started process (PID=2449) to work on /home/airflow/.local/lib/python3.12/site-packages/airflow/example_dags/example_latest_only.py
[2026-05-23T00:01:29.019+0000] {processor.py:830} INFO - Processing file /home/airflow/.local/lib/python3.12/site-packages/airflow/example_dags/example_latest_only.py for tasks to queue
[2026-05-23T00:01:29.021+0000] {logging_mixin.py:188} INFO - [2026-05-23T00:01:29.021+0000] {dagbag.py:545} INFO - Filling up the DagBag from /home/airflow/.local/lib/python3.12/site-packages/airflow/example_dags/example_latest_only.py
[2026-05-23T00:01:29.028+0000] {processor.py:840} INFO - DAG(s) 'latest_only' retrieved from /home/airflow/.local/lib/python3.12/site-packages/airflow/example_dags/example_latest_only.py
[2026-05-23T00:01:29.062+0000] {logging_mixin.py:188} INFO - [2026-05-23T00:01:29.062+0000] {dag.py:3096} INFO - Sync 1 DAGs
[2026-05-23T00:01:29.092+0000] {logging_mixin.py:188} INFO - [2026-05-23T00:01:29.092+0000] {dag.py:3954} INFO - Setting next_dagrun for latest_only to 2026-05-22 20:00:00+00:00, run_after=2026-05-23 00:00:00+00:00
[2026-05-23T00:01:29.113+0000] {processor.py:183} INFO - Processing /home/airflow/.local/lib/python3.12/site-packages/airflow/example_dags/example_latest_only.py took 0.103 seconds
[2026-05-23T00:02:01.192+0000] {processor.py:161} INFO - Started process (PID=2508) to work on /home/airflow/.local/lib/python3.12/site-packages/airflow/example_dags/example_latest_only.py
[2026-05-23T00:02:01.198+0000] {processor.py:830} INFO - Processing file /home/airflow/.local/lib/python3.12/site-packages/airflow/example_dags/example_latest_only.py for tasks to queue
[2026-05-23T00:02:01.202+0000] {logging_mixin.py:188} INFO - [2026-05-23T00:02:01.202+0000] {dagbag.py:545} INFO - Filling up the DagBag from /home/airflow/.local/lib/python3.12/site-packages/airflow/example_dags/example_latest_only.py
[2026-05-23T00:02:01.212+0000] {processor.py:840} INFO - DAG(s) 'latest_only' retrieved from /home/airflow/.local/lib/python3.12/site-packages/airflow/example_dags/example_latest_only.py
[2026-05-23T00:02:01.255+0000] {logging_mixin.py:188} INFO - [2026-05-23T00:02:01.255+0000] {dag.py:3096} INFO - Sync 1 DAGs
[2026-05-23T00:02:01.306+0000] {logging_mixin.py:188} INFO - [2026-05-23T00:02:01.306+0000] {dag.py:3954} INFO - Setting next_dagrun for latest_only to 2026-05-22 20:00:00+00:00, run_after=2026-05-23 00:00:00+00:00
[2026-05-23T00:02:01.481+0000] {processor.py:183} INFO - Processing /home/airflow/.local/lib/python3.12/site-packages/airflow/example_dags/example_latest_only.py took 0.305 seconds
[2026-05-23T00:02:32.404+0000] {processor.py:161} INFO - Started process (PID=2567) to work on /home/airflow/.local/lib/python3.12/site-packages/airflow/example_dags/example_latest_only.py
[2026-05-23T00:02:32.409+0000] {processor.py:830} INFO - Processing file /home/airflow/.local/lib/python3.12/site-packages/airflow/example_dags/example_latest_only.py for tasks to queue
[2026-05-23T00:02:32.417+0000] {logging_mixin.py:188} INFO - [2026-05-23T00:02:32.415+0000] {dagbag.py:545} INFO - Filling up the DagBag from /home/airflow/.local/lib/python3.12/site-packages/airflow/example_dags/example_latest_only.py
[2026-05-23T00:02:32.579+0000] {processor.py:840} INFO - DAG(s) 'latest_only' retrieved from /home/airflow/.local/lib/python3.12/site-packages/airflow/example_dags/example_latest_only.py
[2026-05-23T00:02:32.844+0000] {logging_mixin.py:188} INFO - [2026-05-23T00:02:32.844+0000] {dag.py:3096} INFO - Sync 1 DAGs
[2026-05-23T00:02:32.909+0000] {logging_mixin.py:188} INFO - [2026-05-23T00:02:32.909+0000] {dag.py:3954} INFO - Setting next_dagrun for latest_only to 2026-05-22 20:00:00+00:00, run_after=2026-05-23 00:00:00+00:00
[2026-05-23T00:02:32.951+0000] {processor.py:183} INFO - Processing /home/airflow/.local/lib/python3.12/site-packages/airflow/example_dags/example_latest_only.py took 0.577 seconds
[2026-05-23T00:03:03.729+0000] {processor.py:161} INFO - Started process (PID=2626) to work on /home/airflow/.local/lib/python3.12/site-packages/airflow/example_dags/example_latest_only.py
[2026-05-23T00:03:03.730+0000] {processor.py:830} INFO - Processing file /home/airflow/.local/lib/python3.12/site-packages/airflow/example_dags/example_latest_only.py for tasks to queue
[2026-05-23T00:03:03.732+0000] {logging_mixin.py:188} INFO - [2026-05-23T00:03:03.732+0000] {dagbag.py:545} INFO - Filling up the DagBag from /home/airflow/.local/lib/python3.12/site-packages/airflow/example_dags/example_latest_only.py
[2026-05-23T00:03:03.738+0000] {processor.py:840} INFO - DAG(s) 'latest_only' retrieved from /home/airflow/.local/lib/python3.12/site-packages/airflow/example_dags/example_latest_only.py
[2026-05-23T00:03:03.761+0000] {logging_mixin.py:188} INFO - [2026-05-23T00:03:03.761+0000] {dag.py:3096} INFO - Sync 1 DAGs
[2026-05-23T00:03:03.782+0000] {logging_mixin.py:188} INFO - [2026-05-23T00:03:03.781+0000] {dag.py:3954} INFO - Setting next_dagrun for latest_only to 2026-05-22 20:00:00+00:00, run_after=2026-05-23 00:00:00+00:00
[2026-05-23T00:03:03.809+0000] {processor.py:183} INFO - Processing /home/airflow/.local/lib/python3.12/site-packages/airflow/example_dags/example_latest_only.py took 0.086 seconds
[2026-05-23T00:03:34.501+0000] {processor.py:161} INFO - Started process (PID=2685) to work on /home/airflow/.local/lib/python3.12/site-packages/airflow/example_dags/example_latest_only.py
[2026-05-23T00:03:34.504+0000] {processor.py:830} INFO - Processing file /home/airflow/.local/lib/python3.12/site-packages/airflow/example_dags/example_latest_only.py for tasks to queue
[2026-05-23T00:03:34.516+0000] {logging_mixin.py:188} INFO - [2026-05-23T00:03:34.515+0000] {dagbag.py:545} INFO - Filling up the DagBag from /home/airflow/.local/lib/python3.12/site-packages/airflow/example_dags/example_latest_only.py
[2026-05-23T00:03:34.527+0000] {processor.py:840} INFO - DAG(s) 'latest_only' retrieved from /home/airflow/.local/lib/python3.12/site-packages/airflow/example_dags/example_latest_only.py
[2026-05-23T00:03:34.564+0000] {logging_mixin.py:188} INFO - [2026-05-23T00:03:34.564+0000] {dag.py:3096} INFO - Sync 1 DAGs
[2026-05-23T00:03:34.597+0000] {logging_mixin.py:188} INFO - [2026-05-23T00:03:34.597+0000] {dag.py:3954} INFO - Setting next_dagrun for latest_only to 2026-05-22 20:00:00+00:00, run_after=2026-05-23 00:00:00+00:00
[2026-05-23T00:03:34.610+0000] {processor.py:183} INFO - Processing /home/airflow/.local/lib/python3.12/site-packages/airflow/example_dags/example_latest_only.py took 0.127 seconds
[2026-05-23T00:04:04.675+0000] {processor.py:161} INFO - Started process (PID=2744) to work on /home/airflow/.local/lib/python3.12/site-packages/airflow/example_dags/example_latest_only.py
[2026-05-23T00:04:04.676+0000] {processor.py:830} INFO - Processing file /home/airflow/.local/lib/python3.12/site-packages/airflow/example_dags/example_latest_only.py for tasks to queue
[2026-05-23T00:04:04.677+0000] {logging_mixin.py:188} INFO - [2026-05-23T00:04:04.677+0000] {dagbag.py:545} INFO - Filling up the DagBag from /home/airflow/.local/lib/python3.12/site-packages/airflow/example_dags/example_latest_only.py
[2026-05-23T00:04:04.682+0000] {processor.py:840} INFO - DAG(s) 'latest_only' retrieved from /home/airflow/.local/lib/python3.12/site-packages/airflow/example_dags/example_latest_only.py
[2026-05-23T00:04:04.697+0000] {logging_mixin.py:188} INFO - [2026-05-23T00:04:04.696+0000] {dag.py:3096} INFO - Sync 1 DAGs
[2026-05-23T00:04:04.714+0000] {logging_mixin.py:188} INFO - [2026-05-23T00:04:04.714+0000] {dag.py:3954} INFO - Setting next_dagrun for latest_only to 2026-05-22 20:00:00+00:00, run_after=2026-05-23 00:00:00+00:00
[2026-05-23T00:04:04.734+0000] {processor.py:183} INFO - Processing /home/airflow/.local/lib/python3.12/site-packages/airflow/example_dags/example_latest_only.py took 0.065 seconds
[2026-05-23T00:04:35.502+0000] {processor.py:161} INFO - Started process (PID=2803) to work on /home/airflow/.local/lib/python3.12/site-packages/airflow/example_dags/example_latest_only.py
[2026-05-23T00:04:35.503+0000] {processor.py:830} INFO - Processing file /home/airflow/.local/lib/python3.12/site-packages/airflow/example_dags/example_latest_only.py for tasks to queue
[2026-05-23T00:04:35.504+0000] {logging_mixin.py:188} INFO - [2026-05-23T00:04:35.504+0000] {dagbag.py:545} INFO - Filling up the DagBag from /home/airflow/.local/lib/python3.12/site-packages/airflow/example_dags/example_latest_only.py
[2026-05-23T00:04:35.509+0000] {processor.py:840} INFO - DAG(s) 'latest_only' retrieved from /home/airflow/.local/lib/python3.12/site-packages/airflow/example_dags/example_latest_only.py
[2026-05-23T00:04:35.531+0000] {logging_mixin.py:188} INFO - [2026-05-23T00:04:35.531+0000] {dag.py:3096} INFO - Sync 1 DAGs
[2026-05-23T00:04:35.550+0000] {logging_mixin.py:188} INFO - [2026-05-23T00:04:35.550+0000] {dag.py:3954} INFO - Setting next_dagrun for latest_only to 2026-05-22 20:00:00+00:00, run_after=2026-05-23 00:00:00+00:00
[2026-05-23T00:04:35.562+0000] {processor.py:183} INFO - Processing /home/airflow/.local/lib/python3.12/site-packages/airflow/example_dags/example_latest_only.py took 0.066 seconds
[2026-05-23T00:05:06.277+0000] {processor.py:161} INFO - Started process (PID=2862) to work on /home/airflow/.local/lib/python3.12/site-packages/airflow/example_dags/example_latest_only.py
[2026-05-23T00:05:06.278+0000] {processor.py:830} INFO - Processing file /home/airflow/.local/lib/python3.12/site-packages/airflow/example_dags/example_latest_only.py for tasks to queue
[2026-05-23T00:05:06.280+0000] {logging_mixin.py:188} INFO - [2026-05-23T00:05:06.280+0000] {dagbag.py:545} INFO - Filling up the DagBag from /home/airflow/.local/lib/python3.12/site-packages/airflow/example_dags/example_latest_only.py
[2026-05-23T00:05:06.285+0000] {processor.py:840} INFO - DAG(s) 'latest_only' retrieved from /home/airflow/.local/lib/python3.12/site-packages/airflow/example_dags/example_latest_only.py
[2026-05-23T00:05:06.308+0000] {logging_mixin.py:188} INFO - [2026-05-23T00:05:06.308+0000] {dag.py:3096} INFO - Sync 1 DAGs
[2026-05-23T00:05:06.334+0000] {logging_mixin.py:188} INFO - [2026-05-23T00:05:06.334+0000] {dag.py:3954} INFO - Setting next_dagrun for latest_only to 2026-05-22 20:00:00+00:00, run_after=2026-05-23 00:00:00+00:00
[2026-05-23T00:05:06.346+0000] {processor.py:183} INFO - Processing /home/airflow/.local/lib/python3.12/site-packages/airflow/example_dags/example_latest_only.py took 0.076 seconds
[2026-05-23T00:05:37.011+0000] {processor.py:161} INFO - Started process (PID=2921) to work on /home/airflow/.local/lib/python3.12/site-packages/airflow/example_dags/example_latest_only.py
[2026-05-23T00:05:37.012+0000] {processor.py:830} INFO - Processing file /home/airflow/.local/lib/python3.12/site-packages/airflow/example_dags/example_latest_only.py for tasks to queue
[2026-05-23T00:05:37.014+0000] {logging_mixin.py:188} INFO - [2026-05-23T00:05:37.014+0000] {dagbag.py:545} INFO - Filling up the DagBag from /home/airflow/.local/lib/python3.12/site-packages/airflow/example_dags/example_latest_only.py
[2026-05-23T00:05:37.022+0000] {processor.py:840} INFO - DAG(s) 'latest_only' retrieved from /home/airflow/.local/lib/python3.12/site-packages/airflow/example_dags/example_latest_only.py
[2026-05-23T00:05:37.042+0000] {logging_mixin.py:188} INFO - [2026-05-23T00:05:37.042+0000] {dag.py:3096} INFO - Sync 1 DAGs
[2026-05-23T00:05:37.059+0000] {logging_mixin.py:188} INFO - [2026-05-23T00:05:37.058+0000] {dag.py:3954} INFO - Setting next_dagrun for latest_only to 2026-05-22 20:00:00+00:00, run_after=2026-05-23 00:00:00+00:00
[2026-05-23T00:05:37.069+0000] {processor.py:183} INFO - Processing /home/airflow/.local/lib/python3.12/site-packages/airflow/example_dags/example_latest_only.py took 0.065 seconds
[2026-05-23T00:06:07.611+0000] {processor.py:161} INFO - Started process (PID=2980) to work on /home/airflow/.local/lib/python3.12/site-packages/airflow/example_dags/example_latest_only.py
[2026-05-23T00:06:07.611+0000] {processor.py:830} INFO - Processing file /home/airflow/.local/lib/python3.12/site-packages/airflow/example_dags/example_latest_only.py for tasks to queue
[2026-05-23T00:06:07.613+0000] {logging_mixin.py:188} INFO - [2026-05-23T00:06:07.613+0000] {dagbag.py:545} INFO - Filling up the DagBag from /home/airflow/.local/lib/python3.12/site-packages/airflow/example_dags/example_latest_only.py
[2026-05-23T00:06:07.618+0000] {processor.py:840} INFO - DAG(s) 'latest_only' retrieved from /home/airflow/.local/lib/python3.12/site-packages/airflow/example_dags/example_latest_only.py
[2026-05-23T00:06:07.636+0000] {logging_mixin.py:188} INFO - [2026-05-23T00:06:07.636+0000] {dag.py:3096} INFO - Sync 1 DAGs
[2026-05-23T00:06:07.656+0000] {logging_mixin.py:188} INFO - [2026-05-23T00:06:07.655+0000] {dag.py:3954} INFO - Setting next_dagrun for latest_only to 2026-05-22 20:00:00+00:00, run_after=2026-05-23 00:00:00+00:00
[2026-05-23T00:06:07.674+0000] {processor.py:183} INFO - Processing /home/airflow/.local/lib/python3.12/site-packages/airflow/example_dags/example_latest_only.py took 0.070 seconds
[2026-05-23T00:06:38.030+0000] {processor.py:161} INFO - Started process (PID=3039) to work on /home/airflow/.local/lib/python3.12/site-packages/airflow/example_dags/example_latest_only.py
[2026-05-23T00:06:38.031+0000] {processor.py:830} INFO - Processing file /home/airflow/.local/lib/python3.12/site-packages/airflow/example_dags/example_latest_only.py for tasks to queue
[2026-05-23T00:06:38.033+0000] {logging_mixin.py:188} INFO - [2026-05-23T00:06:38.033+0000] {dagbag.py:545} INFO - Filling up the DagBag from /home/airflow/.local/lib/python3.12/site-packages/airflow/example_dags/example_latest_only.py
[2026-05-23T00:06:38.038+0000] {processor.py:840} INFO - DAG(s) 'latest_only' retrieved from /home/airflow/.local/lib/python3.12/site-packages/airflow/example_dags/example_latest_only.py
[2026-05-23T00:06:38.060+0000] {logging_mixin.py:188} INFO - [2026-05-23T00:06:38.060+0000] {dag.py:3096} INFO - Sync 1 DAGs
[2026-05-23T00:06:38.074+0000] {logging_mixin.py:188} INFO - [2026-05-23T00:06:38.074+0000] {dag.py:3954} INFO - Setting next_dagrun for latest_only to 2026-05-22 20:00:00+00:00, run_after=2026-05-23 00:00:00+00:00
[2026-05-23T00:06:38.085+0000] {processor.py:183} INFO - Processing /home/airflow/.local/lib/python3.12/site-packages/airflow/example_dags/example_latest_only.py took 0.061 seconds
[2026-05-23T00:07:08.883+0000] {processor.py:161} INFO - Started process (PID=3098) to work on /home/airflow/.local/lib/python3.12/site-packages/airflow/example_dags/example_latest_only.py
[2026-05-23T00:07:08.884+0000] {processor.py:830} INFO - Processing file /home/airflow/.local/lib/python3.12/site-packages/airflow/example_dags/example_latest_only.py for tasks to queue
[2026-05-23T00:07:08.886+0000] {logging_mixin.py:188} INFO - [2026-05-23T00:07:08.886+0000] {dagbag.py:545} INFO - Filling up the DagBag from /home/airflow/.local/lib/python3.12/site-packages/airflow/example_dags/example_latest_only.py
[2026-05-23T00:07:08.891+0000] {processor.py:840} INFO - DAG(s) 'latest_only' retrieved from /home/airflow/.local/lib/python3.12/site-packages/airflow/example_dags/example_latest_only.py
[2026-05-23T00:07:08.911+0000] {logging_mixin.py:188} INFO - [2026-05-23T00:07:08.910+0000] {dag.py:3096} INFO - Sync 1 DAGs
[2026-05-23T00:07:08.932+0000] {logging_mixin.py:188} INFO - [2026-05-23T00:07:08.931+0000] {dag.py:3954} INFO - Setting next_dagrun for latest_only to 2026-05-22 20:00:00+00:00, run_after=2026-05-23 00:00:00+00:00
[2026-05-23T00:07:08.951+0000] {processor.py:183} INFO - Processing /home/airflow/.local/lib/python3.12/site-packages/airflow/example_dags/example_latest_only.py took 0.074 seconds
[2026-05-23T00:07:39.148+0000] {processor.py:161} INFO - Started process (PID=3157) to work on /home/airflow/.local/lib/python3.12/site-packages/airflow/example_dags/example_latest_only.py
[2026-05-23T00:07:39.150+0000] {processor.py:830} INFO - Processing file /home/airflow/.local/lib/python3.12/site-packages/airflow/example_dags/example_latest_only.py for tasks to queue
[2026-05-23T00:07:39.152+0000] {logging_mixin.py:188} INFO - [2026-05-23T00:07:39.151+0000] {dagbag.py:545} INFO - Filling up the DagBag from /home/airflow/.local/lib/python3.12/site-packages/airflow/example_dags/example_latest_only.py
[2026-05-23T00:07:39.161+0000] {processor.py:840} INFO - DAG(s) 'latest_only' retrieved from /home/airflow/.local/lib/python3.12/site-packages/airflow/example_dags/example_latest_only.py
[2026-05-23T00:07:39.209+0000] {logging_mixin.py:188} INFO - [2026-05-23T00:07:39.208+0000] {dag.py:3096} INFO - Sync 1 DAGs
[2026-05-23T00:07:39.229+0000] {logging_mixin.py:188} INFO - [2026-05-23T00:07:39.228+0000] {dag.py:3954} INFO - Setting next_dagrun for latest_only to 2026-05-22 20:00:00+00:00, run_after=2026-05-23 00:00:00+00:00
[2026-05-23T00:07:39.240+0000] {processor.py:183} INFO - Processing /home/airflow/.local/lib/python3.12/site-packages/airflow/example_dags/example_latest_only.py took 0.105 seconds
[2026-05-23T00:08:10.121+0000] {processor.py:161} INFO - Started process (PID=3216) to work on /home/airflow/.local/lib/python3.12/site-packages/airflow/example_dags/example_latest_only.py
[2026-05-23T00:08:10.122+0000] {processor.py:830} INFO - Processing file /home/airflow/.local/lib/python3.12/site-packages/airflow/example_dags/example_latest_only.py for tasks to queue
[2026-05-23T00:08:10.124+0000] {logging_mixin.py:188} INFO - [2026-05-23T00:08:10.124+0000] {dagbag.py:545} INFO - Filling up the DagBag from /home/airflow/.local/lib/python3.12/site-packages/airflow/example_dags/example_latest_only.py
[2026-05-23T00:08:10.130+0000] {processor.py:840} INFO - DAG(s) 'latest_only' retrieved from /home/airflow/.local/lib/python3.12/site-packages/airflow/example_dags/example_latest_only.py
[2026-05-23T00:08:10.161+0000] {logging_mixin.py:188} INFO - [2026-05-23T00:08:10.160+0000] {dag.py:3096} INFO - Sync 1 DAGs
[2026-05-23T00:08:10.180+0000] {logging_mixin.py:188} INFO - [2026-05-23T00:08:10.180+0000] {dag.py:3954} INFO - Setting next_dagrun for latest_only to 2026-05-22 20:00:00+00:00, run_after=2026-05-23 00:00:00+00:00
[2026-05-23T00:08:10.193+0000] {processor.py:183} INFO - Processing /home/airflow/.local/lib/python3.12/site-packages/airflow/example_dags/example_latest_only.py took 0.082 seconds
[2026-05-23T00:08:41.484+0000] {processor.py:161} INFO - Started process (PID=3281) to work on /home/airflow/.local/lib/python3.12/site-packages/airflow/example_dags/example_latest_only.py
[2026-05-23T00:08:41.486+0000] {processor.py:830} INFO - Processing file /home/airflow/.local/lib/python3.12/site-packages/airflow/example_dags/example_latest_only.py for tasks to queue
[2026-05-23T00:08:41.489+0000] {logging_mixin.py:188} INFO - [2026-05-23T00:08:41.489+0000] {dagbag.py:545} INFO - Filling up the DagBag from /home/airflow/.local/lib/python3.12/site-packages/airflow/example_dags/example_latest_only.py
[2026-05-23T00:08:41.494+0000] {processor.py:840} INFO - DAG(s) 'latest_only' retrieved from /home/airflow/.local/lib/python3.12/site-packages/airflow/example_dags/example_latest_only.py
[2026-05-23T00:08:41.554+0000] {logging_mixin.py:188} INFO - [2026-05-23T00:08:41.553+0000] {dag.py:3096} INFO - Sync 1 DAGs
[2026-05-23T00:08:41.587+0000] {logging_mixin.py:188} INFO - [2026-05-23T00:08:41.586+0000] {dag.py:3954} INFO - Setting next_dagrun for latest_only to 2026-05-22 20:00:00+00:00, run_after=2026-05-23 00:00:00+00:00
[2026-05-23T00:08:41.607+0000] {processor.py:183} INFO - Processing /home/airflow/.local/lib/python3.12/site-packages/airflow/example_dags/example_latest_only.py took 0.129 seconds
[2026-05-23T00:09:12.190+0000] {processor.py:161} INFO - Started process (PID=3340) to work on /home/airflow/.local/lib/python3.12/site-packages/airflow/example_dags/example_latest_only.py
[2026-05-23T00:09:12.193+0000] {processor.py:830} INFO - Processing file /home/airflow/.local/lib/python3.12/site-packages/airflow/example_dags/example_latest_only.py for tasks to queue
[2026-05-23T00:09:12.195+0000] {logging_mixin.py:188} INFO - [2026-05-23T00:09:12.195+0000] {dagbag.py:545} INFO - Filling up the DagBag from /home/airflow/.local/lib/python3.12/site-packages/airflow/example_dags/example_latest_only.py
[2026-05-23T00:09:12.199+0000] {processor.py:840} INFO - DAG(s) 'latest_only' retrieved from /home/airflow/.local/lib/python3.12/site-packages/airflow/example_dags/example_latest_only.py
[2026-05-23T00:09:12.212+0000] {logging_mixin.py:188} INFO - [2026-05-23T00:09:12.211+0000] {dag.py:3096} INFO - Sync 1 DAGs
[2026-05-23T00:09:12.227+0000] {logging_mixin.py:188} INFO - [2026-05-23T00:09:12.226+0000] {dag.py:3954} INFO - Setting next_dagrun for latest_only to 2026-05-22 20:00:00+00:00, run_after=2026-05-23 00:00:00+00:00
[2026-05-23T00:09:12.241+0000] {processor.py:183} INFO - Processing /home/airflow/.local/lib/python3.12/site-packages/airflow/example_dags/example_latest_only.py took 0.055 seconds
[2026-05-23T00:09:43.570+0000] {processor.py:161} INFO - Started process (PID=3399) to work on /home/airflow/.local/lib/python3.12/site-packages/airflow/example_dags/example_latest_only.py
[2026-05-23T00:09:43.572+0000] {processor.py:830} INFO - Processing file /home/airflow/.local/lib/python3.12/site-packages/airflow/example_dags/example_latest_only.py for tasks to queue
[2026-05-23T00:09:43.575+0000] {logging_mixin.py:188} INFO - [2026-05-23T00:09:43.574+0000] {dagbag.py:545} INFO - Filling up the DagBag from /home/airflow/.local/lib/python3.12/site-packages/airflow/example_dags/example_latest_only.py
[2026-05-23T00:09:43.585+0000] {processor.py:840} INFO - DAG(s) 'latest_only' retrieved from /home/airflow/.local/lib/python3.12/site-packages/airflow/example_dags/example_latest_only.py
[2026-05-23T00:09:43.605+0000] {logging_mixin.py:188} INFO - [2026-05-23T00:09:43.605+0000] {dag.py:3096} INFO - Sync 1 DAGs
[2026-05-23T00:09:43.622+0000] {logging_mixin.py:188} INFO - [2026-05-23T00:09:43.622+0000] {dag.py:3954} INFO - Setting next_dagrun for latest_only to 2026-05-22 20:00:00+00:00, run_after=2026-05-23 00:00:00+00:00
[2026-05-23T00:09:43.636+0000] {processor.py:183} INFO - Processing /home/airflow/.local/lib/python3.12/site-packages/airflow/example_dags/example_latest_only.py took 0.081 seconds
[2026-05-23T00:12:35.626+0000] {processor.py:161} INFO - Started process (PID=86) to work on /home/airflow/.local/lib/python3.12/site-packages/airflow/example_dags/example_latest_only.py
[2026-05-23T00:12:35.629+0000] {processor.py:830} INFO - Processing file /home/airflow/.local/lib/python3.12/site-packages/airflow/example_dags/example_latest_only.py for tasks to queue
[2026-05-23T00:12:35.634+0000] {logging_mixin.py:188} INFO - [2026-05-23T00:12:35.633+0000] {dagbag.py:545} INFO - Filling up the DagBag from /home/airflow/.local/lib/python3.12/site-packages/airflow/example_dags/example_latest_only.py
[2026-05-23T00:12:35.664+0000] {processor.py:840} INFO - DAG(s) 'latest_only' retrieved from /home/airflow/.local/lib/python3.12/site-packages/airflow/example_dags/example_latest_only.py
[2026-05-23T00:12:35.871+0000] {logging_mixin.py:188} INFO - [2026-05-23T00:12:35.870+0000] {dag.py:3096} INFO - Sync 1 DAGs
[2026-05-23T00:12:35.902+0000] {logging_mixin.py:188} INFO - [2026-05-23T00:12:35.902+0000] {dag.py:3954} INFO - Setting next_dagrun for latest_only to 2026-05-22 20:00:00+00:00, run_after=2026-05-23 00:00:00+00:00
[2026-05-23T00:12:35.927+0000] {processor.py:183} INFO - Processing /home/airflow/.local/lib/python3.12/site-packages/airflow/example_dags/example_latest_only.py took 0.312 seconds
[2026-05-23T00:13:06.074+0000] {processor.py:161} INFO - Started process (PID=145) to work on /home/airflow/.local/lib/python3.12/site-packages/airflow/example_dags/example_latest_only.py
[2026-05-23T00:13:06.074+0000] {processor.py:830} INFO - Processing file /home/airflow/.local/lib/python3.12/site-packages/airflow/example_dags/example_latest_only.py for tasks to queue
[2026-05-23T00:13:06.076+0000] {logging_mixin.py:188} INFO - [2026-05-23T00:13:06.075+0000] {dagbag.py:545} INFO - Filling up the DagBag from /home/airflow/.local/lib/python3.12/site-packages/airflow/example_dags/example_latest_only.py
[2026-05-23T00:13:06.079+0000] {processor.py:840} INFO - DAG(s) 'latest_only' retrieved from /home/airflow/.local/lib/python3.12/site-packages/airflow/example_dags/example_latest_only.py
[2026-05-23T00:13:06.091+0000] {logging_mixin.py:188} INFO - [2026-05-23T00:13:06.091+0000] {dag.py:3096} INFO - Sync 1 DAGs
[2026-05-23T00:13:06.104+0000] {logging_mixin.py:188} INFO - [2026-05-23T00:13:06.104+0000] {dag.py:3954} INFO - Setting next_dagrun for latest_only to 2026-05-22 20:00:00+00:00, run_after=2026-05-23 00:00:00+00:00
[2026-05-23T00:13:06.116+0000] {processor.py:183} INFO - Processing /home/airflow/.local/lib/python3.12/site-packages/airflow/example_dags/example_latest_only.py took 0.047 seconds
[2026-05-23T00:13:36.553+0000] {processor.py:161} INFO - Started process (PID=204) to work on /home/airflow/.local/lib/python3.12/site-packages/airflow/example_dags/example_latest_only.py
[2026-05-23T00:13:36.554+0000] {processor.py:830} INFO - Processing file /home/airflow/.local/lib/python3.12/site-packages/airflow/example_dags/example_latest_only.py for tasks to queue
[2026-05-23T00:13:36.555+0000] {logging_mixin.py:188} INFO - [2026-05-23T00:13:36.555+0000] {dagbag.py:545} INFO - Filling up the DagBag from /home/airflow/.local/lib/python3.12/site-packages/airflow/example_dags/example_latest_only.py
[2026-05-23T00:13:36.559+0000] {processor.py:840} INFO - DAG(s) 'latest_only' retrieved from /home/airflow/.local/lib/python3.12/site-packages/airflow/example_dags/example_latest_only.py
[2026-05-23T00:13:36.575+0000] {logging_mixin.py:188} INFO - [2026-05-23T00:13:36.575+0000] {dag.py:3096} INFO - Sync 1 DAGs
[2026-05-23T00:13:36.590+0000] {logging_mixin.py:188} INFO - [2026-05-23T00:13:36.590+0000] {dag.py:3954} INFO - Setting next_dagrun for latest_only to 2026-05-22 20:00:00+00:00, run_after=2026-05-23 00:00:00+00:00
[2026-05-23T00:13:36.600+0000] {processor.py:183} INFO - Processing /home/airflow/.local/lib/python3.12/site-packages/airflow/example_dags/example_latest_only.py took 0.050 seconds
[2026-05-23T00:14:07.074+0000] {processor.py:161} INFO - Started process (PID=263) to work on /home/airflow/.local/lib/python3.12/site-packages/airflow/example_dags/example_latest_only.py
[2026-05-23T00:14:07.075+0000] {processor.py:830} INFO - Processing file /home/airflow/.local/lib/python3.12/site-packages/airflow/example_dags/example_latest_only.py for tasks to queue
[2026-05-23T00:14:07.077+0000] {logging_mixin.py:188} INFO - [2026-05-23T00:14:07.076+0000] {dagbag.py:545} INFO - Filling up the DagBag from /home/airflow/.local/lib/python3.12/site-packages/airflow/example_dags/example_latest_only.py
[2026-05-23T00:14:07.083+0000] {processor.py:840} INFO - DAG(s) 'latest_only' retrieved from /home/airflow/.local/lib/python3.12/site-packages/airflow/example_dags/example_latest_only.py
[2026-05-23T00:14:07.105+0000] {logging_mixin.py:188} INFO - [2026-05-23T00:14:07.105+0000] {dag.py:3096} INFO - Sync 1 DAGs
[2026-05-23T00:14:07.122+0000] {logging_mixin.py:188} INFO - [2026-05-23T00:14:07.122+0000] {dag.py:3954} INFO - Setting next_dagrun for latest_only to 2026-05-22 20:00:00+00:00, run_after=2026-05-23 00:00:00+00:00
[2026-05-23T00:14:07.137+0000] {processor.py:183} INFO - Processing /home/airflow/.local/lib/python3.12/site-packages/airflow/example_dags/example_latest_only.py took 0.070 seconds
[2026-05-23T00:14:37.503+0000] {processor.py:161} INFO - Started process (PID=322) to work on /home/airflow/.local/lib/python3.12/site-packages/airflow/example_dags/example_latest_only.py
[2026-05-23T00:14:37.504+0000] {processor.py:830} INFO - Processing file /home/airflow/.local/lib/python3.12/site-packages/airflow/example_dags/example_latest_only.py for tasks to queue
[2026-05-23T00:14:37.506+0000] {logging_mixin.py:188} INFO - [2026-05-23T00:14:37.506+0000] {dagbag.py:545} INFO - Filling up the DagBag from /home/airflow/.local/lib/python3.12/site-packages/airflow/example_dags/example_latest_only.py
[2026-05-23T00:14:37.510+0000] {processor.py:840} INFO - DAG(s) 'latest_only' retrieved from /home/airflow/.local/lib/python3.12/site-packages/airflow/example_dags/example_latest_only.py
[2026-05-23T00:14:37.525+0000] {logging_mixin.py:188} INFO - [2026-05-23T00:14:37.525+0000] {dag.py:3096} INFO - Sync 1 DAGs
[2026-05-23T00:14:37.539+0000] {logging_mixin.py:188} INFO - [2026-05-23T00:14:37.539+0000] {dag.py:3954} INFO - Setting next_dagrun for latest_only to 2026-05-22 20:00:00+00:00, run_after=2026-05-23 00:00:00+00:00
[2026-05-23T00:14:37.549+0000] {processor.py:183} INFO - Processing /home/airflow/.local/lib/python3.12/site-packages/airflow/example_dags/example_latest_only.py took 0.050 seconds
[2026-05-23T00:15:08.192+0000] {processor.py:161} INFO - Started process (PID=380) to work on /home/airflow/.local/lib/python3.12/site-packages/airflow/example_dags/example_latest_only.py
[2026-05-23T00:15:08.193+0000] {processor.py:830} INFO - Processing file /home/airflow/.local/lib/python3.12/site-packages/airflow/example_dags/example_latest_only.py for tasks to queue
[2026-05-23T00:15:08.194+0000] {logging_mixin.py:188} INFO - [2026-05-23T00:15:08.194+0000] {dagbag.py:545} INFO - Filling up the DagBag from /home/airflow/.local/lib/python3.12/site-packages/airflow/example_dags/example_latest_only.py
[2026-05-23T00:15:08.197+0000] {processor.py:840} INFO - DAG(s) 'latest_only' retrieved from /home/airflow/.local/lib/python3.12/site-packages/airflow/example_dags/example_latest_only.py
[2026-05-23T00:15:08.212+0000] {logging_mixin.py:188} INFO - [2026-05-23T00:15:08.212+0000] {dag.py:3096} INFO - Sync 1 DAGs
[2026-05-23T00:15:08.227+0000] {logging_mixin.py:188} INFO - [2026-05-23T00:15:08.226+0000] {dag.py:3954} INFO - Setting next_dagrun for latest_only to 2026-05-22 20:00:00+00:00, run_after=2026-05-23 00:00:00+00:00
[2026-05-23T00:15:08.238+0000] {processor.py:183} INFO - Processing /home/airflow/.local/lib/python3.12/site-packages/airflow/example_dags/example_latest_only.py took 0.051 seconds
[2026-05-23T00:15:38.731+0000] {processor.py:161} INFO - Started process (PID=440) to work on /home/airflow/.local/lib/python3.12/site-packages/airflow/example_dags/example_latest_only.py
[2026-05-23T00:15:38.732+0000] {processor.py:830} INFO - Processing file /home/airflow/.local/lib/python3.12/site-packages/airflow/example_dags/example_latest_only.py for tasks to queue
[2026-05-23T00:15:38.733+0000] {logging_mixin.py:188} INFO - [2026-05-23T00:15:38.733+0000] {dagbag.py:545} INFO - Filling up the DagBag from /home/airflow/.local/lib/python3.12/site-packages/airflow/example_dags/example_latest_only.py
[2026-05-23T00:15:38.737+0000] {processor.py:840} INFO - DAG(s) 'latest_only' retrieved from /home/airflow/.local/lib/python3.12/site-packages/airflow/example_dags/example_latest_only.py
[2026-05-23T00:15:38.753+0000] {logging_mixin.py:188} INFO - [2026-05-23T00:15:38.753+0000] {dag.py:3096} INFO - Sync 1 DAGs
[2026-05-23T00:15:38.768+0000] {logging_mixin.py:188} INFO - [2026-05-23T00:15:38.768+0000] {dag.py:3954} INFO - Setting next_dagrun for latest_only to 2026-05-22 20:00:00+00:00, run_after=2026-05-23 00:00:00+00:00
[2026-05-23T00:15:38.778+0000] {processor.py:183} INFO - Processing /home/airflow/.local/lib/python3.12/site-packages/airflow/example_dags/example_latest_only.py took 0.056 seconds
[2026-05-23T00:16:09.610+0000] {processor.py:161} INFO - Started process (PID=499) to work on /home/airflow/.local/lib/python3.12/site-packages/airflow/example_dags/example_latest_only.py
[2026-05-23T00:16:09.611+0000] {processor.py:830} INFO - Processing file /home/airflow/.local/lib/python3.12/site-packages/airflow/example_dags/example_latest_only.py for tasks to queue
[2026-05-23T00:16:09.613+0000] {logging_mixin.py:188} INFO - [2026-05-23T00:16:09.613+0000] {dagbag.py:545} INFO - Filling up the DagBag from /home/airflow/.local/lib/python3.12/site-packages/airflow/example_dags/example_latest_only.py
[2026-05-23T00:16:09.617+0000] {processor.py:840} INFO - DAG(s) 'latest_only' retrieved from /home/airflow/.local/lib/python3.12/site-packages/airflow/example_dags/example_latest_only.py
[2026-05-23T00:16:09.632+0000] {logging_mixin.py:188} INFO - [2026-05-23T00:16:09.632+0000] {dag.py:3096} INFO - Sync 1 DAGs
[2026-05-23T00:16:09.648+0000] {logging_mixin.py:188} INFO - [2026-05-23T00:16:09.648+0000] {dag.py:3954} INFO - Setting next_dagrun for latest_only to 2026-05-22 20:00:00+00:00, run_after=2026-05-23 00:00:00+00:00
[2026-05-23T00:16:09.662+0000] {processor.py:183} INFO - Processing /home/airflow/.local/lib/python3.12/site-packages/airflow/example_dags/example_latest_only.py took 0.056 seconds
[2026-05-23T00:16:40.382+0000] {processor.py:161} INFO - Started process (PID=558) to work on /home/airflow/.local/lib/python3.12/site-packages/airflow/example_dags/example_latest_only.py
[2026-05-23T00:16:40.385+0000] {processor.py:830} INFO - Processing file /home/airflow/.local/lib/python3.12/site-packages/airflow/example_dags/example_latest_only.py for tasks to queue
[2026-05-23T00:16:40.388+0000] {logging_mixin.py:188} INFO - [2026-05-23T00:16:40.388+0000] {dagbag.py:545} INFO - Filling up the DagBag from /home/airflow/.local/lib/python3.12/site-packages/airflow/example_dags/example_latest_only.py
[2026-05-23T00:16:40.391+0000] {processor.py:840} INFO - DAG(s) 'latest_only' retrieved from /home/airflow/.local/lib/python3.12/site-packages/airflow/example_dags/example_latest_only.py
[2026-05-23T00:16:40.408+0000] {logging_mixin.py:188} INFO - [2026-05-23T00:16:40.408+0000] {dag.py:3096} INFO - Sync 1 DAGs
[2026-05-23T00:16:40.421+0000] {logging_mixin.py:188} INFO - [2026-05-23T00:16:40.421+0000] {dag.py:3954} INFO - Setting next_dagrun for latest_only to 2026-05-22 20:00:00+00:00, run_after=2026-05-23 00:00:00+00:00
[2026-05-23T00:16:40.431+0000] {processor.py:183} INFO - Processing /home/airflow/.local/lib/python3.12/site-packages/airflow/example_dags/example_latest_only.py took 0.054 seconds
[2026-05-23T00:17:11.386+0000] {processor.py:161} INFO - Started process (PID=617) to work on /home/airflow/.local/lib/python3.12/site-packages/airflow/example_dags/example_latest_only.py
[2026-05-23T00:17:11.387+0000] {processor.py:830} INFO - Processing file /home/airflow/.local/lib/python3.12/site-packages/airflow/example_dags/example_latest_only.py for tasks to queue
[2026-05-23T00:17:11.388+0000] {logging_mixin.py:188} INFO - [2026-05-23T00:17:11.387+0000] {dagbag.py:545} INFO - Filling up the DagBag from /home/airflow/.local/lib/python3.12/site-packages/airflow/example_dags/example_latest_only.py
[2026-05-23T00:17:11.391+0000] {processor.py:840} INFO - DAG(s) 'latest_only' retrieved from /home/airflow/.local/lib/python3.12/site-packages/airflow/example_dags/example_latest_only.py
[2026-05-23T00:17:11.403+0000] {logging_mixin.py:188} INFO - [2026-05-23T00:17:11.402+0000] {dag.py:3096} INFO - Sync 1 DAGs
[2026-05-23T00:17:11.415+0000] {logging_mixin.py:188} INFO - [2026-05-23T00:17:11.415+0000] {dag.py:3954} INFO - Setting next_dagrun for latest_only to 2026-05-22 20:00:00+00:00, run_after=2026-05-23 00:00:00+00:00
[2026-05-23T00:17:11.426+0000] {processor.py:183} INFO - Processing /home/airflow/.local/lib/python3.12/site-packages/airflow/example_dags/example_latest_only.py took 0.044 seconds
[2026-05-23T00:17:41.883+0000] {processor.py:161} INFO - Started process (PID=676) to work on /home/airflow/.local/lib/python3.12/site-packages/airflow/example_dags/example_latest_only.py
[2026-05-23T00:17:41.884+0000] {processor.py:830} INFO - Processing file /home/airflow/.local/lib/python3.12/site-packages/airflow/example_dags/example_latest_only.py for tasks to queue
[2026-05-23T00:17:41.885+0000] {logging_mixin.py:188} INFO - [2026-05-23T00:17:41.885+0000] {dagbag.py:545} INFO - Filling up the DagBag from /home/airflow/.local/lib/python3.12/site-packages/airflow/example_dags/example_latest_only.py
[2026-05-23T00:17:41.888+0000] {processor.py:840} INFO - DAG(s) 'latest_only' retrieved from /home/airflow/.local/lib/python3.12/site-packages/airflow/example_dags/example_latest_only.py
[2026-05-23T00:17:41.905+0000] {logging_mixin.py:188} INFO - [2026-05-23T00:17:41.904+0000] {dag.py:3096} INFO - Sync 1 DAGs
[2026-05-23T00:17:41.921+0000] {logging_mixin.py:188} INFO - [2026-05-23T00:17:41.921+0000] {dag.py:3954} INFO - Setting next_dagrun for latest_only to 2026-05-22 20:00:00+00:00, run_after=2026-05-23 00:00:00+00:00
[2026-05-23T00:17:41.933+0000] {processor.py:183} INFO - Processing /home/airflow/.local/lib/python3.12/site-packages/airflow/example_dags/example_latest_only.py took 0.057 seconds
[2026-05-23T00:18:12.712+0000] {processor.py:161} INFO - Started process (PID=735) to work on /home/airflow/.local/lib/python3.12/site-packages/airflow/example_dags/example_latest_only.py
[2026-05-23T00:18:12.713+0000] {processor.py:830} INFO - Processing file /home/airflow/.local/lib/python3.12/site-packages/airflow/example_dags/example_latest_only.py for tasks to queue
[2026-05-23T00:18:12.714+0000] {logging_mixin.py:188} INFO - [2026-05-23T00:18:12.714+0000] {dagbag.py:545} INFO - Filling up the DagBag from /home/airflow/.local/lib/python3.12/site-packages/airflow/example_dags/example_latest_only.py
[2026-05-23T00:18:12.717+0000] {processor.py:840} INFO - DAG(s) 'latest_only' retrieved from /home/airflow/.local/lib/python3.12/site-packages/airflow/example_dags/example_latest_only.py
[2026-05-23T00:18:12.730+0000] {logging_mixin.py:188} INFO - [2026-05-23T00:18:12.730+0000] {dag.py:3096} INFO - Sync 1 DAGs
[2026-05-23T00:18:12.742+0000] {logging_mixin.py:188} INFO - [2026-05-23T00:18:12.742+0000] {dag.py:3954} INFO - Setting next_dagrun for latest_only to 2026-05-22 20:00:00+00:00, run_after=2026-05-23 00:00:00+00:00
[2026-05-23T00:18:12.753+0000] {processor.py:183} INFO - Processing /home/airflow/.local/lib/python3.12/site-packages/airflow/example_dags/example_latest_only.py took 0.046 seconds
[2026-05-23T00:18:43.284+0000] {processor.py:161} INFO - Started process (PID=794) to work on /home/airflow/.local/lib/python3.12/site-packages/airflow/example_dags/example_latest_only.py
[2026-05-23T00:18:43.285+0000] {processor.py:830} INFO - Processing file /home/airflow/.local/lib/python3.12/site-packages/airflow/example_dags/example_latest_only.py for tasks to queue
[2026-05-23T00:18:43.287+0000] {logging_mixin.py:188} INFO - [2026-05-23T00:18:43.286+0000] {dagbag.py:545} INFO - Filling up the DagBag from /home/airflow/.local/lib/python3.12/site-packages/airflow/example_dags/example_latest_only.py
[2026-05-23T00:18:43.290+0000] {processor.py:840} INFO - DAG(s) 'latest_only' retrieved from /home/airflow/.local/lib/python3.12/site-packages/airflow/example_dags/example_latest_only.py
[2026-05-23T00:18:43.308+0000] {logging_mixin.py:188} INFO - [2026-05-23T00:18:43.308+0000] {dag.py:3096} INFO - Sync 1 DAGs
[2026-05-23T00:18:43.327+0000] {logging_mixin.py:188} INFO - [2026-05-23T00:18:43.326+0000] {dag.py:3954} INFO - Setting next_dagrun for latest_only to 2026-05-22 20:00:00+00:00, run_after=2026-05-23 00:00:00+00:00
[2026-05-23T00:18:43.339+0000] {processor.py:183} INFO - Processing /home/airflow/.local/lib/python3.12/site-packages/airflow/example_dags/example_latest_only.py took 0.060 seconds
[2026-05-23T00:19:14.271+0000] {processor.py:161} INFO - Started process (PID=853) to work on /home/airflow/.local/lib/python3.12/site-packages/airflow/example_dags/example_latest_only.py
[2026-05-23T00:19:14.273+0000] {processor.py:830} INFO - Processing file /home/airflow/.local/lib/python3.12/site-packages/airflow/example_dags/example_latest_only.py for tasks to queue
[2026-05-23T00:19:14.274+0000] {logging_mixin.py:188} INFO - [2026-05-23T00:19:14.274+0000] {dagbag.py:545} INFO - Filling up the DagBag from /home/airflow/.local/lib/python3.12/site-packages/airflow/example_dags/example_latest_only.py
[2026-05-23T00:19:14.278+0000] {processor.py:840} INFO - DAG(s) 'latest_only' retrieved from /home/airflow/.local/lib/python3.12/site-packages/airflow/example_dags/example_latest_only.py
[2026-05-23T00:19:14.303+0000] {logging_mixin.py:188} INFO - [2026-05-23T00:19:14.302+0000] {dag.py:3096} INFO - Sync 1 DAGs
[2026-05-23T00:19:14.318+0000] {logging_mixin.py:188} INFO - [2026-05-23T00:19:14.318+0000] {dag.py:3954} INFO - Setting next_dagrun for latest_only to 2026-05-22 20:00:00+00:00, run_after=2026-05-23 00:00:00+00:00
[2026-05-23T00:19:14.334+0000] {processor.py:183} INFO - Processing /home/airflow/.local/lib/python3.12/site-packages/airflow/example_dags/example_latest_only.py took 0.068 seconds
[2026-05-23T00:19:45.130+0000] {processor.py:161} INFO - Started process (PID=912) to work on /home/airflow/.local/lib/python3.12/site-packages/airflow/example_dags/example_latest_only.py
[2026-05-23T00:19:45.131+0000] {processor.py:830} INFO - Processing file /home/airflow/.local/lib/python3.12/site-packages/airflow/example_dags/example_latest_only.py for tasks to queue
[2026-05-23T00:19:45.132+0000] {logging_mixin.py:188} INFO - [2026-05-23T00:19:45.132+0000] {dagbag.py:545} INFO - Filling up the DagBag from /home/airflow/.local/lib/python3.12/site-packages/airflow/example_dags/example_latest_only.py
[2026-05-23T00:19:45.137+0000] {processor.py:840} INFO - DAG(s) 'latest_only' retrieved from /home/airflow/.local/lib/python3.12/site-packages/airflow/example_dags/example_latest_only.py
[2026-05-23T00:19:45.152+0000] {logging_mixin.py:188} INFO - [2026-05-23T00:19:45.151+0000] {dag.py:3096} INFO - Sync 1 DAGs
[2026-05-23T00:19:45.167+0000] {logging_mixin.py:188} INFO - [2026-05-23T00:19:45.167+0000] {dag.py:3954} INFO - Setting next_dagrun for latest_only to 2026-05-22 20:00:00+00:00, run_after=2026-05-23 00:00:00+00:00
[2026-05-23T00:19:45.183+0000] {processor.py:183} INFO - Processing /home/airflow/.local/lib/python3.12/site-packages/airflow/example_dags/example_latest_only.py took 0.059 seconds
[2026-05-23T00:20:15.548+0000] {processor.py:161} INFO - Started process (PID=971) to work on /home/airflow/.local/lib/python3.12/site-packages/airflow/example_dags/example_latest_only.py
[2026-05-23T00:20:15.549+0000] {processor.py:830} INFO - Processing file /home/airflow/.local/lib/python3.12/site-packages/airflow/example_dags/example_latest_only.py for tasks to queue
[2026-05-23T00:20:15.550+0000] {logging_mixin.py:188} INFO - [2026-05-23T00:20:15.550+0000] {dagbag.py:545} INFO - Filling up the DagBag from /home/airflow/.local/lib/python3.12/site-packages/airflow/example_dags/example_latest_only.py
[2026-05-23T00:20:15.554+0000] {processor.py:840} INFO - DAG(s) 'latest_only' retrieved from /home/airflow/.local/lib/python3.12/site-packages/airflow/example_dags/example_latest_only.py
[2026-05-23T00:20:15.569+0000] {logging_mixin.py:188} INFO - [2026-05-23T00:20:15.568+0000] {dag.py:3096} INFO - Sync 1 DAGs
[2026-05-23T00:20:15.584+0000] {logging_mixin.py:188} INFO - [2026-05-23T00:20:15.584+0000] {dag.py:3954} INFO - Setting next_dagrun for latest_only to 2026-05-22 20:00:00+00:00, run_after=2026-05-23 00:00:00+00:00
[2026-05-23T00:20:15.597+0000] {processor.py:183} INFO - Processing /home/airflow/.local/lib/python3.12/site-packages/airflow/example_dags/example_latest_only.py took 0.055 seconds
