[2026-05-23T00:00:23.325+0000] {processor.py:161} INFO - Started process (PID=2309) to work on /home/airflow/.local/lib/python3.12/site-packages/airflow/example_dags/example_bash_operator.py
[2026-05-23T00:00:23.328+0000] {processor.py:830} INFO - Processing file /home/airflow/.local/lib/python3.12/site-packages/airflow/example_dags/example_bash_operator.py for tasks to queue
[2026-05-23T00:00:23.332+0000] {logging_mixin.py:188} INFO - [2026-05-23T00:00:23.332+0000] {dagbag.py:545} INFO - Filling up the DagBag from /home/airflow/.local/lib/python3.12/site-packages/airflow/example_dags/example_bash_operator.py
[2026-05-23T00:00:23.354+0000] {processor.py:840} INFO - DAG(s) 'example_bash_operator' retrieved from /home/airflow/.local/lib/python3.12/site-packages/airflow/example_dags/example_bash_operator.py
[2026-05-23T00:00:23.395+0000] {logging_mixin.py:188} INFO - [2026-05-23T00:00:23.395+0000] {dag.py:3096} INFO - Sync 1 DAGs
[2026-05-23T00:00:23.419+0000] {logging_mixin.py:188} INFO - [2026-05-23T00:00:23.419+0000] {dag.py:3954} INFO - Setting next_dagrun for example_bash_operator to 2026-05-22 00:00:00+00:00, run_after=2026-05-23 00:00:00+00:00
[2026-05-23T00:00:23.440+0000] {processor.py:183} INFO - Processing /home/airflow/.local/lib/python3.12/site-packages/airflow/example_dags/example_bash_operator.py took 0.123 seconds
[2026-05-23T00:00:54.359+0000] {processor.py:161} INFO - Started process (PID=2368) to work on /home/airflow/.local/lib/python3.12/site-packages/airflow/example_dags/example_bash_operator.py
[2026-05-23T00:00:54.361+0000] {processor.py:830} INFO - Processing file /home/airflow/.local/lib/python3.12/site-packages/airflow/example_dags/example_bash_operator.py for tasks to queue
[2026-05-23T00:00:54.366+0000] {logging_mixin.py:188} INFO - [2026-05-23T00:00:54.365+0000] {dagbag.py:545} INFO - Filling up the DagBag from /home/airflow/.local/lib/python3.12/site-packages/airflow/example_dags/example_bash_operator.py
[2026-05-23T00:00:54.385+0000] {processor.py:840} INFO - DAG(s) 'example_bash_operator' retrieved from /home/airflow/.local/lib/python3.12/site-packages/airflow/example_dags/example_bash_operator.py
[2026-05-23T00:00:54.459+0000] {logging_mixin.py:188} INFO - [2026-05-23T00:00:54.459+0000] {dag.py:3096} INFO - Sync 1 DAGs
[2026-05-23T00:00:54.523+0000] {logging_mixin.py:188} INFO - [2026-05-23T00:00:54.522+0000] {dag.py:3954} INFO - Setting next_dagrun for example_bash_operator to 2026-05-22 00:00:00+00:00, run_after=2026-05-23 00:00:00+00:00
[2026-05-23T00:00:54.565+0000] {processor.py:183} INFO - Processing /home/airflow/.local/lib/python3.12/site-packages/airflow/example_dags/example_bash_operator.py took 0.217 seconds
[2026-05-23T00:01:24.677+0000] {processor.py:161} INFO - Started process (PID=2427) to work on /home/airflow/.local/lib/python3.12/site-packages/airflow/example_dags/example_bash_operator.py
[2026-05-23T00:01:24.684+0000] {processor.py:830} INFO - Processing file /home/airflow/.local/lib/python3.12/site-packages/airflow/example_dags/example_bash_operator.py for tasks to queue
[2026-05-23T00:01:24.688+0000] {logging_mixin.py:188} INFO - [2026-05-23T00:01:24.687+0000] {dagbag.py:545} INFO - Filling up the DagBag from /home/airflow/.local/lib/python3.12/site-packages/airflow/example_dags/example_bash_operator.py
[2026-05-23T00:01:24.708+0000] {processor.py:840} INFO - DAG(s) 'example_bash_operator' retrieved from /home/airflow/.local/lib/python3.12/site-packages/airflow/example_dags/example_bash_operator.py
[2026-05-23T00:01:24.760+0000] {logging_mixin.py:188} INFO - [2026-05-23T00:01:24.760+0000] {dag.py:3096} INFO - Sync 1 DAGs
[2026-05-23T00:01:24.791+0000] {logging_mixin.py:188} INFO - [2026-05-23T00:01:24.791+0000] {dag.py:3954} INFO - Setting next_dagrun for example_bash_operator to 2026-05-22 00:00:00+00:00, run_after=2026-05-23 00:00:00+00:00
[2026-05-23T00:01:24.811+0000] {processor.py:183} INFO - Processing /home/airflow/.local/lib/python3.12/site-packages/airflow/example_dags/example_bash_operator.py took 0.148 seconds
[2026-05-23T00:01:54.904+0000] {processor.py:161} INFO - Started process (PID=2486) to work on /home/airflow/.local/lib/python3.12/site-packages/airflow/example_dags/example_bash_operator.py
[2026-05-23T00:01:54.907+0000] {processor.py:830} INFO - Processing file /home/airflow/.local/lib/python3.12/site-packages/airflow/example_dags/example_bash_operator.py for tasks to queue
[2026-05-23T00:01:54.910+0000] {logging_mixin.py:188} INFO - [2026-05-23T00:01:54.910+0000] {dagbag.py:545} INFO - Filling up the DagBag from /home/airflow/.local/lib/python3.12/site-packages/airflow/example_dags/example_bash_operator.py
[2026-05-23T00:01:54.921+0000] {processor.py:840} INFO - DAG(s) 'example_bash_operator' retrieved from /home/airflow/.local/lib/python3.12/site-packages/airflow/example_dags/example_bash_operator.py
[2026-05-23T00:01:54.944+0000] {logging_mixin.py:188} INFO - [2026-05-23T00:01:54.943+0000] {dag.py:3096} INFO - Sync 1 DAGs
[2026-05-23T00:01:54.967+0000] {logging_mixin.py:188} INFO - [2026-05-23T00:01:54.967+0000] {dag.py:3954} INFO - Setting next_dagrun for example_bash_operator to 2026-05-22 00:00:00+00:00, run_after=2026-05-23 00:00:00+00:00
[2026-05-23T00:01:54.983+0000] {processor.py:183} INFO - Processing /home/airflow/.local/lib/python3.12/site-packages/airflow/example_dags/example_bash_operator.py took 0.085 seconds
[2026-05-23T00:02:25.224+0000] {processor.py:161} INFO - Started process (PID=2545) to work on /home/airflow/.local/lib/python3.12/site-packages/airflow/example_dags/example_bash_operator.py
[2026-05-23T00:02:25.225+0000] {processor.py:830} INFO - Processing file /home/airflow/.local/lib/python3.12/site-packages/airflow/example_dags/example_bash_operator.py for tasks to queue
[2026-05-23T00:02:25.229+0000] {logging_mixin.py:188} INFO - [2026-05-23T00:02:25.228+0000] {dagbag.py:545} INFO - Filling up the DagBag from /home/airflow/.local/lib/python3.12/site-packages/airflow/example_dags/example_bash_operator.py
[2026-05-23T00:02:25.242+0000] {processor.py:840} INFO - DAG(s) 'example_bash_operator' retrieved from /home/airflow/.local/lib/python3.12/site-packages/airflow/example_dags/example_bash_operator.py
[2026-05-23T00:02:25.270+0000] {logging_mixin.py:188} INFO - [2026-05-23T00:02:25.269+0000] {dag.py:3096} INFO - Sync 1 DAGs
[2026-05-23T00:02:25.289+0000] {logging_mixin.py:188} INFO - [2026-05-23T00:02:25.289+0000] {dag.py:3954} INFO - Setting next_dagrun for example_bash_operator to 2026-05-22 00:00:00+00:00, run_after=2026-05-23 00:00:00+00:00
[2026-05-23T00:02:25.314+0000] {processor.py:183} INFO - Processing /home/airflow/.local/lib/python3.12/site-packages/airflow/example_dags/example_bash_operator.py took 0.095 seconds
[2026-05-23T00:02:55.407+0000] {processor.py:161} INFO - Started process (PID=2604) to work on /home/airflow/.local/lib/python3.12/site-packages/airflow/example_dags/example_bash_operator.py
[2026-05-23T00:02:55.408+0000] {processor.py:830} INFO - Processing file /home/airflow/.local/lib/python3.12/site-packages/airflow/example_dags/example_bash_operator.py for tasks to queue
[2026-05-23T00:02:55.413+0000] {logging_mixin.py:188} INFO - [2026-05-23T00:02:55.413+0000] {dagbag.py:545} INFO - Filling up the DagBag from /home/airflow/.local/lib/python3.12/site-packages/airflow/example_dags/example_bash_operator.py
[2026-05-23T00:02:55.424+0000] {processor.py:840} INFO - DAG(s) 'example_bash_operator' retrieved from /home/airflow/.local/lib/python3.12/site-packages/airflow/example_dags/example_bash_operator.py
[2026-05-23T00:02:55.447+0000] {logging_mixin.py:188} INFO - [2026-05-23T00:02:55.447+0000] {dag.py:3096} INFO - Sync 1 DAGs
[2026-05-23T00:02:55.469+0000] {logging_mixin.py:188} INFO - [2026-05-23T00:02:55.469+0000] {dag.py:3954} INFO - Setting next_dagrun for example_bash_operator to 2026-05-22 00:00:00+00:00, run_after=2026-05-23 00:00:00+00:00
[2026-05-23T00:02:55.485+0000] {processor.py:183} INFO - Processing /home/airflow/.local/lib/python3.12/site-packages/airflow/example_dags/example_bash_operator.py took 0.084 seconds
[2026-05-23T00:03:26.128+0000] {processor.py:161} INFO - Started process (PID=2663) to work on /home/airflow/.local/lib/python3.12/site-packages/airflow/example_dags/example_bash_operator.py
[2026-05-23T00:03:26.134+0000] {processor.py:830} INFO - Processing file /home/airflow/.local/lib/python3.12/site-packages/airflow/example_dags/example_bash_operator.py for tasks to queue
[2026-05-23T00:03:26.136+0000] {logging_mixin.py:188} INFO - [2026-05-23T00:03:26.135+0000] {dagbag.py:545} INFO - Filling up the DagBag from /home/airflow/.local/lib/python3.12/site-packages/airflow/example_dags/example_bash_operator.py
[2026-05-23T00:03:26.148+0000] {processor.py:840} INFO - DAG(s) 'example_bash_operator' retrieved from /home/airflow/.local/lib/python3.12/site-packages/airflow/example_dags/example_bash_operator.py
[2026-05-23T00:03:26.175+0000] {logging_mixin.py:188} INFO - [2026-05-23T00:03:26.175+0000] {dag.py:3096} INFO - Sync 1 DAGs
[2026-05-23T00:03:26.194+0000] {logging_mixin.py:188} INFO - [2026-05-23T00:03:26.194+0000] {dag.py:3954} INFO - Setting next_dagrun for example_bash_operator to 2026-05-22 00:00:00+00:00, run_after=2026-05-23 00:00:00+00:00
[2026-05-23T00:03:26.211+0000] {processor.py:183} INFO - Processing /home/airflow/.local/lib/python3.12/site-packages/airflow/example_dags/example_bash_operator.py took 0.087 seconds
[2026-05-23T00:03:56.679+0000] {processor.py:161} INFO - Started process (PID=2722) to work on /home/airflow/.local/lib/python3.12/site-packages/airflow/example_dags/example_bash_operator.py
[2026-05-23T00:03:56.682+0000] {processor.py:830} INFO - Processing file /home/airflow/.local/lib/python3.12/site-packages/airflow/example_dags/example_bash_operator.py for tasks to queue
[2026-05-23T00:03:56.689+0000] {logging_mixin.py:188} INFO - [2026-05-23T00:03:56.688+0000] {dagbag.py:545} INFO - Filling up the DagBag from /home/airflow/.local/lib/python3.12/site-packages/airflow/example_dags/example_bash_operator.py
[2026-05-23T00:03:56.732+0000] {processor.py:840} INFO - DAG(s) 'example_bash_operator' retrieved from /home/airflow/.local/lib/python3.12/site-packages/airflow/example_dags/example_bash_operator.py
[2026-05-23T00:03:56.794+0000] {logging_mixin.py:188} INFO - [2026-05-23T00:03:56.794+0000] {dag.py:3096} INFO - Sync 1 DAGs
[2026-05-23T00:03:56.824+0000] {logging_mixin.py:188} INFO - [2026-05-23T00:03:56.824+0000] {dag.py:3954} INFO - Setting next_dagrun for example_bash_operator to 2026-05-22 00:00:00+00:00, run_after=2026-05-23 00:00:00+00:00
[2026-05-23T00:03:56.841+0000] {processor.py:183} INFO - Processing /home/airflow/.local/lib/python3.12/site-packages/airflow/example_dags/example_bash_operator.py took 0.187 seconds
[2026-05-23T00:04:27.330+0000] {processor.py:161} INFO - Started process (PID=2781) to work on /home/airflow/.local/lib/python3.12/site-packages/airflow/example_dags/example_bash_operator.py
[2026-05-23T00:04:27.332+0000] {processor.py:830} INFO - Processing file /home/airflow/.local/lib/python3.12/site-packages/airflow/example_dags/example_bash_operator.py for tasks to queue
[2026-05-23T00:04:27.335+0000] {logging_mixin.py:188} INFO - [2026-05-23T00:04:27.334+0000] {dagbag.py:545} INFO - Filling up the DagBag from /home/airflow/.local/lib/python3.12/site-packages/airflow/example_dags/example_bash_operator.py
[2026-05-23T00:04:27.382+0000] {processor.py:840} INFO - DAG(s) 'example_bash_operator' retrieved from /home/airflow/.local/lib/python3.12/site-packages/airflow/example_dags/example_bash_operator.py
[2026-05-23T00:04:27.428+0000] {logging_mixin.py:188} INFO - [2026-05-23T00:04:27.428+0000] {dag.py:3096} INFO - Sync 1 DAGs
[2026-05-23T00:04:27.467+0000] {logging_mixin.py:188} INFO - [2026-05-23T00:04:27.467+0000] {dag.py:3954} INFO - Setting next_dagrun for example_bash_operator to 2026-05-22 00:00:00+00:00, run_after=2026-05-23 00:00:00+00:00
[2026-05-23T00:04:27.493+0000] {processor.py:183} INFO - Processing /home/airflow/.local/lib/python3.12/site-packages/airflow/example_dags/example_bash_operator.py took 0.180 seconds
[2026-05-23T00:04:57.718+0000] {processor.py:161} INFO - Started process (PID=2840) to work on /home/airflow/.local/lib/python3.12/site-packages/airflow/example_dags/example_bash_operator.py
[2026-05-23T00:04:57.724+0000] {processor.py:830} INFO - Processing file /home/airflow/.local/lib/python3.12/site-packages/airflow/example_dags/example_bash_operator.py for tasks to queue
[2026-05-23T00:04:57.726+0000] {logging_mixin.py:188} INFO - [2026-05-23T00:04:57.726+0000] {dagbag.py:545} INFO - Filling up the DagBag from /home/airflow/.local/lib/python3.12/site-packages/airflow/example_dags/example_bash_operator.py
[2026-05-23T00:04:57.740+0000] {processor.py:840} INFO - DAG(s) 'example_bash_operator' retrieved from /home/airflow/.local/lib/python3.12/site-packages/airflow/example_dags/example_bash_operator.py
[2026-05-23T00:04:57.768+0000] {logging_mixin.py:188} INFO - [2026-05-23T00:04:57.768+0000] {dag.py:3096} INFO - Sync 1 DAGs
[2026-05-23T00:04:57.788+0000] {logging_mixin.py:188} INFO - [2026-05-23T00:04:57.788+0000] {dag.py:3954} INFO - Setting next_dagrun for example_bash_operator to 2026-05-22 00:00:00+00:00, run_after=2026-05-23 00:00:00+00:00
[2026-05-23T00:04:57.803+0000] {processor.py:183} INFO - Processing /home/airflow/.local/lib/python3.12/site-packages/airflow/example_dags/example_bash_operator.py took 0.090 seconds
[2026-05-23T00:05:27.955+0000] {processor.py:161} INFO - Started process (PID=2899) to work on /home/airflow/.local/lib/python3.12/site-packages/airflow/example_dags/example_bash_operator.py
[2026-05-23T00:05:27.956+0000] {processor.py:830} INFO - Processing file /home/airflow/.local/lib/python3.12/site-packages/airflow/example_dags/example_bash_operator.py for tasks to queue
[2026-05-23T00:05:27.958+0000] {logging_mixin.py:188} INFO - [2026-05-23T00:05:27.957+0000] {dagbag.py:545} INFO - Filling up the DagBag from /home/airflow/.local/lib/python3.12/site-packages/airflow/example_dags/example_bash_operator.py
[2026-05-23T00:05:27.975+0000] {processor.py:840} INFO - DAG(s) 'example_bash_operator' retrieved from /home/airflow/.local/lib/python3.12/site-packages/airflow/example_dags/example_bash_operator.py
[2026-05-23T00:05:28.001+0000] {logging_mixin.py:188} INFO - [2026-05-23T00:05:28.001+0000] {dag.py:3096} INFO - Sync 1 DAGs
[2026-05-23T00:05:28.020+0000] {logging_mixin.py:188} INFO - [2026-05-23T00:05:28.020+0000] {dag.py:3954} INFO - Setting next_dagrun for example_bash_operator to 2026-05-22 00:00:00+00:00, run_after=2026-05-23 00:00:00+00:00
[2026-05-23T00:05:28.034+0000] {processor.py:183} INFO - Processing /home/airflow/.local/lib/python3.12/site-packages/airflow/example_dags/example_bash_operator.py took 0.085 seconds
[2026-05-23T00:05:58.298+0000] {processor.py:161} INFO - Started process (PID=2958) to work on /home/airflow/.local/lib/python3.12/site-packages/airflow/example_dags/example_bash_operator.py
[2026-05-23T00:05:58.299+0000] {processor.py:830} INFO - Processing file /home/airflow/.local/lib/python3.12/site-packages/airflow/example_dags/example_bash_operator.py for tasks to queue
[2026-05-23T00:05:58.302+0000] {logging_mixin.py:188} INFO - [2026-05-23T00:05:58.301+0000] {dagbag.py:545} INFO - Filling up the DagBag from /home/airflow/.local/lib/python3.12/site-packages/airflow/example_dags/example_bash_operator.py
[2026-05-23T00:05:58.315+0000] {processor.py:840} INFO - DAG(s) 'example_bash_operator' retrieved from /home/airflow/.local/lib/python3.12/site-packages/airflow/example_dags/example_bash_operator.py
[2026-05-23T00:05:58.344+0000] {logging_mixin.py:188} INFO - [2026-05-23T00:05:58.344+0000] {dag.py:3096} INFO - Sync 1 DAGs
[2026-05-23T00:05:58.360+0000] {logging_mixin.py:188} INFO - [2026-05-23T00:05:58.360+0000] {dag.py:3954} INFO - Setting next_dagrun for example_bash_operator to 2026-05-22 00:00:00+00:00, run_after=2026-05-23 00:00:00+00:00
[2026-05-23T00:05:58.375+0000] {processor.py:183} INFO - Processing /home/airflow/.local/lib/python3.12/site-packages/airflow/example_dags/example_bash_operator.py took 0.083 seconds
[2026-05-23T00:06:28.854+0000] {processor.py:161} INFO - Started process (PID=3017) to work on /home/airflow/.local/lib/python3.12/site-packages/airflow/example_dags/example_bash_operator.py
[2026-05-23T00:06:28.857+0000] {processor.py:830} INFO - Processing file /home/airflow/.local/lib/python3.12/site-packages/airflow/example_dags/example_bash_operator.py for tasks to queue
[2026-05-23T00:06:28.862+0000] {logging_mixin.py:188} INFO - [2026-05-23T00:06:28.861+0000] {dagbag.py:545} INFO - Filling up the DagBag from /home/airflow/.local/lib/python3.12/site-packages/airflow/example_dags/example_bash_operator.py
[2026-05-23T00:06:28.900+0000] {processor.py:840} INFO - DAG(s) 'example_bash_operator' retrieved from /home/airflow/.local/lib/python3.12/site-packages/airflow/example_dags/example_bash_operator.py
[2026-05-23T00:06:28.922+0000] {logging_mixin.py:188} INFO - [2026-05-23T00:06:28.922+0000] {dag.py:3096} INFO - Sync 1 DAGs
[2026-05-23T00:06:28.951+0000] {logging_mixin.py:188} INFO - [2026-05-23T00:06:28.951+0000] {dag.py:3954} INFO - Setting next_dagrun for example_bash_operator to 2026-05-22 00:00:00+00:00, run_after=2026-05-23 00:00:00+00:00
[2026-05-23T00:06:28.971+0000] {processor.py:183} INFO - Processing /home/airflow/.local/lib/python3.12/site-packages/airflow/example_dags/example_bash_operator.py took 0.131 seconds
[2026-05-23T00:06:59.240+0000] {processor.py:161} INFO - Started process (PID=3076) to work on /home/airflow/.local/lib/python3.12/site-packages/airflow/example_dags/example_bash_operator.py
[2026-05-23T00:06:59.250+0000] {processor.py:830} INFO - Processing file /home/airflow/.local/lib/python3.12/site-packages/airflow/example_dags/example_bash_operator.py for tasks to queue
[2026-05-23T00:06:59.294+0000] {logging_mixin.py:188} INFO - [2026-05-23T00:06:59.291+0000] {dagbag.py:545} INFO - Filling up the DagBag from /home/airflow/.local/lib/python3.12/site-packages/airflow/example_dags/example_bash_operator.py
[2026-05-23T00:06:59.380+0000] {processor.py:840} INFO - DAG(s) 'example_bash_operator' retrieved from /home/airflow/.local/lib/python3.12/site-packages/airflow/example_dags/example_bash_operator.py
[2026-05-23T00:06:59.681+0000] {logging_mixin.py:188} INFO - [2026-05-23T00:06:59.679+0000] {dag.py:3096} INFO - Sync 1 DAGs
[2026-05-23T00:06:59.916+0000] {logging_mixin.py:188} INFO - [2026-05-23T00:06:59.915+0000] {dag.py:3954} INFO - Setting next_dagrun for example_bash_operator to 2026-05-22 00:00:00+00:00, run_after=2026-05-23 00:00:00+00:00
[2026-05-23T00:07:00.073+0000] {processor.py:183} INFO - Processing /home/airflow/.local/lib/python3.12/site-packages/airflow/example_dags/example_bash_operator.py took 0.906 seconds
[2026-05-23T00:07:30.318+0000] {processor.py:161} INFO - Started process (PID=3135) to work on /home/airflow/.local/lib/python3.12/site-packages/airflow/example_dags/example_bash_operator.py
[2026-05-23T00:07:30.321+0000] {processor.py:830} INFO - Processing file /home/airflow/.local/lib/python3.12/site-packages/airflow/example_dags/example_bash_operator.py for tasks to queue
[2026-05-23T00:07:30.323+0000] {logging_mixin.py:188} INFO - [2026-05-23T00:07:30.323+0000] {dagbag.py:545} INFO - Filling up the DagBag from /home/airflow/.local/lib/python3.12/site-packages/airflow/example_dags/example_bash_operator.py
[2026-05-23T00:07:30.343+0000] {processor.py:840} INFO - DAG(s) 'example_bash_operator' retrieved from /home/airflow/.local/lib/python3.12/site-packages/airflow/example_dags/example_bash_operator.py
[2026-05-23T00:07:30.377+0000] {logging_mixin.py:188} INFO - [2026-05-23T00:07:30.377+0000] {dag.py:3096} INFO - Sync 1 DAGs
[2026-05-23T00:07:30.407+0000] {logging_mixin.py:188} INFO - [2026-05-23T00:07:30.407+0000] {dag.py:3954} INFO - Setting next_dagrun for example_bash_operator to 2026-05-22 00:00:00+00:00, run_after=2026-05-23 00:00:00+00:00
[2026-05-23T00:07:30.431+0000] {processor.py:183} INFO - Processing /home/airflow/.local/lib/python3.12/site-packages/airflow/example_dags/example_bash_operator.py took 0.120 seconds
[2026-05-23T00:08:00.668+0000] {processor.py:161} INFO - Started process (PID=3194) to work on /home/airflow/.local/lib/python3.12/site-packages/airflow/example_dags/example_bash_operator.py
[2026-05-23T00:08:00.671+0000] {processor.py:830} INFO - Processing file /home/airflow/.local/lib/python3.12/site-packages/airflow/example_dags/example_bash_operator.py for tasks to queue
[2026-05-23T00:08:00.682+0000] {logging_mixin.py:188} INFO - [2026-05-23T00:08:00.681+0000] {dagbag.py:545} INFO - Filling up the DagBag from /home/airflow/.local/lib/python3.12/site-packages/airflow/example_dags/example_bash_operator.py
[2026-05-23T00:08:00.723+0000] {processor.py:840} INFO - DAG(s) 'example_bash_operator' retrieved from /home/airflow/.local/lib/python3.12/site-packages/airflow/example_dags/example_bash_operator.py
[2026-05-23T00:08:00.782+0000] {logging_mixin.py:188} INFO - [2026-05-23T00:08:00.782+0000] {dag.py:3096} INFO - Sync 1 DAGs
[2026-05-23T00:08:00.822+0000] {logging_mixin.py:188} INFO - [2026-05-23T00:08:00.822+0000] {dag.py:3954} INFO - Setting next_dagrun for example_bash_operator to 2026-05-22 00:00:00+00:00, run_after=2026-05-23 00:00:00+00:00
[2026-05-23T00:08:00.848+0000] {processor.py:183} INFO - Processing /home/airflow/.local/lib/python3.12/site-packages/airflow/example_dags/example_bash_operator.py took 0.200 seconds
[2026-05-23T00:08:30.894+0000] {processor.py:161} INFO - Started process (PID=3253) to work on /home/airflow/.local/lib/python3.12/site-packages/airflow/example_dags/example_bash_operator.py
[2026-05-23T00:08:30.897+0000] {processor.py:830} INFO - Processing file /home/airflow/.local/lib/python3.12/site-packages/airflow/example_dags/example_bash_operator.py for tasks to queue
[2026-05-23T00:08:30.900+0000] {logging_mixin.py:188} INFO - [2026-05-23T00:08:30.899+0000] {dagbag.py:545} INFO - Filling up the DagBag from /home/airflow/.local/lib/python3.12/site-packages/airflow/example_dags/example_bash_operator.py
[2026-05-23T00:08:30.919+0000] {processor.py:840} INFO - DAG(s) 'example_bash_operator' retrieved from /home/airflow/.local/lib/python3.12/site-packages/airflow/example_dags/example_bash_operator.py
[2026-05-23T00:08:30.957+0000] {logging_mixin.py:188} INFO - [2026-05-23T00:08:30.957+0000] {dag.py:3096} INFO - Sync 1 DAGs
[2026-05-23T00:08:30.982+0000] {logging_mixin.py:188} INFO - [2026-05-23T00:08:30.982+0000] {dag.py:3954} INFO - Setting next_dagrun for example_bash_operator to 2026-05-22 00:00:00+00:00, run_after=2026-05-23 00:00:00+00:00
[2026-05-23T00:08:30.999+0000] {processor.py:183} INFO - Processing /home/airflow/.local/lib/python3.12/site-packages/airflow/example_dags/example_bash_operator.py took 0.111 seconds
[2026-05-23T00:09:01.231+0000] {processor.py:161} INFO - Started process (PID=3312) to work on /home/airflow/.local/lib/python3.12/site-packages/airflow/example_dags/example_bash_operator.py
[2026-05-23T00:09:01.235+0000] {processor.py:830} INFO - Processing file /home/airflow/.local/lib/python3.12/site-packages/airflow/example_dags/example_bash_operator.py for tasks to queue
[2026-05-23T00:09:01.242+0000] {logging_mixin.py:188} INFO - [2026-05-23T00:09:01.241+0000] {dagbag.py:545} INFO - Filling up the DagBag from /home/airflow/.local/lib/python3.12/site-packages/airflow/example_dags/example_bash_operator.py
[2026-05-23T00:09:01.288+0000] {processor.py:840} INFO - DAG(s) 'example_bash_operator' retrieved from /home/airflow/.local/lib/python3.12/site-packages/airflow/example_dags/example_bash_operator.py
[2026-05-23T00:09:01.352+0000] {logging_mixin.py:188} INFO - [2026-05-23T00:09:01.352+0000] {dag.py:3096} INFO - Sync 1 DAGs
[2026-05-23T00:09:01.388+0000] {logging_mixin.py:188} INFO - [2026-05-23T00:09:01.388+0000] {dag.py:3954} INFO - Setting next_dagrun for example_bash_operator to 2026-05-22 00:00:00+00:00, run_after=2026-05-23 00:00:00+00:00
[2026-05-23T00:09:01.409+0000] {processor.py:183} INFO - Processing /home/airflow/.local/lib/python3.12/site-packages/airflow/example_dags/example_bash_operator.py took 0.201 seconds
[2026-05-23T00:09:31.656+0000] {processor.py:161} INFO - Started process (PID=3371) to work on /home/airflow/.local/lib/python3.12/site-packages/airflow/example_dags/example_bash_operator.py
[2026-05-23T00:09:31.659+0000] {processor.py:830} INFO - Processing file /home/airflow/.local/lib/python3.12/site-packages/airflow/example_dags/example_bash_operator.py for tasks to queue
[2026-05-23T00:09:31.661+0000] {logging_mixin.py:188} INFO - [2026-05-23T00:09:31.661+0000] {dagbag.py:545} INFO - Filling up the DagBag from /home/airflow/.local/lib/python3.12/site-packages/airflow/example_dags/example_bash_operator.py
[2026-05-23T00:09:31.672+0000] {processor.py:840} INFO - DAG(s) 'example_bash_operator' retrieved from /home/airflow/.local/lib/python3.12/site-packages/airflow/example_dags/example_bash_operator.py
[2026-05-23T00:09:31.696+0000] {logging_mixin.py:188} INFO - [2026-05-23T00:09:31.696+0000] {dag.py:3096} INFO - Sync 1 DAGs
[2026-05-23T00:09:31.716+0000] {logging_mixin.py:188} INFO - [2026-05-23T00:09:31.716+0000] {dag.py:3954} INFO - Setting next_dagrun for example_bash_operator to 2026-05-22 00:00:00+00:00, run_after=2026-05-23 00:00:00+00:00
[2026-05-23T00:09:31.730+0000] {processor.py:183} INFO - Processing /home/airflow/.local/lib/python3.12/site-packages/airflow/example_dags/example_bash_operator.py took 0.080 seconds
[2026-05-23T00:12:32.041+0000] {processor.py:161} INFO - Started process (PID=57) to work on /home/airflow/.local/lib/python3.12/site-packages/airflow/example_dags/example_bash_operator.py
[2026-05-23T00:12:32.046+0000] {processor.py:830} INFO - Processing file /home/airflow/.local/lib/python3.12/site-packages/airflow/example_dags/example_bash_operator.py for tasks to queue
[2026-05-23T00:12:32.048+0000] {logging_mixin.py:188} INFO - [2026-05-23T00:12:32.048+0000] {dagbag.py:545} INFO - Filling up the DagBag from /home/airflow/.local/lib/python3.12/site-packages/airflow/example_dags/example_bash_operator.py
[2026-05-23T00:12:32.066+0000] {processor.py:840} INFO - DAG(s) 'example_bash_operator' retrieved from /home/airflow/.local/lib/python3.12/site-packages/airflow/example_dags/example_bash_operator.py
[2026-05-23T00:12:32.081+0000] {logging_mixin.py:188} INFO - [2026-05-23T00:12:32.081+0000] {dag.py:3096} INFO - Sync 1 DAGs
[2026-05-23T00:12:32.116+0000] {logging_mixin.py:188} INFO - [2026-05-23T00:12:32.116+0000] {dag.py:3954} INFO - Setting next_dagrun for example_bash_operator to 2026-05-22 00:00:00+00:00, run_after=2026-05-23 00:00:00+00:00
[2026-05-23T00:12:32.133+0000] {processor.py:183} INFO - Processing /home/airflow/.local/lib/python3.12/site-packages/airflow/example_dags/example_bash_operator.py took 0.100 seconds
[2026-05-23T00:13:02.462+0000] {processor.py:161} INFO - Started process (PID=116) to work on /home/airflow/.local/lib/python3.12/site-packages/airflow/example_dags/example_bash_operator.py
[2026-05-23T00:13:02.463+0000] {processor.py:830} INFO - Processing file /home/airflow/.local/lib/python3.12/site-packages/airflow/example_dags/example_bash_operator.py for tasks to queue
[2026-05-23T00:13:02.465+0000] {logging_mixin.py:188} INFO - [2026-05-23T00:13:02.465+0000] {dagbag.py:545} INFO - Filling up the DagBag from /home/airflow/.local/lib/python3.12/site-packages/airflow/example_dags/example_bash_operator.py
[2026-05-23T00:13:02.476+0000] {processor.py:840} INFO - DAG(s) 'example_bash_operator' retrieved from /home/airflow/.local/lib/python3.12/site-packages/airflow/example_dags/example_bash_operator.py
[2026-05-23T00:13:02.554+0000] {logging_mixin.py:188} INFO - [2026-05-23T00:13:02.554+0000] {dag.py:3096} INFO - Sync 1 DAGs
[2026-05-23T00:13:02.568+0000] {logging_mixin.py:188} INFO - [2026-05-23T00:13:02.568+0000] {dag.py:3954} INFO - Setting next_dagrun for example_bash_operator to 2026-05-22 00:00:00+00:00, run_after=2026-05-23 00:00:00+00:00
[2026-05-23T00:13:02.584+0000] {processor.py:183} INFO - Processing /home/airflow/.local/lib/python3.12/site-packages/airflow/example_dags/example_bash_operator.py took 0.128 seconds
[2026-05-23T00:13:33.473+0000] {processor.py:161} INFO - Started process (PID=175) to work on /home/airflow/.local/lib/python3.12/site-packages/airflow/example_dags/example_bash_operator.py
[2026-05-23T00:13:33.474+0000] {processor.py:830} INFO - Processing file /home/airflow/.local/lib/python3.12/site-packages/airflow/example_dags/example_bash_operator.py for tasks to queue
[2026-05-23T00:13:33.476+0000] {logging_mixin.py:188} INFO - [2026-05-23T00:13:33.476+0000] {dagbag.py:545} INFO - Filling up the DagBag from /home/airflow/.local/lib/python3.12/site-packages/airflow/example_dags/example_bash_operator.py
[2026-05-23T00:13:33.488+0000] {processor.py:840} INFO - DAG(s) 'example_bash_operator' retrieved from /home/airflow/.local/lib/python3.12/site-packages/airflow/example_dags/example_bash_operator.py
[2026-05-23T00:13:33.509+0000] {logging_mixin.py:188} INFO - [2026-05-23T00:13:33.509+0000] {dag.py:3096} INFO - Sync 1 DAGs
[2026-05-23T00:13:33.525+0000] {logging_mixin.py:188} INFO - [2026-05-23T00:13:33.525+0000] {dag.py:3954} INFO - Setting next_dagrun for example_bash_operator to 2026-05-22 00:00:00+00:00, run_after=2026-05-23 00:00:00+00:00
[2026-05-23T00:13:33.536+0000] {processor.py:183} INFO - Processing /home/airflow/.local/lib/python3.12/site-packages/airflow/example_dags/example_bash_operator.py took 0.068 seconds
[2026-05-23T00:14:04.357+0000] {processor.py:161} INFO - Started process (PID=234) to work on /home/airflow/.local/lib/python3.12/site-packages/airflow/example_dags/example_bash_operator.py
[2026-05-23T00:14:04.359+0000] {processor.py:830} INFO - Processing file /home/airflow/.local/lib/python3.12/site-packages/airflow/example_dags/example_bash_operator.py for tasks to queue
[2026-05-23T00:14:04.366+0000] {logging_mixin.py:188} INFO - [2026-05-23T00:14:04.366+0000] {dagbag.py:545} INFO - Filling up the DagBag from /home/airflow/.local/lib/python3.12/site-packages/airflow/example_dags/example_bash_operator.py
[2026-05-23T00:14:04.384+0000] {processor.py:840} INFO - DAG(s) 'example_bash_operator' retrieved from /home/airflow/.local/lib/python3.12/site-packages/airflow/example_dags/example_bash_operator.py
[2026-05-23T00:14:04.401+0000] {logging_mixin.py:188} INFO - [2026-05-23T00:14:04.400+0000] {dag.py:3096} INFO - Sync 1 DAGs
[2026-05-23T00:14:04.413+0000] {logging_mixin.py:188} INFO - [2026-05-23T00:14:04.413+0000] {dag.py:3954} INFO - Setting next_dagrun for example_bash_operator to 2026-05-22 00:00:00+00:00, run_after=2026-05-23 00:00:00+00:00
[2026-05-23T00:14:04.423+0000] {processor.py:183} INFO - Processing /home/airflow/.local/lib/python3.12/site-packages/airflow/example_dags/example_bash_operator.py took 0.075 seconds
[2026-05-23T00:14:34.618+0000] {processor.py:161} INFO - Started process (PID=293) to work on /home/airflow/.local/lib/python3.12/site-packages/airflow/example_dags/example_bash_operator.py
[2026-05-23T00:14:34.619+0000] {processor.py:830} INFO - Processing file /home/airflow/.local/lib/python3.12/site-packages/airflow/example_dags/example_bash_operator.py for tasks to queue
[2026-05-23T00:14:34.622+0000] {logging_mixin.py:188} INFO - [2026-05-23T00:14:34.621+0000] {dagbag.py:545} INFO - Filling up the DagBag from /home/airflow/.local/lib/python3.12/site-packages/airflow/example_dags/example_bash_operator.py
[2026-05-23T00:14:34.629+0000] {processor.py:840} INFO - DAG(s) 'example_bash_operator' retrieved from /home/airflow/.local/lib/python3.12/site-packages/airflow/example_dags/example_bash_operator.py
[2026-05-23T00:14:34.646+0000] {logging_mixin.py:188} INFO - [2026-05-23T00:14:34.646+0000] {dag.py:3096} INFO - Sync 1 DAGs
[2026-05-23T00:14:34.660+0000] {logging_mixin.py:188} INFO - [2026-05-23T00:14:34.660+0000] {dag.py:3954} INFO - Setting next_dagrun for example_bash_operator to 2026-05-22 00:00:00+00:00, run_after=2026-05-23 00:00:00+00:00
[2026-05-23T00:14:34.671+0000] {processor.py:183} INFO - Processing /home/airflow/.local/lib/python3.12/site-packages/airflow/example_dags/example_bash_operator.py took 0.060 seconds
[2026-05-23T00:15:05.207+0000] {processor.py:161} INFO - Started process (PID=358) to work on /home/airflow/.local/lib/python3.12/site-packages/airflow/example_dags/example_bash_operator.py
[2026-05-23T00:15:05.208+0000] {processor.py:830} INFO - Processing file /home/airflow/.local/lib/python3.12/site-packages/airflow/example_dags/example_bash_operator.py for tasks to queue
[2026-05-23T00:15:05.210+0000] {logging_mixin.py:188} INFO - [2026-05-23T00:15:05.210+0000] {dagbag.py:545} INFO - Filling up the DagBag from /home/airflow/.local/lib/python3.12/site-packages/airflow/example_dags/example_bash_operator.py
[2026-05-23T00:15:05.218+0000] {processor.py:840} INFO - DAG(s) 'example_bash_operator' retrieved from /home/airflow/.local/lib/python3.12/site-packages/airflow/example_dags/example_bash_operator.py
[2026-05-23T00:15:05.236+0000] {logging_mixin.py:188} INFO - [2026-05-23T00:15:05.236+0000] {dag.py:3096} INFO - Sync 1 DAGs
[2026-05-23T00:15:05.251+0000] {logging_mixin.py:188} INFO - [2026-05-23T00:15:05.250+0000] {dag.py:3954} INFO - Setting next_dagrun for example_bash_operator to 2026-05-22 00:00:00+00:00, run_after=2026-05-23 00:00:00+00:00
[2026-05-23T00:15:05.262+0000] {processor.py:183} INFO - Processing /home/airflow/.local/lib/python3.12/site-packages/airflow/example_dags/example_bash_operator.py took 0.059 seconds
[2026-05-23T00:15:35.752+0000] {processor.py:161} INFO - Started process (PID=417) to work on /home/airflow/.local/lib/python3.12/site-packages/airflow/example_dags/example_bash_operator.py
[2026-05-23T00:15:35.753+0000] {processor.py:830} INFO - Processing file /home/airflow/.local/lib/python3.12/site-packages/airflow/example_dags/example_bash_operator.py for tasks to queue
[2026-05-23T00:15:35.755+0000] {logging_mixin.py:188} INFO - [2026-05-23T00:15:35.755+0000] {dagbag.py:545} INFO - Filling up the DagBag from /home/airflow/.local/lib/python3.12/site-packages/airflow/example_dags/example_bash_operator.py
[2026-05-23T00:15:35.765+0000] {processor.py:840} INFO - DAG(s) 'example_bash_operator' retrieved from /home/airflow/.local/lib/python3.12/site-packages/airflow/example_dags/example_bash_operator.py
[2026-05-23T00:15:35.790+0000] {logging_mixin.py:188} INFO - [2026-05-23T00:15:35.790+0000] {dag.py:3096} INFO - Sync 1 DAGs
[2026-05-23T00:15:35.809+0000] {logging_mixin.py:188} INFO - [2026-05-23T00:15:35.809+0000] {dag.py:3954} INFO - Setting next_dagrun for example_bash_operator to 2026-05-22 00:00:00+00:00, run_after=2026-05-23 00:00:00+00:00
[2026-05-23T00:15:35.823+0000] {processor.py:183} INFO - Processing /home/airflow/.local/lib/python3.12/site-packages/airflow/example_dags/example_bash_operator.py took 0.077 seconds
[2026-05-23T00:16:06.395+0000] {processor.py:161} INFO - Started process (PID=476) to work on /home/airflow/.local/lib/python3.12/site-packages/airflow/example_dags/example_bash_operator.py
[2026-05-23T00:16:06.396+0000] {processor.py:830} INFO - Processing file /home/airflow/.local/lib/python3.12/site-packages/airflow/example_dags/example_bash_operator.py for tasks to queue
[2026-05-23T00:16:06.397+0000] {logging_mixin.py:188} INFO - [2026-05-23T00:16:06.397+0000] {dagbag.py:545} INFO - Filling up the DagBag from /home/airflow/.local/lib/python3.12/site-packages/airflow/example_dags/example_bash_operator.py
[2026-05-23T00:16:06.405+0000] {processor.py:840} INFO - DAG(s) 'example_bash_operator' retrieved from /home/airflow/.local/lib/python3.12/site-packages/airflow/example_dags/example_bash_operator.py
[2026-05-23T00:16:06.440+0000] {logging_mixin.py:188} INFO - [2026-05-23T00:16:06.440+0000] {dag.py:3096} INFO - Sync 1 DAGs
[2026-05-23T00:16:06.456+0000] {logging_mixin.py:188} INFO - [2026-05-23T00:16:06.455+0000] {dag.py:3954} INFO - Setting next_dagrun for example_bash_operator to 2026-05-22 00:00:00+00:00, run_after=2026-05-23 00:00:00+00:00
[2026-05-23T00:16:06.471+0000] {processor.py:183} INFO - Processing /home/airflow/.local/lib/python3.12/site-packages/airflow/example_dags/example_bash_operator.py took 0.080 seconds
[2026-05-23T00:16:37.020+0000] {processor.py:161} INFO - Started process (PID=535) to work on /home/airflow/.local/lib/python3.12/site-packages/airflow/example_dags/example_bash_operator.py
[2026-05-23T00:16:37.022+0000] {processor.py:830} INFO - Processing file /home/airflow/.local/lib/python3.12/site-packages/airflow/example_dags/example_bash_operator.py for tasks to queue
[2026-05-23T00:16:37.024+0000] {logging_mixin.py:188} INFO - [2026-05-23T00:16:37.023+0000] {dagbag.py:545} INFO - Filling up the DagBag from /home/airflow/.local/lib/python3.12/site-packages/airflow/example_dags/example_bash_operator.py
[2026-05-23T00:16:37.037+0000] {processor.py:840} INFO - DAG(s) 'example_bash_operator' retrieved from /home/airflow/.local/lib/python3.12/site-packages/airflow/example_dags/example_bash_operator.py
[2026-05-23T00:16:37.066+0000] {logging_mixin.py:188} INFO - [2026-05-23T00:16:37.065+0000] {dag.py:3096} INFO - Sync 1 DAGs
[2026-05-23T00:16:37.082+0000] {logging_mixin.py:188} INFO - [2026-05-23T00:16:37.082+0000] {dag.py:3954} INFO - Setting next_dagrun for example_bash_operator to 2026-05-22 00:00:00+00:00, run_after=2026-05-23 00:00:00+00:00
[2026-05-23T00:16:37.094+0000] {processor.py:183} INFO - Processing /home/airflow/.local/lib/python3.12/site-packages/airflow/example_dags/example_bash_operator.py took 0.093 seconds
[2026-05-23T00:17:08.156+0000] {processor.py:161} INFO - Started process (PID=594) to work on /home/airflow/.local/lib/python3.12/site-packages/airflow/example_dags/example_bash_operator.py
[2026-05-23T00:17:08.157+0000] {processor.py:830} INFO - Processing file /home/airflow/.local/lib/python3.12/site-packages/airflow/example_dags/example_bash_operator.py for tasks to queue
[2026-05-23T00:17:08.159+0000] {logging_mixin.py:188} INFO - [2026-05-23T00:17:08.158+0000] {dagbag.py:545} INFO - Filling up the DagBag from /home/airflow/.local/lib/python3.12/site-packages/airflow/example_dags/example_bash_operator.py
[2026-05-23T00:17:08.168+0000] {processor.py:840} INFO - DAG(s) 'example_bash_operator' retrieved from /home/airflow/.local/lib/python3.12/site-packages/airflow/example_dags/example_bash_operator.py
[2026-05-23T00:17:08.185+0000] {logging_mixin.py:188} INFO - [2026-05-23T00:17:08.184+0000] {dag.py:3096} INFO - Sync 1 DAGs
[2026-05-23T00:17:08.198+0000] {logging_mixin.py:188} INFO - [2026-05-23T00:17:08.198+0000] {dag.py:3954} INFO - Setting next_dagrun for example_bash_operator to 2026-05-22 00:00:00+00:00, run_after=2026-05-23 00:00:00+00:00
[2026-05-23T00:17:08.209+0000] {processor.py:183} INFO - Processing /home/airflow/.local/lib/python3.12/site-packages/airflow/example_dags/example_bash_operator.py took 0.056 seconds
[2026-05-23T00:17:38.658+0000] {processor.py:161} INFO - Started process (PID=653) to work on /home/airflow/.local/lib/python3.12/site-packages/airflow/example_dags/example_bash_operator.py
[2026-05-23T00:17:38.659+0000] {processor.py:830} INFO - Processing file /home/airflow/.local/lib/python3.12/site-packages/airflow/example_dags/example_bash_operator.py for tasks to queue
[2026-05-23T00:17:38.661+0000] {logging_mixin.py:188} INFO - [2026-05-23T00:17:38.660+0000] {dagbag.py:545} INFO - Filling up the DagBag from /home/airflow/.local/lib/python3.12/site-packages/airflow/example_dags/example_bash_operator.py
[2026-05-23T00:17:38.669+0000] {processor.py:840} INFO - DAG(s) 'example_bash_operator' retrieved from /home/airflow/.local/lib/python3.12/site-packages/airflow/example_dags/example_bash_operator.py
[2026-05-23T00:17:38.689+0000] {logging_mixin.py:188} INFO - [2026-05-23T00:17:38.689+0000] {dag.py:3096} INFO - Sync 1 DAGs
[2026-05-23T00:17:38.705+0000] {logging_mixin.py:188} INFO - [2026-05-23T00:17:38.705+0000] {dag.py:3954} INFO - Setting next_dagrun for example_bash_operator to 2026-05-22 00:00:00+00:00, run_after=2026-05-23 00:00:00+00:00
[2026-05-23T00:17:38.717+0000] {processor.py:183} INFO - Processing /home/airflow/.local/lib/python3.12/site-packages/airflow/example_dags/example_bash_operator.py took 0.068 seconds
[2026-05-23T00:18:09.742+0000] {processor.py:161} INFO - Started process (PID=712) to work on /home/airflow/.local/lib/python3.12/site-packages/airflow/example_dags/example_bash_operator.py
[2026-05-23T00:18:09.744+0000] {processor.py:830} INFO - Processing file /home/airflow/.local/lib/python3.12/site-packages/airflow/example_dags/example_bash_operator.py for tasks to queue
[2026-05-23T00:18:09.746+0000] {logging_mixin.py:188} INFO - [2026-05-23T00:18:09.746+0000] {dagbag.py:545} INFO - Filling up the DagBag from /home/airflow/.local/lib/python3.12/site-packages/airflow/example_dags/example_bash_operator.py
[2026-05-23T00:18:09.756+0000] {processor.py:840} INFO - DAG(s) 'example_bash_operator' retrieved from /home/airflow/.local/lib/python3.12/site-packages/airflow/example_dags/example_bash_operator.py
[2026-05-23T00:18:09.780+0000] {logging_mixin.py:188} INFO - [2026-05-23T00:18:09.780+0000] {dag.py:3096} INFO - Sync 1 DAGs
[2026-05-23T00:18:09.798+0000] {logging_mixin.py:188} INFO - [2026-05-23T00:18:09.798+0000] {dag.py:3954} INFO - Setting next_dagrun for example_bash_operator to 2026-05-22 00:00:00+00:00, run_after=2026-05-23 00:00:00+00:00
[2026-05-23T00:18:09.814+0000] {processor.py:183} INFO - Processing /home/airflow/.local/lib/python3.12/site-packages/airflow/example_dags/example_bash_operator.py took 0.102 seconds
[2026-05-23T00:18:40.420+0000] {processor.py:161} INFO - Started process (PID=771) to work on /home/airflow/.local/lib/python3.12/site-packages/airflow/example_dags/example_bash_operator.py
[2026-05-23T00:18:40.424+0000] {processor.py:830} INFO - Processing file /home/airflow/.local/lib/python3.12/site-packages/airflow/example_dags/example_bash_operator.py for tasks to queue
[2026-05-23T00:18:40.426+0000] {logging_mixin.py:188} INFO - [2026-05-23T00:18:40.426+0000] {dagbag.py:545} INFO - Filling up the DagBag from /home/airflow/.local/lib/python3.12/site-packages/airflow/example_dags/example_bash_operator.py
[2026-05-23T00:18:40.446+0000] {processor.py:840} INFO - DAG(s) 'example_bash_operator' retrieved from /home/airflow/.local/lib/python3.12/site-packages/airflow/example_dags/example_bash_operator.py
[2026-05-23T00:18:40.479+0000] {logging_mixin.py:188} INFO - [2026-05-23T00:18:40.479+0000] {dag.py:3096} INFO - Sync 1 DAGs
[2026-05-23T00:18:40.500+0000] {logging_mixin.py:188} INFO - [2026-05-23T00:18:40.500+0000] {dag.py:3954} INFO - Setting next_dagrun for example_bash_operator to 2026-05-22 00:00:00+00:00, run_after=2026-05-23 00:00:00+00:00
[2026-05-23T00:18:40.515+0000] {processor.py:183} INFO - Processing /home/airflow/.local/lib/python3.12/site-packages/airflow/example_dags/example_bash_operator.py took 0.129 seconds
[2026-05-23T00:19:11.219+0000] {processor.py:161} INFO - Started process (PID=830) to work on /home/airflow/.local/lib/python3.12/site-packages/airflow/example_dags/example_bash_operator.py
[2026-05-23T00:19:11.220+0000] {processor.py:830} INFO - Processing file /home/airflow/.local/lib/python3.12/site-packages/airflow/example_dags/example_bash_operator.py for tasks to queue
[2026-05-23T00:19:11.222+0000] {logging_mixin.py:188} INFO - [2026-05-23T00:19:11.221+0000] {dagbag.py:545} INFO - Filling up the DagBag from /home/airflow/.local/lib/python3.12/site-packages/airflow/example_dags/example_bash_operator.py
[2026-05-23T00:19:11.237+0000] {processor.py:840} INFO - DAG(s) 'example_bash_operator' retrieved from /home/airflow/.local/lib/python3.12/site-packages/airflow/example_dags/example_bash_operator.py
[2026-05-23T00:19:11.258+0000] {logging_mixin.py:188} INFO - [2026-05-23T00:19:11.258+0000] {dag.py:3096} INFO - Sync 1 DAGs
[2026-05-23T00:19:11.272+0000] {logging_mixin.py:188} INFO - [2026-05-23T00:19:11.272+0000] {dag.py:3954} INFO - Setting next_dagrun for example_bash_operator to 2026-05-22 00:00:00+00:00, run_after=2026-05-23 00:00:00+00:00
[2026-05-23T00:19:11.285+0000] {processor.py:183} INFO - Processing /home/airflow/.local/lib/python3.12/site-packages/airflow/example_dags/example_bash_operator.py took 0.076 seconds
[2026-05-23T00:19:41.906+0000] {processor.py:161} INFO - Started process (PID=889) to work on /home/airflow/.local/lib/python3.12/site-packages/airflow/example_dags/example_bash_operator.py
[2026-05-23T00:19:41.907+0000] {processor.py:830} INFO - Processing file /home/airflow/.local/lib/python3.12/site-packages/airflow/example_dags/example_bash_operator.py for tasks to queue
[2026-05-23T00:19:41.909+0000] {logging_mixin.py:188} INFO - [2026-05-23T00:19:41.908+0000] {dagbag.py:545} INFO - Filling up the DagBag from /home/airflow/.local/lib/python3.12/site-packages/airflow/example_dags/example_bash_operator.py
[2026-05-23T00:19:41.918+0000] {processor.py:840} INFO - DAG(s) 'example_bash_operator' retrieved from /home/airflow/.local/lib/python3.12/site-packages/airflow/example_dags/example_bash_operator.py
[2026-05-23T00:19:41.939+0000] {logging_mixin.py:188} INFO - [2026-05-23T00:19:41.939+0000] {dag.py:3096} INFO - Sync 1 DAGs
[2026-05-23T00:19:41.955+0000] {logging_mixin.py:188} INFO - [2026-05-23T00:19:41.955+0000] {dag.py:3954} INFO - Setting next_dagrun for example_bash_operator to 2026-05-22 00:00:00+00:00, run_after=2026-05-23 00:00:00+00:00
[2026-05-23T00:19:41.967+0000] {processor.py:183} INFO - Processing /home/airflow/.local/lib/python3.12/site-packages/airflow/example_dags/example_bash_operator.py took 0.068 seconds
[2026-05-23T00:20:12.476+0000] {processor.py:161} INFO - Started process (PID=948) to work on /home/airflow/.local/lib/python3.12/site-packages/airflow/example_dags/example_bash_operator.py
[2026-05-23T00:20:12.478+0000] {processor.py:830} INFO - Processing file /home/airflow/.local/lib/python3.12/site-packages/airflow/example_dags/example_bash_operator.py for tasks to queue
[2026-05-23T00:20:12.479+0000] {logging_mixin.py:188} INFO - [2026-05-23T00:20:12.479+0000] {dagbag.py:545} INFO - Filling up the DagBag from /home/airflow/.local/lib/python3.12/site-packages/airflow/example_dags/example_bash_operator.py
[2026-05-23T00:20:12.486+0000] {processor.py:840} INFO - DAG(s) 'example_bash_operator' retrieved from /home/airflow/.local/lib/python3.12/site-packages/airflow/example_dags/example_bash_operator.py
[2026-05-23T00:20:12.503+0000] {logging_mixin.py:188} INFO - [2026-05-23T00:20:12.503+0000] {dag.py:3096} INFO - Sync 1 DAGs
[2026-05-23T00:20:12.517+0000] {logging_mixin.py:188} INFO - [2026-05-23T00:20:12.517+0000] {dag.py:3954} INFO - Setting next_dagrun for example_bash_operator to 2026-05-22 00:00:00+00:00, run_after=2026-05-23 00:00:00+00:00
[2026-05-23T00:20:12.527+0000] {processor.py:183} INFO - Processing /home/airflow/.local/lib/python3.12/site-packages/airflow/example_dags/example_bash_operator.py took 0.058 seconds
[2026-05-23T00:20:43.188+0000] {processor.py:161} INFO - Started process (PID=1007) to work on /home/airflow/.local/lib/python3.12/site-packages/airflow/example_dags/example_bash_operator.py
[2026-05-23T00:20:43.189+0000] {processor.py:830} INFO - Processing file /home/airflow/.local/lib/python3.12/site-packages/airflow/example_dags/example_bash_operator.py for tasks to queue
[2026-05-23T00:20:43.191+0000] {logging_mixin.py:188} INFO - [2026-05-23T00:20:43.191+0000] {dagbag.py:545} INFO - Filling up the DagBag from /home/airflow/.local/lib/python3.12/site-packages/airflow/example_dags/example_bash_operator.py
[2026-05-23T00:20:43.201+0000] {processor.py:840} INFO - DAG(s) 'example_bash_operator' retrieved from /home/airflow/.local/lib/python3.12/site-packages/airflow/example_dags/example_bash_operator.py
[2026-05-23T00:20:43.225+0000] {logging_mixin.py:188} INFO - [2026-05-23T00:20:43.225+0000] {dag.py:3096} INFO - Sync 1 DAGs
[2026-05-23T00:20:43.242+0000] {logging_mixin.py:188} INFO - [2026-05-23T00:20:43.242+0000] {dag.py:3954} INFO - Setting next_dagrun for example_bash_operator to 2026-05-22 00:00:00+00:00, run_after=2026-05-23 00:00:00+00:00
[2026-05-23T00:20:43.268+0000] {processor.py:183} INFO - Processing /home/airflow/.local/lib/python3.12/site-packages/airflow/example_dags/example_bash_operator.py took 0.085 seconds
[2026-05-23T00:21:13.975+0000] {processor.py:161} INFO - Started process (PID=1066) to work on /home/airflow/.local/lib/python3.12/site-packages/airflow/example_dags/example_bash_operator.py
[2026-05-23T00:21:13.977+0000] {processor.py:830} INFO - Processing file /home/airflow/.local/lib/python3.12/site-packages/airflow/example_dags/example_bash_operator.py for tasks to queue
[2026-05-23T00:21:13.979+0000] {logging_mixin.py:188} INFO - [2026-05-23T00:21:13.978+0000] {dagbag.py:545} INFO - Filling up the DagBag from /home/airflow/.local/lib/python3.12/site-packages/airflow/example_dags/example_bash_operator.py
[2026-05-23T00:21:13.989+0000] {processor.py:840} INFO - DAG(s) 'example_bash_operator' retrieved from /home/airflow/.local/lib/python3.12/site-packages/airflow/example_dags/example_bash_operator.py
[2026-05-23T00:21:14.015+0000] {logging_mixin.py:188} INFO - [2026-05-23T00:21:14.014+0000] {dag.py:3096} INFO - Sync 1 DAGs
[2026-05-23T00:21:14.031+0000] {logging_mixin.py:188} INFO - [2026-05-23T00:21:14.031+0000] {dag.py:3954} INFO - Setting next_dagrun for example_bash_operator to 2026-05-22 00:00:00+00:00, run_after=2026-05-23 00:00:00+00:00
[2026-05-23T00:21:14.043+0000] {processor.py:183} INFO - Processing /home/airflow/.local/lib/python3.12/site-packages/airflow/example_dags/example_bash_operator.py took 0.074 seconds
[2026-05-23T00:21:44.485+0000] {processor.py:161} INFO - Started process (PID=1125) to work on /home/airflow/.local/lib/python3.12/site-packages/airflow/example_dags/example_bash_operator.py
[2026-05-23T00:21:44.489+0000] {processor.py:830} INFO - Processing file /home/airflow/.local/lib/python3.12/site-packages/airflow/example_dags/example_bash_operator.py for tasks to queue
[2026-05-23T00:21:44.492+0000] {logging_mixin.py:188} INFO - [2026-05-23T00:21:44.492+0000] {dagbag.py:545} INFO - Filling up the DagBag from /home/airflow/.local/lib/python3.12/site-packages/airflow/example_dags/example_bash_operator.py
[2026-05-23T00:21:44.506+0000] {processor.py:840} INFO - DAG(s) 'example_bash_operator' retrieved from /home/airflow/.local/lib/python3.12/site-packages/airflow/example_dags/example_bash_operator.py
[2026-05-23T00:21:44.536+0000] {logging_mixin.py:188} INFO - [2026-05-23T00:21:44.536+0000] {dag.py:3096} INFO - Sync 1 DAGs
[2026-05-23T00:21:44.554+0000] {logging_mixin.py:188} INFO - [2026-05-23T00:21:44.554+0000] {dag.py:3954} INFO - Setting next_dagrun for example_bash_operator to 2026-05-22 00:00:00+00:00, run_after=2026-05-23 00:00:00+00:00
[2026-05-23T00:21:44.570+0000] {processor.py:183} INFO - Processing /home/airflow/.local/lib/python3.12/site-packages/airflow/example_dags/example_bash_operator.py took 0.098 seconds
[2026-05-23T00:22:15.936+0000] {processor.py:161} INFO - Started process (PID=1184) to work on /home/airflow/.local/lib/python3.12/site-packages/airflow/example_dags/example_bash_operator.py
[2026-05-23T00:22:15.937+0000] {processor.py:830} INFO - Processing file /home/airflow/.local/lib/python3.12/site-packages/airflow/example_dags/example_bash_operator.py for tasks to queue
[2026-05-23T00:22:15.940+0000] {logging_mixin.py:188} INFO - [2026-05-23T00:22:15.939+0000] {dagbag.py:545} INFO - Filling up the DagBag from /home/airflow/.local/lib/python3.12/site-packages/airflow/example_dags/example_bash_operator.py
[2026-05-23T00:22:15.951+0000] {processor.py:840} INFO - DAG(s) 'example_bash_operator' retrieved from /home/airflow/.local/lib/python3.12/site-packages/airflow/example_dags/example_bash_operator.py
[2026-05-23T00:22:15.971+0000] {logging_mixin.py:188} INFO - [2026-05-23T00:22:15.971+0000] {dag.py:3096} INFO - Sync 1 DAGs
[2026-05-23T00:22:15.987+0000] {logging_mixin.py:188} INFO - [2026-05-23T00:22:15.987+0000] {dag.py:3954} INFO - Setting next_dagrun for example_bash_operator to 2026-05-22 00:00:00+00:00, run_after=2026-05-23 00:00:00+00:00
[2026-05-23T00:22:15.999+0000] {processor.py:183} INFO - Processing /home/airflow/.local/lib/python3.12/site-packages/airflow/example_dags/example_bash_operator.py took 0.069 seconds
