[2026-05-23T00:00:28.316+0000] {processor.py:161} INFO - Started process (PID=2329) to work on /home/airflow/.local/lib/python3.12/site-packages/airflow/example_dags/example_sla_dag.py
[2026-05-23T00:00:28.317+0000] {processor.py:830} INFO - Processing file /home/airflow/.local/lib/python3.12/site-packages/airflow/example_dags/example_sla_dag.py for tasks to queue
[2026-05-23T00:00:28.319+0000] {logging_mixin.py:188} INFO - [2026-05-23T00:00:28.319+0000] {dagbag.py:545} INFO - Filling up the DagBag from /home/airflow/.local/lib/python3.12/site-packages/airflow/example_dags/example_sla_dag.py
[2026-05-23T00:00:28.326+0000] {processor.py:840} INFO - DAG(s) 'example_sla_dag' retrieved from /home/airflow/.local/lib/python3.12/site-packages/airflow/example_dags/example_sla_dag.py
[2026-05-23T00:00:28.346+0000] {logging_mixin.py:188} INFO - [2026-05-23T00:00:28.346+0000] {dag.py:3096} INFO - Sync 1 DAGs
[2026-05-23T00:00:28.368+0000] {logging_mixin.py:188} INFO - [2026-05-23T00:00:28.368+0000] {dag.py:3954} INFO - Setting next_dagrun for example_sla_dag to 2026-05-22 23:58:00+00:00, run_after=2026-05-23 00:00:00+00:00
[2026-05-23T00:00:28.385+0000] {processor.py:183} INFO - Processing /home/airflow/.local/lib/python3.12/site-packages/airflow/example_dags/example_sla_dag.py took 0.075 seconds
[2026-05-23T00:00:58.606+0000] {processor.py:161} INFO - Started process (PID=2388) to work on /home/airflow/.local/lib/python3.12/site-packages/airflow/example_dags/example_sla_dag.py
[2026-05-23T00:00:58.610+0000] {processor.py:830} INFO - Processing file /home/airflow/.local/lib/python3.12/site-packages/airflow/example_dags/example_sla_dag.py for tasks to queue
[2026-05-23T00:00:58.614+0000] {logging_mixin.py:188} INFO - [2026-05-23T00:00:58.614+0000] {dagbag.py:545} INFO - Filling up the DagBag from /home/airflow/.local/lib/python3.12/site-packages/airflow/example_dags/example_sla_dag.py
[2026-05-23T00:00:58.622+0000] {processor.py:840} INFO - DAG(s) 'example_sla_dag' retrieved from /home/airflow/.local/lib/python3.12/site-packages/airflow/example_dags/example_sla_dag.py
[2026-05-23T00:00:58.636+0000] {logging_mixin.py:188} INFO - [2026-05-23T00:00:58.636+0000] {dag.py:3096} INFO - Sync 1 DAGs
[2026-05-23T00:00:58.652+0000] {logging_mixin.py:188} INFO - [2026-05-23T00:00:58.652+0000] {dag.py:3954} INFO - Setting next_dagrun for example_sla_dag to 2026-05-22 23:58:00+00:00, run_after=2026-05-23 00:00:00+00:00
[2026-05-23T00:00:58.671+0000] {processor.py:183} INFO - Processing /home/airflow/.local/lib/python3.12/site-packages/airflow/example_dags/example_sla_dag.py took 0.070 seconds
[2026-05-23T00:01:28.740+0000] {processor.py:161} INFO - Started process (PID=2446) to work on /home/airflow/.local/lib/python3.12/site-packages/airflow/example_dags/example_sla_dag.py
[2026-05-23T00:01:28.741+0000] {processor.py:830} INFO - Processing file /home/airflow/.local/lib/python3.12/site-packages/airflow/example_dags/example_sla_dag.py for tasks to queue
[2026-05-23T00:01:28.744+0000] {logging_mixin.py:188} INFO - [2026-05-23T00:01:28.743+0000] {dagbag.py:545} INFO - Filling up the DagBag from /home/airflow/.local/lib/python3.12/site-packages/airflow/example_dags/example_sla_dag.py
[2026-05-23T00:01:28.752+0000] {processor.py:840} INFO - DAG(s) 'example_sla_dag' retrieved from /home/airflow/.local/lib/python3.12/site-packages/airflow/example_dags/example_sla_dag.py
[2026-05-23T00:01:28.782+0000] {logging_mixin.py:188} INFO - [2026-05-23T00:01:28.782+0000] {dag.py:3096} INFO - Sync 1 DAGs
[2026-05-23T00:01:28.811+0000] {logging_mixin.py:188} INFO - [2026-05-23T00:01:28.811+0000] {dag.py:3954} INFO - Setting next_dagrun for example_sla_dag to 2026-05-22 23:58:00+00:00, run_after=2026-05-23 00:00:00+00:00
[2026-05-23T00:01:28.837+0000] {processor.py:183} INFO - Processing /home/airflow/.local/lib/python3.12/site-packages/airflow/example_dags/example_sla_dag.py took 0.103 seconds
[2026-05-23T00:02:00.234+0000] {processor.py:161} INFO - Started process (PID=2506) to work on /home/airflow/.local/lib/python3.12/site-packages/airflow/example_dags/example_sla_dag.py
[2026-05-23T00:02:00.250+0000] {processor.py:830} INFO - Processing file /home/airflow/.local/lib/python3.12/site-packages/airflow/example_dags/example_sla_dag.py for tasks to queue
[2026-05-23T00:02:00.292+0000] {logging_mixin.py:188} INFO - [2026-05-23T00:02:00.282+0000] {dagbag.py:545} INFO - Filling up the DagBag from /home/airflow/.local/lib/python3.12/site-packages/airflow/example_dags/example_sla_dag.py
[2026-05-23T00:02:00.391+0000] {processor.py:840} INFO - DAG(s) 'example_sla_dag' retrieved from /home/airflow/.local/lib/python3.12/site-packages/airflow/example_dags/example_sla_dag.py
[2026-05-23T00:02:00.527+0000] {logging_mixin.py:188} INFO - [2026-05-23T00:02:00.527+0000] {dag.py:3096} INFO - Sync 1 DAGs
[2026-05-23T00:02:00.580+0000] {logging_mixin.py:188} INFO - [2026-05-23T00:02:00.580+0000] {dag.py:3954} INFO - Setting next_dagrun for example_sla_dag to 2026-05-23 00:00:00+00:00, run_after=2026-05-23 00:02:00+00:00
[2026-05-23T00:02:00.620+0000] {processor.py:183} INFO - Processing /home/airflow/.local/lib/python3.12/site-packages/airflow/example_dags/example_sla_dag.py took 0.455 seconds
[2026-05-23T00:02:31.175+0000] {processor.py:161} INFO - Started process (PID=2565) to work on /home/airflow/.local/lib/python3.12/site-packages/airflow/example_dags/example_sla_dag.py
[2026-05-23T00:02:31.176+0000] {processor.py:830} INFO - Processing file /home/airflow/.local/lib/python3.12/site-packages/airflow/example_dags/example_sla_dag.py for tasks to queue
[2026-05-23T00:02:31.178+0000] {logging_mixin.py:188} INFO - [2026-05-23T00:02:31.177+0000] {dagbag.py:545} INFO - Filling up the DagBag from /home/airflow/.local/lib/python3.12/site-packages/airflow/example_dags/example_sla_dag.py
[2026-05-23T00:02:31.185+0000] {processor.py:840} INFO - DAG(s) 'example_sla_dag' retrieved from /home/airflow/.local/lib/python3.12/site-packages/airflow/example_dags/example_sla_dag.py
[2026-05-23T00:02:31.206+0000] {logging_mixin.py:188} INFO - [2026-05-23T00:02:31.206+0000] {dag.py:3096} INFO - Sync 1 DAGs
[2026-05-23T00:02:31.227+0000] {logging_mixin.py:188} INFO - [2026-05-23T00:02:31.227+0000] {dag.py:3954} INFO - Setting next_dagrun for example_sla_dag to 2026-05-23 00:00:00+00:00, run_after=2026-05-23 00:02:00+00:00
[2026-05-23T00:02:31.247+0000] {processor.py:183} INFO - Processing /home/airflow/.local/lib/python3.12/site-packages/airflow/example_dags/example_sla_dag.py took 0.077 seconds
[2026-05-23T00:03:01.388+0000] {processor.py:161} INFO - Started process (PID=2623) to work on /home/airflow/.local/lib/python3.12/site-packages/airflow/example_dags/example_sla_dag.py
[2026-05-23T00:03:01.390+0000] {processor.py:830} INFO - Processing file /home/airflow/.local/lib/python3.12/site-packages/airflow/example_dags/example_sla_dag.py for tasks to queue
[2026-05-23T00:03:01.399+0000] {logging_mixin.py:188} INFO - [2026-05-23T00:03:01.397+0000] {dagbag.py:545} INFO - Filling up the DagBag from /home/airflow/.local/lib/python3.12/site-packages/airflow/example_dags/example_sla_dag.py
[2026-05-23T00:03:01.433+0000] {processor.py:840} INFO - DAG(s) 'example_sla_dag' retrieved from /home/airflow/.local/lib/python3.12/site-packages/airflow/example_dags/example_sla_dag.py
[2026-05-23T00:03:01.533+0000] {logging_mixin.py:188} INFO - [2026-05-23T00:03:01.533+0000] {dag.py:3096} INFO - Sync 1 DAGs
[2026-05-23T00:03:01.586+0000] {logging_mixin.py:188} INFO - [2026-05-23T00:03:01.585+0000] {dag.py:3954} INFO - Setting next_dagrun for example_sla_dag to 2026-05-23 00:00:00+00:00, run_after=2026-05-23 00:02:00+00:00
[2026-05-23T00:03:01.613+0000] {processor.py:183} INFO - Processing /home/airflow/.local/lib/python3.12/site-packages/airflow/example_dags/example_sla_dag.py took 0.248 seconds
[2026-05-23T00:03:32.225+0000] {processor.py:161} INFO - Started process (PID=2683) to work on /home/airflow/.local/lib/python3.12/site-packages/airflow/example_dags/example_sla_dag.py
[2026-05-23T00:03:32.227+0000] {processor.py:830} INFO - Processing file /home/airflow/.local/lib/python3.12/site-packages/airflow/example_dags/example_sla_dag.py for tasks to queue
[2026-05-23T00:03:32.235+0000] {logging_mixin.py:188} INFO - [2026-05-23T00:03:32.235+0000] {dagbag.py:545} INFO - Filling up the DagBag from /home/airflow/.local/lib/python3.12/site-packages/airflow/example_dags/example_sla_dag.py
[2026-05-23T00:03:32.256+0000] {processor.py:840} INFO - DAG(s) 'example_sla_dag' retrieved from /home/airflow/.local/lib/python3.12/site-packages/airflow/example_dags/example_sla_dag.py
[2026-05-23T00:03:32.328+0000] {logging_mixin.py:188} INFO - [2026-05-23T00:03:32.328+0000] {dag.py:3096} INFO - Sync 1 DAGs
[2026-05-23T00:03:32.364+0000] {logging_mixin.py:188} INFO - [2026-05-23T00:03:32.364+0000] {dag.py:3954} INFO - Setting next_dagrun for example_sla_dag to 2026-05-23 00:00:00+00:00, run_after=2026-05-23 00:02:00+00:00
[2026-05-23T00:03:32.393+0000] {processor.py:183} INFO - Processing /home/airflow/.local/lib/python3.12/site-packages/airflow/example_dags/example_sla_dag.py took 0.187 seconds
[2026-05-23T00:04:03.356+0000] {processor.py:161} INFO - Started process (PID=2742) to work on /home/airflow/.local/lib/python3.12/site-packages/airflow/example_dags/example_sla_dag.py
[2026-05-23T00:04:03.359+0000] {processor.py:830} INFO - Processing file /home/airflow/.local/lib/python3.12/site-packages/airflow/example_dags/example_sla_dag.py for tasks to queue
[2026-05-23T00:04:03.363+0000] {logging_mixin.py:188} INFO - [2026-05-23T00:04:03.362+0000] {dagbag.py:545} INFO - Filling up the DagBag from /home/airflow/.local/lib/python3.12/site-packages/airflow/example_dags/example_sla_dag.py
[2026-05-23T00:04:03.387+0000] {processor.py:840} INFO - DAG(s) 'example_sla_dag' retrieved from /home/airflow/.local/lib/python3.12/site-packages/airflow/example_dags/example_sla_dag.py
[2026-05-23T00:04:03.457+0000] {logging_mixin.py:188} INFO - [2026-05-23T00:04:03.457+0000] {dag.py:3096} INFO - Sync 1 DAGs
[2026-05-23T00:04:03.534+0000] {logging_mixin.py:188} INFO - [2026-05-23T00:04:03.534+0000] {dag.py:3954} INFO - Setting next_dagrun for example_sla_dag to 2026-05-23 00:02:00+00:00, run_after=2026-05-23 00:04:00+00:00
[2026-05-23T00:04:03.576+0000] {processor.py:183} INFO - Processing /home/airflow/.local/lib/python3.12/site-packages/airflow/example_dags/example_sla_dag.py took 0.229 seconds
[2026-05-23T00:04:34.356+0000] {processor.py:161} INFO - Started process (PID=2801) to work on /home/airflow/.local/lib/python3.12/site-packages/airflow/example_dags/example_sla_dag.py
[2026-05-23T00:04:34.364+0000] {processor.py:830} INFO - Processing file /home/airflow/.local/lib/python3.12/site-packages/airflow/example_dags/example_sla_dag.py for tasks to queue
[2026-05-23T00:04:34.366+0000] {logging_mixin.py:188} INFO - [2026-05-23T00:04:34.366+0000] {dagbag.py:545} INFO - Filling up the DagBag from /home/airflow/.local/lib/python3.12/site-packages/airflow/example_dags/example_sla_dag.py
[2026-05-23T00:04:34.374+0000] {processor.py:840} INFO - DAG(s) 'example_sla_dag' retrieved from /home/airflow/.local/lib/python3.12/site-packages/airflow/example_dags/example_sla_dag.py
[2026-05-23T00:04:34.400+0000] {logging_mixin.py:188} INFO - [2026-05-23T00:04:34.400+0000] {dag.py:3096} INFO - Sync 1 DAGs
[2026-05-23T00:04:34.417+0000] {logging_mixin.py:188} INFO - [2026-05-23T00:04:34.417+0000] {dag.py:3954} INFO - Setting next_dagrun for example_sla_dag to 2026-05-23 00:02:00+00:00, run_after=2026-05-23 00:04:00+00:00
[2026-05-23T00:04:34.432+0000] {processor.py:183} INFO - Processing /home/airflow/.local/lib/python3.12/site-packages/airflow/example_dags/example_sla_dag.py took 0.082 seconds
[2026-05-23T00:05:05.126+0000] {processor.py:161} INFO - Started process (PID=2860) to work on /home/airflow/.local/lib/python3.12/site-packages/airflow/example_dags/example_sla_dag.py
[2026-05-23T00:05:05.130+0000] {processor.py:830} INFO - Processing file /home/airflow/.local/lib/python3.12/site-packages/airflow/example_dags/example_sla_dag.py for tasks to queue
[2026-05-23T00:05:05.132+0000] {logging_mixin.py:188} INFO - [2026-05-23T00:05:05.132+0000] {dagbag.py:545} INFO - Filling up the DagBag from /home/airflow/.local/lib/python3.12/site-packages/airflow/example_dags/example_sla_dag.py
[2026-05-23T00:05:05.140+0000] {processor.py:840} INFO - DAG(s) 'example_sla_dag' retrieved from /home/airflow/.local/lib/python3.12/site-packages/airflow/example_dags/example_sla_dag.py
[2026-05-23T00:05:05.157+0000] {logging_mixin.py:188} INFO - [2026-05-23T00:05:05.157+0000] {dag.py:3096} INFO - Sync 1 DAGs
[2026-05-23T00:05:05.173+0000] {logging_mixin.py:188} INFO - [2026-05-23T00:05:05.173+0000] {dag.py:3954} INFO - Setting next_dagrun for example_sla_dag to 2026-05-23 00:02:00+00:00, run_after=2026-05-23 00:04:00+00:00
[2026-05-23T00:05:05.190+0000] {processor.py:183} INFO - Processing /home/airflow/.local/lib/python3.12/site-packages/airflow/example_dags/example_sla_dag.py took 0.072 seconds
[2026-05-23T00:05:35.860+0000] {processor.py:161} INFO - Started process (PID=2919) to work on /home/airflow/.local/lib/python3.12/site-packages/airflow/example_dags/example_sla_dag.py
[2026-05-23T00:05:35.861+0000] {processor.py:830} INFO - Processing file /home/airflow/.local/lib/python3.12/site-packages/airflow/example_dags/example_sla_dag.py for tasks to queue
[2026-05-23T00:05:35.866+0000] {logging_mixin.py:188} INFO - [2026-05-23T00:05:35.866+0000] {dagbag.py:545} INFO - Filling up the DagBag from /home/airflow/.local/lib/python3.12/site-packages/airflow/example_dags/example_sla_dag.py
[2026-05-23T00:05:35.875+0000] {processor.py:840} INFO - DAG(s) 'example_sla_dag' retrieved from /home/airflow/.local/lib/python3.12/site-packages/airflow/example_dags/example_sla_dag.py
[2026-05-23T00:05:35.898+0000] {logging_mixin.py:188} INFO - [2026-05-23T00:05:35.898+0000] {dag.py:3096} INFO - Sync 1 DAGs
[2026-05-23T00:05:35.917+0000] {logging_mixin.py:188} INFO - [2026-05-23T00:05:35.917+0000] {dag.py:3954} INFO - Setting next_dagrun for example_sla_dag to 2026-05-23 00:02:00+00:00, run_after=2026-05-23 00:04:00+00:00
[2026-05-23T00:05:35.936+0000] {processor.py:183} INFO - Processing /home/airflow/.local/lib/python3.12/site-packages/airflow/example_dags/example_sla_dag.py took 0.081 seconds
[2026-05-23T00:06:06.446+0000] {processor.py:161} INFO - Started process (PID=2978) to work on /home/airflow/.local/lib/python3.12/site-packages/airflow/example_dags/example_sla_dag.py
[2026-05-23T00:06:06.448+0000] {processor.py:830} INFO - Processing file /home/airflow/.local/lib/python3.12/site-packages/airflow/example_dags/example_sla_dag.py for tasks to queue
[2026-05-23T00:06:06.452+0000] {logging_mixin.py:188} INFO - [2026-05-23T00:06:06.452+0000] {dagbag.py:545} INFO - Filling up the DagBag from /home/airflow/.local/lib/python3.12/site-packages/airflow/example_dags/example_sla_dag.py
[2026-05-23T00:06:06.466+0000] {processor.py:840} INFO - DAG(s) 'example_sla_dag' retrieved from /home/airflow/.local/lib/python3.12/site-packages/airflow/example_dags/example_sla_dag.py
[2026-05-23T00:06:06.486+0000] {logging_mixin.py:188} INFO - [2026-05-23T00:06:06.486+0000] {dag.py:3096} INFO - Sync 1 DAGs
[2026-05-23T00:06:06.507+0000] {logging_mixin.py:188} INFO - [2026-05-23T00:06:06.507+0000] {dag.py:3954} INFO - Setting next_dagrun for example_sla_dag to 2026-05-23 00:04:00+00:00, run_after=2026-05-23 00:06:00+00:00
[2026-05-23T00:06:06.530+0000] {processor.py:183} INFO - Processing /home/airflow/.local/lib/python3.12/site-packages/airflow/example_dags/example_sla_dag.py took 0.089 seconds
[2026-05-23T00:06:36.879+0000] {processor.py:161} INFO - Started process (PID=3037) to work on /home/airflow/.local/lib/python3.12/site-packages/airflow/example_dags/example_sla_dag.py
[2026-05-23T00:06:36.881+0000] {processor.py:830} INFO - Processing file /home/airflow/.local/lib/python3.12/site-packages/airflow/example_dags/example_sla_dag.py for tasks to queue
[2026-05-23T00:06:36.883+0000] {logging_mixin.py:188} INFO - [2026-05-23T00:06:36.883+0000] {dagbag.py:545} INFO - Filling up the DagBag from /home/airflow/.local/lib/python3.12/site-packages/airflow/example_dags/example_sla_dag.py
[2026-05-23T00:06:36.892+0000] {processor.py:840} INFO - DAG(s) 'example_sla_dag' retrieved from /home/airflow/.local/lib/python3.12/site-packages/airflow/example_dags/example_sla_dag.py
[2026-05-23T00:06:36.911+0000] {logging_mixin.py:188} INFO - [2026-05-23T00:06:36.911+0000] {dag.py:3096} INFO - Sync 1 DAGs
[2026-05-23T00:06:36.930+0000] {logging_mixin.py:188} INFO - [2026-05-23T00:06:36.930+0000] {dag.py:3954} INFO - Setting next_dagrun for example_sla_dag to 2026-05-23 00:04:00+00:00, run_after=2026-05-23 00:06:00+00:00
[2026-05-23T00:06:36.948+0000] {processor.py:183} INFO - Processing /home/airflow/.local/lib/python3.12/site-packages/airflow/example_dags/example_sla_dag.py took 0.075 seconds
[2026-05-23T00:07:07.756+0000] {processor.py:161} INFO - Started process (PID=3096) to work on /home/airflow/.local/lib/python3.12/site-packages/airflow/example_dags/example_sla_dag.py
[2026-05-23T00:07:07.762+0000] {processor.py:830} INFO - Processing file /home/airflow/.local/lib/python3.12/site-packages/airflow/example_dags/example_sla_dag.py for tasks to queue
[2026-05-23T00:07:07.763+0000] {logging_mixin.py:188} INFO - [2026-05-23T00:07:07.763+0000] {dagbag.py:545} INFO - Filling up the DagBag from /home/airflow/.local/lib/python3.12/site-packages/airflow/example_dags/example_sla_dag.py
[2026-05-23T00:07:07.770+0000] {processor.py:840} INFO - DAG(s) 'example_sla_dag' retrieved from /home/airflow/.local/lib/python3.12/site-packages/airflow/example_dags/example_sla_dag.py
[2026-05-23T00:07:07.787+0000] {logging_mixin.py:188} INFO - [2026-05-23T00:07:07.787+0000] {dag.py:3096} INFO - Sync 1 DAGs
[2026-05-23T00:07:07.805+0000] {logging_mixin.py:188} INFO - [2026-05-23T00:07:07.805+0000] {dag.py:3954} INFO - Setting next_dagrun for example_sla_dag to 2026-05-23 00:04:00+00:00, run_after=2026-05-23 00:06:00+00:00
[2026-05-23T00:07:07.819+0000] {processor.py:183} INFO - Processing /home/airflow/.local/lib/python3.12/site-packages/airflow/example_dags/example_sla_dag.py took 0.071 seconds
[2026-05-23T00:07:38.858+0000] {processor.py:161} INFO - Started process (PID=3155) to work on /home/airflow/.local/lib/python3.12/site-packages/airflow/example_dags/example_sla_dag.py
[2026-05-23T00:07:38.862+0000] {processor.py:830} INFO - Processing file /home/airflow/.local/lib/python3.12/site-packages/airflow/example_dags/example_sla_dag.py for tasks to queue
[2026-05-23T00:07:38.873+0000] {logging_mixin.py:188} INFO - [2026-05-23T00:07:38.872+0000] {dagbag.py:545} INFO - Filling up the DagBag from /home/airflow/.local/lib/python3.12/site-packages/airflow/example_dags/example_sla_dag.py
[2026-05-23T00:07:38.917+0000] {processor.py:840} INFO - DAG(s) 'example_sla_dag' retrieved from /home/airflow/.local/lib/python3.12/site-packages/airflow/example_dags/example_sla_dag.py
[2026-05-23T00:07:38.985+0000] {logging_mixin.py:188} INFO - [2026-05-23T00:07:38.984+0000] {dag.py:3096} INFO - Sync 1 DAGs
[2026-05-23T00:07:39.039+0000] {logging_mixin.py:188} INFO - [2026-05-23T00:07:39.039+0000] {dag.py:3954} INFO - Setting next_dagrun for example_sla_dag to 2026-05-23 00:04:00+00:00, run_after=2026-05-23 00:06:00+00:00
[2026-05-23T00:07:39.065+0000] {processor.py:183} INFO - Processing /home/airflow/.local/lib/python3.12/site-packages/airflow/example_dags/example_sla_dag.py took 0.227 seconds
[2026-05-23T00:08:09.850+0000] {processor.py:161} INFO - Started process (PID=3214) to work on /home/airflow/.local/lib/python3.12/site-packages/airflow/example_dags/example_sla_dag.py
[2026-05-23T00:08:09.855+0000] {processor.py:830} INFO - Processing file /home/airflow/.local/lib/python3.12/site-packages/airflow/example_dags/example_sla_dag.py for tasks to queue
[2026-05-23T00:08:09.862+0000] {logging_mixin.py:188} INFO - [2026-05-23T00:08:09.861+0000] {dagbag.py:545} INFO - Filling up the DagBag from /home/airflow/.local/lib/python3.12/site-packages/airflow/example_dags/example_sla_dag.py
[2026-05-23T00:08:09.898+0000] {processor.py:840} INFO - DAG(s) 'example_sla_dag' retrieved from /home/airflow/.local/lib/python3.12/site-packages/airflow/example_dags/example_sla_dag.py
[2026-05-23T00:08:09.963+0000] {logging_mixin.py:188} INFO - [2026-05-23T00:08:09.963+0000] {dag.py:3096} INFO - Sync 1 DAGs
[2026-05-23T00:08:10.027+0000] {logging_mixin.py:188} INFO - [2026-05-23T00:08:10.027+0000] {dag.py:3954} INFO - Setting next_dagrun for example_sla_dag to 2026-05-23 00:06:00+00:00, run_after=2026-05-23 00:08:00+00:00
[2026-05-23T00:08:10.050+0000] {processor.py:183} INFO - Processing /home/airflow/.local/lib/python3.12/site-packages/airflow/example_dags/example_sla_dag.py took 0.218 seconds
[2026-05-23T00:08:41.188+0000] {processor.py:161} INFO - Started process (PID=3279) to work on /home/airflow/.local/lib/python3.12/site-packages/airflow/example_dags/example_sla_dag.py
[2026-05-23T00:08:41.194+0000] {processor.py:830} INFO - Processing file /home/airflow/.local/lib/python3.12/site-packages/airflow/example_dags/example_sla_dag.py for tasks to queue
[2026-05-23T00:08:41.197+0000] {logging_mixin.py:188} INFO - [2026-05-23T00:08:41.196+0000] {dagbag.py:545} INFO - Filling up the DagBag from /home/airflow/.local/lib/python3.12/site-packages/airflow/example_dags/example_sla_dag.py
[2026-05-23T00:08:41.309+0000] {processor.py:840} INFO - DAG(s) 'example_sla_dag' retrieved from /home/airflow/.local/lib/python3.12/site-packages/airflow/example_dags/example_sla_dag.py
[2026-05-23T00:08:41.354+0000] {logging_mixin.py:188} INFO - [2026-05-23T00:08:41.354+0000] {dag.py:3096} INFO - Sync 1 DAGs
[2026-05-23T00:08:41.384+0000] {logging_mixin.py:188} INFO - [2026-05-23T00:08:41.384+0000] {dag.py:3954} INFO - Setting next_dagrun for example_sla_dag to 2026-05-23 00:06:00+00:00, run_after=2026-05-23 00:08:00+00:00
[2026-05-23T00:08:41.404+0000] {processor.py:183} INFO - Processing /home/airflow/.local/lib/python3.12/site-packages/airflow/example_dags/example_sla_dag.py took 0.250 seconds
[2026-05-23T00:09:12.081+0000] {processor.py:161} INFO - Started process (PID=3338) to work on /home/airflow/.local/lib/python3.12/site-packages/airflow/example_dags/example_sla_dag.py
[2026-05-23T00:09:12.087+0000] {processor.py:830} INFO - Processing file /home/airflow/.local/lib/python3.12/site-packages/airflow/example_dags/example_sla_dag.py for tasks to queue
[2026-05-23T00:09:12.089+0000] {logging_mixin.py:188} INFO - [2026-05-23T00:09:12.089+0000] {dagbag.py:545} INFO - Filling up the DagBag from /home/airflow/.local/lib/python3.12/site-packages/airflow/example_dags/example_sla_dag.py
[2026-05-23T00:09:12.098+0000] {processor.py:840} INFO - DAG(s) 'example_sla_dag' retrieved from /home/airflow/.local/lib/python3.12/site-packages/airflow/example_dags/example_sla_dag.py
[2026-05-23T00:09:12.113+0000] {logging_mixin.py:188} INFO - [2026-05-23T00:09:12.113+0000] {dag.py:3096} INFO - Sync 1 DAGs
[2026-05-23T00:09:12.129+0000] {logging_mixin.py:188} INFO - [2026-05-23T00:09:12.129+0000] {dag.py:3954} INFO - Setting next_dagrun for example_sla_dag to 2026-05-23 00:06:00+00:00, run_after=2026-05-23 00:08:00+00:00
[2026-05-23T00:09:12.145+0000] {processor.py:183} INFO - Processing /home/airflow/.local/lib/python3.12/site-packages/airflow/example_dags/example_sla_dag.py took 0.070 seconds
[2026-05-23T00:09:42.604+0000] {processor.py:161} INFO - Started process (PID=3397) to work on /home/airflow/.local/lib/python3.12/site-packages/airflow/example_dags/example_sla_dag.py
[2026-05-23T00:09:42.622+0000] {processor.py:830} INFO - Processing file /home/airflow/.local/lib/python3.12/site-packages/airflow/example_dags/example_sla_dag.py for tasks to queue
[2026-05-23T00:09:42.665+0000] {logging_mixin.py:188} INFO - [2026-05-23T00:09:42.663+0000] {dagbag.py:545} INFO - Filling up the DagBag from /home/airflow/.local/lib/python3.12/site-packages/airflow/example_dags/example_sla_dag.py
[2026-05-23T00:09:42.742+0000] {processor.py:840} INFO - DAG(s) 'example_sla_dag' retrieved from /home/airflow/.local/lib/python3.12/site-packages/airflow/example_dags/example_sla_dag.py
[2026-05-23T00:09:42.888+0000] {logging_mixin.py:188} INFO - [2026-05-23T00:09:42.885+0000] {dag.py:3096} INFO - Sync 1 DAGs
[2026-05-23T00:09:43.323+0000] {logging_mixin.py:188} INFO - [2026-05-23T00:09:43.322+0000] {dag.py:3954} INFO - Setting next_dagrun for example_sla_dag to 2026-05-23 00:06:00+00:00, run_after=2026-05-23 00:08:00+00:00
[2026-05-23T00:09:43.357+0000] {processor.py:183} INFO - Processing /home/airflow/.local/lib/python3.12/site-packages/airflow/example_dags/example_sla_dag.py took 0.799 seconds
[2026-05-23T00:12:35.196+0000] {processor.py:161} INFO - Started process (PID=84) to work on /home/airflow/.local/lib/python3.12/site-packages/airflow/example_dags/example_sla_dag.py
[2026-05-23T00:12:35.199+0000] {processor.py:830} INFO - Processing file /home/airflow/.local/lib/python3.12/site-packages/airflow/example_dags/example_sla_dag.py for tasks to queue
[2026-05-23T00:12:35.204+0000] {logging_mixin.py:188} INFO - [2026-05-23T00:12:35.203+0000] {dagbag.py:545} INFO - Filling up the DagBag from /home/airflow/.local/lib/python3.12/site-packages/airflow/example_dags/example_sla_dag.py
[2026-05-23T00:12:35.244+0000] {processor.py:840} INFO - DAG(s) 'example_sla_dag' retrieved from /home/airflow/.local/lib/python3.12/site-packages/airflow/example_dags/example_sla_dag.py
[2026-05-23T00:12:35.437+0000] {logging_mixin.py:188} INFO - [2026-05-23T00:12:35.436+0000] {dag.py:3096} INFO - Sync 1 DAGs
[2026-05-23T00:12:35.480+0000] {logging_mixin.py:188} INFO - [2026-05-23T00:12:35.480+0000] {dag.py:3954} INFO - Setting next_dagrun for example_sla_dag to 2026-05-23 00:10:00+00:00, run_after=2026-05-23 00:12:00+00:00
[2026-05-23T00:12:35.525+0000] {processor.py:183} INFO - Processing /home/airflow/.local/lib/python3.12/site-packages/airflow/example_dags/example_sla_dag.py took 0.343 seconds
[2026-05-23T00:13:05.987+0000] {processor.py:161} INFO - Started process (PID=143) to work on /home/airflow/.local/lib/python3.12/site-packages/airflow/example_dags/example_sla_dag.py
[2026-05-23T00:13:05.988+0000] {processor.py:830} INFO - Processing file /home/airflow/.local/lib/python3.12/site-packages/airflow/example_dags/example_sla_dag.py for tasks to queue
[2026-05-23T00:13:05.990+0000] {logging_mixin.py:188} INFO - [2026-05-23T00:13:05.990+0000] {dagbag.py:545} INFO - Filling up the DagBag from /home/airflow/.local/lib/python3.12/site-packages/airflow/example_dags/example_sla_dag.py
[2026-05-23T00:13:05.999+0000] {processor.py:840} INFO - DAG(s) 'example_sla_dag' retrieved from /home/airflow/.local/lib/python3.12/site-packages/airflow/example_dags/example_sla_dag.py
[2026-05-23T00:13:06.016+0000] {logging_mixin.py:188} INFO - [2026-05-23T00:13:06.015+0000] {dag.py:3096} INFO - Sync 1 DAGs
[2026-05-23T00:13:06.030+0000] {logging_mixin.py:188} INFO - [2026-05-23T00:13:06.030+0000] {dag.py:3954} INFO - Setting next_dagrun for example_sla_dag to 2026-05-23 00:10:00+00:00, run_after=2026-05-23 00:12:00+00:00
[2026-05-23T00:13:06.041+0000] {processor.py:183} INFO - Processing /home/airflow/.local/lib/python3.12/site-packages/airflow/example_dags/example_sla_dag.py took 0.058 seconds
[2026-05-23T00:13:36.462+0000] {processor.py:161} INFO - Started process (PID=202) to work on /home/airflow/.local/lib/python3.12/site-packages/airflow/example_dags/example_sla_dag.py
[2026-05-23T00:13:36.463+0000] {processor.py:830} INFO - Processing file /home/airflow/.local/lib/python3.12/site-packages/airflow/example_dags/example_sla_dag.py for tasks to queue
[2026-05-23T00:13:36.465+0000] {logging_mixin.py:188} INFO - [2026-05-23T00:13:36.464+0000] {dagbag.py:545} INFO - Filling up the DagBag from /home/airflow/.local/lib/python3.12/site-packages/airflow/example_dags/example_sla_dag.py
[2026-05-23T00:13:36.471+0000] {processor.py:840} INFO - DAG(s) 'example_sla_dag' retrieved from /home/airflow/.local/lib/python3.12/site-packages/airflow/example_dags/example_sla_dag.py
[2026-05-23T00:13:36.484+0000] {logging_mixin.py:188} INFO - [2026-05-23T00:13:36.484+0000] {dag.py:3096} INFO - Sync 1 DAGs
[2026-05-23T00:13:36.501+0000] {logging_mixin.py:188} INFO - [2026-05-23T00:13:36.500+0000] {dag.py:3954} INFO - Setting next_dagrun for example_sla_dag to 2026-05-23 00:10:00+00:00, run_after=2026-05-23 00:12:00+00:00
[2026-05-23T00:13:36.511+0000] {processor.py:183} INFO - Processing /home/airflow/.local/lib/python3.12/site-packages/airflow/example_dags/example_sla_dag.py took 0.052 seconds
[2026-05-23T00:14:06.768+0000] {processor.py:161} INFO - Started process (PID=261) to work on /home/airflow/.local/lib/python3.12/site-packages/airflow/example_dags/example_sla_dag.py
[2026-05-23T00:14:06.770+0000] {processor.py:830} INFO - Processing file /home/airflow/.local/lib/python3.12/site-packages/airflow/example_dags/example_sla_dag.py for tasks to queue
[2026-05-23T00:14:06.772+0000] {logging_mixin.py:188} INFO - [2026-05-23T00:14:06.772+0000] {dagbag.py:545} INFO - Filling up the DagBag from /home/airflow/.local/lib/python3.12/site-packages/airflow/example_dags/example_sla_dag.py
[2026-05-23T00:14:06.787+0000] {processor.py:840} INFO - DAG(s) 'example_sla_dag' retrieved from /home/airflow/.local/lib/python3.12/site-packages/airflow/example_dags/example_sla_dag.py
[2026-05-23T00:14:06.838+0000] {logging_mixin.py:188} INFO - [2026-05-23T00:14:06.838+0000] {dag.py:3096} INFO - Sync 1 DAGs
[2026-05-23T00:14:06.884+0000] {logging_mixin.py:188} INFO - [2026-05-23T00:14:06.883+0000] {dag.py:3954} INFO - Setting next_dagrun for example_sla_dag to 2026-05-23 00:12:00+00:00, run_after=2026-05-23 00:14:00+00:00
[2026-05-23T00:14:06.931+0000] {processor.py:183} INFO - Processing /home/airflow/.local/lib/python3.12/site-packages/airflow/example_dags/example_sla_dag.py took 0.170 seconds
[2026-05-23T00:14:37.350+0000] {processor.py:161} INFO - Started process (PID=319) to work on /home/airflow/.local/lib/python3.12/site-packages/airflow/example_dags/example_sla_dag.py
[2026-05-23T00:14:37.351+0000] {processor.py:830} INFO - Processing file /home/airflow/.local/lib/python3.12/site-packages/airflow/example_dags/example_sla_dag.py for tasks to queue
[2026-05-23T00:14:37.352+0000] {logging_mixin.py:188} INFO - [2026-05-23T00:14:37.352+0000] {dagbag.py:545} INFO - Filling up the DagBag from /home/airflow/.local/lib/python3.12/site-packages/airflow/example_dags/example_sla_dag.py
[2026-05-23T00:14:37.358+0000] {processor.py:840} INFO - DAG(s) 'example_sla_dag' retrieved from /home/airflow/.local/lib/python3.12/site-packages/airflow/example_dags/example_sla_dag.py
[2026-05-23T00:14:37.375+0000] {logging_mixin.py:188} INFO - [2026-05-23T00:14:37.375+0000] {dag.py:3096} INFO - Sync 1 DAGs
[2026-05-23T00:14:37.389+0000] {logging_mixin.py:188} INFO - [2026-05-23T00:14:37.389+0000] {dag.py:3954} INFO - Setting next_dagrun for example_sla_dag to 2026-05-23 00:12:00+00:00, run_after=2026-05-23 00:14:00+00:00
[2026-05-23T00:14:37.405+0000] {processor.py:183} INFO - Processing /home/airflow/.local/lib/python3.12/site-packages/airflow/example_dags/example_sla_dag.py took 0.059 seconds
[2026-05-23T00:15:08.081+0000] {processor.py:161} INFO - Started process (PID=378) to work on /home/airflow/.local/lib/python3.12/site-packages/airflow/example_dags/example_sla_dag.py
[2026-05-23T00:15:08.083+0000] {processor.py:830} INFO - Processing file /home/airflow/.local/lib/python3.12/site-packages/airflow/example_dags/example_sla_dag.py for tasks to queue
[2026-05-23T00:15:08.084+0000] {logging_mixin.py:188} INFO - [2026-05-23T00:15:08.084+0000] {dagbag.py:545} INFO - Filling up the DagBag from /home/airflow/.local/lib/python3.12/site-packages/airflow/example_dags/example_sla_dag.py
[2026-05-23T00:15:08.091+0000] {processor.py:840} INFO - DAG(s) 'example_sla_dag' retrieved from /home/airflow/.local/lib/python3.12/site-packages/airflow/example_dags/example_sla_dag.py
[2026-05-23T00:15:08.107+0000] {logging_mixin.py:188} INFO - [2026-05-23T00:15:08.107+0000] {dag.py:3096} INFO - Sync 1 DAGs
[2026-05-23T00:15:08.125+0000] {logging_mixin.py:188} INFO - [2026-05-23T00:15:08.125+0000] {dag.py:3954} INFO - Setting next_dagrun for example_sla_dag to 2026-05-23 00:12:00+00:00, run_after=2026-05-23 00:14:00+00:00
[2026-05-23T00:15:08.143+0000] {processor.py:183} INFO - Processing /home/airflow/.local/lib/python3.12/site-packages/airflow/example_dags/example_sla_dag.py took 0.067 seconds
[2026-05-23T00:15:38.610+0000] {processor.py:161} INFO - Started process (PID=438) to work on /home/airflow/.local/lib/python3.12/site-packages/airflow/example_dags/example_sla_dag.py
[2026-05-23T00:15:38.612+0000] {processor.py:830} INFO - Processing file /home/airflow/.local/lib/python3.12/site-packages/airflow/example_dags/example_sla_dag.py for tasks to queue
[2026-05-23T00:15:38.613+0000] {logging_mixin.py:188} INFO - [2026-05-23T00:15:38.613+0000] {dagbag.py:545} INFO - Filling up the DagBag from /home/airflow/.local/lib/python3.12/site-packages/airflow/example_dags/example_sla_dag.py
[2026-05-23T00:15:38.619+0000] {processor.py:840} INFO - DAG(s) 'example_sla_dag' retrieved from /home/airflow/.local/lib/python3.12/site-packages/airflow/example_dags/example_sla_dag.py
[2026-05-23T00:15:38.637+0000] {logging_mixin.py:188} INFO - [2026-05-23T00:15:38.637+0000] {dag.py:3096} INFO - Sync 1 DAGs
[2026-05-23T00:15:38.654+0000] {logging_mixin.py:188} INFO - [2026-05-23T00:15:38.654+0000] {dag.py:3954} INFO - Setting next_dagrun for example_sla_dag to 2026-05-23 00:12:00+00:00, run_after=2026-05-23 00:14:00+00:00
[2026-05-23T00:15:38.667+0000] {processor.py:183} INFO - Processing /home/airflow/.local/lib/python3.12/site-packages/airflow/example_dags/example_sla_dag.py took 0.061 seconds
[2026-05-23T00:16:09.501+0000] {processor.py:161} INFO - Started process (PID=497) to work on /home/airflow/.local/lib/python3.12/site-packages/airflow/example_dags/example_sla_dag.py
[2026-05-23T00:16:09.502+0000] {processor.py:830} INFO - Processing file /home/airflow/.local/lib/python3.12/site-packages/airflow/example_dags/example_sla_dag.py for tasks to queue
[2026-05-23T00:16:09.507+0000] {logging_mixin.py:188} INFO - [2026-05-23T00:16:09.506+0000] {dagbag.py:545} INFO - Filling up the DagBag from /home/airflow/.local/lib/python3.12/site-packages/airflow/example_dags/example_sla_dag.py
[2026-05-23T00:16:09.515+0000] {processor.py:840} INFO - DAG(s) 'example_sla_dag' retrieved from /home/airflow/.local/lib/python3.12/site-packages/airflow/example_dags/example_sla_dag.py
[2026-05-23T00:16:09.536+0000] {logging_mixin.py:188} INFO - [2026-05-23T00:16:09.536+0000] {dag.py:3096} INFO - Sync 1 DAGs
[2026-05-23T00:16:09.557+0000] {logging_mixin.py:188} INFO - [2026-05-23T00:16:09.557+0000] {dag.py:3954} INFO - Setting next_dagrun for example_sla_dag to 2026-05-23 00:14:00+00:00, run_after=2026-05-23 00:16:00+00:00
[2026-05-23T00:16:09.571+0000] {processor.py:183} INFO - Processing /home/airflow/.local/lib/python3.12/site-packages/airflow/example_dags/example_sla_dag.py took 0.079 seconds
[2026-05-23T00:16:40.286+0000] {processor.py:161} INFO - Started process (PID=556) to work on /home/airflow/.local/lib/python3.12/site-packages/airflow/example_dags/example_sla_dag.py
[2026-05-23T00:16:40.288+0000] {processor.py:830} INFO - Processing file /home/airflow/.local/lib/python3.12/site-packages/airflow/example_dags/example_sla_dag.py for tasks to queue
[2026-05-23T00:16:40.291+0000] {logging_mixin.py:188} INFO - [2026-05-23T00:16:40.291+0000] {dagbag.py:545} INFO - Filling up the DagBag from /home/airflow/.local/lib/python3.12/site-packages/airflow/example_dags/example_sla_dag.py
[2026-05-23T00:16:40.299+0000] {processor.py:840} INFO - DAG(s) 'example_sla_dag' retrieved from /home/airflow/.local/lib/python3.12/site-packages/airflow/example_dags/example_sla_dag.py
[2026-05-23T00:16:40.314+0000] {logging_mixin.py:188} INFO - [2026-05-23T00:16:40.313+0000] {dag.py:3096} INFO - Sync 1 DAGs
[2026-05-23T00:16:40.329+0000] {logging_mixin.py:188} INFO - [2026-05-23T00:16:40.329+0000] {dag.py:3954} INFO - Setting next_dagrun for example_sla_dag to 2026-05-23 00:14:00+00:00, run_after=2026-05-23 00:16:00+00:00
[2026-05-23T00:16:40.340+0000] {processor.py:183} INFO - Processing /home/airflow/.local/lib/python3.12/site-packages/airflow/example_dags/example_sla_dag.py took 0.063 seconds
[2026-05-23T00:17:11.247+0000] {processor.py:161} INFO - Started process (PID=615) to work on /home/airflow/.local/lib/python3.12/site-packages/airflow/example_dags/example_sla_dag.py
[2026-05-23T00:17:11.248+0000] {processor.py:830} INFO - Processing file /home/airflow/.local/lib/python3.12/site-packages/airflow/example_dags/example_sla_dag.py for tasks to queue
[2026-05-23T00:17:11.250+0000] {logging_mixin.py:188} INFO - [2026-05-23T00:17:11.250+0000] {dagbag.py:545} INFO - Filling up the DagBag from /home/airflow/.local/lib/python3.12/site-packages/airflow/example_dags/example_sla_dag.py
[2026-05-23T00:17:11.258+0000] {processor.py:840} INFO - DAG(s) 'example_sla_dag' retrieved from /home/airflow/.local/lib/python3.12/site-packages/airflow/example_dags/example_sla_dag.py
[2026-05-23T00:17:11.272+0000] {logging_mixin.py:188} INFO - [2026-05-23T00:17:11.272+0000] {dag.py:3096} INFO - Sync 1 DAGs
[2026-05-23T00:17:11.297+0000] {logging_mixin.py:188} INFO - [2026-05-23T00:17:11.297+0000] {dag.py:3954} INFO - Setting next_dagrun for example_sla_dag to 2026-05-23 00:14:00+00:00, run_after=2026-05-23 00:16:00+00:00
[2026-05-23T00:17:11.309+0000] {processor.py:183} INFO - Processing /home/airflow/.local/lib/python3.12/site-packages/airflow/example_dags/example_sla_dag.py took 0.067 seconds
[2026-05-23T00:17:41.737+0000] {processor.py:161} INFO - Started process (PID=674) to work on /home/airflow/.local/lib/python3.12/site-packages/airflow/example_dags/example_sla_dag.py
[2026-05-23T00:17:41.739+0000] {processor.py:830} INFO - Processing file /home/airflow/.local/lib/python3.12/site-packages/airflow/example_dags/example_sla_dag.py for tasks to queue
[2026-05-23T00:17:41.741+0000] {logging_mixin.py:188} INFO - [2026-05-23T00:17:41.740+0000] {dagbag.py:545} INFO - Filling up the DagBag from /home/airflow/.local/lib/python3.12/site-packages/airflow/example_dags/example_sla_dag.py
[2026-05-23T00:17:41.747+0000] {processor.py:840} INFO - DAG(s) 'example_sla_dag' retrieved from /home/airflow/.local/lib/python3.12/site-packages/airflow/example_dags/example_sla_dag.py
[2026-05-23T00:17:41.763+0000] {logging_mixin.py:188} INFO - [2026-05-23T00:17:41.763+0000] {dag.py:3096} INFO - Sync 1 DAGs
[2026-05-23T00:17:41.783+0000] {logging_mixin.py:188} INFO - [2026-05-23T00:17:41.783+0000] {dag.py:3954} INFO - Setting next_dagrun for example_sla_dag to 2026-05-23 00:14:00+00:00, run_after=2026-05-23 00:16:00+00:00
[2026-05-23T00:17:41.803+0000] {processor.py:183} INFO - Processing /home/airflow/.local/lib/python3.12/site-packages/airflow/example_dags/example_sla_dag.py took 0.070 seconds
[2026-05-23T00:18:12.570+0000] {processor.py:161} INFO - Started process (PID=733) to work on /home/airflow/.local/lib/python3.12/site-packages/airflow/example_dags/example_sla_dag.py
[2026-05-23T00:18:12.571+0000] {processor.py:830} INFO - Processing file /home/airflow/.local/lib/python3.12/site-packages/airflow/example_dags/example_sla_dag.py for tasks to queue
[2026-05-23T00:18:12.572+0000] {logging_mixin.py:188} INFO - [2026-05-23T00:18:12.572+0000] {dagbag.py:545} INFO - Filling up the DagBag from /home/airflow/.local/lib/python3.12/site-packages/airflow/example_dags/example_sla_dag.py
[2026-05-23T00:18:12.579+0000] {processor.py:840} INFO - DAG(s) 'example_sla_dag' retrieved from /home/airflow/.local/lib/python3.12/site-packages/airflow/example_dags/example_sla_dag.py
[2026-05-23T00:18:12.593+0000] {logging_mixin.py:188} INFO - [2026-05-23T00:18:12.593+0000] {dag.py:3096} INFO - Sync 1 DAGs
[2026-05-23T00:18:12.609+0000] {logging_mixin.py:188} INFO - [2026-05-23T00:18:12.609+0000] {dag.py:3954} INFO - Setting next_dagrun for example_sla_dag to 2026-05-23 00:16:00+00:00, run_after=2026-05-23 00:18:00+00:00
[2026-05-23T00:18:12.622+0000] {processor.py:183} INFO - Processing /home/airflow/.local/lib/python3.12/site-packages/airflow/example_dags/example_sla_dag.py took 0.057 seconds
[2026-05-23T00:18:43.104+0000] {processor.py:161} INFO - Started process (PID=792) to work on /home/airflow/.local/lib/python3.12/site-packages/airflow/example_dags/example_sla_dag.py
[2026-05-23T00:18:43.105+0000] {processor.py:830} INFO - Processing file /home/airflow/.local/lib/python3.12/site-packages/airflow/example_dags/example_sla_dag.py for tasks to queue
[2026-05-23T00:18:43.106+0000] {logging_mixin.py:188} INFO - [2026-05-23T00:18:43.106+0000] {dagbag.py:545} INFO - Filling up the DagBag from /home/airflow/.local/lib/python3.12/site-packages/airflow/example_dags/example_sla_dag.py
[2026-05-23T00:18:43.112+0000] {processor.py:840} INFO - DAG(s) 'example_sla_dag' retrieved from /home/airflow/.local/lib/python3.12/site-packages/airflow/example_dags/example_sla_dag.py
[2026-05-23T00:18:43.129+0000] {logging_mixin.py:188} INFO - [2026-05-23T00:18:43.128+0000] {dag.py:3096} INFO - Sync 1 DAGs
[2026-05-23T00:18:43.146+0000] {logging_mixin.py:188} INFO - [2026-05-23T00:18:43.146+0000] {dag.py:3954} INFO - Setting next_dagrun for example_sla_dag to 2026-05-23 00:16:00+00:00, run_after=2026-05-23 00:18:00+00:00
[2026-05-23T00:18:43.161+0000] {processor.py:183} INFO - Processing /home/airflow/.local/lib/python3.12/site-packages/airflow/example_dags/example_sla_dag.py took 0.062 seconds
[2026-05-23T00:19:14.171+0000] {processor.py:161} INFO - Started process (PID=851) to work on /home/airflow/.local/lib/python3.12/site-packages/airflow/example_dags/example_sla_dag.py
[2026-05-23T00:19:14.172+0000] {processor.py:830} INFO - Processing file /home/airflow/.local/lib/python3.12/site-packages/airflow/example_dags/example_sla_dag.py for tasks to queue
[2026-05-23T00:19:14.173+0000] {logging_mixin.py:188} INFO - [2026-05-23T00:19:14.173+0000] {dagbag.py:545} INFO - Filling up the DagBag from /home/airflow/.local/lib/python3.12/site-packages/airflow/example_dags/example_sla_dag.py
[2026-05-23T00:19:14.184+0000] {processor.py:840} INFO - DAG(s) 'example_sla_dag' retrieved from /home/airflow/.local/lib/python3.12/site-packages/airflow/example_dags/example_sla_dag.py
[2026-05-23T00:19:14.200+0000] {logging_mixin.py:188} INFO - [2026-05-23T00:19:14.200+0000] {dag.py:3096} INFO - Sync 1 DAGs
[2026-05-23T00:19:14.219+0000] {logging_mixin.py:188} INFO - [2026-05-23T00:19:14.218+0000] {dag.py:3954} INFO - Setting next_dagrun for example_sla_dag to 2026-05-23 00:16:00+00:00, run_after=2026-05-23 00:18:00+00:00
[2026-05-23T00:19:14.236+0000] {processor.py:183} INFO - Processing /home/airflow/.local/lib/python3.12/site-packages/airflow/example_dags/example_sla_dag.py took 0.070 seconds
[2026-05-23T00:19:45.038+0000] {processor.py:161} INFO - Started process (PID=910) to work on /home/airflow/.local/lib/python3.12/site-packages/airflow/example_dags/example_sla_dag.py
[2026-05-23T00:19:45.039+0000] {processor.py:830} INFO - Processing file /home/airflow/.local/lib/python3.12/site-packages/airflow/example_dags/example_sla_dag.py for tasks to queue
[2026-05-23T00:19:45.040+0000] {logging_mixin.py:188} INFO - [2026-05-23T00:19:45.040+0000] {dagbag.py:545} INFO - Filling up the DagBag from /home/airflow/.local/lib/python3.12/site-packages/airflow/example_dags/example_sla_dag.py
[2026-05-23T00:19:45.053+0000] {processor.py:840} INFO - DAG(s) 'example_sla_dag' retrieved from /home/airflow/.local/lib/python3.12/site-packages/airflow/example_dags/example_sla_dag.py
[2026-05-23T00:19:45.075+0000] {logging_mixin.py:188} INFO - [2026-05-23T00:19:45.074+0000] {dag.py:3096} INFO - Sync 1 DAGs
[2026-05-23T00:19:45.091+0000] {logging_mixin.py:188} INFO - [2026-05-23T00:19:45.091+0000] {dag.py:3954} INFO - Setting next_dagrun for example_sla_dag to 2026-05-23 00:16:00+00:00, run_after=2026-05-23 00:18:00+00:00
[2026-05-23T00:19:45.104+0000] {processor.py:183} INFO - Processing /home/airflow/.local/lib/python3.12/site-packages/airflow/example_dags/example_sla_dag.py took 0.070 seconds
[2026-05-23T00:20:15.394+0000] {processor.py:161} INFO - Started process (PID=969) to work on /home/airflow/.local/lib/python3.12/site-packages/airflow/example_dags/example_sla_dag.py
[2026-05-23T00:20:15.395+0000] {processor.py:830} INFO - Processing file /home/airflow/.local/lib/python3.12/site-packages/airflow/example_dags/example_sla_dag.py for tasks to queue
[2026-05-23T00:20:15.396+0000] {logging_mixin.py:188} INFO - [2026-05-23T00:20:15.396+0000] {dagbag.py:545} INFO - Filling up the DagBag from /home/airflow/.local/lib/python3.12/site-packages/airflow/example_dags/example_sla_dag.py
[2026-05-23T00:20:15.402+0000] {processor.py:840} INFO - DAG(s) 'example_sla_dag' retrieved from /home/airflow/.local/lib/python3.12/site-packages/airflow/example_dags/example_sla_dag.py
[2026-05-23T00:20:15.421+0000] {logging_mixin.py:188} INFO - [2026-05-23T00:20:15.420+0000] {dag.py:3096} INFO - Sync 1 DAGs
[2026-05-23T00:20:15.444+0000] {logging_mixin.py:188} INFO - [2026-05-23T00:20:15.444+0000] {dag.py:3954} INFO - Setting next_dagrun for example_sla_dag to 2026-05-23 00:18:00+00:00, run_after=2026-05-23 00:20:00+00:00
[2026-05-23T00:20:15.455+0000] {processor.py:183} INFO - Processing /home/airflow/.local/lib/python3.12/site-packages/airflow/example_dags/example_sla_dag.py took 0.065 seconds
[2026-05-23T00:20:46.025+0000] {processor.py:161} INFO - Started process (PID=1027) to work on /home/airflow/.local/lib/python3.12/site-packages/airflow/example_dags/example_sla_dag.py
[2026-05-23T00:20:46.026+0000] {processor.py:830} INFO - Processing file /home/airflow/.local/lib/python3.12/site-packages/airflow/example_dags/example_sla_dag.py for tasks to queue
[2026-05-23T00:20:46.027+0000] {logging_mixin.py:188} INFO - [2026-05-23T00:20:46.027+0000] {dagbag.py:545} INFO - Filling up the DagBag from /home/airflow/.local/lib/python3.12/site-packages/airflow/example_dags/example_sla_dag.py
[2026-05-23T00:20:46.032+0000] {processor.py:840} INFO - DAG(s) 'example_sla_dag' retrieved from /home/airflow/.local/lib/python3.12/site-packages/airflow/example_dags/example_sla_dag.py
[2026-05-23T00:20:46.046+0000] {logging_mixin.py:188} INFO - [2026-05-23T00:20:46.046+0000] {dag.py:3096} INFO - Sync 1 DAGs
[2026-05-23T00:20:46.061+0000] {logging_mixin.py:188} INFO - [2026-05-23T00:20:46.061+0000] {dag.py:3954} INFO - Setting next_dagrun for example_sla_dag to 2026-05-23 00:18:00+00:00, run_after=2026-05-23 00:20:00+00:00
[2026-05-23T00:20:46.077+0000] {processor.py:183} INFO - Processing /home/airflow/.local/lib/python3.12/site-packages/airflow/example_dags/example_sla_dag.py took 0.056 seconds
[2026-05-23T00:21:17.089+0000] {processor.py:161} INFO - Started process (PID=1087) to work on /home/airflow/.local/lib/python3.12/site-packages/airflow/example_dags/example_sla_dag.py
[2026-05-23T00:21:17.090+0000] {processor.py:830} INFO - Processing file /home/airflow/.local/lib/python3.12/site-packages/airflow/example_dags/example_sla_dag.py for tasks to queue
[2026-05-23T00:21:17.091+0000] {logging_mixin.py:188} INFO - [2026-05-23T00:21:17.091+0000] {dagbag.py:545} INFO - Filling up the DagBag from /home/airflow/.local/lib/python3.12/site-packages/airflow/example_dags/example_sla_dag.py
[2026-05-23T00:21:17.097+0000] {processor.py:840} INFO - DAG(s) 'example_sla_dag' retrieved from /home/airflow/.local/lib/python3.12/site-packages/airflow/example_dags/example_sla_dag.py
[2026-05-23T00:21:17.112+0000] {logging_mixin.py:188} INFO - [2026-05-23T00:21:17.112+0000] {dag.py:3096} INFO - Sync 1 DAGs
[2026-05-23T00:21:17.132+0000] {logging_mixin.py:188} INFO - [2026-05-23T00:21:17.132+0000] {dag.py:3954} INFO - Setting next_dagrun for example_sla_dag to 2026-05-23 00:18:00+00:00, run_after=2026-05-23 00:20:00+00:00
[2026-05-23T00:21:17.145+0000] {processor.py:183} INFO - Processing /home/airflow/.local/lib/python3.12/site-packages/airflow/example_dags/example_sla_dag.py took 0.060 seconds
[2026-05-23T00:21:47.765+0000] {processor.py:161} INFO - Started process (PID=1146) to work on /home/airflow/.local/lib/python3.12/site-packages/airflow/example_dags/example_sla_dag.py
[2026-05-23T00:21:47.767+0000] {processor.py:830} INFO - Processing file /home/airflow/.local/lib/python3.12/site-packages/airflow/example_dags/example_sla_dag.py for tasks to queue
[2026-05-23T00:21:47.769+0000] {logging_mixin.py:188} INFO - [2026-05-23T00:21:47.769+0000] {dagbag.py:545} INFO - Filling up the DagBag from /home/airflow/.local/lib/python3.12/site-packages/airflow/example_dags/example_sla_dag.py
[2026-05-23T00:21:47.777+0000] {processor.py:840} INFO - DAG(s) 'example_sla_dag' retrieved from /home/airflow/.local/lib/python3.12/site-packages/airflow/example_dags/example_sla_dag.py
[2026-05-23T00:21:47.792+0000] {logging_mixin.py:188} INFO - [2026-05-23T00:21:47.792+0000] {dag.py:3096} INFO - Sync 1 DAGs
[2026-05-23T00:21:47.810+0000] {logging_mixin.py:188} INFO - [2026-05-23T00:21:47.810+0000] {dag.py:3954} INFO - Setting next_dagrun for example_sla_dag to 2026-05-23 00:18:00+00:00, run_after=2026-05-23 00:20:00+00:00
[2026-05-23T00:21:47.824+0000] {processor.py:183} INFO - Processing /home/airflow/.local/lib/python3.12/site-packages/airflow/example_dags/example_sla_dag.py took 0.068 seconds
[2026-05-23T00:22:17.944+0000] {processor.py:161} INFO - Started process (PID=1204) to work on /home/airflow/.local/lib/python3.12/site-packages/airflow/example_dags/example_sla_dag.py
[2026-05-23T00:22:17.946+0000] {processor.py:830} INFO - Processing file /home/airflow/.local/lib/python3.12/site-packages/airflow/example_dags/example_sla_dag.py for tasks to queue
[2026-05-23T00:22:17.948+0000] {logging_mixin.py:188} INFO - [2026-05-23T00:22:17.948+0000] {dagbag.py:545} INFO - Filling up the DagBag from /home/airflow/.local/lib/python3.12/site-packages/airflow/example_dags/example_sla_dag.py
[2026-05-23T00:22:17.954+0000] {processor.py:840} INFO - DAG(s) 'example_sla_dag' retrieved from /home/airflow/.local/lib/python3.12/site-packages/airflow/example_dags/example_sla_dag.py
[2026-05-23T00:22:17.972+0000] {logging_mixin.py:188} INFO - [2026-05-23T00:22:17.972+0000] {dag.py:3096} INFO - Sync 1 DAGs
[2026-05-23T00:22:17.986+0000] {logging_mixin.py:188} INFO - [2026-05-23T00:22:17.986+0000] {dag.py:3954} INFO - Setting next_dagrun for example_sla_dag to 2026-05-23 00:20:00+00:00, run_after=2026-05-23 00:22:00+00:00
[2026-05-23T00:22:18.003+0000] {processor.py:183} INFO - Processing /home/airflow/.local/lib/python3.12/site-packages/airflow/example_dags/example_sla_dag.py took 0.063 seconds
