[2026-05-23T00:00:29.131+0000] {processor.py:161} INFO - Started process (PID=2342) to work on /home/airflow/.local/lib/python3.12/site-packages/airflow/example_dags/example_task_group.py
[2026-05-23T00:00:29.132+0000] {processor.py:830} INFO - Processing file /home/airflow/.local/lib/python3.12/site-packages/airflow/example_dags/example_task_group.py for tasks to queue
[2026-05-23T00:00:29.134+0000] {logging_mixin.py:188} INFO - [2026-05-23T00:00:29.134+0000] {dagbag.py:545} INFO - Filling up the DagBag from /home/airflow/.local/lib/python3.12/site-packages/airflow/example_dags/example_task_group.py
[2026-05-23T00:00:29.142+0000] {processor.py:840} INFO - DAG(s) 'example_task_group' retrieved from /home/airflow/.local/lib/python3.12/site-packages/airflow/example_dags/example_task_group.py
[2026-05-23T00:00:29.164+0000] {logging_mixin.py:188} INFO - [2026-05-23T00:00:29.163+0000] {dag.py:3096} INFO - Sync 1 DAGs
[2026-05-23T00:00:29.181+0000] {logging_mixin.py:188} INFO - [2026-05-23T00:00:29.181+0000] {dag.py:3954} INFO - Setting next_dagrun for example_task_group to 2026-05-22 00:00:00+00:00, run_after=2026-05-23 00:00:00+00:00
[2026-05-23T00:00:29.195+0000] {processor.py:183} INFO - Processing /home/airflow/.local/lib/python3.12/site-packages/airflow/example_dags/example_task_group.py took 0.070 seconds
[2026-05-23T00:01:00.701+0000] {processor.py:161} INFO - Started process (PID=2399) to work on /home/airflow/.local/lib/python3.12/site-packages/airflow/example_dags/example_task_group.py
[2026-05-23T00:01:00.703+0000] {processor.py:830} INFO - Processing file /home/airflow/.local/lib/python3.12/site-packages/airflow/example_dags/example_task_group.py for tasks to queue
[2026-05-23T00:01:00.705+0000] {logging_mixin.py:188} INFO - [2026-05-23T00:01:00.705+0000] {dagbag.py:545} INFO - Filling up the DagBag from /home/airflow/.local/lib/python3.12/site-packages/airflow/example_dags/example_task_group.py
[2026-05-23T00:01:00.714+0000] {processor.py:840} INFO - DAG(s) 'example_task_group' retrieved from /home/airflow/.local/lib/python3.12/site-packages/airflow/example_dags/example_task_group.py
[2026-05-23T00:01:00.755+0000] {logging_mixin.py:188} INFO - [2026-05-23T00:01:00.754+0000] {dag.py:3096} INFO - Sync 1 DAGs
[2026-05-23T00:01:00.804+0000] {logging_mixin.py:188} INFO - [2026-05-23T00:01:00.804+0000] {dag.py:3954} INFO - Setting next_dagrun for example_task_group to 2026-05-22 00:00:00+00:00, run_after=2026-05-23 00:00:00+00:00
[2026-05-23T00:01:00.832+0000] {processor.py:183} INFO - Processing /home/airflow/.local/lib/python3.12/site-packages/airflow/example_dags/example_task_group.py took 0.142 seconds
[2026-05-23T00:01:32.308+0000] {processor.py:161} INFO - Started process (PID=2458) to work on /home/airflow/.local/lib/python3.12/site-packages/airflow/example_dags/example_task_group.py
[2026-05-23T00:01:32.314+0000] {processor.py:830} INFO - Processing file /home/airflow/.local/lib/python3.12/site-packages/airflow/example_dags/example_task_group.py for tasks to queue
[2026-05-23T00:01:32.318+0000] {logging_mixin.py:188} INFO - [2026-05-23T00:01:32.318+0000] {dagbag.py:545} INFO - Filling up the DagBag from /home/airflow/.local/lib/python3.12/site-packages/airflow/example_dags/example_task_group.py
[2026-05-23T00:01:32.334+0000] {processor.py:840} INFO - DAG(s) 'example_task_group' retrieved from /home/airflow/.local/lib/python3.12/site-packages/airflow/example_dags/example_task_group.py
[2026-05-23T00:01:32.370+0000] {logging_mixin.py:188} INFO - [2026-05-23T00:01:32.369+0000] {dag.py:3096} INFO - Sync 1 DAGs
[2026-05-23T00:01:32.391+0000] {logging_mixin.py:188} INFO - [2026-05-23T00:01:32.391+0000] {dag.py:3954} INFO - Setting next_dagrun for example_task_group to 2026-05-22 00:00:00+00:00, run_after=2026-05-23 00:00:00+00:00
[2026-05-23T00:01:32.410+0000] {processor.py:183} INFO - Processing /home/airflow/.local/lib/python3.12/site-packages/airflow/example_dags/example_task_group.py took 0.125 seconds
[2026-05-23T00:02:02.604+0000] {processor.py:161} INFO - Started process (PID=2517) to work on /home/airflow/.local/lib/python3.12/site-packages/airflow/example_dags/example_task_group.py
[2026-05-23T00:02:02.605+0000] {processor.py:830} INFO - Processing file /home/airflow/.local/lib/python3.12/site-packages/airflow/example_dags/example_task_group.py for tasks to queue
[2026-05-23T00:02:02.607+0000] {logging_mixin.py:188} INFO - [2026-05-23T00:02:02.607+0000] {dagbag.py:545} INFO - Filling up the DagBag from /home/airflow/.local/lib/python3.12/site-packages/airflow/example_dags/example_task_group.py
[2026-05-23T00:02:02.613+0000] {processor.py:840} INFO - DAG(s) 'example_task_group' retrieved from /home/airflow/.local/lib/python3.12/site-packages/airflow/example_dags/example_task_group.py
[2026-05-23T00:02:02.628+0000] {logging_mixin.py:188} INFO - [2026-05-23T00:02:02.628+0000] {dag.py:3096} INFO - Sync 1 DAGs
[2026-05-23T00:02:02.643+0000] {logging_mixin.py:188} INFO - [2026-05-23T00:02:02.643+0000] {dag.py:3954} INFO - Setting next_dagrun for example_task_group to 2026-05-22 00:00:00+00:00, run_after=2026-05-23 00:00:00+00:00
[2026-05-23T00:02:02.654+0000] {processor.py:183} INFO - Processing /home/airflow/.local/lib/python3.12/site-packages/airflow/example_dags/example_task_group.py took 0.055 seconds
[2026-05-23T00:02:33.358+0000] {processor.py:161} INFO - Started process (PID=2576) to work on /home/airflow/.local/lib/python3.12/site-packages/airflow/example_dags/example_task_group.py
[2026-05-23T00:02:33.361+0000] {processor.py:830} INFO - Processing file /home/airflow/.local/lib/python3.12/site-packages/airflow/example_dags/example_task_group.py for tasks to queue
[2026-05-23T00:02:33.363+0000] {logging_mixin.py:188} INFO - [2026-05-23T00:02:33.363+0000] {dagbag.py:545} INFO - Filling up the DagBag from /home/airflow/.local/lib/python3.12/site-packages/airflow/example_dags/example_task_group.py
[2026-05-23T00:02:33.368+0000] {processor.py:840} INFO - DAG(s) 'example_task_group' retrieved from /home/airflow/.local/lib/python3.12/site-packages/airflow/example_dags/example_task_group.py
[2026-05-23T00:02:33.383+0000] {logging_mixin.py:188} INFO - [2026-05-23T00:02:33.382+0000] {dag.py:3096} INFO - Sync 1 DAGs
[2026-05-23T00:02:33.398+0000] {logging_mixin.py:188} INFO - [2026-05-23T00:02:33.398+0000] {dag.py:3954} INFO - Setting next_dagrun for example_task_group to 2026-05-22 00:00:00+00:00, run_after=2026-05-23 00:00:00+00:00
[2026-05-23T00:02:33.409+0000] {processor.py:183} INFO - Processing /home/airflow/.local/lib/python3.12/site-packages/airflow/example_dags/example_task_group.py took 0.056 seconds
[2026-05-23T00:03:04.091+0000] {processor.py:161} INFO - Started process (PID=2635) to work on /home/airflow/.local/lib/python3.12/site-packages/airflow/example_dags/example_task_group.py
[2026-05-23T00:03:04.095+0000] {processor.py:830} INFO - Processing file /home/airflow/.local/lib/python3.12/site-packages/airflow/example_dags/example_task_group.py for tasks to queue
[2026-05-23T00:03:04.097+0000] {logging_mixin.py:188} INFO - [2026-05-23T00:03:04.097+0000] {dagbag.py:545} INFO - Filling up the DagBag from /home/airflow/.local/lib/python3.12/site-packages/airflow/example_dags/example_task_group.py
[2026-05-23T00:03:04.108+0000] {processor.py:840} INFO - DAG(s) 'example_task_group' retrieved from /home/airflow/.local/lib/python3.12/site-packages/airflow/example_dags/example_task_group.py
[2026-05-23T00:03:04.127+0000] {logging_mixin.py:188} INFO - [2026-05-23T00:03:04.127+0000] {dag.py:3096} INFO - Sync 1 DAGs
[2026-05-23T00:03:04.142+0000] {logging_mixin.py:188} INFO - [2026-05-23T00:03:04.142+0000] {dag.py:3954} INFO - Setting next_dagrun for example_task_group to 2026-05-22 00:00:00+00:00, run_after=2026-05-23 00:00:00+00:00
[2026-05-23T00:03:04.152+0000] {processor.py:183} INFO - Processing /home/airflow/.local/lib/python3.12/site-packages/airflow/example_dags/example_task_group.py took 0.066 seconds
[2026-05-23T00:03:34.937+0000] {processor.py:161} INFO - Started process (PID=2694) to work on /home/airflow/.local/lib/python3.12/site-packages/airflow/example_dags/example_task_group.py
[2026-05-23T00:03:34.939+0000] {processor.py:830} INFO - Processing file /home/airflow/.local/lib/python3.12/site-packages/airflow/example_dags/example_task_group.py for tasks to queue
[2026-05-23T00:03:34.941+0000] {logging_mixin.py:188} INFO - [2026-05-23T00:03:34.941+0000] {dagbag.py:545} INFO - Filling up the DagBag from /home/airflow/.local/lib/python3.12/site-packages/airflow/example_dags/example_task_group.py
[2026-05-23T00:03:34.946+0000] {processor.py:840} INFO - DAG(s) 'example_task_group' retrieved from /home/airflow/.local/lib/python3.12/site-packages/airflow/example_dags/example_task_group.py
[2026-05-23T00:03:34.965+0000] {logging_mixin.py:188} INFO - [2026-05-23T00:03:34.965+0000] {dag.py:3096} INFO - Sync 1 DAGs
[2026-05-23T00:03:34.986+0000] {logging_mixin.py:188} INFO - [2026-05-23T00:03:34.986+0000] {dag.py:3954} INFO - Setting next_dagrun for example_task_group to 2026-05-22 00:00:00+00:00, run_after=2026-05-23 00:00:00+00:00
[2026-05-23T00:03:34.996+0000] {processor.py:183} INFO - Processing /home/airflow/.local/lib/python3.12/site-packages/airflow/example_dags/example_task_group.py took 0.065 seconds
[2026-05-23T00:04:05.170+0000] {processor.py:161} INFO - Started process (PID=2753) to work on /home/airflow/.local/lib/python3.12/site-packages/airflow/example_dags/example_task_group.py
[2026-05-23T00:04:05.171+0000] {processor.py:830} INFO - Processing file /home/airflow/.local/lib/python3.12/site-packages/airflow/example_dags/example_task_group.py for tasks to queue
[2026-05-23T00:04:05.173+0000] {logging_mixin.py:188} INFO - [2026-05-23T00:04:05.173+0000] {dagbag.py:545} INFO - Filling up the DagBag from /home/airflow/.local/lib/python3.12/site-packages/airflow/example_dags/example_task_group.py
[2026-05-23T00:04:05.180+0000] {processor.py:840} INFO - DAG(s) 'example_task_group' retrieved from /home/airflow/.local/lib/python3.12/site-packages/airflow/example_dags/example_task_group.py
[2026-05-23T00:04:05.200+0000] {logging_mixin.py:188} INFO - [2026-05-23T00:04:05.199+0000] {dag.py:3096} INFO - Sync 1 DAGs
[2026-05-23T00:04:05.214+0000] {logging_mixin.py:188} INFO - [2026-05-23T00:04:05.214+0000] {dag.py:3954} INFO - Setting next_dagrun for example_task_group to 2026-05-22 00:00:00+00:00, run_after=2026-05-23 00:00:00+00:00
[2026-05-23T00:04:05.226+0000] {processor.py:183} INFO - Processing /home/airflow/.local/lib/python3.12/site-packages/airflow/example_dags/example_task_group.py took 0.060 seconds
[2026-05-23T00:04:35.845+0000] {processor.py:161} INFO - Started process (PID=2812) to work on /home/airflow/.local/lib/python3.12/site-packages/airflow/example_dags/example_task_group.py
[2026-05-23T00:04:35.847+0000] {processor.py:830} INFO - Processing file /home/airflow/.local/lib/python3.12/site-packages/airflow/example_dags/example_task_group.py for tasks to queue
[2026-05-23T00:04:35.848+0000] {logging_mixin.py:188} INFO - [2026-05-23T00:04:35.848+0000] {dagbag.py:545} INFO - Filling up the DagBag from /home/airflow/.local/lib/python3.12/site-packages/airflow/example_dags/example_task_group.py
[2026-05-23T00:04:35.853+0000] {processor.py:840} INFO - DAG(s) 'example_task_group' retrieved from /home/airflow/.local/lib/python3.12/site-packages/airflow/example_dags/example_task_group.py
[2026-05-23T00:04:35.871+0000] {logging_mixin.py:188} INFO - [2026-05-23T00:04:35.871+0000] {dag.py:3096} INFO - Sync 1 DAGs
[2026-05-23T00:04:35.886+0000] {logging_mixin.py:188} INFO - [2026-05-23T00:04:35.886+0000] {dag.py:3954} INFO - Setting next_dagrun for example_task_group to 2026-05-22 00:00:00+00:00, run_after=2026-05-23 00:00:00+00:00
[2026-05-23T00:04:35.897+0000] {processor.py:183} INFO - Processing /home/airflow/.local/lib/python3.12/site-packages/airflow/example_dags/example_task_group.py took 0.056 seconds
[2026-05-23T00:05:06.726+0000] {processor.py:161} INFO - Started process (PID=2871) to work on /home/airflow/.local/lib/python3.12/site-packages/airflow/example_dags/example_task_group.py
[2026-05-23T00:05:06.727+0000] {processor.py:830} INFO - Processing file /home/airflow/.local/lib/python3.12/site-packages/airflow/example_dags/example_task_group.py for tasks to queue
[2026-05-23T00:05:06.729+0000] {logging_mixin.py:188} INFO - [2026-05-23T00:05:06.728+0000] {dagbag.py:545} INFO - Filling up the DagBag from /home/airflow/.local/lib/python3.12/site-packages/airflow/example_dags/example_task_group.py
[2026-05-23T00:05:06.733+0000] {processor.py:840} INFO - DAG(s) 'example_task_group' retrieved from /home/airflow/.local/lib/python3.12/site-packages/airflow/example_dags/example_task_group.py
[2026-05-23T00:05:06.750+0000] {logging_mixin.py:188} INFO - [2026-05-23T00:05:06.749+0000] {dag.py:3096} INFO - Sync 1 DAGs
[2026-05-23T00:05:06.764+0000] {logging_mixin.py:188} INFO - [2026-05-23T00:05:06.764+0000] {dag.py:3954} INFO - Setting next_dagrun for example_task_group to 2026-05-22 00:00:00+00:00, run_after=2026-05-23 00:00:00+00:00
[2026-05-23T00:05:06.775+0000] {processor.py:183} INFO - Processing /home/airflow/.local/lib/python3.12/site-packages/airflow/example_dags/example_task_group.py took 0.054 seconds
[2026-05-23T00:05:37.399+0000] {processor.py:161} INFO - Started process (PID=2930) to work on /home/airflow/.local/lib/python3.12/site-packages/airflow/example_dags/example_task_group.py
[2026-05-23T00:05:37.400+0000] {processor.py:830} INFO - Processing file /home/airflow/.local/lib/python3.12/site-packages/airflow/example_dags/example_task_group.py for tasks to queue
[2026-05-23T00:05:37.401+0000] {logging_mixin.py:188} INFO - [2026-05-23T00:05:37.401+0000] {dagbag.py:545} INFO - Filling up the DagBag from /home/airflow/.local/lib/python3.12/site-packages/airflow/example_dags/example_task_group.py
[2026-05-23T00:05:37.407+0000] {processor.py:840} INFO - DAG(s) 'example_task_group' retrieved from /home/airflow/.local/lib/python3.12/site-packages/airflow/example_dags/example_task_group.py
[2026-05-23T00:05:37.421+0000] {logging_mixin.py:188} INFO - [2026-05-23T00:05:37.421+0000] {dag.py:3096} INFO - Sync 1 DAGs
[2026-05-23T00:05:37.438+0000] {logging_mixin.py:188} INFO - [2026-05-23T00:05:37.438+0000] {dag.py:3954} INFO - Setting next_dagrun for example_task_group to 2026-05-22 00:00:00+00:00, run_after=2026-05-23 00:00:00+00:00
[2026-05-23T00:05:37.453+0000] {processor.py:183} INFO - Processing /home/airflow/.local/lib/python3.12/site-packages/airflow/example_dags/example_task_group.py took 0.058 seconds
[2026-05-23T00:06:07.980+0000] {processor.py:161} INFO - Started process (PID=2989) to work on /home/airflow/.local/lib/python3.12/site-packages/airflow/example_dags/example_task_group.py
[2026-05-23T00:06:07.984+0000] {processor.py:830} INFO - Processing file /home/airflow/.local/lib/python3.12/site-packages/airflow/example_dags/example_task_group.py for tasks to queue
[2026-05-23T00:06:07.985+0000] {logging_mixin.py:188} INFO - [2026-05-23T00:06:07.985+0000] {dagbag.py:545} INFO - Filling up the DagBag from /home/airflow/.local/lib/python3.12/site-packages/airflow/example_dags/example_task_group.py
[2026-05-23T00:06:07.990+0000] {processor.py:840} INFO - DAG(s) 'example_task_group' retrieved from /home/airflow/.local/lib/python3.12/site-packages/airflow/example_dags/example_task_group.py
[2026-05-23T00:06:08.004+0000] {logging_mixin.py:188} INFO - [2026-05-23T00:06:08.004+0000] {dag.py:3096} INFO - Sync 1 DAGs
[2026-05-23T00:06:08.017+0000] {logging_mixin.py:188} INFO - [2026-05-23T00:06:08.017+0000] {dag.py:3954} INFO - Setting next_dagrun for example_task_group to 2026-05-22 00:00:00+00:00, run_after=2026-05-23 00:00:00+00:00
[2026-05-23T00:06:08.029+0000] {processor.py:183} INFO - Processing /home/airflow/.local/lib/python3.12/site-packages/airflow/example_dags/example_task_group.py took 0.053 seconds
[2026-05-23T00:06:38.456+0000] {processor.py:161} INFO - Started process (PID=3048) to work on /home/airflow/.local/lib/python3.12/site-packages/airflow/example_dags/example_task_group.py
[2026-05-23T00:06:38.459+0000] {processor.py:830} INFO - Processing file /home/airflow/.local/lib/python3.12/site-packages/airflow/example_dags/example_task_group.py for tasks to queue
[2026-05-23T00:06:38.461+0000] {logging_mixin.py:188} INFO - [2026-05-23T00:06:38.461+0000] {dagbag.py:545} INFO - Filling up the DagBag from /home/airflow/.local/lib/python3.12/site-packages/airflow/example_dags/example_task_group.py
[2026-05-23T00:06:38.468+0000] {processor.py:840} INFO - DAG(s) 'example_task_group' retrieved from /home/airflow/.local/lib/python3.12/site-packages/airflow/example_dags/example_task_group.py
[2026-05-23T00:06:38.490+0000] {logging_mixin.py:188} INFO - [2026-05-23T00:06:38.490+0000] {dag.py:3096} INFO - Sync 1 DAGs
[2026-05-23T00:06:38.504+0000] {logging_mixin.py:188} INFO - [2026-05-23T00:06:38.504+0000] {dag.py:3954} INFO - Setting next_dagrun for example_task_group to 2026-05-22 00:00:00+00:00, run_after=2026-05-23 00:00:00+00:00
[2026-05-23T00:06:38.514+0000] {processor.py:183} INFO - Processing /home/airflow/.local/lib/python3.12/site-packages/airflow/example_dags/example_task_group.py took 0.062 seconds
[2026-05-23T00:07:09.304+0000] {processor.py:161} INFO - Started process (PID=3107) to work on /home/airflow/.local/lib/python3.12/site-packages/airflow/example_dags/example_task_group.py
[2026-05-23T00:07:09.305+0000] {processor.py:830} INFO - Processing file /home/airflow/.local/lib/python3.12/site-packages/airflow/example_dags/example_task_group.py for tasks to queue
[2026-05-23T00:07:09.306+0000] {logging_mixin.py:188} INFO - [2026-05-23T00:07:09.306+0000] {dagbag.py:545} INFO - Filling up the DagBag from /home/airflow/.local/lib/python3.12/site-packages/airflow/example_dags/example_task_group.py
[2026-05-23T00:07:09.312+0000] {processor.py:840} INFO - DAG(s) 'example_task_group' retrieved from /home/airflow/.local/lib/python3.12/site-packages/airflow/example_dags/example_task_group.py
[2026-05-23T00:07:09.326+0000] {logging_mixin.py:188} INFO - [2026-05-23T00:07:09.326+0000] {dag.py:3096} INFO - Sync 1 DAGs
[2026-05-23T00:07:09.340+0000] {logging_mixin.py:188} INFO - [2026-05-23T00:07:09.340+0000] {dag.py:3954} INFO - Setting next_dagrun for example_task_group to 2026-05-22 00:00:00+00:00, run_after=2026-05-23 00:00:00+00:00
[2026-05-23T00:07:09.350+0000] {processor.py:183} INFO - Processing /home/airflow/.local/lib/python3.12/site-packages/airflow/example_dags/example_task_group.py took 0.050 seconds
[2026-05-23T00:07:39.567+0000] {processor.py:161} INFO - Started process (PID=3166) to work on /home/airflow/.local/lib/python3.12/site-packages/airflow/example_dags/example_task_group.py
[2026-05-23T00:07:39.572+0000] {processor.py:830} INFO - Processing file /home/airflow/.local/lib/python3.12/site-packages/airflow/example_dags/example_task_group.py for tasks to queue
[2026-05-23T00:07:39.573+0000] {logging_mixin.py:188} INFO - [2026-05-23T00:07:39.573+0000] {dagbag.py:545} INFO - Filling up the DagBag from /home/airflow/.local/lib/python3.12/site-packages/airflow/example_dags/example_task_group.py
[2026-05-23T00:07:39.579+0000] {processor.py:840} INFO - DAG(s) 'example_task_group' retrieved from /home/airflow/.local/lib/python3.12/site-packages/airflow/example_dags/example_task_group.py
[2026-05-23T00:07:39.597+0000] {logging_mixin.py:188} INFO - [2026-05-23T00:07:39.597+0000] {dag.py:3096} INFO - Sync 1 DAGs
[2026-05-23T00:07:39.611+0000] {logging_mixin.py:188} INFO - [2026-05-23T00:07:39.611+0000] {dag.py:3954} INFO - Setting next_dagrun for example_task_group to 2026-05-22 00:00:00+00:00, run_after=2026-05-23 00:00:00+00:00
[2026-05-23T00:07:39.623+0000] {processor.py:183} INFO - Processing /home/airflow/.local/lib/python3.12/site-packages/airflow/example_dags/example_task_group.py took 0.060 seconds
[2026-05-23T00:08:10.591+0000] {processor.py:161} INFO - Started process (PID=3231) to work on /home/airflow/.local/lib/python3.12/site-packages/airflow/example_dags/example_task_group.py
[2026-05-23T00:08:10.594+0000] {processor.py:830} INFO - Processing file /home/airflow/.local/lib/python3.12/site-packages/airflow/example_dags/example_task_group.py for tasks to queue
[2026-05-23T00:08:10.596+0000] {logging_mixin.py:188} INFO - [2026-05-23T00:08:10.596+0000] {dagbag.py:545} INFO - Filling up the DagBag from /home/airflow/.local/lib/python3.12/site-packages/airflow/example_dags/example_task_group.py
[2026-05-23T00:08:10.601+0000] {processor.py:840} INFO - DAG(s) 'example_task_group' retrieved from /home/airflow/.local/lib/python3.12/site-packages/airflow/example_dags/example_task_group.py
[2026-05-23T00:08:10.614+0000] {logging_mixin.py:188} INFO - [2026-05-23T00:08:10.614+0000] {dag.py:3096} INFO - Sync 1 DAGs
[2026-05-23T00:08:10.627+0000] {logging_mixin.py:188} INFO - [2026-05-23T00:08:10.627+0000] {dag.py:3954} INFO - Setting next_dagrun for example_task_group to 2026-05-22 00:00:00+00:00, run_after=2026-05-23 00:00:00+00:00
[2026-05-23T00:08:10.637+0000] {processor.py:183} INFO - Processing /home/airflow/.local/lib/python3.12/site-packages/airflow/example_dags/example_task_group.py took 0.051 seconds
[2026-05-23T00:08:42.199+0000] {processor.py:161} INFO - Started process (PID=3290) to work on /home/airflow/.local/lib/python3.12/site-packages/airflow/example_dags/example_task_group.py
[2026-05-23T00:08:42.201+0000] {processor.py:830} INFO - Processing file /home/airflow/.local/lib/python3.12/site-packages/airflow/example_dags/example_task_group.py for tasks to queue
[2026-05-23T00:08:42.202+0000] {logging_mixin.py:188} INFO - [2026-05-23T00:08:42.202+0000] {dagbag.py:545} INFO - Filling up the DagBag from /home/airflow/.local/lib/python3.12/site-packages/airflow/example_dags/example_task_group.py
[2026-05-23T00:08:42.210+0000] {processor.py:840} INFO - DAG(s) 'example_task_group' retrieved from /home/airflow/.local/lib/python3.12/site-packages/airflow/example_dags/example_task_group.py
[2026-05-23T00:08:42.231+0000] {logging_mixin.py:188} INFO - [2026-05-23T00:08:42.231+0000] {dag.py:3096} INFO - Sync 1 DAGs
[2026-05-23T00:08:42.255+0000] {logging_mixin.py:188} INFO - [2026-05-23T00:08:42.255+0000] {dag.py:3954} INFO - Setting next_dagrun for example_task_group to 2026-05-22 00:00:00+00:00, run_after=2026-05-23 00:00:00+00:00
[2026-05-23T00:08:42.274+0000] {processor.py:183} INFO - Processing /home/airflow/.local/lib/python3.12/site-packages/airflow/example_dags/example_task_group.py took 0.079 seconds
[2026-05-23T00:09:12.526+0000] {processor.py:161} INFO - Started process (PID=3349) to work on /home/airflow/.local/lib/python3.12/site-packages/airflow/example_dags/example_task_group.py
[2026-05-23T00:09:12.526+0000] {processor.py:830} INFO - Processing file /home/airflow/.local/lib/python3.12/site-packages/airflow/example_dags/example_task_group.py for tasks to queue
[2026-05-23T00:09:12.527+0000] {logging_mixin.py:188} INFO - [2026-05-23T00:09:12.527+0000] {dagbag.py:545} INFO - Filling up the DagBag from /home/airflow/.local/lib/python3.12/site-packages/airflow/example_dags/example_task_group.py
[2026-05-23T00:09:12.532+0000] {processor.py:840} INFO - DAG(s) 'example_task_group' retrieved from /home/airflow/.local/lib/python3.12/site-packages/airflow/example_dags/example_task_group.py
[2026-05-23T00:09:12.550+0000] {logging_mixin.py:188} INFO - [2026-05-23T00:09:12.550+0000] {dag.py:3096} INFO - Sync 1 DAGs
[2026-05-23T00:09:12.563+0000] {logging_mixin.py:188} INFO - [2026-05-23T00:09:12.563+0000] {dag.py:3954} INFO - Setting next_dagrun for example_task_group to 2026-05-22 00:00:00+00:00, run_after=2026-05-23 00:00:00+00:00
[2026-05-23T00:09:12.574+0000] {processor.py:183} INFO - Processing /home/airflow/.local/lib/python3.12/site-packages/airflow/example_dags/example_task_group.py took 0.052 seconds
[2026-05-23T00:09:44.107+0000] {processor.py:161} INFO - Started process (PID=3409) to work on /home/airflow/.local/lib/python3.12/site-packages/airflow/example_dags/example_task_group.py
[2026-05-23T00:09:44.108+0000] {processor.py:830} INFO - Processing file /home/airflow/.local/lib/python3.12/site-packages/airflow/example_dags/example_task_group.py for tasks to queue
[2026-05-23T00:09:44.109+0000] {logging_mixin.py:188} INFO - [2026-05-23T00:09:44.109+0000] {dagbag.py:545} INFO - Filling up the DagBag from /home/airflow/.local/lib/python3.12/site-packages/airflow/example_dags/example_task_group.py
[2026-05-23T00:09:44.114+0000] {processor.py:840} INFO - DAG(s) 'example_task_group' retrieved from /home/airflow/.local/lib/python3.12/site-packages/airflow/example_dags/example_task_group.py
[2026-05-23T00:09:44.130+0000] {logging_mixin.py:188} INFO - [2026-05-23T00:09:44.130+0000] {dag.py:3096} INFO - Sync 1 DAGs
[2026-05-23T00:09:44.146+0000] {logging_mixin.py:188} INFO - [2026-05-23T00:09:44.146+0000] {dag.py:3954} INFO - Setting next_dagrun for example_task_group to 2026-05-22 00:00:00+00:00, run_after=2026-05-23 00:00:00+00:00
[2026-05-23T00:09:44.159+0000] {processor.py:183} INFO - Processing /home/airflow/.local/lib/python3.12/site-packages/airflow/example_dags/example_task_group.py took 0.057 seconds
[2026-05-23T00:12:36.861+0000] {processor.py:161} INFO - Started process (PID=95) to work on /home/airflow/.local/lib/python3.12/site-packages/airflow/example_dags/example_task_group.py
[2026-05-23T00:12:36.862+0000] {processor.py:830} INFO - Processing file /home/airflow/.local/lib/python3.12/site-packages/airflow/example_dags/example_task_group.py for tasks to queue
[2026-05-23T00:12:36.865+0000] {logging_mixin.py:188} INFO - [2026-05-23T00:12:36.865+0000] {dagbag.py:545} INFO - Filling up the DagBag from /home/airflow/.local/lib/python3.12/site-packages/airflow/example_dags/example_task_group.py
[2026-05-23T00:12:36.872+0000] {processor.py:840} INFO - DAG(s) 'example_task_group' retrieved from /home/airflow/.local/lib/python3.12/site-packages/airflow/example_dags/example_task_group.py
[2026-05-23T00:12:36.952+0000] {logging_mixin.py:188} INFO - [2026-05-23T00:12:36.952+0000] {dag.py:3096} INFO - Sync 1 DAGs
[2026-05-23T00:12:36.971+0000] {logging_mixin.py:188} INFO - [2026-05-23T00:12:36.971+0000] {dag.py:3954} INFO - Setting next_dagrun for example_task_group to 2026-05-22 00:00:00+00:00, run_after=2026-05-23 00:00:00+00:00
[2026-05-23T00:12:36.986+0000] {processor.py:183} INFO - Processing /home/airflow/.local/lib/python3.12/site-packages/airflow/example_dags/example_task_group.py took 0.129 seconds
[2026-05-23T00:13:07.517+0000] {processor.py:161} INFO - Started process (PID=154) to work on /home/airflow/.local/lib/python3.12/site-packages/airflow/example_dags/example_task_group.py
[2026-05-23T00:13:07.518+0000] {processor.py:830} INFO - Processing file /home/airflow/.local/lib/python3.12/site-packages/airflow/example_dags/example_task_group.py for tasks to queue
[2026-05-23T00:13:07.519+0000] {logging_mixin.py:188} INFO - [2026-05-23T00:13:07.519+0000] {dagbag.py:545} INFO - Filling up the DagBag from /home/airflow/.local/lib/python3.12/site-packages/airflow/example_dags/example_task_group.py
[2026-05-23T00:13:07.524+0000] {processor.py:840} INFO - DAG(s) 'example_task_group' retrieved from /home/airflow/.local/lib/python3.12/site-packages/airflow/example_dags/example_task_group.py
[2026-05-23T00:13:07.538+0000] {logging_mixin.py:188} INFO - [2026-05-23T00:13:07.537+0000] {dag.py:3096} INFO - Sync 1 DAGs
[2026-05-23T00:13:07.551+0000] {logging_mixin.py:188} INFO - [2026-05-23T00:13:07.551+0000] {dag.py:3954} INFO - Setting next_dagrun for example_task_group to 2026-05-22 00:00:00+00:00, run_after=2026-05-23 00:00:00+00:00
[2026-05-23T00:13:07.561+0000] {processor.py:183} INFO - Processing /home/airflow/.local/lib/python3.12/site-packages/airflow/example_dags/example_task_group.py took 0.047 seconds
[2026-05-23T00:13:37.971+0000] {processor.py:161} INFO - Started process (PID=213) to work on /home/airflow/.local/lib/python3.12/site-packages/airflow/example_dags/example_task_group.py
[2026-05-23T00:13:37.972+0000] {processor.py:830} INFO - Processing file /home/airflow/.local/lib/python3.12/site-packages/airflow/example_dags/example_task_group.py for tasks to queue
[2026-05-23T00:13:37.973+0000] {logging_mixin.py:188} INFO - [2026-05-23T00:13:37.973+0000] {dagbag.py:545} INFO - Filling up the DagBag from /home/airflow/.local/lib/python3.12/site-packages/airflow/example_dags/example_task_group.py
[2026-05-23T00:13:37.979+0000] {processor.py:840} INFO - DAG(s) 'example_task_group' retrieved from /home/airflow/.local/lib/python3.12/site-packages/airflow/example_dags/example_task_group.py
[2026-05-23T00:13:37.994+0000] {logging_mixin.py:188} INFO - [2026-05-23T00:13:37.994+0000] {dag.py:3096} INFO - Sync 1 DAGs
[2026-05-23T00:13:38.007+0000] {logging_mixin.py:188} INFO - [2026-05-23T00:13:38.007+0000] {dag.py:3954} INFO - Setting next_dagrun for example_task_group to 2026-05-22 00:00:00+00:00, run_after=2026-05-23 00:00:00+00:00
[2026-05-23T00:13:38.018+0000] {processor.py:183} INFO - Processing /home/airflow/.local/lib/python3.12/site-packages/airflow/example_dags/example_task_group.py took 0.051 seconds
[2026-05-23T00:14:08.551+0000] {processor.py:161} INFO - Started process (PID=272) to work on /home/airflow/.local/lib/python3.12/site-packages/airflow/example_dags/example_task_group.py
[2026-05-23T00:14:08.552+0000] {processor.py:830} INFO - Processing file /home/airflow/.local/lib/python3.12/site-packages/airflow/example_dags/example_task_group.py for tasks to queue
[2026-05-23T00:14:08.554+0000] {logging_mixin.py:188} INFO - [2026-05-23T00:14:08.554+0000] {dagbag.py:545} INFO - Filling up the DagBag from /home/airflow/.local/lib/python3.12/site-packages/airflow/example_dags/example_task_group.py
[2026-05-23T00:14:08.560+0000] {processor.py:840} INFO - DAG(s) 'example_task_group' retrieved from /home/airflow/.local/lib/python3.12/site-packages/airflow/example_dags/example_task_group.py
[2026-05-23T00:14:08.586+0000] {logging_mixin.py:188} INFO - [2026-05-23T00:14:08.585+0000] {dag.py:3096} INFO - Sync 1 DAGs
[2026-05-23T00:14:08.605+0000] {logging_mixin.py:188} INFO - [2026-05-23T00:14:08.605+0000] {dag.py:3954} INFO - Setting next_dagrun for example_task_group to 2026-05-22 00:00:00+00:00, run_after=2026-05-23 00:00:00+00:00
[2026-05-23T00:14:08.618+0000] {processor.py:183} INFO - Processing /home/airflow/.local/lib/python3.12/site-packages/airflow/example_dags/example_task_group.py took 0.072 seconds
[2026-05-23T00:14:39.369+0000] {processor.py:161} INFO - Started process (PID=331) to work on /home/airflow/.local/lib/python3.12/site-packages/airflow/example_dags/example_task_group.py
[2026-05-23T00:14:39.370+0000] {processor.py:830} INFO - Processing file /home/airflow/.local/lib/python3.12/site-packages/airflow/example_dags/example_task_group.py for tasks to queue
[2026-05-23T00:14:39.372+0000] {logging_mixin.py:188} INFO - [2026-05-23T00:14:39.371+0000] {dagbag.py:545} INFO - Filling up the DagBag from /home/airflow/.local/lib/python3.12/site-packages/airflow/example_dags/example_task_group.py
[2026-05-23T00:14:39.378+0000] {processor.py:840} INFO - DAG(s) 'example_task_group' retrieved from /home/airflow/.local/lib/python3.12/site-packages/airflow/example_dags/example_task_group.py
[2026-05-23T00:14:39.392+0000] {logging_mixin.py:188} INFO - [2026-05-23T00:14:39.392+0000] {dag.py:3096} INFO - Sync 1 DAGs
[2026-05-23T00:14:39.406+0000] {logging_mixin.py:188} INFO - [2026-05-23T00:14:39.406+0000] {dag.py:3954} INFO - Setting next_dagrun for example_task_group to 2026-05-22 00:00:00+00:00, run_after=2026-05-23 00:00:00+00:00
[2026-05-23T00:14:39.417+0000] {processor.py:183} INFO - Processing /home/airflow/.local/lib/python3.12/site-packages/airflow/example_dags/example_task_group.py took 0.052 seconds
[2026-05-23T00:15:09.733+0000] {processor.py:161} INFO - Started process (PID=390) to work on /home/airflow/.local/lib/python3.12/site-packages/airflow/example_dags/example_task_group.py
[2026-05-23T00:15:09.734+0000] {processor.py:830} INFO - Processing file /home/airflow/.local/lib/python3.12/site-packages/airflow/example_dags/example_task_group.py for tasks to queue
[2026-05-23T00:15:09.739+0000] {logging_mixin.py:188} INFO - [2026-05-23T00:15:09.738+0000] {dagbag.py:545} INFO - Filling up the DagBag from /home/airflow/.local/lib/python3.12/site-packages/airflow/example_dags/example_task_group.py
[2026-05-23T00:15:09.744+0000] {processor.py:840} INFO - DAG(s) 'example_task_group' retrieved from /home/airflow/.local/lib/python3.12/site-packages/airflow/example_dags/example_task_group.py
[2026-05-23T00:15:09.783+0000] {logging_mixin.py:188} INFO - [2026-05-23T00:15:09.783+0000] {dag.py:3096} INFO - Sync 1 DAGs
[2026-05-23T00:15:09.801+0000] {logging_mixin.py:188} INFO - [2026-05-23T00:15:09.801+0000] {dag.py:3954} INFO - Setting next_dagrun for example_task_group to 2026-05-22 00:00:00+00:00, run_after=2026-05-23 00:00:00+00:00
[2026-05-23T00:15:09.815+0000] {processor.py:183} INFO - Processing /home/airflow/.local/lib/python3.12/site-packages/airflow/example_dags/example_task_group.py took 0.086 seconds
[2026-05-23T00:15:40.283+0000] {processor.py:161} INFO - Started process (PID=449) to work on /home/airflow/.local/lib/python3.12/site-packages/airflow/example_dags/example_task_group.py
[2026-05-23T00:15:40.284+0000] {processor.py:830} INFO - Processing file /home/airflow/.local/lib/python3.12/site-packages/airflow/example_dags/example_task_group.py for tasks to queue
[2026-05-23T00:15:40.286+0000] {logging_mixin.py:188} INFO - [2026-05-23T00:15:40.286+0000] {dagbag.py:545} INFO - Filling up the DagBag from /home/airflow/.local/lib/python3.12/site-packages/airflow/example_dags/example_task_group.py
[2026-05-23T00:15:40.292+0000] {processor.py:840} INFO - DAG(s) 'example_task_group' retrieved from /home/airflow/.local/lib/python3.12/site-packages/airflow/example_dags/example_task_group.py
[2026-05-23T00:15:40.312+0000] {logging_mixin.py:188} INFO - [2026-05-23T00:15:40.311+0000] {dag.py:3096} INFO - Sync 1 DAGs
[2026-05-23T00:15:40.330+0000] {logging_mixin.py:188} INFO - [2026-05-23T00:15:40.330+0000] {dag.py:3954} INFO - Setting next_dagrun for example_task_group to 2026-05-22 00:00:00+00:00, run_after=2026-05-23 00:00:00+00:00
[2026-05-23T00:15:40.350+0000] {processor.py:183} INFO - Processing /home/airflow/.local/lib/python3.12/site-packages/airflow/example_dags/example_task_group.py took 0.072 seconds
[2026-05-23T00:16:11.029+0000] {processor.py:161} INFO - Started process (PID=508) to work on /home/airflow/.local/lib/python3.12/site-packages/airflow/example_dags/example_task_group.py
[2026-05-23T00:16:11.030+0000] {processor.py:830} INFO - Processing file /home/airflow/.local/lib/python3.12/site-packages/airflow/example_dags/example_task_group.py for tasks to queue
[2026-05-23T00:16:11.031+0000] {logging_mixin.py:188} INFO - [2026-05-23T00:16:11.031+0000] {dagbag.py:545} INFO - Filling up the DagBag from /home/airflow/.local/lib/python3.12/site-packages/airflow/example_dags/example_task_group.py
[2026-05-23T00:16:11.037+0000] {processor.py:840} INFO - DAG(s) 'example_task_group' retrieved from /home/airflow/.local/lib/python3.12/site-packages/airflow/example_dags/example_task_group.py
[2026-05-23T00:16:11.052+0000] {logging_mixin.py:188} INFO - [2026-05-23T00:16:11.051+0000] {dag.py:3096} INFO - Sync 1 DAGs
[2026-05-23T00:16:11.066+0000] {logging_mixin.py:188} INFO - [2026-05-23T00:16:11.066+0000] {dag.py:3954} INFO - Setting next_dagrun for example_task_group to 2026-05-22 00:00:00+00:00, run_after=2026-05-23 00:00:00+00:00
[2026-05-23T00:16:11.079+0000] {processor.py:183} INFO - Processing /home/airflow/.local/lib/python3.12/site-packages/airflow/example_dags/example_task_group.py took 0.054 seconds
[2026-05-23T00:16:41.825+0000] {processor.py:161} INFO - Started process (PID=567) to work on /home/airflow/.local/lib/python3.12/site-packages/airflow/example_dags/example_task_group.py
[2026-05-23T00:16:41.826+0000] {processor.py:830} INFO - Processing file /home/airflow/.local/lib/python3.12/site-packages/airflow/example_dags/example_task_group.py for tasks to queue
[2026-05-23T00:16:41.827+0000] {logging_mixin.py:188} INFO - [2026-05-23T00:16:41.827+0000] {dagbag.py:545} INFO - Filling up the DagBag from /home/airflow/.local/lib/python3.12/site-packages/airflow/example_dags/example_task_group.py
[2026-05-23T00:16:41.833+0000] {processor.py:840} INFO - DAG(s) 'example_task_group' retrieved from /home/airflow/.local/lib/python3.12/site-packages/airflow/example_dags/example_task_group.py
[2026-05-23T00:16:41.851+0000] {logging_mixin.py:188} INFO - [2026-05-23T00:16:41.850+0000] {dag.py:3096} INFO - Sync 1 DAGs
[2026-05-23T00:16:41.863+0000] {logging_mixin.py:188} INFO - [2026-05-23T00:16:41.863+0000] {dag.py:3954} INFO - Setting next_dagrun for example_task_group to 2026-05-22 00:00:00+00:00, run_after=2026-05-23 00:00:00+00:00
[2026-05-23T00:16:41.875+0000] {processor.py:183} INFO - Processing /home/airflow/.local/lib/python3.12/site-packages/airflow/example_dags/example_task_group.py took 0.055 seconds
[2026-05-23T00:17:12.896+0000] {processor.py:161} INFO - Started process (PID=626) to work on /home/airflow/.local/lib/python3.12/site-packages/airflow/example_dags/example_task_group.py
[2026-05-23T00:17:12.897+0000] {processor.py:830} INFO - Processing file /home/airflow/.local/lib/python3.12/site-packages/airflow/example_dags/example_task_group.py for tasks to queue
[2026-05-23T00:17:12.898+0000] {logging_mixin.py:188} INFO - [2026-05-23T00:17:12.898+0000] {dagbag.py:545} INFO - Filling up the DagBag from /home/airflow/.local/lib/python3.12/site-packages/airflow/example_dags/example_task_group.py
[2026-05-23T00:17:12.903+0000] {processor.py:840} INFO - DAG(s) 'example_task_group' retrieved from /home/airflow/.local/lib/python3.12/site-packages/airflow/example_dags/example_task_group.py
[2026-05-23T00:17:12.929+0000] {logging_mixin.py:188} INFO - [2026-05-23T00:17:12.928+0000] {dag.py:3096} INFO - Sync 1 DAGs
[2026-05-23T00:17:12.960+0000] {logging_mixin.py:188} INFO - [2026-05-23T00:17:12.960+0000] {dag.py:3954} INFO - Setting next_dagrun for example_task_group to 2026-05-22 00:00:00+00:00, run_after=2026-05-23 00:00:00+00:00
[2026-05-23T00:17:12.983+0000] {processor.py:183} INFO - Processing /home/airflow/.local/lib/python3.12/site-packages/airflow/example_dags/example_task_group.py took 0.092 seconds
[2026-05-23T00:17:43.443+0000] {processor.py:161} INFO - Started process (PID=685) to work on /home/airflow/.local/lib/python3.12/site-packages/airflow/example_dags/example_task_group.py
[2026-05-23T00:17:43.444+0000] {processor.py:830} INFO - Processing file /home/airflow/.local/lib/python3.12/site-packages/airflow/example_dags/example_task_group.py for tasks to queue
[2026-05-23T00:17:43.445+0000] {logging_mixin.py:188} INFO - [2026-05-23T00:17:43.445+0000] {dagbag.py:545} INFO - Filling up the DagBag from /home/airflow/.local/lib/python3.12/site-packages/airflow/example_dags/example_task_group.py
[2026-05-23T00:17:43.450+0000] {processor.py:840} INFO - DAG(s) 'example_task_group' retrieved from /home/airflow/.local/lib/python3.12/site-packages/airflow/example_dags/example_task_group.py
[2026-05-23T00:17:43.464+0000] {logging_mixin.py:188} INFO - [2026-05-23T00:17:43.464+0000] {dag.py:3096} INFO - Sync 1 DAGs
[2026-05-23T00:17:43.479+0000] {logging_mixin.py:188} INFO - [2026-05-23T00:17:43.478+0000] {dag.py:3954} INFO - Setting next_dagrun for example_task_group to 2026-05-22 00:00:00+00:00, run_after=2026-05-23 00:00:00+00:00
[2026-05-23T00:17:43.491+0000] {processor.py:183} INFO - Processing /home/airflow/.local/lib/python3.12/site-packages/airflow/example_dags/example_task_group.py took 0.052 seconds
[2026-05-23T00:18:14.027+0000] {processor.py:161} INFO - Started process (PID=744) to work on /home/airflow/.local/lib/python3.12/site-packages/airflow/example_dags/example_task_group.py
[2026-05-23T00:18:14.029+0000] {processor.py:830} INFO - Processing file /home/airflow/.local/lib/python3.12/site-packages/airflow/example_dags/example_task_group.py for tasks to queue
[2026-05-23T00:18:14.033+0000] {logging_mixin.py:188} INFO - [2026-05-23T00:18:14.032+0000] {dagbag.py:545} INFO - Filling up the DagBag from /home/airflow/.local/lib/python3.12/site-packages/airflow/example_dags/example_task_group.py
[2026-05-23T00:18:14.042+0000] {processor.py:840} INFO - DAG(s) 'example_task_group' retrieved from /home/airflow/.local/lib/python3.12/site-packages/airflow/example_dags/example_task_group.py
[2026-05-23T00:18:14.070+0000] {logging_mixin.py:188} INFO - [2026-05-23T00:18:14.070+0000] {dag.py:3096} INFO - Sync 1 DAGs
[2026-05-23T00:18:14.094+0000] {logging_mixin.py:188} INFO - [2026-05-23T00:18:14.093+0000] {dag.py:3954} INFO - Setting next_dagrun for example_task_group to 2026-05-22 00:00:00+00:00, run_after=2026-05-23 00:00:00+00:00
[2026-05-23T00:18:14.112+0000] {processor.py:183} INFO - Processing /home/airflow/.local/lib/python3.12/site-packages/airflow/example_dags/example_task_group.py took 0.091 seconds
[2026-05-23T00:18:44.970+0000] {processor.py:161} INFO - Started process (PID=803) to work on /home/airflow/.local/lib/python3.12/site-packages/airflow/example_dags/example_task_group.py
[2026-05-23T00:18:44.971+0000] {processor.py:830} INFO - Processing file /home/airflow/.local/lib/python3.12/site-packages/airflow/example_dags/example_task_group.py for tasks to queue
[2026-05-23T00:18:44.972+0000] {logging_mixin.py:188} INFO - [2026-05-23T00:18:44.972+0000] {dagbag.py:545} INFO - Filling up the DagBag from /home/airflow/.local/lib/python3.12/site-packages/airflow/example_dags/example_task_group.py
[2026-05-23T00:18:44.978+0000] {processor.py:840} INFO - DAG(s) 'example_task_group' retrieved from /home/airflow/.local/lib/python3.12/site-packages/airflow/example_dags/example_task_group.py
[2026-05-23T00:18:45.002+0000] {logging_mixin.py:188} INFO - [2026-05-23T00:18:45.001+0000] {dag.py:3096} INFO - Sync 1 DAGs
[2026-05-23T00:18:45.022+0000] {logging_mixin.py:188} INFO - [2026-05-23T00:18:45.022+0000] {dag.py:3954} INFO - Setting next_dagrun for example_task_group to 2026-05-22 00:00:00+00:00, run_after=2026-05-23 00:00:00+00:00
[2026-05-23T00:18:45.040+0000] {processor.py:183} INFO - Processing /home/airflow/.local/lib/python3.12/site-packages/airflow/example_dags/example_task_group.py took 0.074 seconds
[2026-05-23T00:19:15.687+0000] {processor.py:161} INFO - Started process (PID=862) to work on /home/airflow/.local/lib/python3.12/site-packages/airflow/example_dags/example_task_group.py
[2026-05-23T00:19:15.688+0000] {processor.py:830} INFO - Processing file /home/airflow/.local/lib/python3.12/site-packages/airflow/example_dags/example_task_group.py for tasks to queue
[2026-05-23T00:19:15.689+0000] {logging_mixin.py:188} INFO - [2026-05-23T00:19:15.689+0000] {dagbag.py:545} INFO - Filling up the DagBag from /home/airflow/.local/lib/python3.12/site-packages/airflow/example_dags/example_task_group.py
[2026-05-23T00:19:15.693+0000] {processor.py:840} INFO - DAG(s) 'example_task_group' retrieved from /home/airflow/.local/lib/python3.12/site-packages/airflow/example_dags/example_task_group.py
[2026-05-23T00:19:15.708+0000] {logging_mixin.py:188} INFO - [2026-05-23T00:19:15.707+0000] {dag.py:3096} INFO - Sync 1 DAGs
[2026-05-23T00:19:15.720+0000] {logging_mixin.py:188} INFO - [2026-05-23T00:19:15.720+0000] {dag.py:3954} INFO - Setting next_dagrun for example_task_group to 2026-05-22 00:00:00+00:00, run_after=2026-05-23 00:00:00+00:00
[2026-05-23T00:19:15.731+0000] {processor.py:183} INFO - Processing /home/airflow/.local/lib/python3.12/site-packages/airflow/example_dags/example_task_group.py took 0.049 seconds
[2026-05-23T00:19:47.070+0000] {processor.py:161} INFO - Started process (PID=921) to work on /home/airflow/.local/lib/python3.12/site-packages/airflow/example_dags/example_task_group.py
[2026-05-23T00:19:47.072+0000] {processor.py:830} INFO - Processing file /home/airflow/.local/lib/python3.12/site-packages/airflow/example_dags/example_task_group.py for tasks to queue
[2026-05-23T00:19:47.073+0000] {logging_mixin.py:188} INFO - [2026-05-23T00:19:47.073+0000] {dagbag.py:545} INFO - Filling up the DagBag from /home/airflow/.local/lib/python3.12/site-packages/airflow/example_dags/example_task_group.py
[2026-05-23T00:19:47.088+0000] {processor.py:840} INFO - DAG(s) 'example_task_group' retrieved from /home/airflow/.local/lib/python3.12/site-packages/airflow/example_dags/example_task_group.py
[2026-05-23T00:19:47.159+0000] {logging_mixin.py:188} INFO - [2026-05-23T00:19:47.158+0000] {dag.py:3096} INFO - Sync 1 DAGs
[2026-05-23T00:19:47.193+0000] {logging_mixin.py:188} INFO - [2026-05-23T00:19:47.192+0000] {dag.py:3954} INFO - Setting next_dagrun for example_task_group to 2026-05-22 00:00:00+00:00, run_after=2026-05-23 00:00:00+00:00
[2026-05-23T00:19:47.257+0000] {processor.py:183} INFO - Processing /home/airflow/.local/lib/python3.12/site-packages/airflow/example_dags/example_task_group.py took 0.194 seconds
[2026-05-23T00:20:17.980+0000] {processor.py:161} INFO - Started process (PID=980) to work on /home/airflow/.local/lib/python3.12/site-packages/airflow/example_dags/example_task_group.py
[2026-05-23T00:20:17.982+0000] {processor.py:830} INFO - Processing file /home/airflow/.local/lib/python3.12/site-packages/airflow/example_dags/example_task_group.py for tasks to queue
[2026-05-23T00:20:17.984+0000] {logging_mixin.py:188} INFO - [2026-05-23T00:20:17.984+0000] {dagbag.py:545} INFO - Filling up the DagBag from /home/airflow/.local/lib/python3.12/site-packages/airflow/example_dags/example_task_group.py
[2026-05-23T00:20:17.991+0000] {processor.py:840} INFO - DAG(s) 'example_task_group' retrieved from /home/airflow/.local/lib/python3.12/site-packages/airflow/example_dags/example_task_group.py
[2026-05-23T00:20:18.006+0000] {logging_mixin.py:188} INFO - [2026-05-23T00:20:18.006+0000] {dag.py:3096} INFO - Sync 1 DAGs
[2026-05-23T00:20:18.021+0000] {logging_mixin.py:188} INFO - [2026-05-23T00:20:18.021+0000] {dag.py:3954} INFO - Setting next_dagrun for example_task_group to 2026-05-22 00:00:00+00:00, run_after=2026-05-23 00:00:00+00:00
[2026-05-23T00:20:18.034+0000] {processor.py:183} INFO - Processing /home/airflow/.local/lib/python3.12/site-packages/airflow/example_dags/example_task_group.py took 0.058 seconds
