[2026-05-23T00:00:28.307+0000] {processor.py:161} INFO - Started process (PID=2328) to work on /home/airflow/.local/lib/python3.12/site-packages/airflow/example_dags/example_datasets.py
[2026-05-23T00:00:28.308+0000] {processor.py:830} INFO - Processing file /home/airflow/.local/lib/python3.12/site-packages/airflow/example_dags/example_datasets.py for tasks to queue
[2026-05-23T00:00:28.310+0000] {logging_mixin.py:188} INFO - [2026-05-23T00:00:28.309+0000] {dagbag.py:545} INFO - Filling up the DagBag from /home/airflow/.local/lib/python3.12/site-packages/airflow/example_dags/example_datasets.py
[2026-05-23T00:00:28.322+0000] {processor.py:840} INFO - DAG(s) 'dataset_consumes_unknown_never_scheduled', 'dataset_consumes_1_never_scheduled', 'dataset_consumes_1_and_2', 'consume_1_or_both_2_and_3_with_dataset_expressions', 'dataset_produces_1', 'dataset_consumes_1', 'consume_1_and_2_with_dataset_expressions', 'dataset_produces_2', 'conditional_dataset_and_time_based_timetable', 'consume_1_or_2_with_dataset_expressions' retrieved from /home/airflow/.local/lib/python3.12/site-packages/airflow/example_dags/example_datasets.py
[2026-05-23T00:00:28.366+0000] {logging_mixin.py:188} INFO - [2026-05-23T00:00:28.365+0000] {dag.py:3096} INFO - Sync 10 DAGs
[2026-05-23T00:00:28.387+0000] {logging_mixin.py:188} INFO - [2026-05-23T00:00:28.387+0000] {dag.py:3954} INFO - Setting next_dagrun for conditional_dataset_and_time_based_timetable to 2026-05-20 01:00:00+00:00, run_after=2026-05-20 01:00:00+00:00
[2026-05-23T00:00:28.390+0000] {logging_mixin.py:188} INFO - [2026-05-23T00:00:28.390+0000] {dag.py:3954} INFO - Setting next_dagrun for consume_1_and_2_with_dataset_expressions to None, run_after=None
[2026-05-23T00:00:28.391+0000] {logging_mixin.py:188} INFO - [2026-05-23T00:00:28.391+0000] {dag.py:3954} INFO - Setting next_dagrun for consume_1_or_2_with_dataset_expressions to None, run_after=None
[2026-05-23T00:00:28.392+0000] {logging_mixin.py:188} INFO - [2026-05-23T00:00:28.391+0000] {dag.py:3954} INFO - Setting next_dagrun for consume_1_or_both_2_and_3_with_dataset_expressions to None, run_after=None
[2026-05-23T00:00:28.392+0000] {logging_mixin.py:188} INFO - [2026-05-23T00:00:28.392+0000] {dag.py:3954} INFO - Setting next_dagrun for dataset_consumes_1 to None, run_after=None
[2026-05-23T00:00:28.393+0000] {logging_mixin.py:188} INFO - [2026-05-23T00:00:28.393+0000] {dag.py:3954} INFO - Setting next_dagrun for dataset_consumes_1_and_2 to None, run_after=None
[2026-05-23T00:00:28.394+0000] {logging_mixin.py:188} INFO - [2026-05-23T00:00:28.393+0000] {dag.py:3954} INFO - Setting next_dagrun for dataset_consumes_1_never_scheduled to None, run_after=None
[2026-05-23T00:00:28.394+0000] {logging_mixin.py:188} INFO - [2026-05-23T00:00:28.394+0000] {dag.py:3954} INFO - Setting next_dagrun for dataset_consumes_unknown_never_scheduled to None, run_after=None
[2026-05-23T00:00:28.395+0000] {logging_mixin.py:188} INFO - [2026-05-23T00:00:28.395+0000] {dag.py:3954} INFO - Setting next_dagrun for dataset_produces_1 to 2026-05-22 00:00:00+00:00, run_after=2026-05-23 00:00:00+00:00
[2026-05-23T00:00:28.396+0000] {logging_mixin.py:188} INFO - [2026-05-23T00:00:28.396+0000] {dag.py:3954} INFO - Setting next_dagrun for dataset_produces_2 to None, run_after=None
[2026-05-23T00:00:28.422+0000] {processor.py:183} INFO - Processing /home/airflow/.local/lib/python3.12/site-packages/airflow/example_dags/example_datasets.py took 0.120 seconds
[2026-05-23T00:00:58.602+0000] {processor.py:161} INFO - Started process (PID=2387) to work on /home/airflow/.local/lib/python3.12/site-packages/airflow/example_dags/example_datasets.py
[2026-05-23T00:00:58.604+0000] {processor.py:830} INFO - Processing file /home/airflow/.local/lib/python3.12/site-packages/airflow/example_dags/example_datasets.py for tasks to queue
[2026-05-23T00:00:58.606+0000] {logging_mixin.py:188} INFO - [2026-05-23T00:00:58.606+0000] {dagbag.py:545} INFO - Filling up the DagBag from /home/airflow/.local/lib/python3.12/site-packages/airflow/example_dags/example_datasets.py
[2026-05-23T00:00:58.622+0000] {processor.py:840} INFO - DAG(s) 'dataset_produces_2', 'dataset_produces_1', 'dataset_consumes_1_never_scheduled', 'consume_1_or_2_with_dataset_expressions', 'dataset_consumes_unknown_never_scheduled', 'consume_1_and_2_with_dataset_expressions', 'conditional_dataset_and_time_based_timetable', 'dataset_consumes_1', 'dataset_consumes_1_and_2', 'consume_1_or_both_2_and_3_with_dataset_expressions' retrieved from /home/airflow/.local/lib/python3.12/site-packages/airflow/example_dags/example_datasets.py
[2026-05-23T00:00:58.664+0000] {logging_mixin.py:188} INFO - [2026-05-23T00:00:58.663+0000] {dag.py:3096} INFO - Sync 10 DAGs
[2026-05-23T00:00:58.681+0000] {logging_mixin.py:188} INFO - [2026-05-23T00:00:58.681+0000] {dag.py:3954} INFO - Setting next_dagrun for conditional_dataset_and_time_based_timetable to 2026-05-20 01:00:00+00:00, run_after=2026-05-20 01:00:00+00:00
[2026-05-23T00:00:58.683+0000] {logging_mixin.py:188} INFO - [2026-05-23T00:00:58.683+0000] {dag.py:3954} INFO - Setting next_dagrun for consume_1_and_2_with_dataset_expressions to None, run_after=None
[2026-05-23T00:00:58.684+0000] {logging_mixin.py:188} INFO - [2026-05-23T00:00:58.684+0000] {dag.py:3954} INFO - Setting next_dagrun for consume_1_or_2_with_dataset_expressions to None, run_after=None
[2026-05-23T00:00:58.685+0000] {logging_mixin.py:188} INFO - [2026-05-23T00:00:58.685+0000] {dag.py:3954} INFO - Setting next_dagrun for consume_1_or_both_2_and_3_with_dataset_expressions to None, run_after=None
[2026-05-23T00:00:58.685+0000] {logging_mixin.py:188} INFO - [2026-05-23T00:00:58.685+0000] {dag.py:3954} INFO - Setting next_dagrun for dataset_consumes_1 to None, run_after=None
[2026-05-23T00:00:58.686+0000] {logging_mixin.py:188} INFO - [2026-05-23T00:00:58.686+0000] {dag.py:3954} INFO - Setting next_dagrun for dataset_consumes_1_and_2 to None, run_after=None
[2026-05-23T00:00:58.687+0000] {logging_mixin.py:188} INFO - [2026-05-23T00:00:58.687+0000] {dag.py:3954} INFO - Setting next_dagrun for dataset_consumes_1_never_scheduled to None, run_after=None
[2026-05-23T00:00:58.688+0000] {logging_mixin.py:188} INFO - [2026-05-23T00:00:58.688+0000] {dag.py:3954} INFO - Setting next_dagrun for dataset_consumes_unknown_never_scheduled to None, run_after=None
[2026-05-23T00:00:58.691+0000] {logging_mixin.py:188} INFO - [2026-05-23T00:00:58.691+0000] {dag.py:3954} INFO - Setting next_dagrun for dataset_produces_1 to 2026-05-22 00:00:00+00:00, run_after=2026-05-23 00:00:00+00:00
[2026-05-23T00:00:58.693+0000] {logging_mixin.py:188} INFO - [2026-05-23T00:00:58.693+0000] {dag.py:3954} INFO - Setting next_dagrun for dataset_produces_2 to None, run_after=None
[2026-05-23T00:00:58.727+0000] {processor.py:183} INFO - Processing /home/airflow/.local/lib/python3.12/site-packages/airflow/example_dags/example_datasets.py took 0.131 seconds
[2026-05-23T00:01:28.755+0000] {processor.py:161} INFO - Started process (PID=2447) to work on /home/airflow/.local/lib/python3.12/site-packages/airflow/example_dags/example_datasets.py
[2026-05-23T00:01:28.757+0000] {processor.py:830} INFO - Processing file /home/airflow/.local/lib/python3.12/site-packages/airflow/example_dags/example_datasets.py for tasks to queue
[2026-05-23T00:01:28.759+0000] {logging_mixin.py:188} INFO - [2026-05-23T00:01:28.759+0000] {dagbag.py:545} INFO - Filling up the DagBag from /home/airflow/.local/lib/python3.12/site-packages/airflow/example_dags/example_datasets.py
[2026-05-23T00:01:28.795+0000] {processor.py:840} INFO - DAG(s) 'dataset_consumes_1', 'dataset_produces_1', 'conditional_dataset_and_time_based_timetable', 'dataset_consumes_unknown_never_scheduled', 'consume_1_or_both_2_and_3_with_dataset_expressions', 'consume_1_or_2_with_dataset_expressions', 'dataset_consumes_1_and_2', 'dataset_produces_2', 'consume_1_and_2_with_dataset_expressions', 'dataset_consumes_1_never_scheduled' retrieved from /home/airflow/.local/lib/python3.12/site-packages/airflow/example_dags/example_datasets.py
[2026-05-23T00:01:28.866+0000] {logging_mixin.py:188} INFO - [2026-05-23T00:01:28.866+0000] {dag.py:3096} INFO - Sync 10 DAGs
[2026-05-23T00:01:28.900+0000] {logging_mixin.py:188} INFO - [2026-05-23T00:01:28.900+0000] {dag.py:3954} INFO - Setting next_dagrun for conditional_dataset_and_time_based_timetable to 2026-05-20 01:00:00+00:00, run_after=2026-05-20 01:00:00+00:00
[2026-05-23T00:01:28.907+0000] {logging_mixin.py:188} INFO - [2026-05-23T00:01:28.907+0000] {dag.py:3954} INFO - Setting next_dagrun for consume_1_and_2_with_dataset_expressions to None, run_after=None
[2026-05-23T00:01:28.910+0000] {logging_mixin.py:188} INFO - [2026-05-23T00:01:28.910+0000] {dag.py:3954} INFO - Setting next_dagrun for consume_1_or_2_with_dataset_expressions to None, run_after=None
[2026-05-23T00:01:28.912+0000] {logging_mixin.py:188} INFO - [2026-05-23T00:01:28.912+0000] {dag.py:3954} INFO - Setting next_dagrun for consume_1_or_both_2_and_3_with_dataset_expressions to None, run_after=None
[2026-05-23T00:01:28.915+0000] {logging_mixin.py:188} INFO - [2026-05-23T00:01:28.915+0000] {dag.py:3954} INFO - Setting next_dagrun for dataset_consumes_1 to None, run_after=None
[2026-05-23T00:01:28.916+0000] {logging_mixin.py:188} INFO - [2026-05-23T00:01:28.916+0000] {dag.py:3954} INFO - Setting next_dagrun for dataset_consumes_1_and_2 to None, run_after=None
[2026-05-23T00:01:28.918+0000] {logging_mixin.py:188} INFO - [2026-05-23T00:01:28.918+0000] {dag.py:3954} INFO - Setting next_dagrun for dataset_consumes_1_never_scheduled to None, run_after=None
[2026-05-23T00:01:28.918+0000] {logging_mixin.py:188} INFO - [2026-05-23T00:01:28.918+0000] {dag.py:3954} INFO - Setting next_dagrun for dataset_consumes_unknown_never_scheduled to None, run_after=None
[2026-05-23T00:01:28.921+0000] {logging_mixin.py:188} INFO - [2026-05-23T00:01:28.921+0000] {dag.py:3954} INFO - Setting next_dagrun for dataset_produces_1 to 2026-05-22 00:00:00+00:00, run_after=2026-05-23 00:00:00+00:00
[2026-05-23T00:01:28.923+0000] {logging_mixin.py:188} INFO - [2026-05-23T00:01:28.923+0000] {dag.py:3954} INFO - Setting next_dagrun for dataset_produces_2 to None, run_after=None
[2026-05-23T00:01:28.970+0000] {processor.py:183} INFO - Processing /home/airflow/.local/lib/python3.12/site-packages/airflow/example_dags/example_datasets.py took 0.222 seconds
