[2026-05-23T00:00:27.054+0000] {processor.py:161} INFO - Started process (PID=2323) to work on /home/airflow/.local/lib/python3.12/site-packages/airflow/example_dags/example_external_task_marker_dag.py
[2026-05-23T00:00:27.057+0000] {processor.py:830} INFO - Processing file /home/airflow/.local/lib/python3.12/site-packages/airflow/example_dags/example_external_task_marker_dag.py for tasks to queue
[2026-05-23T00:00:27.058+0000] {logging_mixin.py:188} INFO - [2026-05-23T00:00:27.058+0000] {dagbag.py:545} INFO - Filling up the DagBag from /home/airflow/.local/lib/python3.12/site-packages/airflow/example_dags/example_external_task_marker_dag.py
[2026-05-23T00:00:27.063+0000] {processor.py:840} INFO - DAG(s) 'example_external_task_marker_child', 'example_external_task_marker_parent' retrieved from /home/airflow/.local/lib/python3.12/site-packages/airflow/example_dags/example_external_task_marker_dag.py
[2026-05-23T00:00:27.086+0000] {logging_mixin.py:188} INFO - [2026-05-23T00:00:27.086+0000] {dag.py:3096} INFO - Sync 2 DAGs
[2026-05-23T00:00:27.095+0000] {logging_mixin.py:188} INFO - [2026-05-23T00:00:27.095+0000] {dag.py:3954} INFO - Setting next_dagrun for example_external_task_marker_child to None, run_after=None
[2026-05-23T00:00:27.099+0000] {logging_mixin.py:188} INFO - [2026-05-23T00:00:27.099+0000] {dag.py:3954} INFO - Setting next_dagrun for example_external_task_marker_parent to None, run_after=None
[2026-05-23T00:00:27.115+0000] {processor.py:183} INFO - Processing /home/airflow/.local/lib/python3.12/site-packages/airflow/example_dags/example_external_task_marker_dag.py took 0.065 seconds
[2026-05-23T00:00:57.356+0000] {processor.py:161} INFO - Started process (PID=2382) to work on /home/airflow/.local/lib/python3.12/site-packages/airflow/example_dags/example_external_task_marker_dag.py
[2026-05-23T00:00:57.362+0000] {processor.py:830} INFO - Processing file /home/airflow/.local/lib/python3.12/site-packages/airflow/example_dags/example_external_task_marker_dag.py for tasks to queue
[2026-05-23T00:00:57.365+0000] {logging_mixin.py:188} INFO - [2026-05-23T00:00:57.364+0000] {dagbag.py:545} INFO - Filling up the DagBag from /home/airflow/.local/lib/python3.12/site-packages/airflow/example_dags/example_external_task_marker_dag.py
[2026-05-23T00:00:57.371+0000] {processor.py:840} INFO - DAG(s) 'example_external_task_marker_parent', 'example_external_task_marker_child' retrieved from /home/airflow/.local/lib/python3.12/site-packages/airflow/example_dags/example_external_task_marker_dag.py
[2026-05-23T00:00:57.389+0000] {logging_mixin.py:188} INFO - [2026-05-23T00:00:57.389+0000] {dag.py:3096} INFO - Sync 2 DAGs
[2026-05-23T00:00:57.400+0000] {logging_mixin.py:188} INFO - [2026-05-23T00:00:57.400+0000] {dag.py:3954} INFO - Setting next_dagrun for example_external_task_marker_child to None, run_after=None
[2026-05-23T00:00:57.405+0000] {logging_mixin.py:188} INFO - [2026-05-23T00:00:57.404+0000] {dag.py:3954} INFO - Setting next_dagrun for example_external_task_marker_parent to None, run_after=None
[2026-05-23T00:00:57.417+0000] {processor.py:183} INFO - Processing /home/airflow/.local/lib/python3.12/site-packages/airflow/example_dags/example_external_task_marker_dag.py took 0.067 seconds
[2026-05-23T00:01:27.455+0000] {processor.py:161} INFO - Started process (PID=2441) to work on /home/airflow/.local/lib/python3.12/site-packages/airflow/example_dags/example_external_task_marker_dag.py
[2026-05-23T00:01:27.459+0000] {processor.py:830} INFO - Processing file /home/airflow/.local/lib/python3.12/site-packages/airflow/example_dags/example_external_task_marker_dag.py for tasks to queue
[2026-05-23T00:01:27.461+0000] {logging_mixin.py:188} INFO - [2026-05-23T00:01:27.461+0000] {dagbag.py:545} INFO - Filling up the DagBag from /home/airflow/.local/lib/python3.12/site-packages/airflow/example_dags/example_external_task_marker_dag.py
[2026-05-23T00:01:27.465+0000] {processor.py:840} INFO - DAG(s) 'example_external_task_marker_parent', 'example_external_task_marker_child' retrieved from /home/airflow/.local/lib/python3.12/site-packages/airflow/example_dags/example_external_task_marker_dag.py
[2026-05-23T00:01:27.485+0000] {logging_mixin.py:188} INFO - [2026-05-23T00:01:27.485+0000] {dag.py:3096} INFO - Sync 2 DAGs
[2026-05-23T00:01:27.493+0000] {logging_mixin.py:188} INFO - [2026-05-23T00:01:27.493+0000] {dag.py:3954} INFO - Setting next_dagrun for example_external_task_marker_child to None, run_after=None
[2026-05-23T00:01:27.495+0000] {logging_mixin.py:188} INFO - [2026-05-23T00:01:27.495+0000] {dag.py:3954} INFO - Setting next_dagrun for example_external_task_marker_parent to None, run_after=None
[2026-05-23T00:01:27.509+0000] {processor.py:183} INFO - Processing /home/airflow/.local/lib/python3.12/site-packages/airflow/example_dags/example_external_task_marker_dag.py took 0.058 seconds
[2026-05-23T00:01:57.576+0000] {processor.py:161} INFO - Started process (PID=2500) to work on /home/airflow/.local/lib/python3.12/site-packages/airflow/example_dags/example_external_task_marker_dag.py
[2026-05-23T00:01:57.577+0000] {processor.py:830} INFO - Processing file /home/airflow/.local/lib/python3.12/site-packages/airflow/example_dags/example_external_task_marker_dag.py for tasks to queue
[2026-05-23T00:01:57.578+0000] {logging_mixin.py:188} INFO - [2026-05-23T00:01:57.578+0000] {dagbag.py:545} INFO - Filling up the DagBag from /home/airflow/.local/lib/python3.12/site-packages/airflow/example_dags/example_external_task_marker_dag.py
[2026-05-23T00:01:57.582+0000] {processor.py:840} INFO - DAG(s) 'example_external_task_marker_child', 'example_external_task_marker_parent' retrieved from /home/airflow/.local/lib/python3.12/site-packages/airflow/example_dags/example_external_task_marker_dag.py
[2026-05-23T00:01:57.600+0000] {logging_mixin.py:188} INFO - [2026-05-23T00:01:57.600+0000] {dag.py:3096} INFO - Sync 2 DAGs
[2026-05-23T00:01:57.611+0000] {logging_mixin.py:188} INFO - [2026-05-23T00:01:57.611+0000] {dag.py:3954} INFO - Setting next_dagrun for example_external_task_marker_child to None, run_after=None
[2026-05-23T00:01:57.615+0000] {logging_mixin.py:188} INFO - [2026-05-23T00:01:57.615+0000] {dag.py:3954} INFO - Setting next_dagrun for example_external_task_marker_parent to None, run_after=None
[2026-05-23T00:01:57.629+0000] {processor.py:183} INFO - Processing /home/airflow/.local/lib/python3.12/site-packages/airflow/example_dags/example_external_task_marker_dag.py took 0.057 seconds
[2026-05-23T00:02:27.897+0000] {processor.py:161} INFO - Started process (PID=2559) to work on /home/airflow/.local/lib/python3.12/site-packages/airflow/example_dags/example_external_task_marker_dag.py
[2026-05-23T00:02:27.899+0000] {processor.py:830} INFO - Processing file /home/airflow/.local/lib/python3.12/site-packages/airflow/example_dags/example_external_task_marker_dag.py for tasks to queue
[2026-05-23T00:02:27.901+0000] {logging_mixin.py:188} INFO - [2026-05-23T00:02:27.901+0000] {dagbag.py:545} INFO - Filling up the DagBag from /home/airflow/.local/lib/python3.12/site-packages/airflow/example_dags/example_external_task_marker_dag.py
[2026-05-23T00:02:27.908+0000] {processor.py:840} INFO - DAG(s) 'example_external_task_marker_child', 'example_external_task_marker_parent' retrieved from /home/airflow/.local/lib/python3.12/site-packages/airflow/example_dags/example_external_task_marker_dag.py
[2026-05-23T00:02:27.937+0000] {logging_mixin.py:188} INFO - [2026-05-23T00:02:27.937+0000] {dag.py:3096} INFO - Sync 2 DAGs
[2026-05-23T00:02:27.955+0000] {logging_mixin.py:188} INFO - [2026-05-23T00:02:27.955+0000] {dag.py:3954} INFO - Setting next_dagrun for example_external_task_marker_child to None, run_after=None
[2026-05-23T00:02:27.960+0000] {logging_mixin.py:188} INFO - [2026-05-23T00:02:27.959+0000] {dag.py:3954} INFO - Setting next_dagrun for example_external_task_marker_parent to None, run_after=None
[2026-05-23T00:02:27.979+0000] {processor.py:183} INFO - Processing /home/airflow/.local/lib/python3.12/site-packages/airflow/example_dags/example_external_task_marker_dag.py took 0.086 seconds
[2026-05-23T00:02:58.012+0000] {processor.py:161} INFO - Started process (PID=2618) to work on /home/airflow/.local/lib/python3.12/site-packages/airflow/example_dags/example_external_task_marker_dag.py
[2026-05-23T00:02:58.018+0000] {processor.py:830} INFO - Processing file /home/airflow/.local/lib/python3.12/site-packages/airflow/example_dags/example_external_task_marker_dag.py for tasks to queue
[2026-05-23T00:02:58.020+0000] {logging_mixin.py:188} INFO - [2026-05-23T00:02:58.019+0000] {dagbag.py:545} INFO - Filling up the DagBag from /home/airflow/.local/lib/python3.12/site-packages/airflow/example_dags/example_external_task_marker_dag.py
[2026-05-23T00:02:58.026+0000] {processor.py:840} INFO - DAG(s) 'example_external_task_marker_child', 'example_external_task_marker_parent' retrieved from /home/airflow/.local/lib/python3.12/site-packages/airflow/example_dags/example_external_task_marker_dag.py
[2026-05-23T00:02:58.051+0000] {logging_mixin.py:188} INFO - [2026-05-23T00:02:58.051+0000] {dag.py:3096} INFO - Sync 2 DAGs
[2026-05-23T00:02:58.063+0000] {logging_mixin.py:188} INFO - [2026-05-23T00:02:58.063+0000] {dag.py:3954} INFO - Setting next_dagrun for example_external_task_marker_child to None, run_after=None
[2026-05-23T00:02:58.068+0000] {logging_mixin.py:188} INFO - [2026-05-23T00:02:58.066+0000] {dag.py:3954} INFO - Setting next_dagrun for example_external_task_marker_parent to None, run_after=None
[2026-05-23T00:02:58.079+0000] {processor.py:183} INFO - Processing /home/airflow/.local/lib/python3.12/site-packages/airflow/example_dags/example_external_task_marker_dag.py took 0.072 seconds
[2026-05-23T00:03:28.851+0000] {processor.py:161} INFO - Started process (PID=2677) to work on /home/airflow/.local/lib/python3.12/site-packages/airflow/example_dags/example_external_task_marker_dag.py
[2026-05-23T00:03:28.854+0000] {processor.py:830} INFO - Processing file /home/airflow/.local/lib/python3.12/site-packages/airflow/example_dags/example_external_task_marker_dag.py for tasks to queue
[2026-05-23T00:03:28.856+0000] {logging_mixin.py:188} INFO - [2026-05-23T00:03:28.856+0000] {dagbag.py:545} INFO - Filling up the DagBag from /home/airflow/.local/lib/python3.12/site-packages/airflow/example_dags/example_external_task_marker_dag.py
[2026-05-23T00:03:28.862+0000] {processor.py:840} INFO - DAG(s) 'example_external_task_marker_child', 'example_external_task_marker_parent' retrieved from /home/airflow/.local/lib/python3.12/site-packages/airflow/example_dags/example_external_task_marker_dag.py
[2026-05-23T00:03:28.882+0000] {logging_mixin.py:188} INFO - [2026-05-23T00:03:28.881+0000] {dag.py:3096} INFO - Sync 2 DAGs
[2026-05-23T00:03:28.895+0000] {logging_mixin.py:188} INFO - [2026-05-23T00:03:28.895+0000] {dag.py:3954} INFO - Setting next_dagrun for example_external_task_marker_child to None, run_after=None
[2026-05-23T00:03:28.898+0000] {logging_mixin.py:188} INFO - [2026-05-23T00:03:28.897+0000] {dag.py:3954} INFO - Setting next_dagrun for example_external_task_marker_parent to None, run_after=None
[2026-05-23T00:03:28.911+0000] {processor.py:183} INFO - Processing /home/airflow/.local/lib/python3.12/site-packages/airflow/example_dags/example_external_task_marker_dag.py took 0.066 seconds
[2026-05-23T00:04:00.659+0000] {processor.py:161} INFO - Started process (PID=2736) to work on /home/airflow/.local/lib/python3.12/site-packages/airflow/example_dags/example_external_task_marker_dag.py
[2026-05-23T00:04:00.660+0000] {processor.py:830} INFO - Processing file /home/airflow/.local/lib/python3.12/site-packages/airflow/example_dags/example_external_task_marker_dag.py for tasks to queue
[2026-05-23T00:04:00.662+0000] {logging_mixin.py:188} INFO - [2026-05-23T00:04:00.661+0000] {dagbag.py:545} INFO - Filling up the DagBag from /home/airflow/.local/lib/python3.12/site-packages/airflow/example_dags/example_external_task_marker_dag.py
[2026-05-23T00:04:00.674+0000] {processor.py:840} INFO - DAG(s) 'example_external_task_marker_child', 'example_external_task_marker_parent' retrieved from /home/airflow/.local/lib/python3.12/site-packages/airflow/example_dags/example_external_task_marker_dag.py
[2026-05-23T00:04:00.702+0000] {logging_mixin.py:188} INFO - [2026-05-23T00:04:00.702+0000] {dag.py:3096} INFO - Sync 2 DAGs
[2026-05-23T00:04:00.713+0000] {logging_mixin.py:188} INFO - [2026-05-23T00:04:00.713+0000] {dag.py:3954} INFO - Setting next_dagrun for example_external_task_marker_child to None, run_after=None
[2026-05-23T00:04:00.718+0000] {logging_mixin.py:188} INFO - [2026-05-23T00:04:00.718+0000] {dag.py:3954} INFO - Setting next_dagrun for example_external_task_marker_parent to None, run_after=None
[2026-05-23T00:04:00.735+0000] {processor.py:183} INFO - Processing /home/airflow/.local/lib/python3.12/site-packages/airflow/example_dags/example_external_task_marker_dag.py took 0.082 seconds
[2026-05-23T00:04:31.094+0000] {processor.py:161} INFO - Started process (PID=2795) to work on /home/airflow/.local/lib/python3.12/site-packages/airflow/example_dags/example_external_task_marker_dag.py
[2026-05-23T00:04:31.095+0000] {processor.py:830} INFO - Processing file /home/airflow/.local/lib/python3.12/site-packages/airflow/example_dags/example_external_task_marker_dag.py for tasks to queue
[2026-05-23T00:04:31.096+0000] {logging_mixin.py:188} INFO - [2026-05-23T00:04:31.096+0000] {dagbag.py:545} INFO - Filling up the DagBag from /home/airflow/.local/lib/python3.12/site-packages/airflow/example_dags/example_external_task_marker_dag.py
[2026-05-23T00:04:31.100+0000] {processor.py:840} INFO - DAG(s) 'example_external_task_marker_child', 'example_external_task_marker_parent' retrieved from /home/airflow/.local/lib/python3.12/site-packages/airflow/example_dags/example_external_task_marker_dag.py
[2026-05-23T00:04:31.122+0000] {logging_mixin.py:188} INFO - [2026-05-23T00:04:31.122+0000] {dag.py:3096} INFO - Sync 2 DAGs
[2026-05-23T00:04:31.131+0000] {logging_mixin.py:188} INFO - [2026-05-23T00:04:31.131+0000] {dag.py:3954} INFO - Setting next_dagrun for example_external_task_marker_child to None, run_after=None
[2026-05-23T00:04:31.135+0000] {logging_mixin.py:188} INFO - [2026-05-23T00:04:31.135+0000] {dag.py:3954} INFO - Setting next_dagrun for example_external_task_marker_parent to None, run_after=None
[2026-05-23T00:04:31.150+0000] {processor.py:183} INFO - Processing /home/airflow/.local/lib/python3.12/site-packages/airflow/example_dags/example_external_task_marker_dag.py took 0.060 seconds
[2026-05-23T00:05:01.815+0000] {processor.py:161} INFO - Started process (PID=2854) to work on /home/airflow/.local/lib/python3.12/site-packages/airflow/example_dags/example_external_task_marker_dag.py
[2026-05-23T00:05:01.816+0000] {processor.py:830} INFO - Processing file /home/airflow/.local/lib/python3.12/site-packages/airflow/example_dags/example_external_task_marker_dag.py for tasks to queue
[2026-05-23T00:05:01.819+0000] {logging_mixin.py:188} INFO - [2026-05-23T00:05:01.818+0000] {dagbag.py:545} INFO - Filling up the DagBag from /home/airflow/.local/lib/python3.12/site-packages/airflow/example_dags/example_external_task_marker_dag.py
[2026-05-23T00:05:01.824+0000] {processor.py:840} INFO - DAG(s) 'example_external_task_marker_child', 'example_external_task_marker_parent' retrieved from /home/airflow/.local/lib/python3.12/site-packages/airflow/example_dags/example_external_task_marker_dag.py
[2026-05-23T00:05:01.846+0000] {logging_mixin.py:188} INFO - [2026-05-23T00:05:01.846+0000] {dag.py:3096} INFO - Sync 2 DAGs
[2026-05-23T00:05:01.870+0000] {logging_mixin.py:188} INFO - [2026-05-23T00:05:01.870+0000] {dag.py:3954} INFO - Setting next_dagrun for example_external_task_marker_child to None, run_after=None
[2026-05-23T00:05:01.874+0000] {logging_mixin.py:188} INFO - [2026-05-23T00:05:01.874+0000] {dag.py:3954} INFO - Setting next_dagrun for example_external_task_marker_parent to None, run_after=None
[2026-05-23T00:05:01.909+0000] {processor.py:183} INFO - Processing /home/airflow/.local/lib/python3.12/site-packages/airflow/example_dags/example_external_task_marker_dag.py took 0.099 seconds
[2026-05-23T00:05:32.569+0000] {processor.py:161} INFO - Started process (PID=2913) to work on /home/airflow/.local/lib/python3.12/site-packages/airflow/example_dags/example_external_task_marker_dag.py
[2026-05-23T00:05:32.572+0000] {processor.py:830} INFO - Processing file /home/airflow/.local/lib/python3.12/site-packages/airflow/example_dags/example_external_task_marker_dag.py for tasks to queue
[2026-05-23T00:05:32.575+0000] {logging_mixin.py:188} INFO - [2026-05-23T00:05:32.575+0000] {dagbag.py:545} INFO - Filling up the DagBag from /home/airflow/.local/lib/python3.12/site-packages/airflow/example_dags/example_external_task_marker_dag.py
[2026-05-23T00:05:32.580+0000] {processor.py:840} INFO - DAG(s) 'example_external_task_marker_parent', 'example_external_task_marker_child' retrieved from /home/airflow/.local/lib/python3.12/site-packages/airflow/example_dags/example_external_task_marker_dag.py
[2026-05-23T00:05:32.601+0000] {logging_mixin.py:188} INFO - [2026-05-23T00:05:32.601+0000] {dag.py:3096} INFO - Sync 2 DAGs
[2026-05-23T00:05:32.611+0000] {logging_mixin.py:188} INFO - [2026-05-23T00:05:32.611+0000] {dag.py:3954} INFO - Setting next_dagrun for example_external_task_marker_child to None, run_after=None
[2026-05-23T00:05:32.615+0000] {logging_mixin.py:188} INFO - [2026-05-23T00:05:32.615+0000] {dag.py:3954} INFO - Setting next_dagrun for example_external_task_marker_parent to None, run_after=None
[2026-05-23T00:05:32.629+0000] {processor.py:183} INFO - Processing /home/airflow/.local/lib/python3.12/site-packages/airflow/example_dags/example_external_task_marker_dag.py took 0.064 seconds
[2026-05-23T00:06:03.144+0000] {processor.py:161} INFO - Started process (PID=2972) to work on /home/airflow/.local/lib/python3.12/site-packages/airflow/example_dags/example_external_task_marker_dag.py
[2026-05-23T00:06:03.148+0000] {processor.py:830} INFO - Processing file /home/airflow/.local/lib/python3.12/site-packages/airflow/example_dags/example_external_task_marker_dag.py for tasks to queue
[2026-05-23T00:06:03.149+0000] {logging_mixin.py:188} INFO - [2026-05-23T00:06:03.149+0000] {dagbag.py:545} INFO - Filling up the DagBag from /home/airflow/.local/lib/python3.12/site-packages/airflow/example_dags/example_external_task_marker_dag.py
[2026-05-23T00:06:03.158+0000] {processor.py:840} INFO - DAG(s) 'example_external_task_marker_parent', 'example_external_task_marker_child' retrieved from /home/airflow/.local/lib/python3.12/site-packages/airflow/example_dags/example_external_task_marker_dag.py
[2026-05-23T00:06:03.186+0000] {logging_mixin.py:188} INFO - [2026-05-23T00:06:03.185+0000] {dag.py:3096} INFO - Sync 2 DAGs
[2026-05-23T00:06:03.198+0000] {logging_mixin.py:188} INFO - [2026-05-23T00:06:03.198+0000] {dag.py:3954} INFO - Setting next_dagrun for example_external_task_marker_child to None, run_after=None
[2026-05-23T00:06:03.202+0000] {logging_mixin.py:188} INFO - [2026-05-23T00:06:03.202+0000] {dag.py:3954} INFO - Setting next_dagrun for example_external_task_marker_parent to None, run_after=None
[2026-05-23T00:06:03.215+0000] {processor.py:183} INFO - Processing /home/airflow/.local/lib/python3.12/site-packages/airflow/example_dags/example_external_task_marker_dag.py took 0.076 seconds
[2026-05-23T00:06:33.625+0000] {processor.py:161} INFO - Started process (PID=3031) to work on /home/airflow/.local/lib/python3.12/site-packages/airflow/example_dags/example_external_task_marker_dag.py
[2026-05-23T00:06:33.626+0000] {processor.py:830} INFO - Processing file /home/airflow/.local/lib/python3.12/site-packages/airflow/example_dags/example_external_task_marker_dag.py for tasks to queue
[2026-05-23T00:06:33.628+0000] {logging_mixin.py:188} INFO - [2026-05-23T00:06:33.628+0000] {dagbag.py:545} INFO - Filling up the DagBag from /home/airflow/.local/lib/python3.12/site-packages/airflow/example_dags/example_external_task_marker_dag.py
[2026-05-23T00:06:33.633+0000] {processor.py:840} INFO - DAG(s) 'example_external_task_marker_parent', 'example_external_task_marker_child' retrieved from /home/airflow/.local/lib/python3.12/site-packages/airflow/example_dags/example_external_task_marker_dag.py
[2026-05-23T00:06:33.652+0000] {logging_mixin.py:188} INFO - [2026-05-23T00:06:33.652+0000] {dag.py:3096} INFO - Sync 2 DAGs
[2026-05-23T00:06:33.664+0000] {logging_mixin.py:188} INFO - [2026-05-23T00:06:33.664+0000] {dag.py:3954} INFO - Setting next_dagrun for example_external_task_marker_child to None, run_after=None
[2026-05-23T00:06:33.667+0000] {logging_mixin.py:188} INFO - [2026-05-23T00:06:33.667+0000] {dag.py:3954} INFO - Setting next_dagrun for example_external_task_marker_parent to None, run_after=None
[2026-05-23T00:06:33.688+0000] {processor.py:183} INFO - Processing /home/airflow/.local/lib/python3.12/site-packages/airflow/example_dags/example_external_task_marker_dag.py took 0.068 seconds
[2026-05-23T00:07:04.490+0000] {processor.py:161} INFO - Started process (PID=3090) to work on /home/airflow/.local/lib/python3.12/site-packages/airflow/example_dags/example_external_task_marker_dag.py
[2026-05-23T00:07:04.492+0000] {processor.py:830} INFO - Processing file /home/airflow/.local/lib/python3.12/site-packages/airflow/example_dags/example_external_task_marker_dag.py for tasks to queue
[2026-05-23T00:07:04.494+0000] {logging_mixin.py:188} INFO - [2026-05-23T00:07:04.494+0000] {dagbag.py:545} INFO - Filling up the DagBag from /home/airflow/.local/lib/python3.12/site-packages/airflow/example_dags/example_external_task_marker_dag.py
[2026-05-23T00:07:04.499+0000] {processor.py:840} INFO - DAG(s) 'example_external_task_marker_parent', 'example_external_task_marker_child' retrieved from /home/airflow/.local/lib/python3.12/site-packages/airflow/example_dags/example_external_task_marker_dag.py
[2026-05-23T00:07:04.520+0000] {logging_mixin.py:188} INFO - [2026-05-23T00:07:04.520+0000] {dag.py:3096} INFO - Sync 2 DAGs
[2026-05-23T00:07:04.531+0000] {logging_mixin.py:188} INFO - [2026-05-23T00:07:04.530+0000] {dag.py:3954} INFO - Setting next_dagrun for example_external_task_marker_child to None, run_after=None
[2026-05-23T00:07:04.533+0000] {logging_mixin.py:188} INFO - [2026-05-23T00:07:04.533+0000] {dag.py:3954} INFO - Setting next_dagrun for example_external_task_marker_parent to None, run_after=None
[2026-05-23T00:07:04.548+0000] {processor.py:183} INFO - Processing /home/airflow/.local/lib/python3.12/site-packages/airflow/example_dags/example_external_task_marker_dag.py took 0.062 seconds
[2026-05-23T00:07:35.184+0000] {processor.py:161} INFO - Started process (PID=3149) to work on /home/airflow/.local/lib/python3.12/site-packages/airflow/example_dags/example_external_task_marker_dag.py
[2026-05-23T00:07:35.187+0000] {processor.py:830} INFO - Processing file /home/airflow/.local/lib/python3.12/site-packages/airflow/example_dags/example_external_task_marker_dag.py for tasks to queue
[2026-05-23T00:07:35.189+0000] {logging_mixin.py:188} INFO - [2026-05-23T00:07:35.189+0000] {dagbag.py:545} INFO - Filling up the DagBag from /home/airflow/.local/lib/python3.12/site-packages/airflow/example_dags/example_external_task_marker_dag.py
[2026-05-23T00:07:35.194+0000] {processor.py:840} INFO - DAG(s) 'example_external_task_marker_parent', 'example_external_task_marker_child' retrieved from /home/airflow/.local/lib/python3.12/site-packages/airflow/example_dags/example_external_task_marker_dag.py
[2026-05-23T00:07:35.213+0000] {logging_mixin.py:188} INFO - [2026-05-23T00:07:35.212+0000] {dag.py:3096} INFO - Sync 2 DAGs
[2026-05-23T00:07:35.222+0000] {logging_mixin.py:188} INFO - [2026-05-23T00:07:35.222+0000] {dag.py:3954} INFO - Setting next_dagrun for example_external_task_marker_child to None, run_after=None
[2026-05-23T00:07:35.226+0000] {logging_mixin.py:188} INFO - [2026-05-23T00:07:35.226+0000] {dag.py:3954} INFO - Setting next_dagrun for example_external_task_marker_parent to None, run_after=None
[2026-05-23T00:07:35.242+0000] {processor.py:183} INFO - Processing /home/airflow/.local/lib/python3.12/site-packages/airflow/example_dags/example_external_task_marker_dag.py took 0.063 seconds
[2026-05-23T00:08:05.399+0000] {processor.py:161} INFO - Started process (PID=3208) to work on /home/airflow/.local/lib/python3.12/site-packages/airflow/example_dags/example_external_task_marker_dag.py
[2026-05-23T00:08:05.407+0000] {processor.py:830} INFO - Processing file /home/airflow/.local/lib/python3.12/site-packages/airflow/example_dags/example_external_task_marker_dag.py for tasks to queue
[2026-05-23T00:08:05.411+0000] {logging_mixin.py:188} INFO - [2026-05-23T00:08:05.410+0000] {dagbag.py:545} INFO - Filling up the DagBag from /home/airflow/.local/lib/python3.12/site-packages/airflow/example_dags/example_external_task_marker_dag.py
[2026-05-23T00:08:05.416+0000] {processor.py:840} INFO - DAG(s) 'example_external_task_marker_child', 'example_external_task_marker_parent' retrieved from /home/airflow/.local/lib/python3.12/site-packages/airflow/example_dags/example_external_task_marker_dag.py
[2026-05-23T00:08:05.452+0000] {logging_mixin.py:188} INFO - [2026-05-23T00:08:05.451+0000] {dag.py:3096} INFO - Sync 2 DAGs
[2026-05-23T00:08:05.467+0000] {logging_mixin.py:188} INFO - [2026-05-23T00:08:05.467+0000] {dag.py:3954} INFO - Setting next_dagrun for example_external_task_marker_child to None, run_after=None
[2026-05-23T00:08:05.474+0000] {logging_mixin.py:188} INFO - [2026-05-23T00:08:05.473+0000] {dag.py:3954} INFO - Setting next_dagrun for example_external_task_marker_parent to None, run_after=None
[2026-05-23T00:08:05.502+0000] {processor.py:183} INFO - Processing /home/airflow/.local/lib/python3.12/site-packages/airflow/example_dags/example_external_task_marker_dag.py took 0.109 seconds
[2026-05-23T00:08:36.474+0000] {processor.py:161} INFO - Started process (PID=3267) to work on /home/airflow/.local/lib/python3.12/site-packages/airflow/example_dags/example_external_task_marker_dag.py
[2026-05-23T00:08:36.475+0000] {processor.py:830} INFO - Processing file /home/airflow/.local/lib/python3.12/site-packages/airflow/example_dags/example_external_task_marker_dag.py for tasks to queue
[2026-05-23T00:08:36.478+0000] {logging_mixin.py:188} INFO - [2026-05-23T00:08:36.477+0000] {dagbag.py:545} INFO - Filling up the DagBag from /home/airflow/.local/lib/python3.12/site-packages/airflow/example_dags/example_external_task_marker_dag.py
[2026-05-23T00:08:36.482+0000] {processor.py:840} INFO - DAG(s) 'example_external_task_marker_parent', 'example_external_task_marker_child' retrieved from /home/airflow/.local/lib/python3.12/site-packages/airflow/example_dags/example_external_task_marker_dag.py
[2026-05-23T00:08:36.510+0000] {logging_mixin.py:188} INFO - [2026-05-23T00:08:36.510+0000] {dag.py:3096} INFO - Sync 2 DAGs
[2026-05-23T00:08:36.521+0000] {logging_mixin.py:188} INFO - [2026-05-23T00:08:36.521+0000] {dag.py:3954} INFO - Setting next_dagrun for example_external_task_marker_child to None, run_after=None
[2026-05-23T00:08:36.525+0000] {logging_mixin.py:188} INFO - [2026-05-23T00:08:36.524+0000] {dag.py:3954} INFO - Setting next_dagrun for example_external_task_marker_parent to None, run_after=None
[2026-05-23T00:08:36.540+0000] {processor.py:183} INFO - Processing /home/airflow/.local/lib/python3.12/site-packages/airflow/example_dags/example_external_task_marker_dag.py took 0.076 seconds
[2026-05-23T00:09:06.809+0000] {processor.py:161} INFO - Started process (PID=3326) to work on /home/airflow/.local/lib/python3.12/site-packages/airflow/example_dags/example_external_task_marker_dag.py
[2026-05-23T00:09:06.810+0000] {processor.py:830} INFO - Processing file /home/airflow/.local/lib/python3.12/site-packages/airflow/example_dags/example_external_task_marker_dag.py for tasks to queue
[2026-05-23T00:09:06.811+0000] {logging_mixin.py:188} INFO - [2026-05-23T00:09:06.811+0000] {dagbag.py:545} INFO - Filling up the DagBag from /home/airflow/.local/lib/python3.12/site-packages/airflow/example_dags/example_external_task_marker_dag.py
[2026-05-23T00:09:06.816+0000] {processor.py:840} INFO - DAG(s) 'example_external_task_marker_parent', 'example_external_task_marker_child' retrieved from /home/airflow/.local/lib/python3.12/site-packages/airflow/example_dags/example_external_task_marker_dag.py
[2026-05-23T00:09:06.833+0000] {logging_mixin.py:188} INFO - [2026-05-23T00:09:06.833+0000] {dag.py:3096} INFO - Sync 2 DAGs
[2026-05-23T00:09:06.842+0000] {logging_mixin.py:188} INFO - [2026-05-23T00:09:06.841+0000] {dag.py:3954} INFO - Setting next_dagrun for example_external_task_marker_child to None, run_after=None
[2026-05-23T00:09:06.846+0000] {logging_mixin.py:188} INFO - [2026-05-23T00:09:06.846+0000] {dag.py:3954} INFO - Setting next_dagrun for example_external_task_marker_parent to None, run_after=None
[2026-05-23T00:09:06.857+0000] {processor.py:183} INFO - Processing /home/airflow/.local/lib/python3.12/site-packages/airflow/example_dags/example_external_task_marker_dag.py took 0.051 seconds
[2026-05-23T00:09:37.273+0000] {processor.py:161} INFO - Started process (PID=3385) to work on /home/airflow/.local/lib/python3.12/site-packages/airflow/example_dags/example_external_task_marker_dag.py
[2026-05-23T00:09:37.276+0000] {processor.py:830} INFO - Processing file /home/airflow/.local/lib/python3.12/site-packages/airflow/example_dags/example_external_task_marker_dag.py for tasks to queue
[2026-05-23T00:09:37.278+0000] {logging_mixin.py:188} INFO - [2026-05-23T00:09:37.278+0000] {dagbag.py:545} INFO - Filling up the DagBag from /home/airflow/.local/lib/python3.12/site-packages/airflow/example_dags/example_external_task_marker_dag.py
[2026-05-23T00:09:37.285+0000] {processor.py:840} INFO - DAG(s) 'example_external_task_marker_parent', 'example_external_task_marker_child' retrieved from /home/airflow/.local/lib/python3.12/site-packages/airflow/example_dags/example_external_task_marker_dag.py
[2026-05-23T00:09:37.304+0000] {logging_mixin.py:188} INFO - [2026-05-23T00:09:37.304+0000] {dag.py:3096} INFO - Sync 2 DAGs
[2026-05-23T00:09:37.312+0000] {logging_mixin.py:188} INFO - [2026-05-23T00:09:37.312+0000] {dag.py:3954} INFO - Setting next_dagrun for example_external_task_marker_child to None, run_after=None
[2026-05-23T00:09:37.314+0000] {logging_mixin.py:188} INFO - [2026-05-23T00:09:37.314+0000] {dag.py:3954} INFO - Setting next_dagrun for example_external_task_marker_parent to None, run_after=None
[2026-05-23T00:09:37.328+0000] {processor.py:183} INFO - Processing /home/airflow/.local/lib/python3.12/site-packages/airflow/example_dags/example_external_task_marker_dag.py took 0.058 seconds
[2026-05-23T00:12:33.744+0000] {processor.py:161} INFO - Started process (PID=71) to work on /home/airflow/.local/lib/python3.12/site-packages/airflow/example_dags/example_external_task_marker_dag.py
[2026-05-23T00:12:33.745+0000] {processor.py:830} INFO - Processing file /home/airflow/.local/lib/python3.12/site-packages/airflow/example_dags/example_external_task_marker_dag.py for tasks to queue
[2026-05-23T00:12:33.748+0000] {logging_mixin.py:188} INFO - [2026-05-23T00:12:33.747+0000] {dagbag.py:545} INFO - Filling up the DagBag from /home/airflow/.local/lib/python3.12/site-packages/airflow/example_dags/example_external_task_marker_dag.py
[2026-05-23T00:12:33.759+0000] {processor.py:840} INFO - DAG(s) 'example_external_task_marker_parent', 'example_external_task_marker_child' retrieved from /home/airflow/.local/lib/python3.12/site-packages/airflow/example_dags/example_external_task_marker_dag.py
[2026-05-23T00:12:33.778+0000] {logging_mixin.py:188} INFO - [2026-05-23T00:12:33.778+0000] {dag.py:3096} INFO - Sync 2 DAGs
[2026-05-23T00:12:33.795+0000] {logging_mixin.py:188} INFO - [2026-05-23T00:12:33.794+0000] {dag.py:3954} INFO - Setting next_dagrun for example_external_task_marker_child to None, run_after=None
[2026-05-23T00:12:33.801+0000] {logging_mixin.py:188} INFO - [2026-05-23T00:12:33.801+0000] {dag.py:3954} INFO - Setting next_dagrun for example_external_task_marker_parent to None, run_after=None
[2026-05-23T00:12:33.823+0000] {processor.py:183} INFO - Processing /home/airflow/.local/lib/python3.12/site-packages/airflow/example_dags/example_external_task_marker_dag.py took 0.087 seconds
[2026-05-23T00:13:04.574+0000] {processor.py:161} INFO - Started process (PID=130) to work on /home/airflow/.local/lib/python3.12/site-packages/airflow/example_dags/example_external_task_marker_dag.py
[2026-05-23T00:13:04.576+0000] {processor.py:830} INFO - Processing file /home/airflow/.local/lib/python3.12/site-packages/airflow/example_dags/example_external_task_marker_dag.py for tasks to queue
[2026-05-23T00:13:04.578+0000] {logging_mixin.py:188} INFO - [2026-05-23T00:13:04.577+0000] {dagbag.py:545} INFO - Filling up the DagBag from /home/airflow/.local/lib/python3.12/site-packages/airflow/example_dags/example_external_task_marker_dag.py
[2026-05-23T00:13:04.582+0000] {processor.py:840} INFO - DAG(s) 'example_external_task_marker_child', 'example_external_task_marker_parent' retrieved from /home/airflow/.local/lib/python3.12/site-packages/airflow/example_dags/example_external_task_marker_dag.py
[2026-05-23T00:13:04.677+0000] {logging_mixin.py:188} INFO - [2026-05-23T00:13:04.677+0000] {dag.py:3096} INFO - Sync 2 DAGs
[2026-05-23T00:13:04.693+0000] {logging_mixin.py:188} INFO - [2026-05-23T00:13:04.692+0000] {dag.py:3954} INFO - Setting next_dagrun for example_external_task_marker_child to None, run_after=None
[2026-05-23T00:13:04.697+0000] {logging_mixin.py:188} INFO - [2026-05-23T00:13:04.697+0000] {dag.py:3954} INFO - Setting next_dagrun for example_external_task_marker_parent to None, run_after=None
[2026-05-23T00:13:04.713+0000] {processor.py:183} INFO - Processing /home/airflow/.local/lib/python3.12/site-packages/airflow/example_dags/example_external_task_marker_dag.py took 0.143 seconds
[2026-05-23T00:13:35.124+0000] {processor.py:161} INFO - Started process (PID=195) to work on /home/airflow/.local/lib/python3.12/site-packages/airflow/example_dags/example_external_task_marker_dag.py
[2026-05-23T00:13:35.125+0000] {processor.py:830} INFO - Processing file /home/airflow/.local/lib/python3.12/site-packages/airflow/example_dags/example_external_task_marker_dag.py for tasks to queue
[2026-05-23T00:13:35.127+0000] {logging_mixin.py:188} INFO - [2026-05-23T00:13:35.127+0000] {dagbag.py:545} INFO - Filling up the DagBag from /home/airflow/.local/lib/python3.12/site-packages/airflow/example_dags/example_external_task_marker_dag.py
[2026-05-23T00:13:35.131+0000] {processor.py:840} INFO - DAG(s) 'example_external_task_marker_child', 'example_external_task_marker_parent' retrieved from /home/airflow/.local/lib/python3.12/site-packages/airflow/example_dags/example_external_task_marker_dag.py
[2026-05-23T00:13:35.148+0000] {logging_mixin.py:188} INFO - [2026-05-23T00:13:35.148+0000] {dag.py:3096} INFO - Sync 2 DAGs
[2026-05-23T00:13:35.160+0000] {logging_mixin.py:188} INFO - [2026-05-23T00:13:35.160+0000] {dag.py:3954} INFO - Setting next_dagrun for example_external_task_marker_child to None, run_after=None
[2026-05-23T00:13:35.164+0000] {logging_mixin.py:188} INFO - [2026-05-23T00:13:35.164+0000] {dag.py:3954} INFO - Setting next_dagrun for example_external_task_marker_parent to None, run_after=None
[2026-05-23T00:13:35.183+0000] {processor.py:183} INFO - Processing /home/airflow/.local/lib/python3.12/site-packages/airflow/example_dags/example_external_task_marker_dag.py took 0.063 seconds
[2026-05-23T00:14:06.276+0000] {processor.py:161} INFO - Started process (PID=254) to work on /home/airflow/.local/lib/python3.12/site-packages/airflow/example_dags/example_external_task_marker_dag.py
[2026-05-23T00:14:06.278+0000] {processor.py:830} INFO - Processing file /home/airflow/.local/lib/python3.12/site-packages/airflow/example_dags/example_external_task_marker_dag.py for tasks to queue
[2026-05-23T00:14:06.281+0000] {logging_mixin.py:188} INFO - [2026-05-23T00:14:06.281+0000] {dagbag.py:545} INFO - Filling up the DagBag from /home/airflow/.local/lib/python3.12/site-packages/airflow/example_dags/example_external_task_marker_dag.py
[2026-05-23T00:14:06.292+0000] {processor.py:840} INFO - DAG(s) 'example_external_task_marker_child', 'example_external_task_marker_parent' retrieved from /home/airflow/.local/lib/python3.12/site-packages/airflow/example_dags/example_external_task_marker_dag.py
[2026-05-23T00:14:06.320+0000] {logging_mixin.py:188} INFO - [2026-05-23T00:14:06.320+0000] {dag.py:3096} INFO - Sync 2 DAGs
[2026-05-23T00:14:06.331+0000] {logging_mixin.py:188} INFO - [2026-05-23T00:14:06.331+0000] {dag.py:3954} INFO - Setting next_dagrun for example_external_task_marker_child to None, run_after=None
[2026-05-23T00:14:06.334+0000] {logging_mixin.py:188} INFO - [2026-05-23T00:14:06.334+0000] {dag.py:3954} INFO - Setting next_dagrun for example_external_task_marker_parent to None, run_after=None
[2026-05-23T00:14:06.352+0000] {processor.py:183} INFO - Processing /home/airflow/.local/lib/python3.12/site-packages/airflow/example_dags/example_external_task_marker_dag.py took 0.080 seconds
[2026-05-23T00:14:37.139+0000] {processor.py:161} INFO - Started process (PID=313) to work on /home/airflow/.local/lib/python3.12/site-packages/airflow/example_dags/example_external_task_marker_dag.py
[2026-05-23T00:14:37.140+0000] {processor.py:830} INFO - Processing file /home/airflow/.local/lib/python3.12/site-packages/airflow/example_dags/example_external_task_marker_dag.py for tasks to queue
[2026-05-23T00:14:37.142+0000] {logging_mixin.py:188} INFO - [2026-05-23T00:14:37.142+0000] {dagbag.py:545} INFO - Filling up the DagBag from /home/airflow/.local/lib/python3.12/site-packages/airflow/example_dags/example_external_task_marker_dag.py
[2026-05-23T00:14:37.148+0000] {processor.py:840} INFO - DAG(s) 'example_external_task_marker_parent', 'example_external_task_marker_child' retrieved from /home/airflow/.local/lib/python3.12/site-packages/airflow/example_dags/example_external_task_marker_dag.py
[2026-05-23T00:14:37.170+0000] {logging_mixin.py:188} INFO - [2026-05-23T00:14:37.170+0000] {dag.py:3096} INFO - Sync 2 DAGs
[2026-05-23T00:14:37.182+0000] {logging_mixin.py:188} INFO - [2026-05-23T00:14:37.182+0000] {dag.py:3954} INFO - Setting next_dagrun for example_external_task_marker_child to None, run_after=None
[2026-05-23T00:14:37.184+0000] {logging_mixin.py:188} INFO - [2026-05-23T00:14:37.184+0000] {dag.py:3954} INFO - Setting next_dagrun for example_external_task_marker_parent to None, run_after=None
[2026-05-23T00:14:37.198+0000] {processor.py:183} INFO - Processing /home/airflow/.local/lib/python3.12/site-packages/airflow/example_dags/example_external_task_marker_dag.py took 0.063 seconds
[2026-05-23T00:15:07.809+0000] {processor.py:161} INFO - Started process (PID=372) to work on /home/airflow/.local/lib/python3.12/site-packages/airflow/example_dags/example_external_task_marker_dag.py
[2026-05-23T00:15:07.812+0000] {processor.py:830} INFO - Processing file /home/airflow/.local/lib/python3.12/site-packages/airflow/example_dags/example_external_task_marker_dag.py for tasks to queue
[2026-05-23T00:15:07.814+0000] {logging_mixin.py:188} INFO - [2026-05-23T00:15:07.814+0000] {dagbag.py:545} INFO - Filling up the DagBag from /home/airflow/.local/lib/python3.12/site-packages/airflow/example_dags/example_external_task_marker_dag.py
[2026-05-23T00:15:07.823+0000] {processor.py:840} INFO - DAG(s) 'example_external_task_marker_parent', 'example_external_task_marker_child' retrieved from /home/airflow/.local/lib/python3.12/site-packages/airflow/example_dags/example_external_task_marker_dag.py
[2026-05-23T00:15:07.855+0000] {logging_mixin.py:188} INFO - [2026-05-23T00:15:07.855+0000] {dag.py:3096} INFO - Sync 2 DAGs
[2026-05-23T00:15:07.866+0000] {logging_mixin.py:188} INFO - [2026-05-23T00:15:07.865+0000] {dag.py:3954} INFO - Setting next_dagrun for example_external_task_marker_child to None, run_after=None
[2026-05-23T00:15:07.869+0000] {logging_mixin.py:188} INFO - [2026-05-23T00:15:07.869+0000] {dag.py:3954} INFO - Setting next_dagrun for example_external_task_marker_parent to None, run_after=None
[2026-05-23T00:15:07.885+0000] {processor.py:183} INFO - Processing /home/airflow/.local/lib/python3.12/site-packages/airflow/example_dags/example_external_task_marker_dag.py took 0.089 seconds
[2026-05-23T00:15:38.299+0000] {processor.py:161} INFO - Started process (PID=431) to work on /home/airflow/.local/lib/python3.12/site-packages/airflow/example_dags/example_external_task_marker_dag.py
[2026-05-23T00:15:38.301+0000] {processor.py:830} INFO - Processing file /home/airflow/.local/lib/python3.12/site-packages/airflow/example_dags/example_external_task_marker_dag.py for tasks to queue
[2026-05-23T00:15:38.302+0000] {logging_mixin.py:188} INFO - [2026-05-23T00:15:38.302+0000] {dagbag.py:545} INFO - Filling up the DagBag from /home/airflow/.local/lib/python3.12/site-packages/airflow/example_dags/example_external_task_marker_dag.py
[2026-05-23T00:15:38.306+0000] {processor.py:840} INFO - DAG(s) 'example_external_task_marker_parent', 'example_external_task_marker_child' retrieved from /home/airflow/.local/lib/python3.12/site-packages/airflow/example_dags/example_external_task_marker_dag.py
[2026-05-23T00:15:38.321+0000] {logging_mixin.py:188} INFO - [2026-05-23T00:15:38.321+0000] {dag.py:3096} INFO - Sync 2 DAGs
[2026-05-23T00:15:38.329+0000] {logging_mixin.py:188} INFO - [2026-05-23T00:15:38.329+0000] {dag.py:3954} INFO - Setting next_dagrun for example_external_task_marker_child to None, run_after=None
[2026-05-23T00:15:38.332+0000] {logging_mixin.py:188} INFO - [2026-05-23T00:15:38.332+0000] {dag.py:3954} INFO - Setting next_dagrun for example_external_task_marker_parent to None, run_after=None
[2026-05-23T00:15:38.342+0000] {processor.py:183} INFO - Processing /home/airflow/.local/lib/python3.12/site-packages/airflow/example_dags/example_external_task_marker_dag.py took 0.047 seconds
[2026-05-23T00:16:09.164+0000] {processor.py:161} INFO - Started process (PID=490) to work on /home/airflow/.local/lib/python3.12/site-packages/airflow/example_dags/example_external_task_marker_dag.py
[2026-05-23T00:16:09.166+0000] {processor.py:830} INFO - Processing file /home/airflow/.local/lib/python3.12/site-packages/airflow/example_dags/example_external_task_marker_dag.py for tasks to queue
[2026-05-23T00:16:09.167+0000] {logging_mixin.py:188} INFO - [2026-05-23T00:16:09.167+0000] {dagbag.py:545} INFO - Filling up the DagBag from /home/airflow/.local/lib/python3.12/site-packages/airflow/example_dags/example_external_task_marker_dag.py
[2026-05-23T00:16:09.171+0000] {processor.py:840} INFO - DAG(s) 'example_external_task_marker_parent', 'example_external_task_marker_child' retrieved from /home/airflow/.local/lib/python3.12/site-packages/airflow/example_dags/example_external_task_marker_dag.py
[2026-05-23T00:16:09.188+0000] {logging_mixin.py:188} INFO - [2026-05-23T00:16:09.188+0000] {dag.py:3096} INFO - Sync 2 DAGs
[2026-05-23T00:16:09.198+0000] {logging_mixin.py:188} INFO - [2026-05-23T00:16:09.198+0000] {dag.py:3954} INFO - Setting next_dagrun for example_external_task_marker_child to None, run_after=None
[2026-05-23T00:16:09.201+0000] {logging_mixin.py:188} INFO - [2026-05-23T00:16:09.201+0000] {dag.py:3954} INFO - Setting next_dagrun for example_external_task_marker_parent to None, run_after=None
[2026-05-23T00:16:09.210+0000] {processor.py:183} INFO - Processing /home/airflow/.local/lib/python3.12/site-packages/airflow/example_dags/example_external_task_marker_dag.py took 0.055 seconds
[2026-05-23T00:16:39.934+0000] {processor.py:161} INFO - Started process (PID=549) to work on /home/airflow/.local/lib/python3.12/site-packages/airflow/example_dags/example_external_task_marker_dag.py
[2026-05-23T00:16:39.938+0000] {processor.py:830} INFO - Processing file /home/airflow/.local/lib/python3.12/site-packages/airflow/example_dags/example_external_task_marker_dag.py for tasks to queue
[2026-05-23T00:16:39.940+0000] {logging_mixin.py:188} INFO - [2026-05-23T00:16:39.940+0000] {dagbag.py:545} INFO - Filling up the DagBag from /home/airflow/.local/lib/python3.12/site-packages/airflow/example_dags/example_external_task_marker_dag.py
[2026-05-23T00:16:39.947+0000] {processor.py:840} INFO - DAG(s) 'example_external_task_marker_parent', 'example_external_task_marker_child' retrieved from /home/airflow/.local/lib/python3.12/site-packages/airflow/example_dags/example_external_task_marker_dag.py
[2026-05-23T00:16:39.974+0000] {logging_mixin.py:188} INFO - [2026-05-23T00:16:39.973+0000] {dag.py:3096} INFO - Sync 2 DAGs
[2026-05-23T00:16:39.984+0000] {logging_mixin.py:188} INFO - [2026-05-23T00:16:39.984+0000] {dag.py:3954} INFO - Setting next_dagrun for example_external_task_marker_child to None, run_after=None
[2026-05-23T00:16:39.992+0000] {logging_mixin.py:188} INFO - [2026-05-23T00:16:39.992+0000] {dag.py:3954} INFO - Setting next_dagrun for example_external_task_marker_parent to None, run_after=None
[2026-05-23T00:16:40.007+0000] {processor.py:183} INFO - Processing /home/airflow/.local/lib/python3.12/site-packages/airflow/example_dags/example_external_task_marker_dag.py took 0.079 seconds
[2026-05-23T00:17:10.876+0000] {processor.py:161} INFO - Started process (PID=608) to work on /home/airflow/.local/lib/python3.12/site-packages/airflow/example_dags/example_external_task_marker_dag.py
[2026-05-23T00:17:10.877+0000] {processor.py:830} INFO - Processing file /home/airflow/.local/lib/python3.12/site-packages/airflow/example_dags/example_external_task_marker_dag.py for tasks to queue
[2026-05-23T00:17:10.878+0000] {logging_mixin.py:188} INFO - [2026-05-23T00:17:10.878+0000] {dagbag.py:545} INFO - Filling up the DagBag from /home/airflow/.local/lib/python3.12/site-packages/airflow/example_dags/example_external_task_marker_dag.py
[2026-05-23T00:17:10.883+0000] {processor.py:840} INFO - DAG(s) 'example_external_task_marker_child', 'example_external_task_marker_parent' retrieved from /home/airflow/.local/lib/python3.12/site-packages/airflow/example_dags/example_external_task_marker_dag.py
[2026-05-23T00:17:10.901+0000] {logging_mixin.py:188} INFO - [2026-05-23T00:17:10.900+0000] {dag.py:3096} INFO - Sync 2 DAGs
[2026-05-23T00:17:10.917+0000] {logging_mixin.py:188} INFO - [2026-05-23T00:17:10.917+0000] {dag.py:3954} INFO - Setting next_dagrun for example_external_task_marker_child to None, run_after=None
[2026-05-23T00:17:10.926+0000] {logging_mixin.py:188} INFO - [2026-05-23T00:17:10.926+0000] {dag.py:3954} INFO - Setting next_dagrun for example_external_task_marker_parent to None, run_after=None
[2026-05-23T00:17:10.941+0000] {processor.py:183} INFO - Processing /home/airflow/.local/lib/python3.12/site-packages/airflow/example_dags/example_external_task_marker_dag.py took 0.069 seconds
[2026-05-23T00:17:41.422+0000] {processor.py:161} INFO - Started process (PID=667) to work on /home/airflow/.local/lib/python3.12/site-packages/airflow/example_dags/example_external_task_marker_dag.py
[2026-05-23T00:17:41.423+0000] {processor.py:830} INFO - Processing file /home/airflow/.local/lib/python3.12/site-packages/airflow/example_dags/example_external_task_marker_dag.py for tasks to queue
[2026-05-23T00:17:41.425+0000] {logging_mixin.py:188} INFO - [2026-05-23T00:17:41.424+0000] {dagbag.py:545} INFO - Filling up the DagBag from /home/airflow/.local/lib/python3.12/site-packages/airflow/example_dags/example_external_task_marker_dag.py
[2026-05-23T00:17:41.429+0000] {processor.py:840} INFO - DAG(s) 'example_external_task_marker_parent', 'example_external_task_marker_child' retrieved from /home/airflow/.local/lib/python3.12/site-packages/airflow/example_dags/example_external_task_marker_dag.py
[2026-05-23T00:17:41.451+0000] {logging_mixin.py:188} INFO - [2026-05-23T00:17:41.450+0000] {dag.py:3096} INFO - Sync 2 DAGs
[2026-05-23T00:17:41.462+0000] {logging_mixin.py:188} INFO - [2026-05-23T00:17:41.462+0000] {dag.py:3954} INFO - Setting next_dagrun for example_external_task_marker_child to None, run_after=None
[2026-05-23T00:17:41.466+0000] {logging_mixin.py:188} INFO - [2026-05-23T00:17:41.465+0000] {dag.py:3954} INFO - Setting next_dagrun for example_external_task_marker_parent to None, run_after=None
[2026-05-23T00:17:41.477+0000] {processor.py:183} INFO - Processing /home/airflow/.local/lib/python3.12/site-packages/airflow/example_dags/example_external_task_marker_dag.py took 0.061 seconds
[2026-05-23T00:18:12.268+0000] {processor.py:161} INFO - Started process (PID=726) to work on /home/airflow/.local/lib/python3.12/site-packages/airflow/example_dags/example_external_task_marker_dag.py
[2026-05-23T00:18:12.270+0000] {processor.py:830} INFO - Processing file /home/airflow/.local/lib/python3.12/site-packages/airflow/example_dags/example_external_task_marker_dag.py for tasks to queue
[2026-05-23T00:18:12.271+0000] {logging_mixin.py:188} INFO - [2026-05-23T00:18:12.271+0000] {dagbag.py:545} INFO - Filling up the DagBag from /home/airflow/.local/lib/python3.12/site-packages/airflow/example_dags/example_external_task_marker_dag.py
[2026-05-23T00:18:12.275+0000] {processor.py:840} INFO - DAG(s) 'example_external_task_marker_parent', 'example_external_task_marker_child' retrieved from /home/airflow/.local/lib/python3.12/site-packages/airflow/example_dags/example_external_task_marker_dag.py
[2026-05-23T00:18:12.290+0000] {logging_mixin.py:188} INFO - [2026-05-23T00:18:12.290+0000] {dag.py:3096} INFO - Sync 2 DAGs
[2026-05-23T00:18:12.298+0000] {logging_mixin.py:188} INFO - [2026-05-23T00:18:12.298+0000] {dag.py:3954} INFO - Setting next_dagrun for example_external_task_marker_child to None, run_after=None
[2026-05-23T00:18:12.301+0000] {logging_mixin.py:188} INFO - [2026-05-23T00:18:12.301+0000] {dag.py:3954} INFO - Setting next_dagrun for example_external_task_marker_parent to None, run_after=None
[2026-05-23T00:18:12.311+0000] {processor.py:183} INFO - Processing /home/airflow/.local/lib/python3.12/site-packages/airflow/example_dags/example_external_task_marker_dag.py took 0.046 seconds
[2026-05-23T00:18:42.783+0000] {processor.py:161} INFO - Started process (PID=785) to work on /home/airflow/.local/lib/python3.12/site-packages/airflow/example_dags/example_external_task_marker_dag.py
[2026-05-23T00:18:42.784+0000] {processor.py:830} INFO - Processing file /home/airflow/.local/lib/python3.12/site-packages/airflow/example_dags/example_external_task_marker_dag.py for tasks to queue
[2026-05-23T00:18:42.786+0000] {logging_mixin.py:188} INFO - [2026-05-23T00:18:42.786+0000] {dagbag.py:545} INFO - Filling up the DagBag from /home/airflow/.local/lib/python3.12/site-packages/airflow/example_dags/example_external_task_marker_dag.py
[2026-05-23T00:18:42.792+0000] {processor.py:840} INFO - DAG(s) 'example_external_task_marker_child', 'example_external_task_marker_parent' retrieved from /home/airflow/.local/lib/python3.12/site-packages/airflow/example_dags/example_external_task_marker_dag.py
[2026-05-23T00:18:42.812+0000] {logging_mixin.py:188} INFO - [2026-05-23T00:18:42.811+0000] {dag.py:3096} INFO - Sync 2 DAGs
[2026-05-23T00:18:42.823+0000] {logging_mixin.py:188} INFO - [2026-05-23T00:18:42.823+0000] {dag.py:3954} INFO - Setting next_dagrun for example_external_task_marker_child to None, run_after=None
[2026-05-23T00:18:42.830+0000] {logging_mixin.py:188} INFO - [2026-05-23T00:18:42.830+0000] {dag.py:3954} INFO - Setting next_dagrun for example_external_task_marker_parent to None, run_after=None
[2026-05-23T00:18:42.841+0000] {processor.py:183} INFO - Processing /home/airflow/.local/lib/python3.12/site-packages/airflow/example_dags/example_external_task_marker_dag.py took 0.064 seconds
[2026-05-23T00:19:13.843+0000] {processor.py:161} INFO - Started process (PID=844) to work on /home/airflow/.local/lib/python3.12/site-packages/airflow/example_dags/example_external_task_marker_dag.py
[2026-05-23T00:19:13.843+0000] {processor.py:830} INFO - Processing file /home/airflow/.local/lib/python3.12/site-packages/airflow/example_dags/example_external_task_marker_dag.py for tasks to queue
[2026-05-23T00:19:13.845+0000] {logging_mixin.py:188} INFO - [2026-05-23T00:19:13.845+0000] {dagbag.py:545} INFO - Filling up the DagBag from /home/airflow/.local/lib/python3.12/site-packages/airflow/example_dags/example_external_task_marker_dag.py
[2026-05-23T00:19:13.849+0000] {processor.py:840} INFO - DAG(s) 'example_external_task_marker_child', 'example_external_task_marker_parent' retrieved from /home/airflow/.local/lib/python3.12/site-packages/airflow/example_dags/example_external_task_marker_dag.py
[2026-05-23T00:19:13.868+0000] {logging_mixin.py:188} INFO - [2026-05-23T00:19:13.868+0000] {dag.py:3096} INFO - Sync 2 DAGs
[2026-05-23T00:19:13.880+0000] {logging_mixin.py:188} INFO - [2026-05-23T00:19:13.879+0000] {dag.py:3954} INFO - Setting next_dagrun for example_external_task_marker_child to None, run_after=None
[2026-05-23T00:19:13.882+0000] {logging_mixin.py:188} INFO - [2026-05-23T00:19:13.882+0000] {dag.py:3954} INFO - Setting next_dagrun for example_external_task_marker_parent to None, run_after=None
[2026-05-23T00:19:13.900+0000] {processor.py:183} INFO - Processing /home/airflow/.local/lib/python3.12/site-packages/airflow/example_dags/example_external_task_marker_dag.py took 0.062 seconds
[2026-05-23T00:19:44.525+0000] {processor.py:161} INFO - Started process (PID=903) to work on /home/airflow/.local/lib/python3.12/site-packages/airflow/example_dags/example_external_task_marker_dag.py
[2026-05-23T00:19:44.527+0000] {processor.py:830} INFO - Processing file /home/airflow/.local/lib/python3.12/site-packages/airflow/example_dags/example_external_task_marker_dag.py for tasks to queue
[2026-05-23T00:19:44.531+0000] {logging_mixin.py:188} INFO - [2026-05-23T00:19:44.530+0000] {dagbag.py:545} INFO - Filling up the DagBag from /home/airflow/.local/lib/python3.12/site-packages/airflow/example_dags/example_external_task_marker_dag.py
[2026-05-23T00:19:44.538+0000] {processor.py:840} INFO - DAG(s) 'example_external_task_marker_child', 'example_external_task_marker_parent' retrieved from /home/airflow/.local/lib/python3.12/site-packages/airflow/example_dags/example_external_task_marker_dag.py
[2026-05-23T00:19:44.577+0000] {logging_mixin.py:188} INFO - [2026-05-23T00:19:44.576+0000] {dag.py:3096} INFO - Sync 2 DAGs
[2026-05-23T00:19:44.595+0000] {logging_mixin.py:188} INFO - [2026-05-23T00:19:44.594+0000] {dag.py:3954} INFO - Setting next_dagrun for example_external_task_marker_child to None, run_after=None
[2026-05-23T00:19:44.601+0000] {logging_mixin.py:188} INFO - [2026-05-23T00:19:44.601+0000] {dag.py:3954} INFO - Setting next_dagrun for example_external_task_marker_parent to None, run_after=None
[2026-05-23T00:19:44.627+0000] {processor.py:183} INFO - Processing /home/airflow/.local/lib/python3.12/site-packages/airflow/example_dags/example_external_task_marker_dag.py took 0.112 seconds
[2026-05-23T00:20:15.074+0000] {processor.py:161} INFO - Started process (PID=962) to work on /home/airflow/.local/lib/python3.12/site-packages/airflow/example_dags/example_external_task_marker_dag.py
[2026-05-23T00:20:15.075+0000] {processor.py:830} INFO - Processing file /home/airflow/.local/lib/python3.12/site-packages/airflow/example_dags/example_external_task_marker_dag.py for tasks to queue
[2026-05-23T00:20:15.077+0000] {logging_mixin.py:188} INFO - [2026-05-23T00:20:15.077+0000] {dagbag.py:545} INFO - Filling up the DagBag from /home/airflow/.local/lib/python3.12/site-packages/airflow/example_dags/example_external_task_marker_dag.py
[2026-05-23T00:20:15.081+0000] {processor.py:840} INFO - DAG(s) 'example_external_task_marker_parent', 'example_external_task_marker_child' retrieved from /home/airflow/.local/lib/python3.12/site-packages/airflow/example_dags/example_external_task_marker_dag.py
[2026-05-23T00:20:15.103+0000] {logging_mixin.py:188} INFO - [2026-05-23T00:20:15.103+0000] {dag.py:3096} INFO - Sync 2 DAGs
[2026-05-23T00:20:15.113+0000] {logging_mixin.py:188} INFO - [2026-05-23T00:20:15.113+0000] {dag.py:3954} INFO - Setting next_dagrun for example_external_task_marker_child to None, run_after=None
[2026-05-23T00:20:15.116+0000] {logging_mixin.py:188} INFO - [2026-05-23T00:20:15.116+0000] {dag.py:3954} INFO - Setting next_dagrun for example_external_task_marker_parent to None, run_after=None
[2026-05-23T00:20:15.131+0000] {processor.py:183} INFO - Processing /home/airflow/.local/lib/python3.12/site-packages/airflow/example_dags/example_external_task_marker_dag.py took 0.062 seconds
