[2026-05-23T00:00:27.228+0000] {processor.py:161} INFO - Started process (PID=2326) to work on /home/airflow/.local/lib/python3.12/site-packages/airflow/example_dags/example_branch_labels.py
[2026-05-23T00:00:27.229+0000] {processor.py:830} INFO - Processing file /home/airflow/.local/lib/python3.12/site-packages/airflow/example_dags/example_branch_labels.py for tasks to queue
[2026-05-23T00:00:27.230+0000] {logging_mixin.py:188} INFO - [2026-05-23T00:00:27.230+0000] {dagbag.py:545} INFO - Filling up the DagBag from /home/airflow/.local/lib/python3.12/site-packages/airflow/example_dags/example_branch_labels.py
[2026-05-23T00:00:27.235+0000] {processor.py:840} INFO - DAG(s) 'example_branch_labels' retrieved from /home/airflow/.local/lib/python3.12/site-packages/airflow/example_dags/example_branch_labels.py
[2026-05-23T00:00:27.250+0000] {logging_mixin.py:188} INFO - [2026-05-23T00:00:27.250+0000] {dag.py:3096} INFO - Sync 1 DAGs
[2026-05-23T00:00:27.265+0000] {logging_mixin.py:188} INFO - [2026-05-23T00:00:27.265+0000] {dag.py:3954} INFO - Setting next_dagrun for example_branch_labels to 2026-05-22 00:00:00+00:00, run_after=2026-05-23 00:00:00+00:00
[2026-05-23T00:00:27.276+0000] {processor.py:183} INFO - Processing /home/airflow/.local/lib/python3.12/site-packages/airflow/example_dags/example_branch_labels.py took 0.052 seconds
[2026-05-23T00:00:57.503+0000] {processor.py:161} INFO - Started process (PID=2385) to work on /home/airflow/.local/lib/python3.12/site-packages/airflow/example_dags/example_branch_labels.py
[2026-05-23T00:00:57.504+0000] {processor.py:830} INFO - Processing file /home/airflow/.local/lib/python3.12/site-packages/airflow/example_dags/example_branch_labels.py for tasks to queue
[2026-05-23T00:00:57.505+0000] {logging_mixin.py:188} INFO - [2026-05-23T00:00:57.505+0000] {dagbag.py:545} INFO - Filling up the DagBag from /home/airflow/.local/lib/python3.12/site-packages/airflow/example_dags/example_branch_labels.py
[2026-05-23T00:00:57.511+0000] {processor.py:840} INFO - DAG(s) 'example_branch_labels' retrieved from /home/airflow/.local/lib/python3.12/site-packages/airflow/example_dags/example_branch_labels.py
[2026-05-23T00:00:57.532+0000] {logging_mixin.py:188} INFO - [2026-05-23T00:00:57.532+0000] {dag.py:3096} INFO - Sync 1 DAGs
[2026-05-23T00:00:57.546+0000] {logging_mixin.py:188} INFO - [2026-05-23T00:00:57.546+0000] {dag.py:3954} INFO - Setting next_dagrun for example_branch_labels to 2026-05-22 00:00:00+00:00, run_after=2026-05-23 00:00:00+00:00
[2026-05-23T00:00:57.561+0000] {processor.py:183} INFO - Processing /home/airflow/.local/lib/python3.12/site-packages/airflow/example_dags/example_branch_labels.py took 0.063 seconds
[2026-05-23T00:01:27.644+0000] {processor.py:161} INFO - Started process (PID=2444) to work on /home/airflow/.local/lib/python3.12/site-packages/airflow/example_dags/example_branch_labels.py
[2026-05-23T00:01:27.645+0000] {processor.py:830} INFO - Processing file /home/airflow/.local/lib/python3.12/site-packages/airflow/example_dags/example_branch_labels.py for tasks to queue
[2026-05-23T00:01:27.646+0000] {logging_mixin.py:188} INFO - [2026-05-23T00:01:27.646+0000] {dagbag.py:545} INFO - Filling up the DagBag from /home/airflow/.local/lib/python3.12/site-packages/airflow/example_dags/example_branch_labels.py
[2026-05-23T00:01:27.651+0000] {processor.py:840} INFO - DAG(s) 'example_branch_labels' retrieved from /home/airflow/.local/lib/python3.12/site-packages/airflow/example_dags/example_branch_labels.py
[2026-05-23T00:01:27.670+0000] {logging_mixin.py:188} INFO - [2026-05-23T00:01:27.670+0000] {dag.py:3096} INFO - Sync 1 DAGs
[2026-05-23T00:01:27.688+0000] {logging_mixin.py:188} INFO - [2026-05-23T00:01:27.688+0000] {dag.py:3954} INFO - Setting next_dagrun for example_branch_labels to 2026-05-22 00:00:00+00:00, run_after=2026-05-23 00:00:00+00:00
[2026-05-23T00:01:27.704+0000] {processor.py:183} INFO - Processing /home/airflow/.local/lib/python3.12/site-packages/airflow/example_dags/example_branch_labels.py took 0.065 seconds
