[2026-05-23T00:00:23.831+0000] {processor.py:161} INFO - Started process (PID=2317) to work on /home/airflow/.local/lib/python3.12/site-packages/airflow/example_dags/tutorial_dag.py
[2026-05-23T00:00:23.831+0000] {processor.py:830} INFO - Processing file /home/airflow/.local/lib/python3.12/site-packages/airflow/example_dags/tutorial_dag.py for tasks to queue
[2026-05-23T00:00:23.833+0000] {logging_mixin.py:188} INFO - [2026-05-23T00:00:23.832+0000] {dagbag.py:545} INFO - Filling up the DagBag from /home/airflow/.local/lib/python3.12/site-packages/airflow/example_dags/tutorial_dag.py
[2026-05-23T00:00:23.836+0000] {processor.py:840} INFO - DAG(s) 'tutorial_dag' retrieved from /home/airflow/.local/lib/python3.12/site-packages/airflow/example_dags/tutorial_dag.py
[2026-05-23T00:00:23.849+0000] {logging_mixin.py:188} INFO - [2026-05-23T00:00:23.849+0000] {dag.py:3096} INFO - Sync 1 DAGs
[2026-05-23T00:00:23.857+0000] {logging_mixin.py:188} INFO - [2026-05-23T00:00:23.857+0000] {dag.py:3954} INFO - Setting next_dagrun for tutorial_dag to None, run_after=None
[2026-05-23T00:00:23.867+0000] {processor.py:183} INFO - Processing /home/airflow/.local/lib/python3.12/site-packages/airflow/example_dags/tutorial_dag.py took 0.041 seconds
[2026-05-23T00:00:55.102+0000] {processor.py:161} INFO - Started process (PID=2376) to work on /home/airflow/.local/lib/python3.12/site-packages/airflow/example_dags/tutorial_dag.py
[2026-05-23T00:00:55.103+0000] {processor.py:830} INFO - Processing file /home/airflow/.local/lib/python3.12/site-packages/airflow/example_dags/tutorial_dag.py for tasks to queue
[2026-05-23T00:00:55.104+0000] {logging_mixin.py:188} INFO - [2026-05-23T00:00:55.104+0000] {dagbag.py:545} INFO - Filling up the DagBag from /home/airflow/.local/lib/python3.12/site-packages/airflow/example_dags/tutorial_dag.py
[2026-05-23T00:00:55.109+0000] {processor.py:840} INFO - DAG(s) 'tutorial_dag' retrieved from /home/airflow/.local/lib/python3.12/site-packages/airflow/example_dags/tutorial_dag.py
[2026-05-23T00:00:55.124+0000] {logging_mixin.py:188} INFO - [2026-05-23T00:00:55.123+0000] {dag.py:3096} INFO - Sync 1 DAGs
[2026-05-23T00:00:55.134+0000] {logging_mixin.py:188} INFO - [2026-05-23T00:00:55.134+0000] {dag.py:3954} INFO - Setting next_dagrun for tutorial_dag to None, run_after=None
[2026-05-23T00:00:55.149+0000] {processor.py:183} INFO - Processing /home/airflow/.local/lib/python3.12/site-packages/airflow/example_dags/tutorial_dag.py took 0.052 seconds
[2026-05-23T00:01:25.187+0000] {processor.py:161} INFO - Started process (PID=2435) to work on /home/airflow/.local/lib/python3.12/site-packages/airflow/example_dags/tutorial_dag.py
[2026-05-23T00:01:25.188+0000] {processor.py:830} INFO - Processing file /home/airflow/.local/lib/python3.12/site-packages/airflow/example_dags/tutorial_dag.py for tasks to queue
[2026-05-23T00:01:25.189+0000] {logging_mixin.py:188} INFO - [2026-05-23T00:01:25.189+0000] {dagbag.py:545} INFO - Filling up the DagBag from /home/airflow/.local/lib/python3.12/site-packages/airflow/example_dags/tutorial_dag.py
[2026-05-23T00:01:25.193+0000] {processor.py:840} INFO - DAG(s) 'tutorial_dag' retrieved from /home/airflow/.local/lib/python3.12/site-packages/airflow/example_dags/tutorial_dag.py
[2026-05-23T00:01:25.205+0000] {logging_mixin.py:188} INFO - [2026-05-23T00:01:25.205+0000] {dag.py:3096} INFO - Sync 1 DAGs
[2026-05-23T00:01:25.213+0000] {logging_mixin.py:188} INFO - [2026-05-23T00:01:25.213+0000] {dag.py:3954} INFO - Setting next_dagrun for tutorial_dag to None, run_after=None
[2026-05-23T00:01:25.225+0000] {processor.py:183} INFO - Processing /home/airflow/.local/lib/python3.12/site-packages/airflow/example_dags/tutorial_dag.py took 0.042 seconds
[2026-05-23T00:01:55.328+0000] {processor.py:161} INFO - Started process (PID=2494) to work on /home/airflow/.local/lib/python3.12/site-packages/airflow/example_dags/tutorial_dag.py
[2026-05-23T00:01:55.328+0000] {processor.py:830} INFO - Processing file /home/airflow/.local/lib/python3.12/site-packages/airflow/example_dags/tutorial_dag.py for tasks to queue
[2026-05-23T00:01:55.330+0000] {logging_mixin.py:188} INFO - [2026-05-23T00:01:55.330+0000] {dagbag.py:545} INFO - Filling up the DagBag from /home/airflow/.local/lib/python3.12/site-packages/airflow/example_dags/tutorial_dag.py
[2026-05-23T00:01:55.334+0000] {processor.py:840} INFO - DAG(s) 'tutorial_dag' retrieved from /home/airflow/.local/lib/python3.12/site-packages/airflow/example_dags/tutorial_dag.py
[2026-05-23T00:01:55.349+0000] {logging_mixin.py:188} INFO - [2026-05-23T00:01:55.349+0000] {dag.py:3096} INFO - Sync 1 DAGs
[2026-05-23T00:01:55.358+0000] {logging_mixin.py:188} INFO - [2026-05-23T00:01:55.357+0000] {dag.py:3954} INFO - Setting next_dagrun for tutorial_dag to None, run_after=None
[2026-05-23T00:01:55.368+0000] {processor.py:183} INFO - Processing /home/airflow/.local/lib/python3.12/site-packages/airflow/example_dags/tutorial_dag.py took 0.045 seconds
[2026-05-23T00:02:25.677+0000] {processor.py:161} INFO - Started process (PID=2553) to work on /home/airflow/.local/lib/python3.12/site-packages/airflow/example_dags/tutorial_dag.py
[2026-05-23T00:02:25.679+0000] {processor.py:830} INFO - Processing file /home/airflow/.local/lib/python3.12/site-packages/airflow/example_dags/tutorial_dag.py for tasks to queue
[2026-05-23T00:02:25.681+0000] {logging_mixin.py:188} INFO - [2026-05-23T00:02:25.680+0000] {dagbag.py:545} INFO - Filling up the DagBag from /home/airflow/.local/lib/python3.12/site-packages/airflow/example_dags/tutorial_dag.py
[2026-05-23T00:02:25.688+0000] {processor.py:840} INFO - DAG(s) 'tutorial_dag' retrieved from /home/airflow/.local/lib/python3.12/site-packages/airflow/example_dags/tutorial_dag.py
[2026-05-23T00:02:25.716+0000] {logging_mixin.py:188} INFO - [2026-05-23T00:02:25.716+0000] {dag.py:3096} INFO - Sync 1 DAGs
[2026-05-23T00:02:25.736+0000] {logging_mixin.py:188} INFO - [2026-05-23T00:02:25.736+0000] {dag.py:3954} INFO - Setting next_dagrun for tutorial_dag to None, run_after=None
[2026-05-23T00:02:25.760+0000] {processor.py:183} INFO - Processing /home/airflow/.local/lib/python3.12/site-packages/airflow/example_dags/tutorial_dag.py took 0.090 seconds
[2026-05-23T00:02:55.831+0000] {processor.py:161} INFO - Started process (PID=2612) to work on /home/airflow/.local/lib/python3.12/site-packages/airflow/example_dags/tutorial_dag.py
[2026-05-23T00:02:55.833+0000] {processor.py:830} INFO - Processing file /home/airflow/.local/lib/python3.12/site-packages/airflow/example_dags/tutorial_dag.py for tasks to queue
[2026-05-23T00:02:55.835+0000] {logging_mixin.py:188} INFO - [2026-05-23T00:02:55.834+0000] {dagbag.py:545} INFO - Filling up the DagBag from /home/airflow/.local/lib/python3.12/site-packages/airflow/example_dags/tutorial_dag.py
[2026-05-23T00:02:55.839+0000] {processor.py:840} INFO - DAG(s) 'tutorial_dag' retrieved from /home/airflow/.local/lib/python3.12/site-packages/airflow/example_dags/tutorial_dag.py
[2026-05-23T00:02:55.859+0000] {logging_mixin.py:188} INFO - [2026-05-23T00:02:55.858+0000] {dag.py:3096} INFO - Sync 1 DAGs
[2026-05-23T00:02:55.867+0000] {logging_mixin.py:188} INFO - [2026-05-23T00:02:55.867+0000] {dag.py:3954} INFO - Setting next_dagrun for tutorial_dag to None, run_after=None
[2026-05-23T00:02:55.882+0000] {processor.py:183} INFO - Processing /home/airflow/.local/lib/python3.12/site-packages/airflow/example_dags/tutorial_dag.py took 0.056 seconds
[2026-05-23T00:03:26.555+0000] {processor.py:161} INFO - Started process (PID=2671) to work on /home/airflow/.local/lib/python3.12/site-packages/airflow/example_dags/tutorial_dag.py
[2026-05-23T00:03:26.555+0000] {processor.py:830} INFO - Processing file /home/airflow/.local/lib/python3.12/site-packages/airflow/example_dags/tutorial_dag.py for tasks to queue
[2026-05-23T00:03:26.561+0000] {logging_mixin.py:188} INFO - [2026-05-23T00:03:26.560+0000] {dagbag.py:545} INFO - Filling up the DagBag from /home/airflow/.local/lib/python3.12/site-packages/airflow/example_dags/tutorial_dag.py
[2026-05-23T00:03:26.569+0000] {processor.py:840} INFO - DAG(s) 'tutorial_dag' retrieved from /home/airflow/.local/lib/python3.12/site-packages/airflow/example_dags/tutorial_dag.py
[2026-05-23T00:03:26.590+0000] {logging_mixin.py:188} INFO - [2026-05-23T00:03:26.590+0000] {dag.py:3096} INFO - Sync 1 DAGs
[2026-05-23T00:03:26.598+0000] {logging_mixin.py:188} INFO - [2026-05-23T00:03:26.598+0000] {dag.py:3954} INFO - Setting next_dagrun for tutorial_dag to None, run_after=None
[2026-05-23T00:03:26.618+0000] {processor.py:183} INFO - Processing /home/airflow/.local/lib/python3.12/site-packages/airflow/example_dags/tutorial_dag.py took 0.069 seconds
[2026-05-23T00:03:57.312+0000] {processor.py:161} INFO - Started process (PID=2730) to work on /home/airflow/.local/lib/python3.12/site-packages/airflow/example_dags/tutorial_dag.py
[2026-05-23T00:03:57.313+0000] {processor.py:830} INFO - Processing file /home/airflow/.local/lib/python3.12/site-packages/airflow/example_dags/tutorial_dag.py for tasks to queue
[2026-05-23T00:03:57.315+0000] {logging_mixin.py:188} INFO - [2026-05-23T00:03:57.315+0000] {dagbag.py:545} INFO - Filling up the DagBag from /home/airflow/.local/lib/python3.12/site-packages/airflow/example_dags/tutorial_dag.py
[2026-05-23T00:03:57.321+0000] {processor.py:840} INFO - DAG(s) 'tutorial_dag' retrieved from /home/airflow/.local/lib/python3.12/site-packages/airflow/example_dags/tutorial_dag.py
[2026-05-23T00:03:57.350+0000] {logging_mixin.py:188} INFO - [2026-05-23T00:03:57.350+0000] {dag.py:3096} INFO - Sync 1 DAGs
[2026-05-23T00:03:57.365+0000] {logging_mixin.py:188} INFO - [2026-05-23T00:03:57.365+0000] {dag.py:3954} INFO - Setting next_dagrun for tutorial_dag to None, run_after=None
[2026-05-23T00:03:57.388+0000] {processor.py:183} INFO - Processing /home/airflow/.local/lib/python3.12/site-packages/airflow/example_dags/tutorial_dag.py took 0.080 seconds
[2026-05-23T00:04:27.807+0000] {processor.py:161} INFO - Started process (PID=2789) to work on /home/airflow/.local/lib/python3.12/site-packages/airflow/example_dags/tutorial_dag.py
[2026-05-23T00:04:27.808+0000] {processor.py:830} INFO - Processing file /home/airflow/.local/lib/python3.12/site-packages/airflow/example_dags/tutorial_dag.py for tasks to queue
[2026-05-23T00:04:27.809+0000] {logging_mixin.py:188} INFO - [2026-05-23T00:04:27.809+0000] {dagbag.py:545} INFO - Filling up the DagBag from /home/airflow/.local/lib/python3.12/site-packages/airflow/example_dags/tutorial_dag.py
[2026-05-23T00:04:27.813+0000] {processor.py:840} INFO - DAG(s) 'tutorial_dag' retrieved from /home/airflow/.local/lib/python3.12/site-packages/airflow/example_dags/tutorial_dag.py
[2026-05-23T00:04:27.829+0000] {logging_mixin.py:188} INFO - [2026-05-23T00:04:27.828+0000] {dag.py:3096} INFO - Sync 1 DAGs
[2026-05-23T00:04:27.839+0000] {logging_mixin.py:188} INFO - [2026-05-23T00:04:27.839+0000] {dag.py:3954} INFO - Setting next_dagrun for tutorial_dag to None, run_after=None
[2026-05-23T00:04:27.862+0000] {processor.py:183} INFO - Processing /home/airflow/.local/lib/python3.12/site-packages/airflow/example_dags/tutorial_dag.py took 0.059 seconds
[2026-05-23T00:04:58.224+0000] {processor.py:161} INFO - Started process (PID=2848) to work on /home/airflow/.local/lib/python3.12/site-packages/airflow/example_dags/tutorial_dag.py
[2026-05-23T00:04:58.225+0000] {processor.py:830} INFO - Processing file /home/airflow/.local/lib/python3.12/site-packages/airflow/example_dags/tutorial_dag.py for tasks to queue
[2026-05-23T00:04:58.227+0000] {logging_mixin.py:188} INFO - [2026-05-23T00:04:58.226+0000] {dagbag.py:545} INFO - Filling up the DagBag from /home/airflow/.local/lib/python3.12/site-packages/airflow/example_dags/tutorial_dag.py
[2026-05-23T00:04:58.232+0000] {processor.py:840} INFO - DAG(s) 'tutorial_dag' retrieved from /home/airflow/.local/lib/python3.12/site-packages/airflow/example_dags/tutorial_dag.py
[2026-05-23T00:04:58.256+0000] {logging_mixin.py:188} INFO - [2026-05-23T00:04:58.256+0000] {dag.py:3096} INFO - Sync 1 DAGs
[2026-05-23T00:04:58.268+0000] {logging_mixin.py:188} INFO - [2026-05-23T00:04:58.268+0000] {dag.py:3954} INFO - Setting next_dagrun for tutorial_dag to None, run_after=None
[2026-05-23T00:04:58.290+0000] {processor.py:183} INFO - Processing /home/airflow/.local/lib/python3.12/site-packages/airflow/example_dags/tutorial_dag.py took 0.072 seconds
[2026-05-23T00:05:28.329+0000] {processor.py:161} INFO - Started process (PID=2907) to work on /home/airflow/.local/lib/python3.12/site-packages/airflow/example_dags/tutorial_dag.py
[2026-05-23T00:05:28.329+0000] {processor.py:830} INFO - Processing file /home/airflow/.local/lib/python3.12/site-packages/airflow/example_dags/tutorial_dag.py for tasks to queue
[2026-05-23T00:05:28.331+0000] {logging_mixin.py:188} INFO - [2026-05-23T00:05:28.331+0000] {dagbag.py:545} INFO - Filling up the DagBag from /home/airflow/.local/lib/python3.12/site-packages/airflow/example_dags/tutorial_dag.py
[2026-05-23T00:05:28.336+0000] {processor.py:840} INFO - DAG(s) 'tutorial_dag' retrieved from /home/airflow/.local/lib/python3.12/site-packages/airflow/example_dags/tutorial_dag.py
[2026-05-23T00:05:28.359+0000] {logging_mixin.py:188} INFO - [2026-05-23T00:05:28.359+0000] {dag.py:3096} INFO - Sync 1 DAGs
[2026-05-23T00:05:28.375+0000] {logging_mixin.py:188} INFO - [2026-05-23T00:05:28.375+0000] {dag.py:3954} INFO - Setting next_dagrun for tutorial_dag to None, run_after=None
[2026-05-23T00:05:28.390+0000] {processor.py:183} INFO - Processing /home/airflow/.local/lib/python3.12/site-packages/airflow/example_dags/tutorial_dag.py took 0.066 seconds
[2026-05-23T00:05:58.710+0000] {processor.py:161} INFO - Started process (PID=2966) to work on /home/airflow/.local/lib/python3.12/site-packages/airflow/example_dags/tutorial_dag.py
[2026-05-23T00:05:58.711+0000] {processor.py:830} INFO - Processing file /home/airflow/.local/lib/python3.12/site-packages/airflow/example_dags/tutorial_dag.py for tasks to queue
[2026-05-23T00:05:58.713+0000] {logging_mixin.py:188} INFO - [2026-05-23T00:05:58.713+0000] {dagbag.py:545} INFO - Filling up the DagBag from /home/airflow/.local/lib/python3.12/site-packages/airflow/example_dags/tutorial_dag.py
[2026-05-23T00:05:58.723+0000] {processor.py:840} INFO - DAG(s) 'tutorial_dag' retrieved from /home/airflow/.local/lib/python3.12/site-packages/airflow/example_dags/tutorial_dag.py
[2026-05-23T00:05:58.743+0000] {logging_mixin.py:188} INFO - [2026-05-23T00:05:58.743+0000] {dag.py:3096} INFO - Sync 1 DAGs
[2026-05-23T00:05:58.752+0000] {logging_mixin.py:188} INFO - [2026-05-23T00:05:58.751+0000] {dag.py:3954} INFO - Setting next_dagrun for tutorial_dag to None, run_after=None
[2026-05-23T00:05:58.766+0000] {processor.py:183} INFO - Processing /home/airflow/.local/lib/python3.12/site-packages/airflow/example_dags/tutorial_dag.py took 0.061 seconds
[2026-05-23T00:06:29.315+0000] {processor.py:161} INFO - Started process (PID=3025) to work on /home/airflow/.local/lib/python3.12/site-packages/airflow/example_dags/tutorial_dag.py
[2026-05-23T00:06:29.318+0000] {processor.py:830} INFO - Processing file /home/airflow/.local/lib/python3.12/site-packages/airflow/example_dags/tutorial_dag.py for tasks to queue
[2026-05-23T00:06:29.319+0000] {logging_mixin.py:188} INFO - [2026-05-23T00:06:29.319+0000] {dagbag.py:545} INFO - Filling up the DagBag from /home/airflow/.local/lib/python3.12/site-packages/airflow/example_dags/tutorial_dag.py
[2026-05-23T00:06:29.323+0000] {processor.py:840} INFO - DAG(s) 'tutorial_dag' retrieved from /home/airflow/.local/lib/python3.12/site-packages/airflow/example_dags/tutorial_dag.py
[2026-05-23T00:06:29.347+0000] {logging_mixin.py:188} INFO - [2026-05-23T00:06:29.347+0000] {dag.py:3096} INFO - Sync 1 DAGs
[2026-05-23T00:06:29.357+0000] {logging_mixin.py:188} INFO - [2026-05-23T00:06:29.357+0000] {dag.py:3954} INFO - Setting next_dagrun for tutorial_dag to None, run_after=None
[2026-05-23T00:06:29.368+0000] {processor.py:183} INFO - Processing /home/airflow/.local/lib/python3.12/site-packages/airflow/example_dags/tutorial_dag.py took 0.057 seconds
[2026-05-23T00:07:00.981+0000] {processor.py:161} INFO - Started process (PID=3084) to work on /home/airflow/.local/lib/python3.12/site-packages/airflow/example_dags/tutorial_dag.py
[2026-05-23T00:07:00.984+0000] {processor.py:830} INFO - Processing file /home/airflow/.local/lib/python3.12/site-packages/airflow/example_dags/tutorial_dag.py for tasks to queue
[2026-05-23T00:07:01.000+0000] {logging_mixin.py:188} INFO - [2026-05-23T00:07:00.999+0000] {dagbag.py:545} INFO - Filling up the DagBag from /home/airflow/.local/lib/python3.12/site-packages/airflow/example_dags/tutorial_dag.py
[2026-05-23T00:07:01.028+0000] {processor.py:840} INFO - DAG(s) 'tutorial_dag' retrieved from /home/airflow/.local/lib/python3.12/site-packages/airflow/example_dags/tutorial_dag.py
[2026-05-23T00:07:01.078+0000] {logging_mixin.py:188} INFO - [2026-05-23T00:07:01.078+0000] {dag.py:3096} INFO - Sync 1 DAGs
[2026-05-23T00:07:01.092+0000] {logging_mixin.py:188} INFO - [2026-05-23T00:07:01.091+0000] {dag.py:3954} INFO - Setting next_dagrun for tutorial_dag to None, run_after=None
[2026-05-23T00:07:01.128+0000] {processor.py:183} INFO - Processing /home/airflow/.local/lib/python3.12/site-packages/airflow/example_dags/tutorial_dag.py took 0.166 seconds
[2026-05-23T00:07:31.907+0000] {processor.py:161} INFO - Started process (PID=3143) to work on /home/airflow/.local/lib/python3.12/site-packages/airflow/example_dags/tutorial_dag.py
[2026-05-23T00:07:31.907+0000] {processor.py:830} INFO - Processing file /home/airflow/.local/lib/python3.12/site-packages/airflow/example_dags/tutorial_dag.py for tasks to queue
[2026-05-23T00:07:31.909+0000] {logging_mixin.py:188} INFO - [2026-05-23T00:07:31.909+0000] {dagbag.py:545} INFO - Filling up the DagBag from /home/airflow/.local/lib/python3.12/site-packages/airflow/example_dags/tutorial_dag.py
[2026-05-23T00:07:31.914+0000] {processor.py:840} INFO - DAG(s) 'tutorial_dag' retrieved from /home/airflow/.local/lib/python3.12/site-packages/airflow/example_dags/tutorial_dag.py
[2026-05-23T00:07:31.930+0000] {logging_mixin.py:188} INFO - [2026-05-23T00:07:31.930+0000] {dag.py:3096} INFO - Sync 1 DAGs
[2026-05-23T00:07:31.943+0000] {logging_mixin.py:188} INFO - [2026-05-23T00:07:31.942+0000] {dag.py:3954} INFO - Setting next_dagrun for tutorial_dag to None, run_after=None
[2026-05-23T00:07:31.955+0000] {processor.py:183} INFO - Processing /home/airflow/.local/lib/python3.12/site-packages/airflow/example_dags/tutorial_dag.py took 0.053 seconds
[2026-05-23T00:08:02.048+0000] {processor.py:161} INFO - Started process (PID=3202) to work on /home/airflow/.local/lib/python3.12/site-packages/airflow/example_dags/tutorial_dag.py
[2026-05-23T00:08:02.050+0000] {processor.py:830} INFO - Processing file /home/airflow/.local/lib/python3.12/site-packages/airflow/example_dags/tutorial_dag.py for tasks to queue
[2026-05-23T00:08:02.051+0000] {logging_mixin.py:188} INFO - [2026-05-23T00:08:02.051+0000] {dagbag.py:545} INFO - Filling up the DagBag from /home/airflow/.local/lib/python3.12/site-packages/airflow/example_dags/tutorial_dag.py
[2026-05-23T00:08:02.055+0000] {processor.py:840} INFO - DAG(s) 'tutorial_dag' retrieved from /home/airflow/.local/lib/python3.12/site-packages/airflow/example_dags/tutorial_dag.py
[2026-05-23T00:08:02.076+0000] {logging_mixin.py:188} INFO - [2026-05-23T00:08:02.076+0000] {dag.py:3096} INFO - Sync 1 DAGs
[2026-05-23T00:08:02.087+0000] {logging_mixin.py:188} INFO - [2026-05-23T00:08:02.087+0000] {dag.py:3954} INFO - Setting next_dagrun for tutorial_dag to None, run_after=None
[2026-05-23T00:08:02.103+0000] {processor.py:183} INFO - Processing /home/airflow/.local/lib/python3.12/site-packages/airflow/example_dags/tutorial_dag.py took 0.060 seconds
[2026-05-23T00:08:32.180+0000] {processor.py:161} INFO - Started process (PID=3261) to work on /home/airflow/.local/lib/python3.12/site-packages/airflow/example_dags/tutorial_dag.py
[2026-05-23T00:08:32.181+0000] {processor.py:830} INFO - Processing file /home/airflow/.local/lib/python3.12/site-packages/airflow/example_dags/tutorial_dag.py for tasks to queue
[2026-05-23T00:08:32.182+0000] {logging_mixin.py:188} INFO - [2026-05-23T00:08:32.182+0000] {dagbag.py:545} INFO - Filling up the DagBag from /home/airflow/.local/lib/python3.12/site-packages/airflow/example_dags/tutorial_dag.py
[2026-05-23T00:08:32.186+0000] {processor.py:840} INFO - DAG(s) 'tutorial_dag' retrieved from /home/airflow/.local/lib/python3.12/site-packages/airflow/example_dags/tutorial_dag.py
[2026-05-23T00:08:32.209+0000] {logging_mixin.py:188} INFO - [2026-05-23T00:08:32.209+0000] {dag.py:3096} INFO - Sync 1 DAGs
[2026-05-23T00:08:32.217+0000] {logging_mixin.py:188} INFO - [2026-05-23T00:08:32.217+0000] {dag.py:3954} INFO - Setting next_dagrun for tutorial_dag to None, run_after=None
[2026-05-23T00:08:32.236+0000] {processor.py:183} INFO - Processing /home/airflow/.local/lib/python3.12/site-packages/airflow/example_dags/tutorial_dag.py took 0.060 seconds
[2026-05-23T00:09:02.546+0000] {processor.py:161} INFO - Started process (PID=3320) to work on /home/airflow/.local/lib/python3.12/site-packages/airflow/example_dags/tutorial_dag.py
[2026-05-23T00:09:02.547+0000] {processor.py:830} INFO - Processing file /home/airflow/.local/lib/python3.12/site-packages/airflow/example_dags/tutorial_dag.py for tasks to queue
[2026-05-23T00:09:02.549+0000] {logging_mixin.py:188} INFO - [2026-05-23T00:09:02.548+0000] {dagbag.py:545} INFO - Filling up the DagBag from /home/airflow/.local/lib/python3.12/site-packages/airflow/example_dags/tutorial_dag.py
[2026-05-23T00:09:02.553+0000] {processor.py:840} INFO - DAG(s) 'tutorial_dag' retrieved from /home/airflow/.local/lib/python3.12/site-packages/airflow/example_dags/tutorial_dag.py
[2026-05-23T00:09:02.566+0000] {logging_mixin.py:188} INFO - [2026-05-23T00:09:02.566+0000] {dag.py:3096} INFO - Sync 1 DAGs
[2026-05-23T00:09:02.574+0000] {logging_mixin.py:188} INFO - [2026-05-23T00:09:02.574+0000] {dag.py:3954} INFO - Setting next_dagrun for tutorial_dag to None, run_after=None
[2026-05-23T00:09:02.584+0000] {processor.py:183} INFO - Processing /home/airflow/.local/lib/python3.12/site-packages/airflow/example_dags/tutorial_dag.py took 0.042 seconds
[2026-05-23T00:09:33.008+0000] {processor.py:161} INFO - Started process (PID=3379) to work on /home/airflow/.local/lib/python3.12/site-packages/airflow/example_dags/tutorial_dag.py
[2026-05-23T00:09:33.008+0000] {processor.py:830} INFO - Processing file /home/airflow/.local/lib/python3.12/site-packages/airflow/example_dags/tutorial_dag.py for tasks to queue
[2026-05-23T00:09:33.009+0000] {logging_mixin.py:188} INFO - [2026-05-23T00:09:33.009+0000] {dagbag.py:545} INFO - Filling up the DagBag from /home/airflow/.local/lib/python3.12/site-packages/airflow/example_dags/tutorial_dag.py
[2026-05-23T00:09:33.013+0000] {processor.py:840} INFO - DAG(s) 'tutorial_dag' retrieved from /home/airflow/.local/lib/python3.12/site-packages/airflow/example_dags/tutorial_dag.py
[2026-05-23T00:09:33.030+0000] {logging_mixin.py:188} INFO - [2026-05-23T00:09:33.029+0000] {dag.py:3096} INFO - Sync 1 DAGs
[2026-05-23T00:09:33.040+0000] {logging_mixin.py:188} INFO - [2026-05-23T00:09:33.040+0000] {dag.py:3954} INFO - Setting next_dagrun for tutorial_dag to None, run_after=None
[2026-05-23T00:09:33.056+0000] {processor.py:183} INFO - Processing /home/airflow/.local/lib/python3.12/site-packages/airflow/example_dags/tutorial_dag.py took 0.053 seconds
[2026-05-23T00:12:33.208+0000] {processor.py:161} INFO - Started process (PID=65) to work on /home/airflow/.local/lib/python3.12/site-packages/airflow/example_dags/tutorial_dag.py
[2026-05-23T00:12:33.213+0000] {processor.py:830} INFO - Processing file /home/airflow/.local/lib/python3.12/site-packages/airflow/example_dags/tutorial_dag.py for tasks to queue
[2026-05-23T00:12:33.218+0000] {logging_mixin.py:188} INFO - [2026-05-23T00:12:33.217+0000] {dagbag.py:545} INFO - Filling up the DagBag from /home/airflow/.local/lib/python3.12/site-packages/airflow/example_dags/tutorial_dag.py
[2026-05-23T00:12:33.230+0000] {processor.py:840} INFO - DAG(s) 'tutorial_dag' retrieved from /home/airflow/.local/lib/python3.12/site-packages/airflow/example_dags/tutorial_dag.py
[2026-05-23T00:12:33.254+0000] {logging_mixin.py:188} INFO - [2026-05-23T00:12:33.253+0000] {dag.py:3096} INFO - Sync 1 DAGs
[2026-05-23T00:12:33.273+0000] {logging_mixin.py:188} INFO - [2026-05-23T00:12:33.273+0000] {dag.py:3954} INFO - Setting next_dagrun for tutorial_dag to None, run_after=None
[2026-05-23T00:12:33.312+0000] {processor.py:183} INFO - Processing /home/airflow/.local/lib/python3.12/site-packages/airflow/example_dags/tutorial_dag.py took 0.116 seconds
[2026-05-23T00:13:04.118+0000] {processor.py:161} INFO - Started process (PID=124) to work on /home/airflow/.local/lib/python3.12/site-packages/airflow/example_dags/tutorial_dag.py
[2026-05-23T00:13:04.121+0000] {processor.py:830} INFO - Processing file /home/airflow/.local/lib/python3.12/site-packages/airflow/example_dags/tutorial_dag.py for tasks to queue
[2026-05-23T00:13:04.122+0000] {logging_mixin.py:188} INFO - [2026-05-23T00:13:04.122+0000] {dagbag.py:545} INFO - Filling up the DagBag from /home/airflow/.local/lib/python3.12/site-packages/airflow/example_dags/tutorial_dag.py
[2026-05-23T00:13:04.127+0000] {processor.py:840} INFO - DAG(s) 'tutorial_dag' retrieved from /home/airflow/.local/lib/python3.12/site-packages/airflow/example_dags/tutorial_dag.py
[2026-05-23T00:13:04.225+0000] {logging_mixin.py:188} INFO - [2026-05-23T00:13:04.224+0000] {dag.py:3096} INFO - Sync 1 DAGs
[2026-05-23T00:13:04.244+0000] {logging_mixin.py:188} INFO - [2026-05-23T00:13:04.243+0000] {dag.py:3954} INFO - Setting next_dagrun for tutorial_dag to None, run_after=None
[2026-05-23T00:13:04.282+0000] {processor.py:183} INFO - Processing /home/airflow/.local/lib/python3.12/site-packages/airflow/example_dags/tutorial_dag.py took 0.170 seconds
[2026-05-23T00:13:34.887+0000] {processor.py:161} INFO - Started process (PID=189) to work on /home/airflow/.local/lib/python3.12/site-packages/airflow/example_dags/tutorial_dag.py
[2026-05-23T00:13:34.888+0000] {processor.py:830} INFO - Processing file /home/airflow/.local/lib/python3.12/site-packages/airflow/example_dags/tutorial_dag.py for tasks to queue
[2026-05-23T00:13:34.889+0000] {logging_mixin.py:188} INFO - [2026-05-23T00:13:34.889+0000] {dagbag.py:545} INFO - Filling up the DagBag from /home/airflow/.local/lib/python3.12/site-packages/airflow/example_dags/tutorial_dag.py
[2026-05-23T00:13:34.893+0000] {processor.py:840} INFO - DAG(s) 'tutorial_dag' retrieved from /home/airflow/.local/lib/python3.12/site-packages/airflow/example_dags/tutorial_dag.py
[2026-05-23T00:13:34.906+0000] {logging_mixin.py:188} INFO - [2026-05-23T00:13:34.906+0000] {dag.py:3096} INFO - Sync 1 DAGs
[2026-05-23T00:13:34.913+0000] {logging_mixin.py:188} INFO - [2026-05-23T00:13:34.913+0000] {dag.py:3954} INFO - Setting next_dagrun for tutorial_dag to None, run_after=None
[2026-05-23T00:13:34.923+0000] {processor.py:183} INFO - Processing /home/airflow/.local/lib/python3.12/site-packages/airflow/example_dags/tutorial_dag.py took 0.040 seconds
[2026-05-23T00:14:05.801+0000] {processor.py:161} INFO - Started process (PID=248) to work on /home/airflow/.local/lib/python3.12/site-packages/airflow/example_dags/tutorial_dag.py
[2026-05-23T00:14:05.803+0000] {processor.py:830} INFO - Processing file /home/airflow/.local/lib/python3.12/site-packages/airflow/example_dags/tutorial_dag.py for tasks to queue
[2026-05-23T00:14:05.808+0000] {logging_mixin.py:188} INFO - [2026-05-23T00:14:05.807+0000] {dagbag.py:545} INFO - Filling up the DagBag from /home/airflow/.local/lib/python3.12/site-packages/airflow/example_dags/tutorial_dag.py
[2026-05-23T00:14:05.822+0000] {processor.py:840} INFO - DAG(s) 'tutorial_dag' retrieved from /home/airflow/.local/lib/python3.12/site-packages/airflow/example_dags/tutorial_dag.py
[2026-05-23T00:14:05.867+0000] {logging_mixin.py:188} INFO - [2026-05-23T00:14:05.867+0000] {dag.py:3096} INFO - Sync 1 DAGs
[2026-05-23T00:14:05.886+0000] {logging_mixin.py:188} INFO - [2026-05-23T00:14:05.886+0000] {dag.py:3954} INFO - Setting next_dagrun for tutorial_dag to None, run_after=None
[2026-05-23T00:14:05.908+0000] {processor.py:183} INFO - Processing /home/airflow/.local/lib/python3.12/site-packages/airflow/example_dags/tutorial_dag.py took 0.118 seconds
[2026-05-23T00:14:35.959+0000] {processor.py:161} INFO - Started process (PID=307) to work on /home/airflow/.local/lib/python3.12/site-packages/airflow/example_dags/tutorial_dag.py
[2026-05-23T00:14:35.960+0000] {processor.py:830} INFO - Processing file /home/airflow/.local/lib/python3.12/site-packages/airflow/example_dags/tutorial_dag.py for tasks to queue
[2026-05-23T00:14:35.961+0000] {logging_mixin.py:188} INFO - [2026-05-23T00:14:35.961+0000] {dagbag.py:545} INFO - Filling up the DagBag from /home/airflow/.local/lib/python3.12/site-packages/airflow/example_dags/tutorial_dag.py
[2026-05-23T00:14:35.965+0000] {processor.py:840} INFO - DAG(s) 'tutorial_dag' retrieved from /home/airflow/.local/lib/python3.12/site-packages/airflow/example_dags/tutorial_dag.py
[2026-05-23T00:14:35.975+0000] {logging_mixin.py:188} INFO - [2026-05-23T00:14:35.975+0000] {dag.py:3096} INFO - Sync 1 DAGs
[2026-05-23T00:14:35.983+0000] {logging_mixin.py:188} INFO - [2026-05-23T00:14:35.982+0000] {dag.py:3954} INFO - Setting next_dagrun for tutorial_dag to None, run_after=None
[2026-05-23T00:14:35.992+0000] {processor.py:183} INFO - Processing /home/airflow/.local/lib/python3.12/site-packages/airflow/example_dags/tutorial_dag.py took 0.036 seconds
[2026-05-23T00:15:06.595+0000] {processor.py:161} INFO - Started process (PID=366) to work on /home/airflow/.local/lib/python3.12/site-packages/airflow/example_dags/tutorial_dag.py
[2026-05-23T00:15:06.596+0000] {processor.py:830} INFO - Processing file /home/airflow/.local/lib/python3.12/site-packages/airflow/example_dags/tutorial_dag.py for tasks to queue
[2026-05-23T00:15:06.598+0000] {logging_mixin.py:188} INFO - [2026-05-23T00:15:06.597+0000] {dagbag.py:545} INFO - Filling up the DagBag from /home/airflow/.local/lib/python3.12/site-packages/airflow/example_dags/tutorial_dag.py
[2026-05-23T00:15:06.602+0000] {processor.py:840} INFO - DAG(s) 'tutorial_dag' retrieved from /home/airflow/.local/lib/python3.12/site-packages/airflow/example_dags/tutorial_dag.py
[2026-05-23T00:15:06.625+0000] {logging_mixin.py:188} INFO - [2026-05-23T00:15:06.625+0000] {dag.py:3096} INFO - Sync 1 DAGs
[2026-05-23T00:15:06.635+0000] {logging_mixin.py:188} INFO - [2026-05-23T00:15:06.635+0000] {dag.py:3954} INFO - Setting next_dagrun for tutorial_dag to None, run_after=None
[2026-05-23T00:15:06.649+0000] {processor.py:183} INFO - Processing /home/airflow/.local/lib/python3.12/site-packages/airflow/example_dags/tutorial_dag.py took 0.060 seconds
[2026-05-23T00:15:37.084+0000] {processor.py:161} INFO - Started process (PID=425) to work on /home/airflow/.local/lib/python3.12/site-packages/airflow/example_dags/tutorial_dag.py
[2026-05-23T00:15:37.086+0000] {processor.py:830} INFO - Processing file /home/airflow/.local/lib/python3.12/site-packages/airflow/example_dags/tutorial_dag.py for tasks to queue
[2026-05-23T00:15:37.087+0000] {logging_mixin.py:188} INFO - [2026-05-23T00:15:37.086+0000] {dagbag.py:545} INFO - Filling up the DagBag from /home/airflow/.local/lib/python3.12/site-packages/airflow/example_dags/tutorial_dag.py
[2026-05-23T00:15:37.090+0000] {processor.py:840} INFO - DAG(s) 'tutorial_dag' retrieved from /home/airflow/.local/lib/python3.12/site-packages/airflow/example_dags/tutorial_dag.py
[2026-05-23T00:15:37.109+0000] {logging_mixin.py:188} INFO - [2026-05-23T00:15:37.109+0000] {dag.py:3096} INFO - Sync 1 DAGs
[2026-05-23T00:15:37.118+0000] {logging_mixin.py:188} INFO - [2026-05-23T00:15:37.118+0000] {dag.py:3954} INFO - Setting next_dagrun for tutorial_dag to None, run_after=None
[2026-05-23T00:15:37.130+0000] {processor.py:183} INFO - Processing /home/airflow/.local/lib/python3.12/site-packages/airflow/example_dags/tutorial_dag.py took 0.052 seconds
[2026-05-23T00:16:07.806+0000] {processor.py:161} INFO - Started process (PID=484) to work on /home/airflow/.local/lib/python3.12/site-packages/airflow/example_dags/tutorial_dag.py
[2026-05-23T00:16:07.807+0000] {processor.py:830} INFO - Processing file /home/airflow/.local/lib/python3.12/site-packages/airflow/example_dags/tutorial_dag.py for tasks to queue
[2026-05-23T00:16:07.808+0000] {logging_mixin.py:188} INFO - [2026-05-23T00:16:07.808+0000] {dagbag.py:545} INFO - Filling up the DagBag from /home/airflow/.local/lib/python3.12/site-packages/airflow/example_dags/tutorial_dag.py
[2026-05-23T00:16:07.812+0000] {processor.py:840} INFO - DAG(s) 'tutorial_dag' retrieved from /home/airflow/.local/lib/python3.12/site-packages/airflow/example_dags/tutorial_dag.py
[2026-05-23T00:16:07.824+0000] {logging_mixin.py:188} INFO - [2026-05-23T00:16:07.824+0000] {dag.py:3096} INFO - Sync 1 DAGs
[2026-05-23T00:16:07.831+0000] {logging_mixin.py:188} INFO - [2026-05-23T00:16:07.831+0000] {dag.py:3954} INFO - Setting next_dagrun for tutorial_dag to None, run_after=None
[2026-05-23T00:16:07.841+0000] {processor.py:183} INFO - Processing /home/airflow/.local/lib/python3.12/site-packages/airflow/example_dags/tutorial_dag.py took 0.038 seconds
[2026-05-23T00:16:38.459+0000] {processor.py:161} INFO - Started process (PID=543) to work on /home/airflow/.local/lib/python3.12/site-packages/airflow/example_dags/tutorial_dag.py
[2026-05-23T00:16:38.460+0000] {processor.py:830} INFO - Processing file /home/airflow/.local/lib/python3.12/site-packages/airflow/example_dags/tutorial_dag.py for tasks to queue
[2026-05-23T00:16:38.461+0000] {logging_mixin.py:188} INFO - [2026-05-23T00:16:38.461+0000] {dagbag.py:545} INFO - Filling up the DagBag from /home/airflow/.local/lib/python3.12/site-packages/airflow/example_dags/tutorial_dag.py
[2026-05-23T00:16:38.465+0000] {processor.py:840} INFO - DAG(s) 'tutorial_dag' retrieved from /home/airflow/.local/lib/python3.12/site-packages/airflow/example_dags/tutorial_dag.py
[2026-05-23T00:16:38.478+0000] {logging_mixin.py:188} INFO - [2026-05-23T00:16:38.477+0000] {dag.py:3096} INFO - Sync 1 DAGs
[2026-05-23T00:16:38.485+0000] {logging_mixin.py:188} INFO - [2026-05-23T00:16:38.485+0000] {dag.py:3954} INFO - Setting next_dagrun for tutorial_dag to None, run_after=None
[2026-05-23T00:16:38.495+0000] {processor.py:183} INFO - Processing /home/airflow/.local/lib/python3.12/site-packages/airflow/example_dags/tutorial_dag.py took 0.040 seconds
[2026-05-23T00:17:09.542+0000] {processor.py:161} INFO - Started process (PID=602) to work on /home/airflow/.local/lib/python3.12/site-packages/airflow/example_dags/tutorial_dag.py
[2026-05-23T00:17:09.543+0000] {processor.py:830} INFO - Processing file /home/airflow/.local/lib/python3.12/site-packages/airflow/example_dags/tutorial_dag.py for tasks to queue
[2026-05-23T00:17:09.544+0000] {logging_mixin.py:188} INFO - [2026-05-23T00:17:09.544+0000] {dagbag.py:545} INFO - Filling up the DagBag from /home/airflow/.local/lib/python3.12/site-packages/airflow/example_dags/tutorial_dag.py
[2026-05-23T00:17:09.549+0000] {processor.py:840} INFO - DAG(s) 'tutorial_dag' retrieved from /home/airflow/.local/lib/python3.12/site-packages/airflow/example_dags/tutorial_dag.py
[2026-05-23T00:17:09.563+0000] {logging_mixin.py:188} INFO - [2026-05-23T00:17:09.563+0000] {dag.py:3096} INFO - Sync 1 DAGs
[2026-05-23T00:17:09.570+0000] {logging_mixin.py:188} INFO - [2026-05-23T00:17:09.570+0000] {dag.py:3954} INFO - Setting next_dagrun for tutorial_dag to None, run_after=None
[2026-05-23T00:17:09.580+0000] {processor.py:183} INFO - Processing /home/airflow/.local/lib/python3.12/site-packages/airflow/example_dags/tutorial_dag.py took 0.043 seconds
[2026-05-23T00:17:40.100+0000] {processor.py:161} INFO - Started process (PID=661) to work on /home/airflow/.local/lib/python3.12/site-packages/airflow/example_dags/tutorial_dag.py
[2026-05-23T00:17:40.101+0000] {processor.py:830} INFO - Processing file /home/airflow/.local/lib/python3.12/site-packages/airflow/example_dags/tutorial_dag.py for tasks to queue
[2026-05-23T00:17:40.102+0000] {logging_mixin.py:188} INFO - [2026-05-23T00:17:40.102+0000] {dagbag.py:545} INFO - Filling up the DagBag from /home/airflow/.local/lib/python3.12/site-packages/airflow/example_dags/tutorial_dag.py
[2026-05-23T00:17:40.107+0000] {processor.py:840} INFO - DAG(s) 'tutorial_dag' retrieved from /home/airflow/.local/lib/python3.12/site-packages/airflow/example_dags/tutorial_dag.py
[2026-05-23T00:17:40.122+0000] {logging_mixin.py:188} INFO - [2026-05-23T00:17:40.122+0000] {dag.py:3096} INFO - Sync 1 DAGs
[2026-05-23T00:17:40.131+0000] {logging_mixin.py:188} INFO - [2026-05-23T00:17:40.131+0000] {dag.py:3954} INFO - Setting next_dagrun for tutorial_dag to None, run_after=None
[2026-05-23T00:17:40.142+0000] {processor.py:183} INFO - Processing /home/airflow/.local/lib/python3.12/site-packages/airflow/example_dags/tutorial_dag.py took 0.048 seconds
[2026-05-23T00:18:11.083+0000] {processor.py:161} INFO - Started process (PID=720) to work on /home/airflow/.local/lib/python3.12/site-packages/airflow/example_dags/tutorial_dag.py
[2026-05-23T00:18:11.084+0000] {processor.py:830} INFO - Processing file /home/airflow/.local/lib/python3.12/site-packages/airflow/example_dags/tutorial_dag.py for tasks to queue
[2026-05-23T00:18:11.085+0000] {logging_mixin.py:188} INFO - [2026-05-23T00:18:11.085+0000] {dagbag.py:545} INFO - Filling up the DagBag from /home/airflow/.local/lib/python3.12/site-packages/airflow/example_dags/tutorial_dag.py
[2026-05-23T00:18:11.089+0000] {processor.py:840} INFO - DAG(s) 'tutorial_dag' retrieved from /home/airflow/.local/lib/python3.12/site-packages/airflow/example_dags/tutorial_dag.py
[2026-05-23T00:18:11.101+0000] {logging_mixin.py:188} INFO - [2026-05-23T00:18:11.101+0000] {dag.py:3096} INFO - Sync 1 DAGs
[2026-05-23T00:18:11.110+0000] {logging_mixin.py:188} INFO - [2026-05-23T00:18:11.109+0000] {dag.py:3954} INFO - Setting next_dagrun for tutorial_dag to None, run_after=None
[2026-05-23T00:18:11.120+0000] {processor.py:183} INFO - Processing /home/airflow/.local/lib/python3.12/site-packages/airflow/example_dags/tutorial_dag.py took 0.040 seconds
[2026-05-23T00:18:41.455+0000] {processor.py:161} INFO - Started process (PID=779) to work on /home/airflow/.local/lib/python3.12/site-packages/airflow/example_dags/tutorial_dag.py
[2026-05-23T00:18:41.456+0000] {processor.py:830} INFO - Processing file /home/airflow/.local/lib/python3.12/site-packages/airflow/example_dags/tutorial_dag.py for tasks to queue
[2026-05-23T00:18:41.458+0000] {logging_mixin.py:188} INFO - [2026-05-23T00:18:41.457+0000] {dagbag.py:545} INFO - Filling up the DagBag from /home/airflow/.local/lib/python3.12/site-packages/airflow/example_dags/tutorial_dag.py
[2026-05-23T00:18:41.463+0000] {processor.py:840} INFO - DAG(s) 'tutorial_dag' retrieved from /home/airflow/.local/lib/python3.12/site-packages/airflow/example_dags/tutorial_dag.py
[2026-05-23T00:18:41.480+0000] {logging_mixin.py:188} INFO - [2026-05-23T00:18:41.480+0000] {dag.py:3096} INFO - Sync 1 DAGs
[2026-05-23T00:18:41.490+0000] {logging_mixin.py:188} INFO - [2026-05-23T00:18:41.489+0000] {dag.py:3954} INFO - Setting next_dagrun for tutorial_dag to None, run_after=None
[2026-05-23T00:18:41.501+0000] {processor.py:183} INFO - Processing /home/airflow/.local/lib/python3.12/site-packages/airflow/example_dags/tutorial_dag.py took 0.052 seconds
[2026-05-23T00:19:11.567+0000] {processor.py:161} INFO - Started process (PID=838) to work on /home/airflow/.local/lib/python3.12/site-packages/airflow/example_dags/tutorial_dag.py
[2026-05-23T00:19:11.569+0000] {processor.py:830} INFO - Processing file /home/airflow/.local/lib/python3.12/site-packages/airflow/example_dags/tutorial_dag.py for tasks to queue
[2026-05-23T00:19:11.570+0000] {logging_mixin.py:188} INFO - [2026-05-23T00:19:11.570+0000] {dagbag.py:545} INFO - Filling up the DagBag from /home/airflow/.local/lib/python3.12/site-packages/airflow/example_dags/tutorial_dag.py
[2026-05-23T00:19:11.575+0000] {processor.py:840} INFO - DAG(s) 'tutorial_dag' retrieved from /home/airflow/.local/lib/python3.12/site-packages/airflow/example_dags/tutorial_dag.py
[2026-05-23T00:19:11.590+0000] {logging_mixin.py:188} INFO - [2026-05-23T00:19:11.590+0000] {dag.py:3096} INFO - Sync 1 DAGs
[2026-05-23T00:19:11.598+0000] {logging_mixin.py:188} INFO - [2026-05-23T00:19:11.598+0000] {dag.py:3954} INFO - Setting next_dagrun for tutorial_dag to None, run_after=None
[2026-05-23T00:19:11.609+0000] {processor.py:183} INFO - Processing /home/airflow/.local/lib/python3.12/site-packages/airflow/example_dags/tutorial_dag.py took 0.047 seconds
[2026-05-23T00:19:42.633+0000] {processor.py:161} INFO - Started process (PID=897) to work on /home/airflow/.local/lib/python3.12/site-packages/airflow/example_dags/tutorial_dag.py
[2026-05-23T00:19:42.636+0000] {processor.py:830} INFO - Processing file /home/airflow/.local/lib/python3.12/site-packages/airflow/example_dags/tutorial_dag.py for tasks to queue
[2026-05-23T00:19:42.637+0000] {logging_mixin.py:188} INFO - [2026-05-23T00:19:42.637+0000] {dagbag.py:545} INFO - Filling up the DagBag from /home/airflow/.local/lib/python3.12/site-packages/airflow/example_dags/tutorial_dag.py
[2026-05-23T00:19:42.641+0000] {processor.py:840} INFO - DAG(s) 'tutorial_dag' retrieved from /home/airflow/.local/lib/python3.12/site-packages/airflow/example_dags/tutorial_dag.py
[2026-05-23T00:19:42.661+0000] {logging_mixin.py:188} INFO - [2026-05-23T00:19:42.661+0000] {dag.py:3096} INFO - Sync 1 DAGs
[2026-05-23T00:19:42.671+0000] {logging_mixin.py:188} INFO - [2026-05-23T00:19:42.670+0000] {dag.py:3954} INFO - Setting next_dagrun for tutorial_dag to None, run_after=None
[2026-05-23T00:19:42.682+0000] {processor.py:183} INFO - Processing /home/airflow/.local/lib/python3.12/site-packages/airflow/example_dags/tutorial_dag.py took 0.057 seconds
[2026-05-23T00:20:12.842+0000] {processor.py:161} INFO - Started process (PID=956) to work on /home/airflow/.local/lib/python3.12/site-packages/airflow/example_dags/tutorial_dag.py
[2026-05-23T00:20:12.843+0000] {processor.py:830} INFO - Processing file /home/airflow/.local/lib/python3.12/site-packages/airflow/example_dags/tutorial_dag.py for tasks to queue
[2026-05-23T00:20:12.844+0000] {logging_mixin.py:188} INFO - [2026-05-23T00:20:12.844+0000] {dagbag.py:545} INFO - Filling up the DagBag from /home/airflow/.local/lib/python3.12/site-packages/airflow/example_dags/tutorial_dag.py
[2026-05-23T00:20:12.848+0000] {processor.py:840} INFO - DAG(s) 'tutorial_dag' retrieved from /home/airflow/.local/lib/python3.12/site-packages/airflow/example_dags/tutorial_dag.py
[2026-05-23T00:20:12.861+0000] {logging_mixin.py:188} INFO - [2026-05-23T00:20:12.861+0000] {dag.py:3096} INFO - Sync 1 DAGs
[2026-05-23T00:20:12.869+0000] {logging_mixin.py:188} INFO - [2026-05-23T00:20:12.869+0000] {dag.py:3954} INFO - Setting next_dagrun for tutorial_dag to None, run_after=None
[2026-05-23T00:20:12.879+0000] {processor.py:183} INFO - Processing /home/airflow/.local/lib/python3.12/site-packages/airflow/example_dags/tutorial_dag.py took 0.041 seconds
