[2026-05-23T00:00:27.292+0000] {processor.py:161} INFO - Started process (PID=2327) to work on /home/airflow/.local/lib/python3.12/site-packages/airflow/example_dags/tutorial.py
[2026-05-23T00:00:27.293+0000] {processor.py:830} INFO - Processing file /home/airflow/.local/lib/python3.12/site-packages/airflow/example_dags/tutorial.py for tasks to queue
[2026-05-23T00:00:27.294+0000] {logging_mixin.py:188} INFO - [2026-05-23T00:00:27.294+0000] {dagbag.py:545} INFO - Filling up the DagBag from /home/airflow/.local/lib/python3.12/site-packages/airflow/example_dags/tutorial.py
[2026-05-23T00:00:27.298+0000] {processor.py:840} INFO - DAG(s) 'tutorial' retrieved from /home/airflow/.local/lib/python3.12/site-packages/airflow/example_dags/tutorial.py
[2026-05-23T00:00:27.311+0000] {logging_mixin.py:188} INFO - [2026-05-23T00:00:27.311+0000] {dag.py:3096} INFO - Sync 1 DAGs
[2026-05-23T00:00:27.324+0000] {logging_mixin.py:188} INFO - [2026-05-23T00:00:27.323+0000] {dag.py:3954} INFO - Setting next_dagrun for tutorial to 2026-05-22 00:00:00+00:00, run_after=2026-05-23 00:00:00+00:00
[2026-05-23T00:00:27.334+0000] {processor.py:183} INFO - Processing /home/airflow/.local/lib/python3.12/site-packages/airflow/example_dags/tutorial.py took 0.046 seconds
[2026-05-23T00:00:57.514+0000] {processor.py:161} INFO - Started process (PID=2386) to work on /home/airflow/.local/lib/python3.12/site-packages/airflow/example_dags/tutorial.py
[2026-05-23T00:00:57.515+0000] {processor.py:830} INFO - Processing file /home/airflow/.local/lib/python3.12/site-packages/airflow/example_dags/tutorial.py for tasks to queue
[2026-05-23T00:00:57.516+0000] {logging_mixin.py:188} INFO - [2026-05-23T00:00:57.516+0000] {dagbag.py:545} INFO - Filling up the DagBag from /home/airflow/.local/lib/python3.12/site-packages/airflow/example_dags/tutorial.py
[2026-05-23T00:00:57.521+0000] {processor.py:840} INFO - DAG(s) 'tutorial' retrieved from /home/airflow/.local/lib/python3.12/site-packages/airflow/example_dags/tutorial.py
[2026-05-23T00:00:57.535+0000] {logging_mixin.py:188} INFO - [2026-05-23T00:00:57.535+0000] {dag.py:3096} INFO - Sync 1 DAGs
[2026-05-23T00:00:57.550+0000] {logging_mixin.py:188} INFO - [2026-05-23T00:00:57.549+0000] {dag.py:3954} INFO - Setting next_dagrun for tutorial to 2026-05-22 00:00:00+00:00, run_after=2026-05-23 00:00:00+00:00
[2026-05-23T00:00:57.567+0000] {processor.py:183} INFO - Processing /home/airflow/.local/lib/python3.12/site-packages/airflow/example_dags/tutorial.py took 0.058 seconds
[2026-05-23T00:01:27.644+0000] {processor.py:161} INFO - Started process (PID=2445) to work on /home/airflow/.local/lib/python3.12/site-packages/airflow/example_dags/tutorial.py
[2026-05-23T00:01:27.645+0000] {processor.py:830} INFO - Processing file /home/airflow/.local/lib/python3.12/site-packages/airflow/example_dags/tutorial.py for tasks to queue
[2026-05-23T00:01:27.646+0000] {logging_mixin.py:188} INFO - [2026-05-23T00:01:27.646+0000] {dagbag.py:545} INFO - Filling up the DagBag from /home/airflow/.local/lib/python3.12/site-packages/airflow/example_dags/tutorial.py
[2026-05-23T00:01:27.655+0000] {processor.py:840} INFO - DAG(s) 'tutorial' retrieved from /home/airflow/.local/lib/python3.12/site-packages/airflow/example_dags/tutorial.py
[2026-05-23T00:01:27.669+0000] {logging_mixin.py:188} INFO - [2026-05-23T00:01:27.669+0000] {dag.py:3096} INFO - Sync 1 DAGs
[2026-05-23T00:01:27.684+0000] {logging_mixin.py:188} INFO - [2026-05-23T00:01:27.684+0000] {dag.py:3954} INFO - Setting next_dagrun for tutorial to 2026-05-22 00:00:00+00:00, run_after=2026-05-23 00:00:00+00:00
[2026-05-23T00:01:27.700+0000] {processor.py:183} INFO - Processing /home/airflow/.local/lib/python3.12/site-packages/airflow/example_dags/tutorial.py took 0.060 seconds
[2026-05-23T00:01:57.773+0000] {processor.py:161} INFO - Started process (PID=2504) to work on /home/airflow/.local/lib/python3.12/site-packages/airflow/example_dags/tutorial.py
[2026-05-23T00:01:57.776+0000] {processor.py:830} INFO - Processing file /home/airflow/.local/lib/python3.12/site-packages/airflow/example_dags/tutorial.py for tasks to queue
[2026-05-23T00:01:57.780+0000] {logging_mixin.py:188} INFO - [2026-05-23T00:01:57.780+0000] {dagbag.py:545} INFO - Filling up the DagBag from /home/airflow/.local/lib/python3.12/site-packages/airflow/example_dags/tutorial.py
[2026-05-23T00:01:57.786+0000] {processor.py:840} INFO - DAG(s) 'tutorial' retrieved from /home/airflow/.local/lib/python3.12/site-packages/airflow/example_dags/tutorial.py
[2026-05-23T00:01:57.804+0000] {logging_mixin.py:188} INFO - [2026-05-23T00:01:57.804+0000] {dag.py:3096} INFO - Sync 1 DAGs
[2026-05-23T00:01:57.818+0000] {logging_mixin.py:188} INFO - [2026-05-23T00:01:57.818+0000] {dag.py:3954} INFO - Setting next_dagrun for tutorial to 2026-05-22 00:00:00+00:00, run_after=2026-05-23 00:00:00+00:00
[2026-05-23T00:01:57.831+0000] {processor.py:183} INFO - Processing /home/airflow/.local/lib/python3.12/site-packages/airflow/example_dags/tutorial.py took 0.063 seconds
[2026-05-23T00:02:28.127+0000] {processor.py:161} INFO - Started process (PID=2563) to work on /home/airflow/.local/lib/python3.12/site-packages/airflow/example_dags/tutorial.py
[2026-05-23T00:02:28.128+0000] {processor.py:830} INFO - Processing file /home/airflow/.local/lib/python3.12/site-packages/airflow/example_dags/tutorial.py for tasks to queue
[2026-05-23T00:02:28.130+0000] {logging_mixin.py:188} INFO - [2026-05-23T00:02:28.129+0000] {dagbag.py:545} INFO - Filling up the DagBag from /home/airflow/.local/lib/python3.12/site-packages/airflow/example_dags/tutorial.py
[2026-05-23T00:02:28.134+0000] {processor.py:840} INFO - DAG(s) 'tutorial' retrieved from /home/airflow/.local/lib/python3.12/site-packages/airflow/example_dags/tutorial.py
[2026-05-23T00:02:28.148+0000] {logging_mixin.py:188} INFO - [2026-05-23T00:02:28.147+0000] {dag.py:3096} INFO - Sync 1 DAGs
[2026-05-23T00:02:28.162+0000] {logging_mixin.py:188} INFO - [2026-05-23T00:02:28.162+0000] {dag.py:3954} INFO - Setting next_dagrun for tutorial to 2026-05-22 00:00:00+00:00, run_after=2026-05-23 00:00:00+00:00
[2026-05-23T00:02:28.174+0000] {processor.py:183} INFO - Processing /home/airflow/.local/lib/python3.12/site-packages/airflow/example_dags/tutorial.py took 0.051 seconds
[2026-05-23T00:02:58.226+0000] {processor.py:161} INFO - Started process (PID=2622) to work on /home/airflow/.local/lib/python3.12/site-packages/airflow/example_dags/tutorial.py
[2026-05-23T00:02:58.226+0000] {processor.py:830} INFO - Processing file /home/airflow/.local/lib/python3.12/site-packages/airflow/example_dags/tutorial.py for tasks to queue
[2026-05-23T00:02:58.228+0000] {logging_mixin.py:188} INFO - [2026-05-23T00:02:58.227+0000] {dagbag.py:545} INFO - Filling up the DagBag from /home/airflow/.local/lib/python3.12/site-packages/airflow/example_dags/tutorial.py
[2026-05-23T00:02:58.232+0000] {processor.py:840} INFO - DAG(s) 'tutorial' retrieved from /home/airflow/.local/lib/python3.12/site-packages/airflow/example_dags/tutorial.py
[2026-05-23T00:02:58.247+0000] {logging_mixin.py:188} INFO - [2026-05-23T00:02:58.247+0000] {dag.py:3096} INFO - Sync 1 DAGs
[2026-05-23T00:02:58.261+0000] {logging_mixin.py:188} INFO - [2026-05-23T00:02:58.261+0000] {dag.py:3954} INFO - Setting next_dagrun for tutorial to 2026-05-22 00:00:00+00:00, run_after=2026-05-23 00:00:00+00:00
[2026-05-23T00:02:58.273+0000] {processor.py:183} INFO - Processing /home/airflow/.local/lib/python3.12/site-packages/airflow/example_dags/tutorial.py took 0.052 seconds
[2026-05-23T00:03:29.070+0000] {processor.py:161} INFO - Started process (PID=2681) to work on /home/airflow/.local/lib/python3.12/site-packages/airflow/example_dags/tutorial.py
[2026-05-23T00:03:29.071+0000] {processor.py:830} INFO - Processing file /home/airflow/.local/lib/python3.12/site-packages/airflow/example_dags/tutorial.py for tasks to queue
[2026-05-23T00:03:29.072+0000] {logging_mixin.py:188} INFO - [2026-05-23T00:03:29.072+0000] {dagbag.py:545} INFO - Filling up the DagBag from /home/airflow/.local/lib/python3.12/site-packages/airflow/example_dags/tutorial.py
[2026-05-23T00:03:29.077+0000] {processor.py:840} INFO - DAG(s) 'tutorial' retrieved from /home/airflow/.local/lib/python3.12/site-packages/airflow/example_dags/tutorial.py
[2026-05-23T00:03:29.090+0000] {logging_mixin.py:188} INFO - [2026-05-23T00:03:29.090+0000] {dag.py:3096} INFO - Sync 1 DAGs
[2026-05-23T00:03:29.104+0000] {logging_mixin.py:188} INFO - [2026-05-23T00:03:29.104+0000] {dag.py:3954} INFO - Setting next_dagrun for tutorial to 2026-05-22 00:00:00+00:00, run_after=2026-05-23 00:00:00+00:00
[2026-05-23T00:03:29.115+0000] {processor.py:183} INFO - Processing /home/airflow/.local/lib/python3.12/site-packages/airflow/example_dags/tutorial.py took 0.049 seconds
[2026-05-23T00:04:01.146+0000] {processor.py:161} INFO - Started process (PID=2740) to work on /home/airflow/.local/lib/python3.12/site-packages/airflow/example_dags/tutorial.py
[2026-05-23T00:04:01.154+0000] {processor.py:830} INFO - Processing file /home/airflow/.local/lib/python3.12/site-packages/airflow/example_dags/tutorial.py for tasks to queue
[2026-05-23T00:04:01.159+0000] {logging_mixin.py:188} INFO - [2026-05-23T00:04:01.159+0000] {dagbag.py:545} INFO - Filling up the DagBag from /home/airflow/.local/lib/python3.12/site-packages/airflow/example_dags/tutorial.py
[2026-05-23T00:04:01.168+0000] {processor.py:840} INFO - DAG(s) 'tutorial' retrieved from /home/airflow/.local/lib/python3.12/site-packages/airflow/example_dags/tutorial.py
[2026-05-23T00:04:01.195+0000] {logging_mixin.py:188} INFO - [2026-05-23T00:04:01.195+0000] {dag.py:3096} INFO - Sync 1 DAGs
[2026-05-23T00:04:01.233+0000] {logging_mixin.py:188} INFO - [2026-05-23T00:04:01.233+0000] {dag.py:3954} INFO - Setting next_dagrun for tutorial to 2026-05-22 00:00:00+00:00, run_after=2026-05-23 00:00:00+00:00
[2026-05-23T00:04:01.256+0000] {processor.py:183} INFO - Processing /home/airflow/.local/lib/python3.12/site-packages/airflow/example_dags/tutorial.py took 0.132 seconds
[2026-05-23T00:04:31.301+0000] {processor.py:161} INFO - Started process (PID=2799) to work on /home/airflow/.local/lib/python3.12/site-packages/airflow/example_dags/tutorial.py
[2026-05-23T00:04:31.302+0000] {processor.py:830} INFO - Processing file /home/airflow/.local/lib/python3.12/site-packages/airflow/example_dags/tutorial.py for tasks to queue
[2026-05-23T00:04:31.306+0000] {logging_mixin.py:188} INFO - [2026-05-23T00:04:31.306+0000] {dagbag.py:545} INFO - Filling up the DagBag from /home/airflow/.local/lib/python3.12/site-packages/airflow/example_dags/tutorial.py
[2026-05-23T00:04:31.311+0000] {processor.py:840} INFO - DAG(s) 'tutorial' retrieved from /home/airflow/.local/lib/python3.12/site-packages/airflow/example_dags/tutorial.py
[2026-05-23T00:04:31.329+0000] {logging_mixin.py:188} INFO - [2026-05-23T00:04:31.329+0000] {dag.py:3096} INFO - Sync 1 DAGs
[2026-05-23T00:04:31.343+0000] {logging_mixin.py:188} INFO - [2026-05-23T00:04:31.343+0000] {dag.py:3954} INFO - Setting next_dagrun for tutorial to 2026-05-22 00:00:00+00:00, run_after=2026-05-23 00:00:00+00:00
[2026-05-23T00:04:31.357+0000] {processor.py:183} INFO - Processing /home/airflow/.local/lib/python3.12/site-packages/airflow/example_dags/tutorial.py took 0.061 seconds
[2026-05-23T00:05:02.070+0000] {processor.py:161} INFO - Started process (PID=2858) to work on /home/airflow/.local/lib/python3.12/site-packages/airflow/example_dags/tutorial.py
[2026-05-23T00:05:02.071+0000] {processor.py:830} INFO - Processing file /home/airflow/.local/lib/python3.12/site-packages/airflow/example_dags/tutorial.py for tasks to queue
[2026-05-23T00:05:02.072+0000] {logging_mixin.py:188} INFO - [2026-05-23T00:05:02.072+0000] {dagbag.py:545} INFO - Filling up the DagBag from /home/airflow/.local/lib/python3.12/site-packages/airflow/example_dags/tutorial.py
[2026-05-23T00:05:02.076+0000] {processor.py:840} INFO - DAG(s) 'tutorial' retrieved from /home/airflow/.local/lib/python3.12/site-packages/airflow/example_dags/tutorial.py
[2026-05-23T00:05:02.090+0000] {logging_mixin.py:188} INFO - [2026-05-23T00:05:02.089+0000] {dag.py:3096} INFO - Sync 1 DAGs
[2026-05-23T00:05:02.104+0000] {logging_mixin.py:188} INFO - [2026-05-23T00:05:02.104+0000] {dag.py:3954} INFO - Setting next_dagrun for tutorial to 2026-05-22 00:00:00+00:00, run_after=2026-05-23 00:00:00+00:00
[2026-05-23T00:05:02.116+0000] {processor.py:183} INFO - Processing /home/airflow/.local/lib/python3.12/site-packages/airflow/example_dags/tutorial.py took 0.051 seconds
[2026-05-23T00:05:32.803+0000] {processor.py:161} INFO - Started process (PID=2917) to work on /home/airflow/.local/lib/python3.12/site-packages/airflow/example_dags/tutorial.py
[2026-05-23T00:05:32.804+0000] {processor.py:830} INFO - Processing file /home/airflow/.local/lib/python3.12/site-packages/airflow/example_dags/tutorial.py for tasks to queue
[2026-05-23T00:05:32.805+0000] {logging_mixin.py:188} INFO - [2026-05-23T00:05:32.805+0000] {dagbag.py:545} INFO - Filling up the DagBag from /home/airflow/.local/lib/python3.12/site-packages/airflow/example_dags/tutorial.py
[2026-05-23T00:05:32.810+0000] {processor.py:840} INFO - DAG(s) 'tutorial' retrieved from /home/airflow/.local/lib/python3.12/site-packages/airflow/example_dags/tutorial.py
[2026-05-23T00:05:32.823+0000] {logging_mixin.py:188} INFO - [2026-05-23T00:05:32.823+0000] {dag.py:3096} INFO - Sync 1 DAGs
[2026-05-23T00:05:32.837+0000] {logging_mixin.py:188} INFO - [2026-05-23T00:05:32.837+0000] {dag.py:3954} INFO - Setting next_dagrun for tutorial to 2026-05-22 00:00:00+00:00, run_after=2026-05-23 00:00:00+00:00
[2026-05-23T00:05:32.848+0000] {processor.py:183} INFO - Processing /home/airflow/.local/lib/python3.12/site-packages/airflow/example_dags/tutorial.py took 0.049 seconds
[2026-05-23T00:06:03.317+0000] {processor.py:161} INFO - Started process (PID=2976) to work on /home/airflow/.local/lib/python3.12/site-packages/airflow/example_dags/tutorial.py
[2026-05-23T00:06:03.317+0000] {processor.py:830} INFO - Processing file /home/airflow/.local/lib/python3.12/site-packages/airflow/example_dags/tutorial.py for tasks to queue
[2026-05-23T00:06:03.319+0000] {logging_mixin.py:188} INFO - [2026-05-23T00:06:03.318+0000] {dagbag.py:545} INFO - Filling up the DagBag from /home/airflow/.local/lib/python3.12/site-packages/airflow/example_dags/tutorial.py
[2026-05-23T00:06:03.324+0000] {processor.py:840} INFO - DAG(s) 'tutorial' retrieved from /home/airflow/.local/lib/python3.12/site-packages/airflow/example_dags/tutorial.py
[2026-05-23T00:06:03.340+0000] {logging_mixin.py:188} INFO - [2026-05-23T00:06:03.340+0000] {dag.py:3096} INFO - Sync 1 DAGs
[2026-05-23T00:06:03.356+0000] {logging_mixin.py:188} INFO - [2026-05-23T00:06:03.356+0000] {dag.py:3954} INFO - Setting next_dagrun for tutorial to 2026-05-22 00:00:00+00:00, run_after=2026-05-23 00:00:00+00:00
[2026-05-23T00:06:03.374+0000] {processor.py:183} INFO - Processing /home/airflow/.local/lib/python3.12/site-packages/airflow/example_dags/tutorial.py took 0.062 seconds
[2026-05-23T00:06:33.790+0000] {processor.py:161} INFO - Started process (PID=3035) to work on /home/airflow/.local/lib/python3.12/site-packages/airflow/example_dags/tutorial.py
[2026-05-23T00:06:33.793+0000] {processor.py:830} INFO - Processing file /home/airflow/.local/lib/python3.12/site-packages/airflow/example_dags/tutorial.py for tasks to queue
[2026-05-23T00:06:33.797+0000] {logging_mixin.py:188} INFO - [2026-05-23T00:06:33.797+0000] {dagbag.py:545} INFO - Filling up the DagBag from /home/airflow/.local/lib/python3.12/site-packages/airflow/example_dags/tutorial.py
[2026-05-23T00:06:33.802+0000] {processor.py:840} INFO - DAG(s) 'tutorial' retrieved from /home/airflow/.local/lib/python3.12/site-packages/airflow/example_dags/tutorial.py
[2026-05-23T00:06:33.819+0000] {logging_mixin.py:188} INFO - [2026-05-23T00:06:33.819+0000] {dag.py:3096} INFO - Sync 1 DAGs
[2026-05-23T00:06:33.834+0000] {logging_mixin.py:188} INFO - [2026-05-23T00:06:33.834+0000] {dag.py:3954} INFO - Setting next_dagrun for tutorial to 2026-05-22 00:00:00+00:00, run_after=2026-05-23 00:00:00+00:00
[2026-05-23T00:06:33.844+0000] {processor.py:183} INFO - Processing /home/airflow/.local/lib/python3.12/site-packages/airflow/example_dags/tutorial.py took 0.061 seconds
[2026-05-23T00:07:04.709+0000] {processor.py:161} INFO - Started process (PID=3094) to work on /home/airflow/.local/lib/python3.12/site-packages/airflow/example_dags/tutorial.py
[2026-05-23T00:07:04.710+0000] {processor.py:830} INFO - Processing file /home/airflow/.local/lib/python3.12/site-packages/airflow/example_dags/tutorial.py for tasks to queue
[2026-05-23T00:07:04.712+0000] {logging_mixin.py:188} INFO - [2026-05-23T00:07:04.712+0000] {dagbag.py:545} INFO - Filling up the DagBag from /home/airflow/.local/lib/python3.12/site-packages/airflow/example_dags/tutorial.py
[2026-05-23T00:07:04.717+0000] {processor.py:840} INFO - DAG(s) 'tutorial' retrieved from /home/airflow/.local/lib/python3.12/site-packages/airflow/example_dags/tutorial.py
[2026-05-23T00:07:04.732+0000] {logging_mixin.py:188} INFO - [2026-05-23T00:07:04.731+0000] {dag.py:3096} INFO - Sync 1 DAGs
[2026-05-23T00:07:04.746+0000] {logging_mixin.py:188} INFO - [2026-05-23T00:07:04.746+0000] {dag.py:3954} INFO - Setting next_dagrun for tutorial to 2026-05-22 00:00:00+00:00, run_after=2026-05-23 00:00:00+00:00
[2026-05-23T00:07:04.757+0000] {processor.py:183} INFO - Processing /home/airflow/.local/lib/python3.12/site-packages/airflow/example_dags/tutorial.py took 0.052 seconds
[2026-05-23T00:07:35.354+0000] {processor.py:161} INFO - Started process (PID=3153) to work on /home/airflow/.local/lib/python3.12/site-packages/airflow/example_dags/tutorial.py
[2026-05-23T00:07:35.355+0000] {processor.py:830} INFO - Processing file /home/airflow/.local/lib/python3.12/site-packages/airflow/example_dags/tutorial.py for tasks to queue
[2026-05-23T00:07:35.357+0000] {logging_mixin.py:188} INFO - [2026-05-23T00:07:35.357+0000] {dagbag.py:545} INFO - Filling up the DagBag from /home/airflow/.local/lib/python3.12/site-packages/airflow/example_dags/tutorial.py
[2026-05-23T00:07:35.361+0000] {processor.py:840} INFO - DAG(s) 'tutorial' retrieved from /home/airflow/.local/lib/python3.12/site-packages/airflow/example_dags/tutorial.py
[2026-05-23T00:07:35.379+0000] {logging_mixin.py:188} INFO - [2026-05-23T00:07:35.379+0000] {dag.py:3096} INFO - Sync 1 DAGs
[2026-05-23T00:07:35.394+0000] {logging_mixin.py:188} INFO - [2026-05-23T00:07:35.394+0000] {dag.py:3954} INFO - Setting next_dagrun for tutorial to 2026-05-22 00:00:00+00:00, run_after=2026-05-23 00:00:00+00:00
[2026-05-23T00:07:35.415+0000] {processor.py:183} INFO - Processing /home/airflow/.local/lib/python3.12/site-packages/airflow/example_dags/tutorial.py took 0.068 seconds
[2026-05-23T00:08:05.697+0000] {processor.py:161} INFO - Started process (PID=3212) to work on /home/airflow/.local/lib/python3.12/site-packages/airflow/example_dags/tutorial.py
[2026-05-23T00:08:05.700+0000] {processor.py:830} INFO - Processing file /home/airflow/.local/lib/python3.12/site-packages/airflow/example_dags/tutorial.py for tasks to queue
[2026-05-23T00:08:05.702+0000] {logging_mixin.py:188} INFO - [2026-05-23T00:08:05.702+0000] {dagbag.py:545} INFO - Filling up the DagBag from /home/airflow/.local/lib/python3.12/site-packages/airflow/example_dags/tutorial.py
[2026-05-23T00:08:05.707+0000] {processor.py:840} INFO - DAG(s) 'tutorial' retrieved from /home/airflow/.local/lib/python3.12/site-packages/airflow/example_dags/tutorial.py
[2026-05-23T00:08:05.728+0000] {logging_mixin.py:188} INFO - [2026-05-23T00:08:05.728+0000] {dag.py:3096} INFO - Sync 1 DAGs
[2026-05-23T00:08:05.755+0000] {logging_mixin.py:188} INFO - [2026-05-23T00:08:05.755+0000] {dag.py:3954} INFO - Setting next_dagrun for tutorial to 2026-05-22 00:00:00+00:00, run_after=2026-05-23 00:00:00+00:00
[2026-05-23T00:08:05.773+0000] {processor.py:183} INFO - Processing /home/airflow/.local/lib/python3.12/site-packages/airflow/example_dags/tutorial.py took 0.081 seconds
[2026-05-23T00:08:36.719+0000] {processor.py:161} INFO - Started process (PID=3271) to work on /home/airflow/.local/lib/python3.12/site-packages/airflow/example_dags/tutorial.py
[2026-05-23T00:08:36.720+0000] {processor.py:830} INFO - Processing file /home/airflow/.local/lib/python3.12/site-packages/airflow/example_dags/tutorial.py for tasks to queue
[2026-05-23T00:08:36.721+0000] {logging_mixin.py:188} INFO - [2026-05-23T00:08:36.721+0000] {dagbag.py:545} INFO - Filling up the DagBag from /home/airflow/.local/lib/python3.12/site-packages/airflow/example_dags/tutorial.py
[2026-05-23T00:08:36.725+0000] {processor.py:840} INFO - DAG(s) 'tutorial' retrieved from /home/airflow/.local/lib/python3.12/site-packages/airflow/example_dags/tutorial.py
[2026-05-23T00:08:36.738+0000] {logging_mixin.py:188} INFO - [2026-05-23T00:08:36.738+0000] {dag.py:3096} INFO - Sync 1 DAGs
[2026-05-23T00:08:36.752+0000] {logging_mixin.py:188} INFO - [2026-05-23T00:08:36.751+0000] {dag.py:3954} INFO - Setting next_dagrun for tutorial to 2026-05-22 00:00:00+00:00, run_after=2026-05-23 00:00:00+00:00
[2026-05-23T00:08:36.763+0000] {processor.py:183} INFO - Processing /home/airflow/.local/lib/python3.12/site-packages/airflow/example_dags/tutorial.py took 0.049 seconds
[2026-05-23T00:09:07.006+0000] {processor.py:161} INFO - Started process (PID=3330) to work on /home/airflow/.local/lib/python3.12/site-packages/airflow/example_dags/tutorial.py
[2026-05-23T00:09:07.006+0000] {processor.py:830} INFO - Processing file /home/airflow/.local/lib/python3.12/site-packages/airflow/example_dags/tutorial.py for tasks to queue
[2026-05-23T00:09:07.008+0000] {logging_mixin.py:188} INFO - [2026-05-23T00:09:07.007+0000] {dagbag.py:545} INFO - Filling up the DagBag from /home/airflow/.local/lib/python3.12/site-packages/airflow/example_dags/tutorial.py
[2026-05-23T00:09:07.012+0000] {processor.py:840} INFO - DAG(s) 'tutorial' retrieved from /home/airflow/.local/lib/python3.12/site-packages/airflow/example_dags/tutorial.py
[2026-05-23T00:09:07.025+0000] {logging_mixin.py:188} INFO - [2026-05-23T00:09:07.025+0000] {dag.py:3096} INFO - Sync 1 DAGs
[2026-05-23T00:09:07.038+0000] {logging_mixin.py:188} INFO - [2026-05-23T00:09:07.038+0000] {dag.py:3954} INFO - Setting next_dagrun for tutorial to 2026-05-22 00:00:00+00:00, run_after=2026-05-23 00:00:00+00:00
[2026-05-23T00:09:07.049+0000] {processor.py:183} INFO - Processing /home/airflow/.local/lib/python3.12/site-packages/airflow/example_dags/tutorial.py took 0.047 seconds
[2026-05-23T00:09:37.413+0000] {processor.py:161} INFO - Started process (PID=3389) to work on /home/airflow/.local/lib/python3.12/site-packages/airflow/example_dags/tutorial.py
[2026-05-23T00:09:37.414+0000] {processor.py:830} INFO - Processing file /home/airflow/.local/lib/python3.12/site-packages/airflow/example_dags/tutorial.py for tasks to queue
[2026-05-23T00:09:37.415+0000] {logging_mixin.py:188} INFO - [2026-05-23T00:09:37.415+0000] {dagbag.py:545} INFO - Filling up the DagBag from /home/airflow/.local/lib/python3.12/site-packages/airflow/example_dags/tutorial.py
[2026-05-23T00:09:37.419+0000] {processor.py:840} INFO - DAG(s) 'tutorial' retrieved from /home/airflow/.local/lib/python3.12/site-packages/airflow/example_dags/tutorial.py
[2026-05-23T00:09:37.431+0000] {logging_mixin.py:188} INFO - [2026-05-23T00:09:37.431+0000] {dag.py:3096} INFO - Sync 1 DAGs
[2026-05-23T00:09:37.444+0000] {logging_mixin.py:188} INFO - [2026-05-23T00:09:37.444+0000] {dag.py:3954} INFO - Setting next_dagrun for tutorial to 2026-05-22 00:00:00+00:00, run_after=2026-05-23 00:00:00+00:00
[2026-05-23T00:09:37.455+0000] {processor.py:183} INFO - Processing /home/airflow/.local/lib/python3.12/site-packages/airflow/example_dags/tutorial.py took 0.046 seconds
[2026-05-23T00:12:34.544+0000] {processor.py:161} INFO - Started process (PID=75) to work on /home/airflow/.local/lib/python3.12/site-packages/airflow/example_dags/tutorial.py
[2026-05-23T00:12:34.546+0000] {processor.py:830} INFO - Processing file /home/airflow/.local/lib/python3.12/site-packages/airflow/example_dags/tutorial.py for tasks to queue
[2026-05-23T00:12:34.550+0000] {logging_mixin.py:188} INFO - [2026-05-23T00:12:34.549+0000] {dagbag.py:545} INFO - Filling up the DagBag from /home/airflow/.local/lib/python3.12/site-packages/airflow/example_dags/tutorial.py
[2026-05-23T00:12:34.572+0000] {processor.py:840} INFO - DAG(s) 'tutorial' retrieved from /home/airflow/.local/lib/python3.12/site-packages/airflow/example_dags/tutorial.py
[2026-05-23T00:12:34.760+0000] {logging_mixin.py:188} INFO - [2026-05-23T00:12:34.760+0000] {dag.py:3096} INFO - Sync 1 DAGs
[2026-05-23T00:12:34.798+0000] {logging_mixin.py:188} INFO - [2026-05-23T00:12:34.798+0000] {dag.py:3954} INFO - Setting next_dagrun for tutorial to 2026-05-22 00:00:00+00:00, run_after=2026-05-23 00:00:00+00:00
[2026-05-23T00:12:34.832+0000] {processor.py:183} INFO - Processing /home/airflow/.local/lib/python3.12/site-packages/airflow/example_dags/tutorial.py took 0.300 seconds
[2026-05-23T00:13:04.854+0000] {processor.py:161} INFO - Started process (PID=140) to work on /home/airflow/.local/lib/python3.12/site-packages/airflow/example_dags/tutorial.py
[2026-05-23T00:13:04.854+0000] {processor.py:830} INFO - Processing file /home/airflow/.local/lib/python3.12/site-packages/airflow/example_dags/tutorial.py for tasks to queue
[2026-05-23T00:13:04.856+0000] {logging_mixin.py:188} INFO - [2026-05-23T00:13:04.855+0000] {dagbag.py:545} INFO - Filling up the DagBag from /home/airflow/.local/lib/python3.12/site-packages/airflow/example_dags/tutorial.py
[2026-05-23T00:13:04.860+0000] {processor.py:840} INFO - DAG(s) 'tutorial' retrieved from /home/airflow/.local/lib/python3.12/site-packages/airflow/example_dags/tutorial.py
[2026-05-23T00:13:04.872+0000] {logging_mixin.py:188} INFO - [2026-05-23T00:13:04.872+0000] {dag.py:3096} INFO - Sync 1 DAGs
[2026-05-23T00:13:04.885+0000] {logging_mixin.py:188} INFO - [2026-05-23T00:13:04.885+0000] {dag.py:3954} INFO - Setting next_dagrun for tutorial to 2026-05-22 00:00:00+00:00, run_after=2026-05-23 00:00:00+00:00
[2026-05-23T00:13:04.895+0000] {processor.py:183} INFO - Processing /home/airflow/.local/lib/python3.12/site-packages/airflow/example_dags/tutorial.py took 0.046 seconds
[2026-05-23T00:13:35.298+0000] {processor.py:161} INFO - Started process (PID=199) to work on /home/airflow/.local/lib/python3.12/site-packages/airflow/example_dags/tutorial.py
[2026-05-23T00:13:35.301+0000] {processor.py:830} INFO - Processing file /home/airflow/.local/lib/python3.12/site-packages/airflow/example_dags/tutorial.py for tasks to queue
[2026-05-23T00:13:35.303+0000] {logging_mixin.py:188} INFO - [2026-05-23T00:13:35.303+0000] {dagbag.py:545} INFO - Filling up the DagBag from /home/airflow/.local/lib/python3.12/site-packages/airflow/example_dags/tutorial.py
[2026-05-23T00:13:35.307+0000] {processor.py:840} INFO - DAG(s) 'tutorial' retrieved from /home/airflow/.local/lib/python3.12/site-packages/airflow/example_dags/tutorial.py
[2026-05-23T00:13:35.321+0000] {logging_mixin.py:188} INFO - [2026-05-23T00:13:35.321+0000] {dag.py:3096} INFO - Sync 1 DAGs
[2026-05-23T00:13:35.337+0000] {logging_mixin.py:188} INFO - [2026-05-23T00:13:35.336+0000] {dag.py:3954} INFO - Setting next_dagrun for tutorial to 2026-05-22 00:00:00+00:00, run_after=2026-05-23 00:00:00+00:00
[2026-05-23T00:13:35.347+0000] {processor.py:183} INFO - Processing /home/airflow/.local/lib/python3.12/site-packages/airflow/example_dags/tutorial.py took 0.054 seconds
[2026-05-23T00:14:06.499+0000] {processor.py:161} INFO - Started process (PID=258) to work on /home/airflow/.local/lib/python3.12/site-packages/airflow/example_dags/tutorial.py
[2026-05-23T00:14:06.501+0000] {processor.py:830} INFO - Processing file /home/airflow/.local/lib/python3.12/site-packages/airflow/example_dags/tutorial.py for tasks to queue
[2026-05-23T00:14:06.502+0000] {logging_mixin.py:188} INFO - [2026-05-23T00:14:06.502+0000] {dagbag.py:545} INFO - Filling up the DagBag from /home/airflow/.local/lib/python3.12/site-packages/airflow/example_dags/tutorial.py
[2026-05-23T00:14:06.508+0000] {processor.py:840} INFO - DAG(s) 'tutorial' retrieved from /home/airflow/.local/lib/python3.12/site-packages/airflow/example_dags/tutorial.py
[2026-05-23T00:14:06.540+0000] {logging_mixin.py:188} INFO - [2026-05-23T00:14:06.540+0000] {dag.py:3096} INFO - Sync 1 DAGs
[2026-05-23T00:14:06.572+0000] {logging_mixin.py:188} INFO - [2026-05-23T00:14:06.572+0000] {dag.py:3954} INFO - Setting next_dagrun for tutorial to 2026-05-22 00:00:00+00:00, run_after=2026-05-23 00:00:00+00:00
[2026-05-23T00:14:06.593+0000] {processor.py:183} INFO - Processing /home/airflow/.local/lib/python3.12/site-packages/airflow/example_dags/tutorial.py took 0.100 seconds
[2026-05-23T00:14:37.287+0000] {processor.py:161} INFO - Started process (PID=317) to work on /home/airflow/.local/lib/python3.12/site-packages/airflow/example_dags/tutorial.py
[2026-05-23T00:14:37.288+0000] {processor.py:830} INFO - Processing file /home/airflow/.local/lib/python3.12/site-packages/airflow/example_dags/tutorial.py for tasks to queue
[2026-05-23T00:14:37.290+0000] {logging_mixin.py:188} INFO - [2026-05-23T00:14:37.289+0000] {dagbag.py:545} INFO - Filling up the DagBag from /home/airflow/.local/lib/python3.12/site-packages/airflow/example_dags/tutorial.py
[2026-05-23T00:14:37.294+0000] {processor.py:840} INFO - DAG(s) 'tutorial' retrieved from /home/airflow/.local/lib/python3.12/site-packages/airflow/example_dags/tutorial.py
[2026-05-23T00:14:37.306+0000] {logging_mixin.py:188} INFO - [2026-05-23T00:14:37.306+0000] {dag.py:3096} INFO - Sync 1 DAGs
[2026-05-23T00:14:37.319+0000] {logging_mixin.py:188} INFO - [2026-05-23T00:14:37.319+0000] {dag.py:3954} INFO - Setting next_dagrun for tutorial to 2026-05-22 00:00:00+00:00, run_after=2026-05-23 00:00:00+00:00
[2026-05-23T00:14:37.330+0000] {processor.py:183} INFO - Processing /home/airflow/.local/lib/python3.12/site-packages/airflow/example_dags/tutorial.py took 0.047 seconds
[2026-05-23T00:15:07.997+0000] {processor.py:161} INFO - Started process (PID=376) to work on /home/airflow/.local/lib/python3.12/site-packages/airflow/example_dags/tutorial.py
[2026-05-23T00:15:07.998+0000] {processor.py:830} INFO - Processing file /home/airflow/.local/lib/python3.12/site-packages/airflow/example_dags/tutorial.py for tasks to queue
[2026-05-23T00:15:07.999+0000] {logging_mixin.py:188} INFO - [2026-05-23T00:15:07.999+0000] {dagbag.py:545} INFO - Filling up the DagBag from /home/airflow/.local/lib/python3.12/site-packages/airflow/example_dags/tutorial.py
[2026-05-23T00:15:08.007+0000] {processor.py:840} INFO - DAG(s) 'tutorial' retrieved from /home/airflow/.local/lib/python3.12/site-packages/airflow/example_dags/tutorial.py
[2026-05-23T00:15:08.028+0000] {logging_mixin.py:188} INFO - [2026-05-23T00:15:08.028+0000] {dag.py:3096} INFO - Sync 1 DAGs
[2026-05-23T00:15:08.049+0000] {logging_mixin.py:188} INFO - [2026-05-23T00:15:08.049+0000] {dag.py:3954} INFO - Setting next_dagrun for tutorial to 2026-05-22 00:00:00+00:00, run_after=2026-05-23 00:00:00+00:00
[2026-05-23T00:15:08.062+0000] {processor.py:183} INFO - Processing /home/airflow/.local/lib/python3.12/site-packages/airflow/example_dags/tutorial.py took 0.071 seconds
[2026-05-23T00:15:38.431+0000] {processor.py:161} INFO - Started process (PID=435) to work on /home/airflow/.local/lib/python3.12/site-packages/airflow/example_dags/tutorial.py
[2026-05-23T00:15:38.432+0000] {processor.py:830} INFO - Processing file /home/airflow/.local/lib/python3.12/site-packages/airflow/example_dags/tutorial.py for tasks to queue
[2026-05-23T00:15:38.433+0000] {logging_mixin.py:188} INFO - [2026-05-23T00:15:38.433+0000] {dagbag.py:545} INFO - Filling up the DagBag from /home/airflow/.local/lib/python3.12/site-packages/airflow/example_dags/tutorial.py
[2026-05-23T00:15:38.438+0000] {processor.py:840} INFO - DAG(s) 'tutorial' retrieved from /home/airflow/.local/lib/python3.12/site-packages/airflow/example_dags/tutorial.py
[2026-05-23T00:15:38.456+0000] {logging_mixin.py:188} INFO - [2026-05-23T00:15:38.456+0000] {dag.py:3096} INFO - Sync 1 DAGs
[2026-05-23T00:15:38.471+0000] {logging_mixin.py:188} INFO - [2026-05-23T00:15:38.470+0000] {dag.py:3954} INFO - Setting next_dagrun for tutorial to 2026-05-22 00:00:00+00:00, run_after=2026-05-23 00:00:00+00:00
[2026-05-23T00:15:38.485+0000] {processor.py:183} INFO - Processing /home/airflow/.local/lib/python3.12/site-packages/airflow/example_dags/tutorial.py took 0.059 seconds
[2026-05-23T00:16:09.318+0000] {processor.py:161} INFO - Started process (PID=494) to work on /home/airflow/.local/lib/python3.12/site-packages/airflow/example_dags/tutorial.py
[2026-05-23T00:16:09.324+0000] {processor.py:830} INFO - Processing file /home/airflow/.local/lib/python3.12/site-packages/airflow/example_dags/tutorial.py for tasks to queue
[2026-05-23T00:16:09.326+0000] {logging_mixin.py:188} INFO - [2026-05-23T00:16:09.325+0000] {dagbag.py:545} INFO - Filling up the DagBag from /home/airflow/.local/lib/python3.12/site-packages/airflow/example_dags/tutorial.py
[2026-05-23T00:16:09.332+0000] {processor.py:840} INFO - DAG(s) 'tutorial' retrieved from /home/airflow/.local/lib/python3.12/site-packages/airflow/example_dags/tutorial.py
[2026-05-23T00:16:09.351+0000] {logging_mixin.py:188} INFO - [2026-05-23T00:16:09.350+0000] {dag.py:3096} INFO - Sync 1 DAGs
[2026-05-23T00:16:09.365+0000] {logging_mixin.py:188} INFO - [2026-05-23T00:16:09.365+0000] {dag.py:3954} INFO - Setting next_dagrun for tutorial to 2026-05-22 00:00:00+00:00, run_after=2026-05-23 00:00:00+00:00
[2026-05-23T00:16:09.379+0000] {processor.py:183} INFO - Processing /home/airflow/.local/lib/python3.12/site-packages/airflow/example_dags/tutorial.py took 0.065 seconds
[2026-05-23T00:16:40.100+0000] {processor.py:161} INFO - Started process (PID=553) to work on /home/airflow/.local/lib/python3.12/site-packages/airflow/example_dags/tutorial.py
[2026-05-23T00:16:40.103+0000] {processor.py:830} INFO - Processing file /home/airflow/.local/lib/python3.12/site-packages/airflow/example_dags/tutorial.py for tasks to queue
[2026-05-23T00:16:40.105+0000] {logging_mixin.py:188} INFO - [2026-05-23T00:16:40.105+0000] {dagbag.py:545} INFO - Filling up the DagBag from /home/airflow/.local/lib/python3.12/site-packages/airflow/example_dags/tutorial.py
[2026-05-23T00:16:40.110+0000] {processor.py:840} INFO - DAG(s) 'tutorial' retrieved from /home/airflow/.local/lib/python3.12/site-packages/airflow/example_dags/tutorial.py
[2026-05-23T00:16:40.123+0000] {logging_mixin.py:188} INFO - [2026-05-23T00:16:40.123+0000] {dag.py:3096} INFO - Sync 1 DAGs
[2026-05-23T00:16:40.136+0000] {logging_mixin.py:188} INFO - [2026-05-23T00:16:40.136+0000] {dag.py:3954} INFO - Setting next_dagrun for tutorial to 2026-05-22 00:00:00+00:00, run_after=2026-05-23 00:00:00+00:00
[2026-05-23T00:16:40.150+0000] {processor.py:183} INFO - Processing /home/airflow/.local/lib/python3.12/site-packages/airflow/example_dags/tutorial.py took 0.055 seconds
[2026-05-23T00:17:11.033+0000] {processor.py:161} INFO - Started process (PID=612) to work on /home/airflow/.local/lib/python3.12/site-packages/airflow/example_dags/tutorial.py
[2026-05-23T00:17:11.034+0000] {processor.py:830} INFO - Processing file /home/airflow/.local/lib/python3.12/site-packages/airflow/example_dags/tutorial.py for tasks to queue
[2026-05-23T00:17:11.035+0000] {logging_mixin.py:188} INFO - [2026-05-23T00:17:11.035+0000] {dagbag.py:545} INFO - Filling up the DagBag from /home/airflow/.local/lib/python3.12/site-packages/airflow/example_dags/tutorial.py
[2026-05-23T00:17:11.039+0000] {processor.py:840} INFO - DAG(s) 'tutorial' retrieved from /home/airflow/.local/lib/python3.12/site-packages/airflow/example_dags/tutorial.py
[2026-05-23T00:17:11.061+0000] {logging_mixin.py:188} INFO - [2026-05-23T00:17:11.058+0000] {dag.py:3096} INFO - Sync 1 DAGs
[2026-05-23T00:17:11.110+0000] {logging_mixin.py:188} INFO - [2026-05-23T00:17:11.110+0000] {dag.py:3954} INFO - Setting next_dagrun for tutorial to 2026-05-22 00:00:00+00:00, run_after=2026-05-23 00:00:00+00:00
[2026-05-23T00:17:11.137+0000] {processor.py:183} INFO - Processing /home/airflow/.local/lib/python3.12/site-packages/airflow/example_dags/tutorial.py took 0.109 seconds
[2026-05-23T00:17:41.586+0000] {processor.py:161} INFO - Started process (PID=671) to work on /home/airflow/.local/lib/python3.12/site-packages/airflow/example_dags/tutorial.py
[2026-05-23T00:17:41.587+0000] {processor.py:830} INFO - Processing file /home/airflow/.local/lib/python3.12/site-packages/airflow/example_dags/tutorial.py for tasks to queue
[2026-05-23T00:17:41.589+0000] {logging_mixin.py:188} INFO - [2026-05-23T00:17:41.588+0000] {dagbag.py:545} INFO - Filling up the DagBag from /home/airflow/.local/lib/python3.12/site-packages/airflow/example_dags/tutorial.py
[2026-05-23T00:17:41.596+0000] {processor.py:840} INFO - DAG(s) 'tutorial' retrieved from /home/airflow/.local/lib/python3.12/site-packages/airflow/example_dags/tutorial.py
[2026-05-23T00:17:41.612+0000] {logging_mixin.py:188} INFO - [2026-05-23T00:17:41.612+0000] {dag.py:3096} INFO - Sync 1 DAGs
[2026-05-23T00:17:41.627+0000] {logging_mixin.py:188} INFO - [2026-05-23T00:17:41.627+0000] {dag.py:3954} INFO - Setting next_dagrun for tutorial to 2026-05-22 00:00:00+00:00, run_after=2026-05-23 00:00:00+00:00
[2026-05-23T00:17:41.641+0000] {processor.py:183} INFO - Processing /home/airflow/.local/lib/python3.12/site-packages/airflow/example_dags/tutorial.py took 0.065 seconds
[2026-05-23T00:18:12.397+0000] {processor.py:161} INFO - Started process (PID=730) to work on /home/airflow/.local/lib/python3.12/site-packages/airflow/example_dags/tutorial.py
[2026-05-23T00:18:12.400+0000] {processor.py:830} INFO - Processing file /home/airflow/.local/lib/python3.12/site-packages/airflow/example_dags/tutorial.py for tasks to queue
[2026-05-23T00:18:12.402+0000] {logging_mixin.py:188} INFO - [2026-05-23T00:18:12.402+0000] {dagbag.py:545} INFO - Filling up the DagBag from /home/airflow/.local/lib/python3.12/site-packages/airflow/example_dags/tutorial.py
[2026-05-23T00:18:12.407+0000] {processor.py:840} INFO - DAG(s) 'tutorial' retrieved from /home/airflow/.local/lib/python3.12/site-packages/airflow/example_dags/tutorial.py
[2026-05-23T00:18:12.422+0000] {logging_mixin.py:188} INFO - [2026-05-23T00:18:12.422+0000] {dag.py:3096} INFO - Sync 1 DAGs
[2026-05-23T00:18:12.436+0000] {logging_mixin.py:188} INFO - [2026-05-23T00:18:12.436+0000] {dag.py:3954} INFO - Setting next_dagrun for tutorial to 2026-05-22 00:00:00+00:00, run_after=2026-05-23 00:00:00+00:00
[2026-05-23T00:18:12.449+0000] {processor.py:183} INFO - Processing /home/airflow/.local/lib/python3.12/site-packages/airflow/example_dags/tutorial.py took 0.056 seconds
[2026-05-23T00:18:42.932+0000] {processor.py:161} INFO - Started process (PID=789) to work on /home/airflow/.local/lib/python3.12/site-packages/airflow/example_dags/tutorial.py
[2026-05-23T00:18:42.934+0000] {processor.py:830} INFO - Processing file /home/airflow/.local/lib/python3.12/site-packages/airflow/example_dags/tutorial.py for tasks to queue
[2026-05-23T00:18:42.935+0000] {logging_mixin.py:188} INFO - [2026-05-23T00:18:42.935+0000] {dagbag.py:545} INFO - Filling up the DagBag from /home/airflow/.local/lib/python3.12/site-packages/airflow/example_dags/tutorial.py
[2026-05-23T00:18:42.940+0000] {processor.py:840} INFO - DAG(s) 'tutorial' retrieved from /home/airflow/.local/lib/python3.12/site-packages/airflow/example_dags/tutorial.py
[2026-05-23T00:18:42.960+0000] {logging_mixin.py:188} INFO - [2026-05-23T00:18:42.960+0000] {dag.py:3096} INFO - Sync 1 DAGs
[2026-05-23T00:18:42.984+0000] {logging_mixin.py:188} INFO - [2026-05-23T00:18:42.984+0000] {dag.py:3954} INFO - Setting next_dagrun for tutorial to 2026-05-22 00:00:00+00:00, run_after=2026-05-23 00:00:00+00:00
[2026-05-23T00:18:43.005+0000] {processor.py:183} INFO - Processing /home/airflow/.local/lib/python3.12/site-packages/airflow/example_dags/tutorial.py took 0.077 seconds
[2026-05-23T00:19:13.991+0000] {processor.py:161} INFO - Started process (PID=848) to work on /home/airflow/.local/lib/python3.12/site-packages/airflow/example_dags/tutorial.py
[2026-05-23T00:19:13.992+0000] {processor.py:830} INFO - Processing file /home/airflow/.local/lib/python3.12/site-packages/airflow/example_dags/tutorial.py for tasks to queue
[2026-05-23T00:19:13.994+0000] {logging_mixin.py:188} INFO - [2026-05-23T00:19:13.993+0000] {dagbag.py:545} INFO - Filling up the DagBag from /home/airflow/.local/lib/python3.12/site-packages/airflow/example_dags/tutorial.py
[2026-05-23T00:19:13.999+0000] {processor.py:840} INFO - DAG(s) 'tutorial' retrieved from /home/airflow/.local/lib/python3.12/site-packages/airflow/example_dags/tutorial.py
[2026-05-23T00:19:14.018+0000] {logging_mixin.py:188} INFO - [2026-05-23T00:19:14.018+0000] {dag.py:3096} INFO - Sync 1 DAGs
[2026-05-23T00:19:14.039+0000] {logging_mixin.py:188} INFO - [2026-05-23T00:19:14.038+0000] {dag.py:3954} INFO - Setting next_dagrun for tutorial to 2026-05-22 00:00:00+00:00, run_after=2026-05-23 00:00:00+00:00
[2026-05-23T00:19:14.064+0000] {processor.py:183} INFO - Processing /home/airflow/.local/lib/python3.12/site-packages/airflow/example_dags/tutorial.py took 0.077 seconds
[2026-05-23T00:19:44.866+0000] {processor.py:161} INFO - Started process (PID=907) to work on /home/airflow/.local/lib/python3.12/site-packages/airflow/example_dags/tutorial.py
[2026-05-23T00:19:44.869+0000] {processor.py:830} INFO - Processing file /home/airflow/.local/lib/python3.12/site-packages/airflow/example_dags/tutorial.py for tasks to queue
[2026-05-23T00:19:44.870+0000] {logging_mixin.py:188} INFO - [2026-05-23T00:19:44.870+0000] {dagbag.py:545} INFO - Filling up the DagBag from /home/airflow/.local/lib/python3.12/site-packages/airflow/example_dags/tutorial.py
[2026-05-23T00:19:44.874+0000] {processor.py:840} INFO - DAG(s) 'tutorial' retrieved from /home/airflow/.local/lib/python3.12/site-packages/airflow/example_dags/tutorial.py
[2026-05-23T00:19:44.895+0000] {logging_mixin.py:188} INFO - [2026-05-23T00:19:44.895+0000] {dag.py:3096} INFO - Sync 1 DAGs
[2026-05-23T00:19:44.913+0000] {logging_mixin.py:188} INFO - [2026-05-23T00:19:44.912+0000] {dag.py:3954} INFO - Setting next_dagrun for tutorial to 2026-05-22 00:00:00+00:00, run_after=2026-05-23 00:00:00+00:00
[2026-05-23T00:19:44.925+0000] {processor.py:183} INFO - Processing /home/airflow/.local/lib/python3.12/site-packages/airflow/example_dags/tutorial.py took 0.064 seconds
[2026-05-23T00:20:15.241+0000] {processor.py:161} INFO - Started process (PID=966) to work on /home/airflow/.local/lib/python3.12/site-packages/airflow/example_dags/tutorial.py
[2026-05-23T00:20:15.243+0000] {processor.py:830} INFO - Processing file /home/airflow/.local/lib/python3.12/site-packages/airflow/example_dags/tutorial.py for tasks to queue
[2026-05-23T00:20:15.244+0000] {logging_mixin.py:188} INFO - [2026-05-23T00:20:15.244+0000] {dagbag.py:545} INFO - Filling up the DagBag from /home/airflow/.local/lib/python3.12/site-packages/airflow/example_dags/tutorial.py
[2026-05-23T00:20:15.249+0000] {processor.py:840} INFO - DAG(s) 'tutorial' retrieved from /home/airflow/.local/lib/python3.12/site-packages/airflow/example_dags/tutorial.py
[2026-05-23T00:20:15.265+0000] {logging_mixin.py:188} INFO - [2026-05-23T00:20:15.264+0000] {dag.py:3096} INFO - Sync 1 DAGs
[2026-05-23T00:20:15.284+0000] {logging_mixin.py:188} INFO - [2026-05-23T00:20:15.284+0000] {dag.py:3954} INFO - Setting next_dagrun for tutorial to 2026-05-22 00:00:00+00:00, run_after=2026-05-23 00:00:00+00:00
[2026-05-23T00:20:15.297+0000] {processor.py:183} INFO - Processing /home/airflow/.local/lib/python3.12/site-packages/airflow/example_dags/tutorial.py took 0.061 seconds
